#
# There is insufficient memory for the Java Runtime Environment to continue.
# Native memory allocation (mmap) failed to map 14680064 bytes for committing reserved memory.
# Possible reasons:
#   The system is out of physical RAM or swap space
#   The process is running with CompressedOops enabled, and the Java Heap may be blocking the growth of the native heap
# Possible solutions:
#   Reduce memory load on the system
#   Increase physical memory or swap space
#   Check if swap backing store is full
#   Decrease Java heap size (-Xmx/-Xms)
#   Decrease number of Java threads
#   Decrease Java thread stack sizes (-Xss)
#   Set larger code cache with -XX:ReservedCodeCacheSize=
#   JVM is running with Unscaled Compressed Oops mode in which the Java heap is
#     placed in the first 4GB address space. The Java Heap base address is the
#     maximum limit for the native heap growth. Please use -XX:HeapBaseMinAddress
#     to set the Java Heap base and to place the Java Heap above 4GB virtual address.
# This output file may be truncated or incomplete.
#
#  Out of Memory Error (os_linux.cpp:2741), pid=9011, tid=9023
#
# JRE version: OpenJDK Runtime Environment Temurin-17.0.2+8 (17.0.2+8) (build 17.0.2+8)
# Java VM: OpenJDK 64-Bit Server VM Temurin-17.0.2+8 (17.0.2+8, mixed mode, tiered, compressed oops, compressed class ptrs, g1 gc, linux-amd64)
# Core dump will be written. Default location: Core dumps may be processed with "/usr/share/apport/apport %p %s %c %d %P %E" (or dumping to /home/samarth/eclipse-workspace/Banking Application/core.9011)
#

---------------  S U M M A R Y ------------

Command Line: -Dfile.encoding=UTF-8 -XX:+ShowCodeDetailsInExceptionMessages org.banking.BankApp

Host: Intel(R) Core(TM) i5-3320M CPU @ 2.60GHz, 4 cores, 3G, Ubuntu 16.04.7 LTS
Time: Fri Jun 17 15:49:06 2022 IST elapsed time: 9025.478993 seconds (0d 2h 30m 25s)

---------------  T H R E A D  ---------------

Current thread (0x00007f9adc110d30):  VMThread "VM Thread" [stack: 0x00007f9ac4b00000,0x00007f9ac4c00000] [id=9023]

Stack: [0x00007f9ac4b00000,0x00007f9ac4c00000],  sp=0x00007f9ac4bfdda0,  free space=1015k
Native frames: (J=compiled Java code, j=interpreted, Vv=VM code, C=native code)
V  [libjvm.so+0xf81ea1]  VMError::report_and_die(int, char const*, char const*, __va_list_tag*, Thread*, unsigned char*, void*, void*, char const*, int, unsigned long)+0x1a1
V  [libjvm.so+0xf82b2b]  VMError::report_and_die(Thread*, char const*, int, unsigned long, VMErrorType, char const*, __va_list_tag*)+0x2b
V  [libjvm.so+0x61d6ad]
[timeout occurred during error reporting in step "printing native stack"] after 34 s.
VM_Operation (0x00007f9ae446dab0): G1CollectForAllocation, mode: safepoint, requested by thread 0x00007f9adc024e90


---------------  P R O C E S S  ---------------

Threads class SMR info:
_java_thread_list=0x00007f9adc1ff8b0, length=11, elements={
0x00007f9adc024e90, 0x00007f9adc11ff40, 0x00007f9adc121600, 0x00007f9adc146760,
0x00007f9adc147b20, 0x00007f9adc148f10, 0x00007f9adc14a8e0, 0x00007f9adc14be10,
0x00007f9adc14d280, 0x00007f9adc1f6000, 0x00007f9adc1fe920
}

Java Threads: ( => current thread )
  0x00007f9adc024e90 JavaThread "main" [_thread_blocked, id=9017, stack(0x00007f9ae4372000,0x00007f9ae4473000)]
  0x00007f9adc11ff40 JavaThread "Reference Handler" daemon [_thread_blocked, id=9024, stack(0x00007f9ac49fe000,0x00007f9ac4aff000)]
  0x00007f9adc121600 JavaThread "Finalizer" daemon [_thread_blocked, id=9025, stack(0x00007f9ac48fd000,0x00007f9ac49fe000)]
  0x00007f9adc146760 JavaThread "Signal Dispatcher" daemon [_thread_blocked, id=9026, stack(0x00007f9ac4524000,0x00007f9ac4625000)]
  0x00007f9adc147b20 JavaThread "Service Thread" daemon [_thread_blocked, id=9027, stack(0x00007f9ac4423000,0x00007f9ac4524000)]
  0x00007f9adc148f10 JavaThread "Monitor Deflation Thread" daemon [_thread_blocked, id=9028, stack(0x00007f9ac4322000,0x00007f9ac4423000)]
  0x00007f9adc14a8e0 JavaThread "C2 CompilerThread0" daemon [_thread_blocked, id=9029, stack(0x00007f9ac4221000,0x00007f9ac4322000)]
  0x00007f9adc14be10 JavaThread "C1 CompilerThread0" daemon [_thread_blocked, id=9030, stack(0x00007f9ac4120000,0x00007f9ac4221000)]
  0x00007f9adc14d280 JavaThread "Sweeper thread" daemon [_thread_blocked, id=9031, stack(0x00007f9ac401f000,0x00007f9ac4120000)]
  0x00007f9adc1f6000 JavaThread "Notification Thread" daemon [_thread_blocked, id=9032, stack(0x00007f9a8feff000,0x00007f9a90000000)]
  0x00007f9adc1fe920 JavaThread "Common-Cleaner" daemon [_thread_blocked, id=9034, stack(0x00007f9a8fcfd000,0x00007f9a8fdfe000)]

Other Threads:
=>0x00007f9adc110d30 VMThread "VM Thread" [stack: 0x00007f9ac4b00000,0x00007f9ac4c00000] [id=9023]
  0x00007f9adc1f7980 WatcherThread [stack: 0x00007f9a8fdff000,0x00007f9a8feff000] [id=9033]
  0x00007f9adc051ab0 GCTaskThread "GC Thread#0" [stack: 0x00007f9ae0261000,0x00007f9ae0361000] [id=9018]
  0x00007f9aa8004aa0 GCTaskThread "GC Thread#1" [stack: 0x00007f9a8fbfd000,0x00007f9a8fcfd000] [id=13899]
  0x00007f9adc05a290 ConcurrentGCThread "G1 Main Marker" [stack: 0x00007f9ae0160000,0x00007f9ae0260000] [id=9019]
  0x00007f9adc05b1f0 ConcurrentGCThread "G1 Conc#0" [stack: 0x00007f9ae005f000,0x00007f9ae015f000] [id=9020]
  0x00007f9adc093ba0 ConcurrentGCThread "G1 Refine#0" [stack: 0x00007f9ac5832000,0x00007f9ac5932000] [id=9021]
  0x00007f9adc094a90 ConcurrentGCThread "G1 Service" [stack: 0x00007f9ac5731000,0x00007f9ac5831000] [id=9022]

Threads with active compile tasks:

VM state: at safepoint (normal execution)

VM Mutex/Monitor currently owned by a thread:  ([mutex/lock_event])
[0x00007f9adc01fde0] Threads_lock - owner thread: 0x00007f9adc110d30
[0x00007f9adc020590] Heap_lock - owner thread: 0x00007f9adc024e90

Heap address: 0x00000000c7000000, size: 912 MB, Compressed Oops mode: 32-bit

CDS archive(s) not mapped
Compressed class space mapped at: 0x0000000100000000-0x0000000140000000, reserved size: 1073741824
Narrow klass base: 0x0000000000000000, Narrow klass shift: 3, Narrow klass range: 0x140000000

GC Precious Log:
 CPUs: 4 total, 4 available
 Memory: 3646M
 Large Page Support: Disabled
 NUMA Support: Disabled
 Compressed Oops: Enabled (32-bit)
 Heap Region Size: 1M
 Heap Min Capacity: 8M
 Heap Initial Capacity: 58M
 Heap Max Capacity: 912M
 Pre-touch: Disabled
 Parallel Workers: 4
 Concurrent Workers: 1
 Concurrent Refinement Workers: 4
 Periodic GC: Disabled

Heap:
 garbage-first heap   total 59392K, used 578K [0x00000000c7000000, 0x0000000100000000)
  region size 1024K, 1 young (1024K), 1 survivors (1024K)
 Metaspace       used 4019K, committed 4160K, reserved 1056768K
  class space    used 313K, committed 384K, reserved 1048576K

Heap Regions: E=young(eden), S=young(survivor), O=old, HS=humongous(starts), HC=humongous(continues), CS=collection set, F=free, OA=open archive, CA=closed archive, TAMS=top-at-mark-start (previous, next)
|   0|0x00000000c7000000, 0x00000000c7090000, 0x00000000c7100000| 56%| O|  |TAMS 0x00000000c7000000, 0x00000000c7000000| Untracked 
|   1|0x00000000c7100000, 0x00000000c7100000, 0x00000000c7200000|  0%| F|  |TAMS 0x00000000c7100000, 0x00000000c7100000| Untracked 
|   2|0x00000000c7200000, 0x00000000c7200000, 0x00000000c7300000|  0%| F|  |TAMS 0x00000000c7200000, 0x00000000c7200000| Untracked 
|   3|0x00000000c7300000, 0x00000000c7300000, 0x00000000c7400000|  0%| F|  |TAMS 0x00000000c7300000, 0x00000000c7300000| Untracked 
|   4|0x00000000c7400000, 0x00000000c7400000, 0x00000000c7500000|  0%| F|  |TAMS 0x00000000c7400000, 0x00000000c7400000| Untracked 
|   5|0x00000000c7500000, 0x00000000c7500000, 0x00000000c7600000|  0%| F|  |TAMS 0x00000000c7500000, 0x00000000c7500000| Untracked 
|   6|0x00000000c7600000, 0x00000000c7600000, 0x00000000c7700000|  0%| F|  |TAMS 0x00000000c7600000, 0x00000000c7600000| Untracked 
|   7|0x00000000c7700000, 0x00000000c7700000, 0x00000000c7800000|  0%| F|  |TAMS 0x00000000c7700000, 0x00000000c7700000| Untracked 
|   8|0x00000000c7800000, 0x00000000c7800000, 0x00000000c7900000|  0%| F|  |TAMS 0x00000000c7800000, 0x00000000c7800000| Untracked 
|   9|0x00000000c7900000, 0x00000000c7900000, 0x00000000c7a00000|  0%| F|  |TAMS 0x00000000c7900000, 0x00000000c7900000| Untracked 
|  10|0x00000000c7a00000, 0x00000000c7a00000, 0x00000000c7b00000|  0%| F|  |TAMS 0x00000000c7a00000, 0x00000000c7a00000| Untracked 
|  11|0x00000000c7b00000, 0x00000000c7b00000, 0x00000000c7c00000|  0%| F|  |TAMS 0x00000000c7b00000, 0x00000000c7b00000| Untracked 
|  12|0x00000000c7c00000, 0x00000000c7c00000, 0x00000000c7d00000|  0%| F|  |TAMS 0x00000000c7c00000, 0x00000000c7c00000| Untracked 
|  13|0x00000000c7d00000, 0x00000000c7d00000, 0x00000000c7e00000|  0%| F|  |TAMS 0x00000000c7d00000, 0x00000000c7d00000| Untracked 
|  14|0x00000000c7e00000, 0x00000000c7e00000, 0x00000000c7f00000|  0%| F|  |TAMS 0x00000000c7e00000, 0x00000000c7e00000| Untracked 
|  15|0x00000000c7f00000, 0x00000000c7f00000, 0x00000000c8000000|  0%| F|  |TAMS 0x00000000c7f00000, 0x00000000c7f00000| Untracked 
|  16|0x00000000c8000000, 0x00000000c8000000, 0x00000000c8100000|  0%| F|  |TAMS 0x00000000c8000000, 0x00000000c8000000| Untracked 
|  17|0x00000000c8100000, 0x00000000c8100000, 0x00000000c8200000|  0%| F|  |TAMS 0x00000000c8100000, 0x00000000c8100000| Untracked 
|  18|0x00000000c8200000, 0x00000000c8200000, 0x00000000c8300000|  0%| F|  |TAMS 0x00000000c8200000, 0x00000000c8200000| Untracked 
|  19|0x00000000c8300000, 0x00000000c8300000, 0x00000000c8400000|  0%| F|  |TAMS 0x00000000c8300000, 0x00000000c8300000| Untracked 
|  20|0x00000000c8400000, 0x00000000c8400000, 0x00000000c8500000|  0%| F|  |TAMS 0x00000000c8400000, 0x00000000c8400000| Untracked 
|  21|0x00000000c8500000, 0x00000000c8500000, 0x00000000c8600000|  0%| F|  |TAMS 0x00000000c8500000, 0x00000000c8500000| Untracked 
|  22|0x00000000c8600000, 0x00000000c8600000, 0x00000000c8700000|  0%| F|  |TAMS 0x00000000c8600000, 0x00000000c8600000| Untracked 
|  23|0x00000000c8700000, 0x00000000c8700000, 0x00000000c8800000|  0%| F|  |TAMS 0x00000000c8700000, 0x00000000c8700000| Untracked 
|  24|0x00000000c8800000, 0x00000000c8800000, 0x00000000c8900000|  0%| F|  |TAMS 0x00000000c8800000, 0x00000000c8800000| Untracked 
|  25|0x00000000c8900000, 0x00000000c8900000, 0x00000000c8a00000|  0%| F|  |TAMS 0x00000000c8900000, 0x00000000c8900000| Untracked 
|  26|0x00000000c8a00000, 0x00000000c8a00000, 0x00000000c8b00000|  0%| F|  |TAMS 0x00000000c8a00000, 0x00000000c8a00000| Untracked 
|  27|0x00000000c8b00000, 0x00000000c8b00000, 0x00000000c8c00000|  0%| F|  |TAMS 0x00000000c8b00000, 0x00000000c8b00000| Untracked 
|  28|0x00000000c8c00000, 0x00000000c8c00000, 0x00000000c8d00000|  0%| F|  |TAMS 0x00000000c8c00000, 0x00000000c8c00000| Untracked 
|  29|0x00000000c8d00000, 0x00000000c8d00000, 0x00000000c8e00000|  0%| F|  |TAMS 0x00000000c8d00000, 0x00000000c8d00000| Untracked 
|  30|0x00000000c8e00000, 0x00000000c8e00000, 0x00000000c8f00000|  0%| F|  |TAMS 0x00000000c8e00000, 0x00000000c8e00000| Untracked 
|  31|0x00000000c8f00000, 0x00000000c8f00000, 0x00000000c9000000|  0%| F|  |TAMS 0x00000000c8f00000, 0x00000000c8f00000| Untracked 
|  32|0x00000000c9000000, 0x00000000c9000000, 0x00000000c9100000|  0%| F|  |TAMS 0x00000000c9000000, 0x00000000c9000000| Untracked 
|  33|0x00000000c9100000, 0x00000000c9100000, 0x00000000c9200000|  0%| F|  |TAMS 0x00000000c9100000, 0x00000000c9100000| Untracked 
|  34|0x00000000c9200000, 0x00000000c9200000, 0x00000000c9300000|  0%| F|  |TAMS 0x00000000c9200000, 0x00000000c9200000| Untracked 
|  35|0x00000000c9300000, 0x00000000c9300000, 0x00000000c9400000|  0%| F|  |TAMS 0x00000000c9300000, 0x00000000c9300000| Untracked 
|  36|0x00000000c9400000, 0x00000000c9400000, 0x00000000c9500000|  0%| F|  |TAMS 0x00000000c9400000, 0x00000000c9400000| Untracked 
|  37|0x00000000c9500000, 0x00000000c9500000, 0x00000000c9600000|  0%| F|  |TAMS 0x00000000c9500000, 0x00000000c9500000| Untracked 
|  38|0x00000000c9600000, 0x00000000c9600000, 0x00000000c9700000|  0%| F|  |TAMS 0x00000000c9600000, 0x00000000c9600000| Untracked 
|  39|0x00000000c9700000, 0x00000000c9700000, 0x00000000c9800000|  0%| F|  |TAMS 0x00000000c9700000, 0x00000000c9700000| Untracked 
|  40|0x00000000c9800000, 0x00000000c9800000, 0x00000000c9900000|  0%| F|  |TAMS 0x00000000c9800000, 0x00000000c9800000| Untracked 
|  41|0x00000000c9900000, 0x00000000c9900000, 0x00000000c9a00000|  0%| F|  |TAMS 0x00000000c9900000, 0x00000000c9900000| Untracked 
|  42|0x00000000c9a00000, 0x00000000c9a00000, 0x00000000c9b00000|  0%| F|  |TAMS 0x00000000c9a00000, 0x00000000c9a00000| Untracked 
|  43|0x00000000c9b00000, 0x00000000c9b00000, 0x00000000c9c00000|  0%| F|  |TAMS 0x00000000c9b00000, 0x00000000c9b00000| Untracked 
|  44|0x00000000c9c00000, 0x00000000c9c00000, 0x00000000c9d00000|  0%| F|  |TAMS 0x00000000c9c00000, 0x00000000c9c00000| Untracked 
|  45|0x00000000c9d00000, 0x00000000c9d00000, 0x00000000c9e00000|  0%| F|  |TAMS 0x00000000c9d00000, 0x00000000c9d00000| Untracked 
|  46|0x00000000c9e00000, 0x00000000c9e00000, 0x00000000c9f00000|  0%| F|  |TAMS 0x00000000c9e00000, 0x00000000c9e00000| Untracked 
|  47|0x00000000c9f00000, 0x00000000c9f00000, 0x00000000ca000000|  0%| F|  |TAMS 0x00000000c9f00000, 0x00000000c9f00000| Untracked 
|  48|0x00000000ca000000, 0x00000000ca000000, 0x00000000ca100000|  0%| F|  |TAMS 0x00000000ca000000, 0x00000000ca000000| Untracked 
|  49|0x00000000ca100000, 0x00000000ca100000, 0x00000000ca200000|  0%| F|  |TAMS 0x00000000ca100000, 0x00000000ca100000| Untracked 
|  50|0x00000000ca200000, 0x00000000ca200000, 0x00000000ca300000|  0%| F|  |TAMS 0x00000000ca200000, 0x00000000ca200000| Untracked 
|  51|0x00000000ca300000, 0x00000000ca300000, 0x00000000ca400000|  0%| F|  |TAMS 0x00000000ca300000, 0x00000000ca300000| Untracked 
|  52|0x00000000ca400000, 0x00000000ca400000, 0x00000000ca500000|  0%| F|  |TAMS 0x00000000ca400000, 0x00000000ca400000| Untracked 
|  53|0x00000000ca500000, 0x00000000ca500000, 0x00000000ca600000|  0%| F|  |TAMS 0x00000000ca500000, 0x00000000ca500000| Untracked 
|  54|0x00000000ca600000, 0x00000000ca600000, 0x00000000ca700000|  0%| F|  |TAMS 0x00000000ca600000, 0x00000000ca600000| Untracked 
|  55|0x00000000ca700000, 0x00000000ca700000, 0x00000000ca800000|  0%| F|  |TAMS 0x00000000ca700000, 0x00000000ca700000| Untracked 
|  56|0x00000000ca800000, 0x00000000ca800810, 0x00000000ca900000|  0%| S|CS|TAMS 0x00000000ca800000, 0x00000000ca800000| Complete 
|  57|0x00000000ca900000, 0x00000000ca900000, 0x00000000caa00000|  0%| F|  |TAMS 0x00000000ca900000, 0x00000000ca900000| Untracked 

Card table byte_map: [0x00007f9ae0529000,0x00007f9ae06f1000] _byte_map_base: 0x00007f9adfef1000

Marking Bits (Prev, Next): (CMBitMap*) 0x00007f9adc052530, (CMBitMap*) 0x00007f9adc052570
 Prev Bits: [0x00007f9ac8b76000, 0x00007f9ac99b6000)
 Next Bits: [0x00007f9ac7d36000, 0x00007f9ac8b76000)

Polling page: 0x00007f9ae448a000

Metaspace:

Usage:
  Non-class:      3.62 MB used.
      Class:    313.95 KB used.
       Both:      3.93 MB used.

Virtual space:
  Non-class space:        8.00 MB reserved,       3.69 MB ( 46%) committed,  1 nodes.
      Class space:        1.00 GB reserved,     384.00 KB ( <1%) committed,  1 nodes.
             Both:        1.01 GB reserved,       4.06 MB ( <1%) committed. 

Chunk freelists:
   Non-Class:  3.98 MB
       Class:  3.62 MB
        Both:  7.60 MB

MaxMetaspaceSize: unlimited
CompressedClassSpaceSize: 1.00 GB
Initial GC threshold: 21.00 MB
Current GC threshold: 21.00 MB
CDS: off
MetaspaceReclaimPolicy: balanced
 - commit_granule_bytes: 65536.
 - commit_granule_words: 8192.
 - virtual_space_node_default_size: 1048576.
 - enlarge_chunks_in_place: 1.
 - new_chunks_are_fully_committed: 0.
 - uncommit_free_chunks: 1.
 - use_allocation_guard: 0.
 - handle_deallocations: 1.


Internal statistics:

num_allocs_failed_limit: 0.
num_arena_births: 4.
num_arena_deaths: 0.
num_vsnodes_births: 2.
num_vsnodes_deaths: 0.
num_space_committed: 65.
num_space_uncommitted: 0.
num_chunks_returned_to_freelist: 0.
num_chunks_taken_from_freelist: 8.
num_chunk_merges: 0.
num_chunk_splits: 4.
num_chunks_enlarged: 2.
num_purges: 0.
num_inconsistent_stats: 0.

CodeHeap 'non-profiled nmethods': size=120032Kb used=135Kb max_used=135Kb free=119896Kb
 bounds [0x00007f9ad147e000, 0x00007f9ad16ee000, 0x00007f9ad89b6000]
CodeHeap 'profiled nmethods': size=120028Kb used=376Kb max_used=376Kb free=119651Kb
 bounds [0x00007f9ac9f47000, 0x00007f9aca1b7000, 0x00007f9ad147e000]
CodeHeap 'non-nmethods': size=5700Kb used=1038Kb max_used=1057Kb free=4661Kb
 bounds [0x00007f9ac99b6000, 0x00007f9ac9c26000, 0x00007f9ac9f47000]
 total_blobs=540 nmethods=242 adapters=212
 compilation: enabled
              stopped_count=0, restarted_count=0
 full_count=0

Compilation events (20 events):
Event: 7738.223 Thread 0x00007f9adc14a8e0  235       4       java.lang.Throwable::toString (45 bytes)
Event: 7738.288 Thread 0x00007f9adc14a8e0 nmethod 235 0x00007f9ad149c110 code [0x00007f9ad149c2a0, 0x00007f9ad149c718]
Event: 7739.416 Thread 0x00007f9adc14a8e0  236       4       java.lang.Integer::parseInt (264 bytes)
Event: 7739.418 Thread 0x00007f9adc14a8e0 nmethod 236 0x00007f9ad149c910 code [0x00007f9ad149caa0, 0x00007f9ad149cb88]
Event: 7739.418 Thread 0x00007f9adc14a8e0  237       4       java.lang.NumberFormatException::<init> (6 bytes)
Event: 7739.430 Thread 0x00007f9adc14a8e0 nmethod 237 0x00007f9ad149cc90 code [0x00007f9ad149ce40, 0x00007f9ad149d4a8]
Event: 7739.430 Thread 0x00007f9adc14a8e0  239   !   4       java.io.BufferedReader::readLine (327 bytes)
Event: 7739.452 Thread 0x00007f9adc14a8e0 nmethod 239 0x00007f9ad149d610 code [0x00007f9ad149d7c0, 0x00007f9ad149dcc8]
Event: 7739.453 Thread 0x00007f9adc14a8e0  238       4       java.lang.Integer::parseInt (7 bytes)
Event: 7739.475 Thread 0x00007f9adc14a8e0 nmethod 238 0x00007f9ad149e110 code [0x00007f9ad149e2a0, 0x00007f9ad149e368]
Event: 7744.007 Thread 0x00007f9adc14a8e0  240   !   4       java.io.PrintStream::println (51 bytes)
Event: 7744.010 Thread 0x00007f9adc14a8e0 nmethod 240 0x00007f9ad149e490 code [0x00007f9ad149e620, 0x00007f9ad149e708]
Event: 7863.670 Thread 0x00007f9adc14be10  241 %s!   3       org.banking.BankApp::transferFund @ 2 (401 bytes)
Event: 7864.336 Thread 0x00007f9adc14be10 nmethod 241% 0x00007f9ac9f9db10 code [0x00007f9ac9f9e0a0, 0x00007f9ac9fa02f0]
Event: 7866.208 Thread 0x00007f9adc14be10  242  s!   3       org.banking.BankApp::transferFund (401 bytes)
Event: 7866.294 Thread 0x00007f9adc14be10 nmethod 242 0x00007f9ac9fa1710 code [0x00007f9ac9fa1ca0, 0x00007f9ac9fa3e70]
Event: 7869.080 Thread 0x00007f9adc14a8e0  243       4       java.lang.IllegalArgumentException::<init> (6 bytes)
Event: 7872.239 Thread 0x00007f9adc14a8e0 nmethod 243 0x00007f9ad149e810 code [0x00007f9ad149e9c0, 0x00007f9ad149f028]
Event: 8026.129 Thread 0x00007f9adc14a8e0  245 %s!   4       org.banking.BankApp::transferFund @ 2 (401 bytes)
Event: 8026.875 Thread 0x00007f9adc14a8e0 nmethod 245% 0x00007f9ad149f190 code [0x00007f9ad149f3c0, 0x00007f9ad149faa0]

GC Heap History (20 events):
Event: 8957.404 GC heap after
{Heap after GC invocations=86 (full 0):
 garbage-first heap   total 59392K, used 578K [0x00000000c7000000, 0x0000000100000000)
  region size 1024K, 1 young (1024K), 1 survivors (1024K)
 Metaspace       used 4019K, committed 4160K, reserved 1056768K
  class space    used 313K, committed 384K, reserved 1048576K
}
Event: 8957.575 GC heap before
{Heap before GC invocations=86 (full 0):
 garbage-first heap   total 59392K, used 1602K [0x00000000c7000000, 0x0000000100000000)
  region size 1024K, 2 young (2048K), 1 survivors (1024K)
 Metaspace       used 4019K, committed 4160K, reserved 1056768K
  class space    used 313K, committed 384K, reserved 1048576K
}
Event: 8957.588 GC heap after
{Heap after GC invocations=87 (full 0):
 garbage-first heap   total 59392K, used 578K [0x00000000c7000000, 0x0000000100000000)
  region size 1024K, 1 young (1024K), 1 survivors (1024K)
 Metaspace       used 4019K, committed 4160K, reserved 1056768K
  class space    used 313K, committed 384K, reserved 1048576K
}
Event: 8957.734 GC heap before
{Heap before GC invocations=87 (full 0):
 garbage-first heap   total 59392K, used 1602K [0x00000000c7000000, 0x0000000100000000)
  region size 1024K, 2 young (2048K), 1 survivors (1024K)
 Metaspace       used 4019K, committed 4160K, reserved 1056768K
  class space    used 313K, committed 384K, reserved 1048576K
}
Event: 8957.734 GC heap after
{Heap after GC invocations=88 (full 0):
 garbage-first heap   total 59392K, used 578K [0x00000000c7000000, 0x0000000100000000)
  region size 1024K, 1 young (1024K), 1 survivors (1024K)
 Metaspace       used 4019K, committed 4160K, reserved 1056768K
  class space    used 313K, committed 384K, reserved 1048576K
}
Event: 8958.061 GC heap before
{Heap before GC invocations=88 (full 0):
 garbage-first heap   total 59392K, used 1602K [0x00000000c7000000, 0x0000000100000000)
  region size 1024K, 2 young (2048K), 1 survivors (1024K)
 Metaspace       used 4019K, committed 4160K, reserved 1056768K
  class space    used 313K, committed 384K, reserved 1048576K
}
Event: 8958.063 GC heap after
{Heap after GC invocations=89 (full 0):
 garbage-first heap   total 59392K, used 578K [0x00000000c7000000, 0x0000000100000000)
  region size 1024K, 1 young (1024K), 1 survivors (1024K)
 Metaspace       used 4019K, committed 4160K, reserved 1056768K
  class space    used 313K, committed 384K, reserved 1048576K
}
Event: 8958.243 GC heap before
{Heap before GC invocations=89 (full 0):
 garbage-first heap   total 59392K, used 1602K [0x00000000c7000000, 0x0000000100000000)
  region size 1024K, 2 young (2048K), 1 survivors (1024K)
 Metaspace       used 4019K, committed 4160K, reserved 1056768K
  class space    used 313K, committed 384K, reserved 1048576K
}
Event: 8958.243 GC heap after
{Heap after GC invocations=90 (full 0):
 garbage-first heap   total 59392K, used 578K [0x00000000c7000000, 0x0000000100000000)
  region size 1024K, 1 young (1024K), 1 survivors (1024K)
 Metaspace       used 4019K, committed 4160K, reserved 1056768K
  class space    used 313K, committed 384K, reserved 1048576K
}
Event: 8958.409 GC heap before
{Heap before GC invocations=90 (full 0):
 garbage-first heap   total 59392K, used 1602K [0x00000000c7000000, 0x0000000100000000)
  region size 1024K, 2 young (2048K), 1 survivors (1024K)
 Metaspace       used 4019K, committed 4160K, reserved 1056768K
  class space    used 313K, committed 384K, reserved 1048576K
}
Event: 8958.410 GC heap after
{Heap after GC invocations=91 (full 0):
 garbage-first heap   total 59392K, used 578K [0x00000000c7000000, 0x0000000100000000)
  region size 1024K, 1 young (1024K), 1 survivors (1024K)
 Metaspace       used 4019K, committed 4160K, reserved 1056768K
  class space    used 313K, committed 384K, reserved 1048576K
}
Event: 8958.583 GC heap before
{Heap before GC invocations=91 (full 0):
 garbage-first heap   total 59392K, used 1602K [0x00000000c7000000, 0x0000000100000000)
  region size 1024K, 2 young (2048K), 1 survivors (1024K)
 Metaspace       used 4019K, committed 4160K, reserved 1056768K
  class space    used 313K, committed 384K, reserved 1048576K
}
Event: 8958.584 GC heap after
{Heap after GC invocations=92 (full 0):
 garbage-first heap   total 59392K, used 578K [0x00000000c7000000, 0x0000000100000000)
  region size 1024K, 1 young (1024K), 1 survivors (1024K)
 Metaspace       used 4019K, committed 4160K, reserved 1056768K
  class space    used 313K, committed 384K, reserved 1048576K
}
Event: 8958.685 GC heap before
{Heap before GC invocations=92 (full 0):
 garbage-first heap   total 59392K, used 1602K [0x00000000c7000000, 0x0000000100000000)
  region size 1024K, 2 young (2048K), 1 survivors (1024K)
 Metaspace       used 4019K, committed 4160K, reserved 1056768K
  class space    used 313K, committed 384K, reserved 1048576K
}
Event: 8958.685 GC heap after
{Heap after GC invocations=93 (full 0):
 garbage-first heap   total 59392K, used 578K [0x00000000c7000000, 0x0000000100000000)
  region size 1024K, 1 young (1024K), 1 survivors (1024K)
 Metaspace       used 4019K, committed 4160K, reserved 1056768K
  class space    used 313K, committed 384K, reserved 1048576K
}
Event: 8958.768 GC heap before
{Heap before GC invocations=93 (full 0):
 garbage-first heap   total 59392K, used 1602K [0x00000000c7000000, 0x0000000100000000)
  region size 1024K, 2 young (2048K), 1 survivors (1024K)
 Metaspace       used 4019K, committed 4160K, reserved 1056768K
  class space    used 313K, committed 384K, reserved 1048576K
}
Event: 8958.768 GC heap after
{Heap after GC invocations=94 (full 0):
 garbage-first heap   total 59392K, used 578K [0x00000000c7000000, 0x0000000100000000)
  region size 1024K, 1 young (1024K), 1 survivors (1024K)
 Metaspace       used 4019K, committed 4160K, reserved 1056768K
  class space    used 313K, committed 384K, reserved 1048576K
}
Event: 8958.804 GC heap before
{Heap before GC invocations=94 (full 0):
 garbage-first heap   total 59392K, used 1602K [0x00000000c7000000, 0x0000000100000000)
  region size 1024K, 2 young (2048K), 1 survivors (1024K)
 Metaspace       used 4019K, committed 4160K, reserved 1056768K
  class space    used 313K, committed 384K, reserved 1048576K
}
Event: 8958.805 GC heap after
{Heap after GC invocations=95 (full 0):
 garbage-first heap   total 59392K, used 578K [0x00000000c7000000, 0x0000000100000000)
  region size 1024K, 1 young (1024K), 1 survivors (1024K)
 Metaspace       used 4019K, committed 4160K, reserved 1056768K
  class space    used 313K, committed 384K, reserved 1048576K
}
Event: 8958.835 GC heap before
{Heap before GC invocations=95 (full 0):
 garbage-first heap   total 59392K, used 1602K [0x00000000c7000000, 0x0000000100000000)
  region size 1024K, 2 young (2048K), 1 survivors (1024K)
 Metaspace       used 4019K, committed 4160K, reserved 1056768K
  class space    used 313K, committed 384K, reserved 1048576K
}

Deoptimization events (4 events):
Event: 7717.284 Thread 0x00007f9adc024e90 DEOPT PACKING pc=0x00007f9ac9f61806 sp=0x00007f9ae4471330
Event: 7717.284 Thread 0x00007f9adc024e90 DEOPT UNPACKING pc=0x00007f9ac9a0882f sp=0x00007f9ae44707c0 mode 0
Event: 8055.452 Thread 0x00007f9adc024e90 DEOPT PACKING pc=0x00007f9ac9f9ffa9 sp=0x00007f9ae44718c0
Event: 8055.491 Thread 0x00007f9adc024e90 DEOPT UNPACKING pc=0x00007f9ac9a0882f sp=0x00007f9ae4470e28 mode 0

Classes unloaded (0 events):
No events

Classes redefined (0 events):
No events

Internal exceptions (20 events):
Event: 8958.834 Thread 0x00007f9adc024e90 Exception <a 'java/io/IOException'{0x00000000ca9fb3a0}> (0x00000000ca9fb3a0) 
thrown [src/hotspot/share/prims/jni.cpp, line 516]
Event: 8958.834 Thread 0x00007f9adc024e90 Exception <a 'java/io/IOException'{0x00000000ca9fba18}> (0x00000000ca9fba18) 
thrown [src/hotspot/share/prims/jni.cpp, line 516]
Event: 8958.835 Thread 0x00007f9adc024e90 Exception <a 'java/io/IOException'{0x00000000ca9fbd20}> (0x00000000ca9fbd20) 
thrown [src/hotspot/share/prims/jni.cpp, line 516]
Event: 8958.835 Thread 0x00007f9adc024e90 Exception <a 'java/io/IOException'{0x00000000ca9fc028}> (0x00000000ca9fc028) 
thrown [src/hotspot/share/prims/jni.cpp, line 516]
Event: 8958.835 Thread 0x00007f9adc024e90 Exception <a 'java/io/IOException'{0x00000000ca9fc330}> (0x00000000ca9fc330) 
thrown [src/hotspot/share/prims/jni.cpp, line 516]
Event: 8958.835 Thread 0x00007f9adc024e90 Exception <a 'java/io/IOException'{0x00000000ca9fc638}> (0x00000000ca9fc638) 
thrown [src/hotspot/share/prims/jni.cpp, line 516]
Event: 8958.835 Thread 0x00007f9adc024e90 Exception <a 'java/io/IOException'{0x00000000ca9fc940}> (0x00000000ca9fc940) 
thrown [src/hotspot/share/prims/jni.cpp, line 516]
Event: 8958.835 Thread 0x00007f9adc024e90 Exception <a 'java/io/IOException'{0x00000000ca9fcc48}> (0x00000000ca9fcc48) 
thrown [src/hotspot/share/prims/jni.cpp, line 516]
Event: 8958.835 Thread 0x00007f9adc024e90 Exception <a 'java/io/IOException'{0x00000000ca9fcf50}> (0x00000000ca9fcf50) 
thrown [src/hotspot/share/prims/jni.cpp, line 516]
Event: 8958.835 Thread 0x00007f9adc024e90 Exception <a 'java/io/IOException'{0x00000000ca9fd5c8}> (0x00000000ca9fd5c8) 
thrown [src/hotspot/share/prims/jni.cpp, line 516]
Event: 8958.835 Thread 0x00007f9adc024e90 Exception <a 'java/io/IOException'{0x00000000ca9fd8d0}> (0x00000000ca9fd8d0) 
thrown [src/hotspot/share/prims/jni.cpp, line 516]
Event: 8958.835 Thread 0x00007f9adc024e90 Exception <a 'java/io/IOException'{0x00000000ca9fdbd8}> (0x00000000ca9fdbd8) 
thrown [src/hotspot/share/prims/jni.cpp, line 516]
Event: 8958.835 Thread 0x00007f9adc024e90 Exception <a 'java/io/IOException'{0x00000000ca9fdee0}> (0x00000000ca9fdee0) 
thrown [src/hotspot/share/prims/jni.cpp, line 516]
Event: 8958.835 Thread 0x00007f9adc024e90 Exception <a 'java/io/IOException'{0x00000000ca9fe1e8}> (0x00000000ca9fe1e8) 
thrown [src/hotspot/share/prims/jni.cpp, line 516]
Event: 8958.835 Thread 0x00007f9adc024e90 Exception <a 'java/io/IOException'{0x00000000ca9fe4f0}> (0x00000000ca9fe4f0) 
thrown [src/hotspot/share/prims/jni.cpp, line 516]
Event: 8958.835 Thread 0x00007f9adc024e90 Exception <a 'java/io/IOException'{0x00000000ca9fe7f8}> (0x00000000ca9fe7f8) 
thrown [src/hotspot/share/prims/jni.cpp, line 516]
Event: 8958.835 Thread 0x00007f9adc024e90 Exception <a 'java/io/IOException'{0x00000000ca9feb00}> (0x00000000ca9feb00) 
thrown [src/hotspot/share/prims/jni.cpp, line 516]
Event: 8958.835 Thread 0x00007f9adc024e90 Exception <a 'java/io/IOException'{0x00000000ca9ff3c0}> (0x00000000ca9ff3c0) 
thrown [src/hotspot/share/prims/jni.cpp, line 516]
Event: 8958.835 Thread 0x00007f9adc024e90 Exception <a 'java/io/IOException'{0x00000000ca9ff6c8}> (0x00000000ca9ff6c8) 
thrown [src/hotspot/share/prims/jni.cpp, line 516]
Event: 8958.835 Thread 0x00007f9adc024e90 Exception <a 'java/io/IOException'{0x00000000ca9ff9d0}> (0x00000000ca9ff9d0) 
thrown [src/hotspot/share/prims/jni.cpp, line 516]

VM Operations (20 events):
Event: 8957.404 Executing VM operation: G1CollectForAllocation done
Event: 8957.575 Executing VM operation: G1CollectForAllocation
Event: 8957.588 Executing VM operation: G1CollectForAllocation done
Event: 8957.734 Executing VM operation: G1CollectForAllocation
Event: 8957.734 Executing VM operation: G1CollectForAllocation done
Event: 8958.061 Executing VM operation: G1CollectForAllocation
Event: 8958.063 Executing VM operation: G1CollectForAllocation done
Event: 8958.243 Executing VM operation: G1CollectForAllocation
Event: 8958.243 Executing VM operation: G1CollectForAllocation done
Event: 8958.409 Executing VM operation: G1CollectForAllocation
Event: 8958.410 Executing VM operation: G1CollectForAllocation done
Event: 8958.583 Executing VM operation: G1CollectForAllocation
Event: 8958.584 Executing VM operation: G1CollectForAllocation done
Event: 8958.685 Executing VM operation: G1CollectForAllocation
Event: 8958.685 Executing VM operation: G1CollectForAllocation done
Event: 8958.768 Executing VM operation: G1CollectForAllocation
Event: 8958.768 Executing VM operation: G1CollectForAllocation done
Event: 8958.804 Executing VM operation: G1CollectForAllocation
Event: 8958.805 Executing VM operation: G1CollectForAllocation done
Event: 8958.835 Executing VM operation: G1CollectForAllocation

Events (20 events):
Event: 6.135 loading class jdk/internal/math/FloatingDecimal$1
Event: 6.135 loading class jdk/internal/math/FloatingDecimal$1 done
Event: 6.135 loading class jdk/internal/math/FloatingDecimal$PreparedASCIIToBinaryBuffer
Event: 6.135 loading class jdk/internal/math/FloatingDecimal$ASCIIToBinaryConverter
Event: 6.135 loading class jdk/internal/math/FloatingDecimal$ASCIIToBinaryConverter done
Event: 6.135 loading class jdk/internal/math/FloatingDecimal$PreparedASCIIToBinaryBuffer done
Event: 6.135 loading class java/lang/ThreadLocal$ThreadLocalMap
Event: 6.135 loading class java/lang/ThreadLocal$ThreadLocalMap done
Event: 6.135 loading class java/lang/ThreadLocal$ThreadLocalMap$Entry
Event: 6.135 loading class java/lang/ThreadLocal$ThreadLocalMap$Entry done
Event: 6.135 loading class jdk/internal/misc/TerminatingThreadLocal
Event: 6.135 loading class jdk/internal/misc/TerminatingThreadLocal done
Event: 6.135 loading class jdk/internal/math/FDBigInteger
Event: 6.135 loading class jdk/internal/math/FDBigInteger done
Event: 14.397 loading class jdk/internal/math/FloatingDecimal$ASCIIToBinaryBuffer
Event: 14.397 loading class jdk/internal/math/FloatingDecimal$ASCIIToBinaryBuffer done
Event: 7715.937 loading class java/io/InterruptedIOException
Event: 7715.937 loading class java/io/InterruptedIOException done
Event: 7720.553 loading class jdk/internal/access/foreign/MemorySegmentProxy
Event: 7720.553 loading class jdk/internal/access/foreign/MemorySegmentProxy done


Dynamic libraries:
c7000000-caa00000 rw-p 00000000 00:00 0 
cb800000-100000000 ---p 00000000 00:00 0 
100000000-100010000 rw-p 00000000 00:00 0 
100010000-100020000 ---p 00000000 00:00 0 
100020000-100030000 rw-p 00000000 00:00 0 
100030000-100040000 ---p 00000000 00:00 0 
100040000-100080000 rw-p 00000000 00:00 0 
100080000-140000000 ---p 00000000 00:00 0 
55ee94d26000-55ee94d27000 r-xp 00000000 08:05 1578248                    /home/samarth/.p2/pool/plugins/org.eclipse.justj.openjdk.hotspot.jre.full.linux.x86_64_17.0.2.v20220201-1208/jre/bin/java
55ee94f27000-55ee94f28000 r--p 00001000 08:05 1578248                    /home/samarth/.p2/pool/plugins/org.eclipse.justj.openjdk.hotspot.jre.full.linux.x86_64_17.0.2.v20220201-1208/jre/bin/java
55ee94f28000-55ee94f29000 rw-p 00002000 08:05 1578248                    /home/samarth/.p2/pool/plugins/org.eclipse.justj.openjdk.hotspot.jre.full.linux.x86_64_17.0.2.v20220201-1208/jre/bin/java
55ee953b7000-55ee953d8000 rw-p 00000000 00:00 0                          [heap]
7f9a74000000-7f9a74021000 rw-p 00000000 00:00 0 
7f9a74021000-7f9a78000000 ---p 00000000 00:00 0 
7f9a7c000000-7f9a7c021000 rw-p 00000000 00:00 0 
7f9a7c021000-7f9a80000000 ---p 00000000 00:00 0 
7f9a80000000-7f9a80021000 rw-p 00000000 00:00 0 
7f9a80021000-7f9a84000000 ---p 00000000 00:00 0 
7f9a84000000-7f9a84021000 rw-p 00000000 00:00 0 
7f9a84021000-7f9a88000000 ---p 00000000 00:00 0 
7f9a88000000-7f9a88021000 rw-p 00000000 00:00 0 
7f9a88021000-7f9a8c000000 ---p 00000000 00:00 0 
7f9a8f811000-7f9a8fbfc000 rw-p 00000000 00:00 0 
7f9a8fbfc000-7f9a8fbfd000 ---p 00000000 00:00 0 
7f9a8fbfd000-7f9a8fcfd000 rw-p 00000000 00:00 0 
7f9a8fcfd000-7f9a8fd01000 ---p 00000000 00:00 0 
7f9a8fd01000-7f9a8fdfe000 rw-p 00000000 00:00 0 
7f9a8fdfe000-7f9a8fdff000 ---p 00000000 00:00 0 
7f9a8fdff000-7f9a8feff000 rw-p 00000000 00:00 0 
7f9a8feff000-7f9a8ff03000 ---p 00000000 00:00 0 
7f9a8ff03000-7f9a90000000 rw-p 00000000 00:00 0 
7f9a90000000-7f9a903ae000 rw-p 00000000 00:00 0 
7f9a903ae000-7f9a94000000 ---p 00000000 00:00 0 
7f9a94000000-7f9a941b7000 rw-p 00000000 00:00 0 
7f9a941b7000-7f9a98000000 ---p 00000000 00:00 0 
7f9a98000000-7f9a98021000 rw-p 00000000 00:00 0 
7f9a98021000-7f9a9c000000 ---p 00000000 00:00 0 
7f9a9c000000-7f9a9c021000 rw-p 00000000 00:00 0 
7f9a9c021000-7f9aa0000000 ---p 00000000 00:00 0 
7f9aa0000000-7f9aa0021000 rw-p 00000000 00:00 0 
7f9aa0021000-7f9aa4000000 ---p 00000000 00:00 0 
7f9aa4000000-7f9aa4021000 rw-p 00000000 00:00 0 
7f9aa4021000-7f9aa8000000 ---p 00000000 00:00 0 
7f9aa8000000-7f9aa8021000 rw-p 00000000 00:00 0 
7f9aa8021000-7f9aac000000 ---p 00000000 00:00 0 
7f9aac000000-7f9aac021000 rw-p 00000000 00:00 0 
7f9aac021000-7f9ab0000000 ---p 00000000 00:00 0 
7f9ab0000000-7f9ab0021000 rw-p 00000000 00:00 0 
7f9ab0021000-7f9ab4000000 ---p 00000000 00:00 0 
7f9ab4000000-7f9ab4021000 rw-p 00000000 00:00 0 
7f9ab4021000-7f9ab8000000 ---p 00000000 00:00 0 
7f9ab8000000-7f9ab8021000 rw-p 00000000 00:00 0 
7f9ab8021000-7f9abc000000 ---p 00000000 00:00 0 
7f9abc000000-7f9abc021000 rw-p 00000000 00:00 0 
7f9abc021000-7f9ac0000000 ---p 00000000 00:00 0 
7f9ac0000000-7f9ac0021000 rw-p 00000000 00:00 0 
7f9ac0021000-7f9ac4000000 ---p 00000000 00:00 0 
7f9ac401f000-7f9ac4023000 ---p 00000000 00:00 0 
7f9ac4023000-7f9ac4120000 rw-p 00000000 00:00 0 
7f9ac4120000-7f9ac4124000 ---p 00000000 00:00 0 
7f9ac4124000-7f9ac4221000 rw-p 00000000 00:00 0 
7f9ac4221000-7f9ac4225000 ---p 00000000 00:00 0 
7f9ac4225000-7f9ac4322000 rw-p 00000000 00:00 0 
7f9ac4322000-7f9ac4326000 ---p 00000000 00:00 0 
7f9ac4326000-7f9ac4423000 rw-p 00000000 00:00 0 
7f9ac4423000-7f9ac4427000 ---p 00000000 00:00 0 
7f9ac4427000-7f9ac4524000 rw-p 00000000 00:00 0 
7f9ac4524000-7f9ac4528000 ---p 00000000 00:00 0 
7f9ac4528000-7f9ac4625000 rw-p 00000000 00:00 0 
7f9ac4625000-7f9ac48fd000 r--p 00000000 08:05 3933816                    /usr/lib/locale/locale-archive
7f9ac48fd000-7f9ac4901000 ---p 00000000 00:00 0 
7f9ac4901000-7f9ac49fe000 rw-p 00000000 00:00 0 
7f9ac49fe000-7f9ac4a02000 ---p 00000000 00:00 0 
7f9ac4a02000-7f9ac4aff000 rw-p 00000000 00:00 0 
7f9ac4aff000-7f9ac4b00000 ---p 00000000 00:00 0 
7f9ac4b00000-7f9ac4fa0000 rw-p 00000000 00:00 0 
7f9ac4fa0000-7f9ac5000000 ---p 00000000 00:00 0 
7f9ac5000000-7f9ac5010000 rw-p 00000000 00:00 0 
7f9ac5010000-7f9ac5400000 ---p 00000000 00:00 0 
7f9ac54a6000-7f9ac54ad000 r-xp 00000000 08:05 1578624                    /home/samarth/.p2/pool/plugins/org.eclipse.justj.openjdk.hotspot.jre.full.linux.x86_64_17.0.2.v20220201-1208/jre/lib/libzip.so
7f9ac54ad000-7f9ac56ad000 ---p 00007000 08:05 1578624                    /home/samarth/.p2/pool/plugins/org.eclipse.justj.openjdk.hotspot.jre.full.linux.x86_64_17.0.2.v20220201-1208/jre/lib/libzip.so
7f9ac56ad000-7f9ac56ae000 r--p 00007000 08:05 1578624                    /home/samarth/.p2/pool/plugins/org.eclipse.justj.openjdk.hotspot.jre.full.linux.x86_64_17.0.2.v20220201-1208/jre/lib/libzip.so
7f9ac56ae000-7f9ac56af000 rw-p 00008000 08:05 1578624                    /home/samarth/.p2/pool/plugins/org.eclipse.justj.openjdk.hotspot.jre.full.linux.x86_64_17.0.2.v20220201-1208/jre/lib/libzip.so
7f9ac56af000-7f9ac5730000 rw-p 00000000 00:00 0 
7f9ac5730000-7f9ac5731000 ---p 00000000 00:00 0 
7f9ac5731000-7f9ac5831000 rw-p 00000000 00:00 0 
7f9ac5831000-7f9ac5832000 ---p 00000000 00:00 0 
7f9ac5832000-7f9ac7e1e000 rw-p 00000000 00:00 0 
7f9ac7e1e000-7f9ac8b76000 ---p 00000000 00:00 0 
7f9ac8b76000-7f9ac8c5e000 rw-p 00000000 00:00 0 
7f9ac8c5e000-7f9ac99b6000 ---p 00000000 00:00 0 
7f9ac99b6000-7f9ac9c26000 rwxp 00000000 00:00 0 
7f9ac9c26000-7f9ac9f47000 ---p 00000000 00:00 0 
7f9ac9f47000-7f9aca1b7000 rwxp 00000000 00:00 0 
7f9aca1b7000-7f9ad147e000 ---p 00000000 00:00 0 
7f9ad147e000-7f9ad16ee000 rwxp 00000000 00:00 0 
7f9ad16ee000-7f9ad89b6000 ---p 00000000 00:00 0 
7f9ad89b6000-7f9adc000000 r--s 00000000 08:05 1578623                    /home/samarth/.p2/pool/plugins/org.eclipse.justj.openjdk.hotspot.jre.full.linux.x86_64_17.0.2.v20220201-1208/jre/lib/modules
7f9adc000000-7f9adc20d000 rw-p 00000000 00:00 0 
7f9adc20d000-7f9ae0000000 ---p 00000000 00:00 0 
7f9ae005e000-7f9ae005f000 ---p 00000000 00:00 0 
7f9ae005f000-7f9ae015f000 rw-p 00000000 00:00 0 
7f9ae015f000-7f9ae0160000 ---p 00000000 00:00 0 
7f9ae0160000-7f9ae0260000 rw-p 00000000 00:00 0 
7f9ae0260000-7f9ae0261000 ---p 00000000 00:00 0 
7f9ae0261000-7f9ae037e000 rw-p 00000000 00:00 0 
7f9ae037e000-7f9ae0529000 ---p 00000000 00:00 0 
7f9ae0529000-7f9ae0546000 rw-p 00000000 00:00 0 
7f9ae0546000-7f9ae06f1000 ---p 00000000 00:00 0 
7f9ae06f1000-7f9ae070e000 rw-p 00000000 00:00 0 
7f9ae070e000-7f9ae08b9000 ---p 00000000 00:00 0 
7f9ae08b9000-7f9ae0cc2000 rw-p 00000000 00:00 0 
7f9ae0cc2000-7f9ae0da8000 ---p 00000000 00:00 0 
7f9ae0da8000-7f9ae0dad000 rw-p 00000000 00:00 0 
7f9ae0dad000-7f9ae0e93000 ---p 00000000 00:00 0 
7f9ae0e93000-7f9ae0eb7000 r-xp 00000000 08:05 1578636                    /home/samarth/.p2/pool/plugins/org.eclipse.justj.openjdk.hotspot.jre.full.linux.x86_64_17.0.2.v20220201-1208/jre/lib/libjava.so
7f9ae0eb7000-7f9ae10b7000 ---p 00024000 08:05 1578636                    /home/samarth/.p2/pool/plugins/org.eclipse.justj.openjdk.hotspot.jre.full.linux.x86_64_17.0.2.v20220201-1208/jre/lib/libjava.so
7f9ae10b7000-7f9ae10b8000 r--p 00024000 08:05 1578636                    /home/samarth/.p2/pool/plugins/org.eclipse.justj.openjdk.hotspot.jre.full.linux.x86_64_17.0.2.v20220201-1208/jre/lib/libjava.so
7f9ae10b8000-7f9ae10b9000 rw-p 00025000 08:05 1578636                    /home/samarth/.p2/pool/plugins/org.eclipse.justj.openjdk.hotspot.jre.full.linux.x86_64_17.0.2.v20220201-1208/jre/lib/libjava.so
7f9ae10b9000-7f9ae10ba000 rw-p 00000000 00:00 0 
7f9ae10ba000-7f9ae10c5000 r-xp 00000000 08:05 4987579                    /lib/x86_64-linux-gnu/libnss_files-2.23.so
7f9ae10c5000-7f9ae12c4000 ---p 0000b000 08:05 4987579                    /lib/x86_64-linux-gnu/libnss_files-2.23.so
7f9ae12c4000-7f9ae12c5000 r--p 0000a000 08:05 4987579                    /lib/x86_64-linux-gnu/libnss_files-2.23.so
7f9ae12c5000-7f9ae12c6000 rw-p 0000b000 08:05 4987579                    /lib/x86_64-linux-gnu/libnss_files-2.23.so
7f9ae12c6000-7f9ae12cc000 rw-p 00000000 00:00 0 
7f9ae12cc000-7f9ae12d7000 r-xp 00000000 08:05 4987586                    /lib/x86_64-linux-gnu/libnss_nis-2.23.so
7f9ae12d7000-7f9ae14d6000 ---p 0000b000 08:05 4987586                    /lib/x86_64-linux-gnu/libnss_nis-2.23.so
7f9ae14d6000-7f9ae14d7000 r--p 0000a000 08:05 4987586                    /lib/x86_64-linux-gnu/libnss_nis-2.23.so
7f9ae14d7000-7f9ae14d8000 rw-p 0000b000 08:05 4987586                    /lib/x86_64-linux-gnu/libnss_nis-2.23.so
7f9ae14d8000-7f9ae14ee000 r-xp 00000000 08:05 4987587                    /lib/x86_64-linux-gnu/libnsl-2.23.so
7f9ae14ee000-7f9ae16ed000 ---p 00016000 08:05 4987587                    /lib/x86_64-linux-gnu/libnsl-2.23.so
7f9ae16ed000-7f9ae16ee000 r--p 00015000 08:05 4987587                    /lib/x86_64-linux-gnu/libnsl-2.23.so
7f9ae16ee000-7f9ae16ef000 rw-p 00016000 08:05 4987587                    /lib/x86_64-linux-gnu/libnsl-2.23.so
7f9ae16ef000-7f9ae16f1000 rw-p 00000000 00:00 0 
7f9ae16f1000-7f9ae16f9000 r-xp 00000000 08:05 4987589                    /lib/x86_64-linux-gnu/libnss_compat-2.23.so
7f9ae16f9000-7f9ae18f8000 ---p 00008000 08:05 4987589                    /lib/x86_64-linux-gnu/libnss_compat-2.23.so
7f9ae18f8000-7f9ae18f9000 r--p 00007000 08:05 4987589                    /lib/x86_64-linux-gnu/libnss_compat-2.23.so
7f9ae18f9000-7f9ae18fa000 rw-p 00008000 08:05 4987589                    /lib/x86_64-linux-gnu/libnss_compat-2.23.so
7f9ae18fa000-7f9ae1915000 r-xp 00000000 08:05 1578625                    /home/samarth/.p2/pool/plugins/org.eclipse.justj.openjdk.hotspot.jre.full.linux.x86_64_17.0.2.v20220201-1208/jre/lib/libjimage.so
7f9ae1915000-7f9ae1b14000 ---p 0001b000 08:05 1578625                    /home/samarth/.p2/pool/plugins/org.eclipse.justj.openjdk.hotspot.jre.full.linux.x86_64_17.0.2.v20220201-1208/jre/lib/libjimage.so
7f9ae1b14000-7f9ae1b16000 r--p 0001a000 08:05 1578625                    /home/samarth/.p2/pool/plugins/org.eclipse.justj.openjdk.hotspot.jre.full.linux.x86_64_17.0.2.v20220201-1208/jre/lib/libjimage.so
7f9ae1b16000-7f9ae1b17000 rw-p 0001c000 08:05 1578625                    /home/samarth/.p2/pool/plugins/org.eclipse.justj.openjdk.hotspot.jre.full.linux.x86_64_17.0.2.v20220201-1208/jre/lib/libjimage.so
7f9ae1b17000-7f9ae1c1f000 r-xp 00000000 08:05 4987583                    /lib/x86_64-linux-gnu/libm-2.23.so
7f9ae1c1f000-7f9ae1e1e000 ---p 00108000 08:05 4987583                    /lib/x86_64-linux-gnu/libm-2.23.so
7f9ae1e1e000-7f9ae1e1f000 r--p 00107000 08:05 4987583                    /lib/x86_64-linux-gnu/libm-2.23.so
7f9ae1e1f000-7f9ae1e20000 rw-p 00108000 08:05 4987583                    /lib/x86_64-linux-gnu/libm-2.23.so
7f9ae1e20000-7f9ae1e27000 r-xp 00000000 08:05 4987578                    /lib/x86_64-linux-gnu/librt-2.23.so
7f9ae1e27000-7f9ae2026000 ---p 00007000 08:05 4987578                    /lib/x86_64-linux-gnu/librt-2.23.so
7f9ae2026000-7f9ae2027000 r--p 00006000 08:05 4987578                    /lib/x86_64-linux-gnu/librt-2.23.so
7f9ae2027000-7f9ae2028000 rw-p 00007000 08:05 4987578                    /lib/x86_64-linux-gnu/librt-2.23.so
7f9ae2028000-7f9ae330c000 r-xp 00000000 08:05 1578613                    /home/samarth/.p2/pool/plugins/org.eclipse.justj.openjdk.hotspot.jre.full.linux.x86_64_17.0.2.v20220201-1208/jre/lib/server/libjvm.so
7f9ae330c000-7f9ae350c000 ---p 012e4000 08:05 1578613                    /home/samarth/.p2/pool/plugins/org.eclipse.justj.openjdk.hotspot.jre.full.linux.x86_64_17.0.2.v20220201-1208/jre/lib/server/libjvm.so
7f9ae350c000-7f9ae35c5000 r--p 012e4000 08:05 1578613                    /home/samarth/.p2/pool/plugins/org.eclipse.justj.openjdk.hotspot.jre.full.linux.x86_64_17.0.2.v20220201-1208/jre/lib/server/libjvm.so
7f9ae35c5000-7f9ae35fa000 rw-p 0139d000 08:05 1578613                    /home/samarth/.p2/pool/plugins/org.eclipse.justj.openjdk.hotspot.jre.full.linux.x86_64_17.0.2.v20220201-1208/jre/lib/server/libjvm.so
7f9ae35fa000-7f9ae3653000 rw-p 00000000 00:00 0 
7f9ae3653000-7f9ae3813000 r-xp 00000000 08:05 4987588                    /lib/x86_64-linux-gnu/libc-2.23.so
7f9ae3813000-7f9ae3a13000 ---p 001c0000 08:05 4987588                    /lib/x86_64-linux-gnu/libc-2.23.so
7f9ae3a13000-7f9ae3a17000 r--p 001c0000 08:05 4987588                    /lib/x86_64-linux-gnu/libc-2.23.so
7f9ae3a17000-7f9ae3a19000 rw-p 001c4000 08:05 4987588                    /lib/x86_64-linux-gnu/libc-2.23.so
7f9ae3a19000-7f9ae3a1d000 rw-p 00000000 00:00 0 
7f9ae3a1d000-7f9ae3a20000 r-xp 00000000 08:05 4987538                    /lib/x86_64-linux-gnu/libdl-2.23.so
7f9ae3a20000-7f9ae3c1f000 ---p 00003000 08:05 4987538                    /lib/x86_64-linux-gnu/libdl-2.23.so
7f9ae3c1f000-7f9ae3c20000 r--p 00002000 08:05 4987538                    /lib/x86_64-linux-gnu/libdl-2.23.so
7f9ae3c20000-7f9ae3c21000 rw-p 00003000 08:05 4987538                    /lib/x86_64-linux-gnu/libdl-2.23.so
7f9ae3c21000-7f9ae3c39000 r-xp 00000000 08:05 4987533                    /lib/x86_64-linux-gnu/libpthread-2.23.so
7f9ae3c39000-7f9ae3e38000 ---p 00018000 08:05 4987533                    /lib/x86_64-linux-gnu/libpthread-2.23.so
7f9ae3e38000-7f9ae3e39000 r--p 00017000 08:05 4987533                    /lib/x86_64-linux-gnu/libpthread-2.23.so
7f9ae3e39000-7f9ae3e3a000 rw-p 00018000 08:05 4987533                    /lib/x86_64-linux-gnu/libpthread-2.23.so
7f9ae3e3a000-7f9ae3e3e000 rw-p 00000000 00:00 0 
7f9ae3e3e000-7f9ae3e4d000 r-xp 00000000 08:05 1578632                    /home/samarth/.p2/pool/plugins/org.eclipse.justj.openjdk.hotspot.jre.full.linux.x86_64_17.0.2.v20220201-1208/jre/lib/libjli.so
7f9ae3e4d000-7f9ae404d000 ---p 0000f000 08:05 1578632                    /home/samarth/.p2/pool/plugins/org.eclipse.justj.openjdk.hotspot.jre.full.linux.x86_64_17.0.2.v20220201-1208/jre/lib/libjli.so
7f9ae404d000-7f9ae404e000 r--p 0000f000 08:05 1578632                    /home/samarth/.p2/pool/plugins/org.eclipse.justj.openjdk.hotspot.jre.full.linux.x86_64_17.0.2.v20220201-1208/jre/lib/libjli.so
7f9ae404e000-7f9ae404f000 rw-p 00010000 08:05 1578632                    /home/samarth/.p2/pool/plugins/org.eclipse.justj.openjdk.hotspot.jre.full.linux.x86_64_17.0.2.v20220201-1208/jre/lib/libjli.so
7f9ae404f000-7f9ae4068000 r-xp 00000000 08:05 4985616                    /lib/x86_64-linux-gnu/libz.so.1.2.8
7f9ae4068000-7f9ae4267000 ---p 00019000 08:05 4985616                    /lib/x86_64-linux-gnu/libz.so.1.2.8
7f9ae4267000-7f9ae4268000 r--p 00018000 08:05 4985616                    /lib/x86_64-linux-gnu/libz.so.1.2.8
7f9ae4268000-7f9ae4269000 rw-p 00019000 08:05 4985616                    /lib/x86_64-linux-gnu/libz.so.1.2.8
7f9ae4269000-7f9ae428f000 r-xp 00000000 08:05 4987580                    /lib/x86_64-linux-gnu/ld-2.23.so
7f9ae42ab000-7f9ae436b000 rw-p 00000000 00:00 0 
7f9ae436b000-7f9ae4372000 ---p 00000000 00:00 0 
7f9ae4372000-7f9ae4376000 ---p 00000000 00:00 0 
7f9ae4376000-7f9ae4477000 rw-p 00000000 00:00 0 
7f9ae447b000-7f9ae4482000 r--s 00000000 08:05 4202006                    /usr/lib/x86_64-linux-gnu/gconv/gconv-modules.cache
7f9ae4482000-7f9ae448a000 rw-s 00000000 08:05 5117274                    /tmp/hsperfdata_samarth/9011
7f9ae448a000-7f9ae448b000 ---p 00000000 00:00 0 
7f9ae448b000-7f9ae448c000 r--p 00000000 00:00 0 
7f9ae448c000-7f9ae448d000 ---p 00000000 00:00 0 
7f9ae448d000-7f9ae448e000 rw-p 00000000 00:00 0 
7f9ae448e000-7f9ae448f000 r--p 00025000 08:05 4987580                    /lib/x86_64-linux-gnu/ld-2.23.so
7f9ae448f000-7f9ae4490000 rw-p 00026000 08:05 4987580                    /lib/x86_64-linux-gnu/ld-2.23.so
7f9ae4490000-7f9ae4491000 rw-p 00000000 00:00 0 
7ffd85f29000-7ffd85f4a000 rw-p 00000000 00:00 0                          [stack]
7ffd85ffb000-7ffd85ffe000 r--p 00000000 00:00 0                          [vvar]
7ffd85ffe000-7ffd86000000 r-xp 00000000 00:00 0                          [vdso]
ffffffffff600000-ffffffffff601000 r-xp 00000000 00:00 0                  [vsyscall]


VM Arguments:
jvm_args: -Dfile.encoding=UTF-8 -XX:+ShowCodeDetailsInExceptionMessages 
java_command: org.banking.BankApp
java_class_path (initial): /home/samarth/eclipse-workspace/Banking Application/bin
Launcher Type: SUN_STANDARD

[Global flags]

