#
# There is insufficient memory for the Java Runtime Environment to continue.
# Native memory allocation (mmap) failed to map 29360128 bytes for committing reserved memory.
# Possible reasons:
#   The system is out of physical RAM or swap space
#   The process is running with CompressedOops enabled, and the Java Heap may be blocking the growth of the native heap
# Possible solutions:
#   Reduce memory load on the system
#   Increase physical memory or swap space
#   Check if swap backing store is full
#   Decrease Java heap size (-Xmx/-Xms)
#   Decrease number of Java threads
#   Decrease Java thread stack sizes (-Xss)
#   Set larger code cache with -XX:ReservedCodeCacheSize=
#   JVM is running with Unscaled Compressed Oops mode in which the Java heap is
#     placed in the first 4GB address space. The Java Heap base address is the
#     maximum limit for the native heap growth. Please use -XX:HeapBaseMinAddress
#     to set the Java Heap base and to place the Java Heap above 4GB virtual address.
# This output file may be truncated or incomplete.
#
#  Out of Memory Error (os_linux.cpp:2741), pid=8166, tid=8178
#
# JRE version: OpenJDK Runtime Environment Temurin-17.0.2+8 (17.0.2+8) (build 17.0.2+8)
# Java VM: OpenJDK 64-Bit Server VM Temurin-17.0.2+8 (17.0.2+8, mixed mode, tiered, compressed oops, compressed class ptrs, g1 gc, linux-amd64)
# Core dump will be written. Default location: Core dumps may be processed with "/usr/share/apport/apport %p %s %c %d %P %E" (or dumping to /home/samarth/eclipse-workspace/Banking Application/core.8166)
#

---------------  S U M M A R Y ------------

Command Line: -Dfile.encoding=UTF-8 -XX:+ShowCodeDetailsInExceptionMessages org.banking.BankApp

Host: Intel(R) Core(TM) i5-3320M CPU @ 2.60GHz, 4 cores, 3G, Ubuntu 16.04.7 LTS
Time: Fri Jun 17 15:47:09 2022 IST elapsed time: 10734.531997 seconds (0d 2h 58m 54s)

---------------  T H R E A D  ---------------

Current thread (0x00007f7040110d30):  VMThread "VM Thread" [stack: 0x00007f70440fe000,0x00007f70441fe000] [id=8178]

Stack: [0x00007f70440fe000,0x00007f70441fe000],  sp=0x00007f70441fbda0,  free space=1015k
Native frames: (J=compiled Java code, j=interpreted, Vv=VM code, C=native code)
V  [libjvm.so+0xf81ea1]  VMError::report_and_die(int, char const*, char const*, __va_list_tag*, Thread*, unsigned char*, void*, void*, char const*, int, unsigned long)+0x1a1
V
[timeout occurred during error reporting in step "printing native stack"] after 31 s.
VM_Operation (0x00007f7048e9db40): G1CollectForAllocation, mode: safepoint, requested by thread 0x00007f7040024e90


---------------  P R O C E S S  ---------------

Threads class SMR info:
_java_thread_list=0x00007f70401dfcb0, length=11, elements={
0x00007f7040024e90, 0x00007f704011ff40, 0x00007f7040121600, 0x00007f7040146760,
0x00007f7040147b20, 0x00007f7040148f10, 0x00007f704014a8e0, 0x00007f704014be10,
0x00007f704014d280, 0x00007f70401d6400, 0x00007f70401ded20
}

Java Threads: ( => current thread )
  0x00007f7040024e90 JavaThread "main" [_thread_blocked, id=8171, stack(0x00007f7048da2000,0x00007f7048ea3000)]
  0x00007f704011ff40 JavaThread "Reference Handler" daemon [_thread_blocked, id=8179, stack(0x00007f7029c35000,0x00007f7029d36000)]
  0x00007f7040121600 JavaThread "Finalizer" daemon [_thread_blocked, id=8180, stack(0x00007f70292ff000,0x00007f7029400000)]
  0x00007f7040146760 JavaThread "Signal Dispatcher" daemon [_thread_blocked, id=8181, stack(0x00007f7028f26000,0x00007f7029027000)]
  0x00007f7040147b20 JavaThread "Service Thread" daemon [_thread_blocked, id=8182, stack(0x00007f7028e25000,0x00007f7028f26000)]
  0x00007f7040148f10 JavaThread "Monitor Deflation Thread" daemon [_thread_blocked, id=8183, stack(0x00007f7028d24000,0x00007f7028e25000)]
  0x00007f704014a8e0 JavaThread "C2 CompilerThread0" daemon [_thread_blocked, id=8184, stack(0x00007f7028c23000,0x00007f7028d24000)]
  0x00007f704014be10 JavaThread "C1 CompilerThread0" daemon [_thread_blocked, id=8185, stack(0x00007f7028b22000,0x00007f7028c23000)]
  0x00007f704014d280 JavaThread "Sweeper thread" daemon [_thread_blocked, id=8186, stack(0x00007f7028a21000,0x00007f7028b22000)]
  0x00007f70401d6400 JavaThread "Notification Thread" daemon [_thread_blocked, id=8187, stack(0x00007f7028920000,0x00007f7028a21000)]
  0x00007f70401ded20 JavaThread "Common-Cleaner" daemon [_thread_blocked, id=8189, stack(0x00007f702871e000,0x00007f702881f000)]

Other Threads:
=>0x00007f7040110d30 VMThread "VM Thread" [stack: 0x00007f70440fe000,0x00007f70441fe000] [id=8178]
  0x00007f70401d7d80 WatcherThread [stack: 0x00007f7028820000,0x00007f7028920000] [id=8188]
  0x00007f7040051ab0 GCTaskThread "GC Thread#0" [stack: 0x00007f7044c91000,0x00007f7044d91000] [id=8173]
  0x00007f700c004aa0 GCTaskThread "GC Thread#1" [stack: 0x00007f702861e000,0x00007f702871e000] [id=13897]
  0x00007f704005a290 ConcurrentGCThread "G1 Main Marker" [stack: 0x00007f7044b90000,0x00007f7044c90000] [id=8174]
  0x00007f704005b1f0 ConcurrentGCThread "G1 Conc#0" [stack: 0x00007f7044a8f000,0x00007f7044b8f000] [id=8175]
  0x00007f7040093ba0 ConcurrentGCThread "G1 Refine#0" [stack: 0x00007f704458a000,0x00007f704468a000] [id=8176]
  0x00007f7040094a90 ConcurrentGCThread "G1 Service" [stack: 0x00007f7044489000,0x00007f7044589000] [id=8177]

Threads with active compile tasks:

VM state: at safepoint (normal execution)

VM Mutex/Monitor currently owned by a thread:  ([mutex/lock_event])
[0x00007f704001fde0] Threads_lock - owner thread: 0x00007f7040110d30
[0x00007f7040020590] Heap_lock - owner thread: 0x00007f7040024e90

Heap address: 0x00000000c7000000, size: 912 MB, Compressed Oops mode: 32-bit

CDS archive(s) not mapped
Compressed class space mapped at: 0x0000000100000000-0x0000000140000000, reserved size: 1073741824
Narrow klass base: 0x0000000000000000, Narrow klass shift: 3, Narrow klass range: 0x140000000

GC Precious Log:
 CPUs: 4 total, 4 available
 Memory: 3646M
 Large Page Support: Disabled
 NUMA Support: Disabled
 Compressed Oops: Enabled (32-bit)
 Heap Region Size: 1M
 Heap Min Capacity: 8M
 Heap Initial Capacity: 58M
 Heap Max Capacity: 912M
 Pre-touch: Disabled
 Parallel Workers: 4
 Concurrent Workers: 1
 Concurrent Refinement Workers: 4
 Periodic GC: Disabled

Heap:
 garbage-first heap   total 59392K, used 576K [0x00000000c7000000, 0x0000000100000000)
  region size 1024K, 1 young (1024K), 1 survivors (1024K)
 Metaspace       used 3996K, committed 4160K, reserved 1056768K
  class space    used 313K, committed 384K, reserved 1048576K

Heap Regions: E=young(eden), S=young(survivor), O=old, HS=humongous(starts), HC=humongous(continues), CS=collection set, F=free, OA=open archive, CA=closed archive, TAMS=top-at-mark-start (previous, next)
|   0|0x00000000c7000000, 0x00000000c708fa00, 0x00000000c7100000| 56%| O|  |TAMS 0x00000000c7000000, 0x00000000c7000000| Untracked 
|   1|0x00000000c7100000, 0x00000000c7100000, 0x00000000c7200000|  0%| F|  |TAMS 0x00000000c7100000, 0x00000000c7100000| Untracked 
|   2|0x00000000c7200000, 0x00000000c7200000, 0x00000000c7300000|  0%| F|  |TAMS 0x00000000c7200000, 0x00000000c7200000| Untracked 
|   3|0x00000000c7300000, 0x00000000c7300000, 0x00000000c7400000|  0%| F|  |TAMS 0x00000000c7300000, 0x00000000c7300000| Untracked 
|   4|0x00000000c7400000, 0x00000000c7400000, 0x00000000c7500000|  0%| F|  |TAMS 0x00000000c7400000, 0x00000000c7400000| Untracked 
|   5|0x00000000c7500000, 0x00000000c7500000, 0x00000000c7600000|  0%| F|  |TAMS 0x00000000c7500000, 0x00000000c7500000| Untracked 
|   6|0x00000000c7600000, 0x00000000c7600000, 0x00000000c7700000|  0%| F|  |TAMS 0x00000000c7600000, 0x00000000c7600000| Untracked 
|   7|0x00000000c7700000, 0x00000000c7700000, 0x00000000c7800000|  0%| F|  |TAMS 0x00000000c7700000, 0x00000000c7700000| Untracked 
|   8|0x00000000c7800000, 0x00000000c7800000, 0x00000000c7900000|  0%| F|  |TAMS 0x00000000c7800000, 0x00000000c7800000| Untracked 
|   9|0x00000000c7900000, 0x00000000c7900000, 0x00000000c7a00000|  0%| F|  |TAMS 0x00000000c7900000, 0x00000000c7900000| Untracked 
|  10|0x00000000c7a00000, 0x00000000c7a00000, 0x00000000c7b00000|  0%| F|  |TAMS 0x00000000c7a00000, 0x00000000c7a00000| Untracked 
|  11|0x00000000c7b00000, 0x00000000c7b00000, 0x00000000c7c00000|  0%| F|  |TAMS 0x00000000c7b00000, 0x00000000c7b00000| Untracked 
|  12|0x00000000c7c00000, 0x00000000c7c00000, 0x00000000c7d00000|  0%| F|  |TAMS 0x00000000c7c00000, 0x00000000c7c00000| Untracked 
|  13|0x00000000c7d00000, 0x00000000c7d00000, 0x00000000c7e00000|  0%| F|  |TAMS 0x00000000c7d00000, 0x00000000c7d00000| Untracked 
|  14|0x00000000c7e00000, 0x00000000c7e00000, 0x00000000c7f00000|  0%| F|  |TAMS 0x00000000c7e00000, 0x00000000c7e00000| Untracked 
|  15|0x00000000c7f00000, 0x00000000c7f00000, 0x00000000c8000000|  0%| F|  |TAMS 0x00000000c7f00000, 0x00000000c7f00000| Untracked 
|  16|0x00000000c8000000, 0x00000000c8000000, 0x00000000c8100000|  0%| F|  |TAMS 0x00000000c8000000, 0x00000000c8000000| Untracked 
|  17|0x00000000c8100000, 0x00000000c8100000, 0x00000000c8200000|  0%| F|  |TAMS 0x00000000c8100000, 0x00000000c8100000| Untracked 
|  18|0x00000000c8200000, 0x00000000c8200000, 0x00000000c8300000|  0%| F|  |TAMS 0x00000000c8200000, 0x00000000c8200000| Untracked 
|  19|0x00000000c8300000, 0x00000000c8300000, 0x00000000c8400000|  0%| F|  |TAMS 0x00000000c8300000, 0x00000000c8300000| Untracked 
|  20|0x00000000c8400000, 0x00000000c8400000, 0x00000000c8500000|  0%| F|  |TAMS 0x00000000c8400000, 0x00000000c8400000| Untracked 
|  21|0x00000000c8500000, 0x00000000c8500000, 0x00000000c8600000|  0%| F|  |TAMS 0x00000000c8500000, 0x00000000c8500000| Untracked 
|  22|0x00000000c8600000, 0x00000000c8600000, 0x00000000c8700000|  0%| F|  |TAMS 0x00000000c8600000, 0x00000000c8600000| Untracked 
|  23|0x00000000c8700000, 0x00000000c8700000, 0x00000000c8800000|  0%| F|  |TAMS 0x00000000c8700000, 0x00000000c8700000| Untracked 
|  24|0x00000000c8800000, 0x00000000c8800000, 0x00000000c8900000|  0%| F|  |TAMS 0x00000000c8800000, 0x00000000c8800000| Untracked 
|  25|0x00000000c8900000, 0x00000000c8900000, 0x00000000c8a00000|  0%| F|  |TAMS 0x00000000c8900000, 0x00000000c8900000| Untracked 
|  26|0x00000000c8a00000, 0x00000000c8a00000, 0x00000000c8b00000|  0%| F|  |TAMS 0x00000000c8a00000, 0x00000000c8a00000| Untracked 
|  27|0x00000000c8b00000, 0x00000000c8b00000, 0x00000000c8c00000|  0%| F|  |TAMS 0x00000000c8b00000, 0x00000000c8b00000| Untracked 
|  28|0x00000000c8c00000, 0x00000000c8c00000, 0x00000000c8d00000|  0%| F|  |TAMS 0x00000000c8c00000, 0x00000000c8c00000| Untracked 
|  29|0x00000000c8d00000, 0x00000000c8d00000, 0x00000000c8e00000|  0%| F|  |TAMS 0x00000000c8d00000, 0x00000000c8d00000| Untracked 
|  30|0x00000000c8e00000, 0x00000000c8e00000, 0x00000000c8f00000|  0%| F|  |TAMS 0x00000000c8e00000, 0x00000000c8e00000| Untracked 
|  31|0x00000000c8f00000, 0x00000000c8f00000, 0x00000000c9000000|  0%| F|  |TAMS 0x00000000c8f00000, 0x00000000c8f00000| Untracked 
|  32|0x00000000c9000000, 0x00000000c9000000, 0x00000000c9100000|  0%| F|  |TAMS 0x00000000c9000000, 0x00000000c9000000| Untracked 
|  33|0x00000000c9100000, 0x00000000c9100000, 0x00000000c9200000|  0%| F|  |TAMS 0x00000000c9100000, 0x00000000c9100000| Untracked 
|  34|0x00000000c9200000, 0x00000000c9200000, 0x00000000c9300000|  0%| F|  |TAMS 0x00000000c9200000, 0x00000000c9200000| Untracked 
|  35|0x00000000c9300000, 0x00000000c9300000, 0x00000000c9400000|  0%| F|  |TAMS 0x00000000c9300000, 0x00000000c9300000| Untracked 
|  36|0x00000000c9400000, 0x00000000c9400000, 0x00000000c9500000|  0%| F|  |TAMS 0x00000000c9400000, 0x00000000c9400000| Untracked 
|  37|0x00000000c9500000, 0x00000000c9500000, 0x00000000c9600000|  0%| F|  |TAMS 0x00000000c9500000, 0x00000000c9500000| Untracked 
|  38|0x00000000c9600000, 0x00000000c9600000, 0x00000000c9700000|  0%| F|  |TAMS 0x00000000c9600000, 0x00000000c9600000| Untracked 
|  39|0x00000000c9700000, 0x00000000c9700000, 0x00000000c9800000|  0%| F|  |TAMS 0x00000000c9700000, 0x00000000c9700000| Untracked 
|  40|0x00000000c9800000, 0x00000000c9800000, 0x00000000c9900000|  0%| F|  |TAMS 0x00000000c9800000, 0x00000000c9800000| Untracked 
|  41|0x00000000c9900000, 0x00000000c9900000, 0x00000000c9a00000|  0%| F|  |TAMS 0x00000000c9900000, 0x00000000c9900000| Untracked 
|  42|0x00000000c9a00000, 0x00000000c9a00000, 0x00000000c9b00000|  0%| F|  |TAMS 0x00000000c9a00000, 0x00000000c9a00000| Untracked 
|  43|0x00000000c9b00000, 0x00000000c9b00000, 0x00000000c9c00000|  0%| F|  |TAMS 0x00000000c9b00000, 0x00000000c9b00000| Untracked 
|  44|0x00000000c9c00000, 0x00000000c9c00000, 0x00000000c9d00000|  0%| F|  |TAMS 0x00000000c9c00000, 0x00000000c9c00000| Untracked 
|  45|0x00000000c9d00000, 0x00000000c9d00000, 0x00000000c9e00000|  0%| F|  |TAMS 0x00000000c9d00000, 0x00000000c9d00000| Untracked 
|  46|0x00000000c9e00000, 0x00000000c9e00000, 0x00000000c9f00000|  0%| F|  |TAMS 0x00000000c9e00000, 0x00000000c9e00000| Untracked 
|  47|0x00000000c9f00000, 0x00000000c9f00000, 0x00000000ca000000|  0%| F|  |TAMS 0x00000000c9f00000, 0x00000000c9f00000| Untracked 
|  48|0x00000000ca000000, 0x00000000ca000000, 0x00000000ca100000|  0%| F|  |TAMS 0x00000000ca000000, 0x00000000ca000000| Untracked 
|  49|0x00000000ca100000, 0x00000000ca100000, 0x00000000ca200000|  0%| F|  |TAMS 0x00000000ca100000, 0x00000000ca100000| Untracked 
|  50|0x00000000ca200000, 0x00000000ca200000, 0x00000000ca300000|  0%| F|  |TAMS 0x00000000ca200000, 0x00000000ca200000| Untracked 
|  51|0x00000000ca300000, 0x00000000ca300000, 0x00000000ca400000|  0%| F|  |TAMS 0x00000000ca300000, 0x00000000ca300000| Untracked 
|  52|0x00000000ca400000, 0x00000000ca400000, 0x00000000ca500000|  0%| F|  |TAMS 0x00000000ca400000, 0x00000000ca400000| Untracked 
|  53|0x00000000ca500000, 0x00000000ca500000, 0x00000000ca600000|  0%| F|  |TAMS 0x00000000ca500000, 0x00000000ca500000| Untracked 
|  54|0x00000000ca600000, 0x00000000ca600810, 0x00000000ca700000|  0%| S|CS|TAMS 0x00000000ca600000, 0x00000000ca600000| Complete 
|  55|0x00000000ca700000, 0x00000000ca700000, 0x00000000ca800000|  0%| F|  |TAMS 0x00000000ca700000, 0x00000000ca700000| Untracked 
|  56|0x00000000ca800000, 0x00000000ca800000, 0x00000000ca900000|  0%| F|  |TAMS 0x00000000ca800000, 0x00000000ca800000| Untracked 
|  57|0x00000000ca900000, 0x00000000ca900000, 0x00000000caa00000|  0%| F|  |TAMS 0x00000000ca900000, 0x00000000ca900000| Untracked 

Card table byte_map: [0x00007f7044f59000,0x00007f7045121000] _byte_map_base: 0x00007f7044921000

Marking Bits (Prev, Next): (CMBitMap*) 0x00007f7040052530, (CMBitMap*) 0x00007f7040052570
 Prev Bits: [0x00007f702cb76000, 0x00007f702d9b6000)
 Next Bits: [0x00007f702bd36000, 0x00007f702cb76000)

Polling page: 0x00007f7048eba000

Metaspace:

Usage:
  Non-class:      3.60 MB used.
      Class:    313.38 KB used.
       Both:      3.90 MB used.

Virtual space:
  Non-class space:        8.00 MB reserved,       3.69 MB ( 46%) committed,  1 nodes.
      Class space:        1.00 GB reserved,     384.00 KB ( <1%) committed,  1 nodes.
             Both:        1.01 GB reserved,       4.06 MB ( <1%) committed. 

Chunk freelists:
   Non-Class:  3.98 MB
       Class:  3.62 MB
        Both:  7.60 MB

MaxMetaspaceSize: unlimited
CompressedClassSpaceSize: 1.00 GB
Initial GC threshold: 21.00 MB
Current GC threshold: 21.00 MB
CDS: off
MetaspaceReclaimPolicy: balanced
 - commit_granule_bytes: 65536.
 - commit_granule_words: 8192.
 - virtual_space_node_default_size: 1048576.
 - enlarge_chunks_in_place: 1.
 - new_chunks_are_fully_committed: 0.
 - uncommit_free_chunks: 1.
 - use_allocation_guard: 0.
 - handle_deallocations: 1.


Internal statistics:

num_allocs_failed_limit: 0.
num_arena_births: 4.
num_arena_deaths: 0.
num_vsnodes_births: 2.
num_vsnodes_deaths: 0.
num_space_committed: 65.
num_space_uncommitted: 0.
num_chunks_returned_to_freelist: 0.
num_chunks_taken_from_freelist: 8.
num_chunk_merges: 0.
num_chunk_splits: 4.
num_chunks_enlarged: 2.
num_purges: 0.
num_inconsistent_stats: 0.

CodeHeap 'non-profiled nmethods': size=120032Kb used=123Kb max_used=123Kb free=119908Kb
 bounds [0x00007f703547e000, 0x00007f70356ee000, 0x00007f703c9b6000]
CodeHeap 'profiled nmethods': size=120028Kb used=336Kb max_used=336Kb free=119691Kb
 bounds [0x00007f702df47000, 0x00007f702e1b7000, 0x00007f703547e000]
CodeHeap 'non-nmethods': size=5700Kb used=1037Kb max_used=1056Kb free=4662Kb
 bounds [0x00007f702d9b6000, 0x00007f702dc26000, 0x00007f702df47000]
 total_blobs=530 nmethods=232 adapters=212
 compilation: enabled
              stopped_count=0, restarted_count=0
 full_count=0

Compilation events (20 events):
Event: 9568.828 Thread 0x00007f704014a8e0  224       4       java.nio.HeapByteBuffer::compact (85 bytes)
Event: 9568.832 Thread 0x00007f704014a8e0 nmethod 224 0x00007f7035494f10 code [0x00007f70354950a0, 0x00007f70354952b8]
Event: 9569.100 Thread 0x00007f704014a8e0  225       4       java.io.BufferedInputStream::read1 (108 bytes)
Event: 9569.102 Thread 0x00007f704014a8e0 nmethod 225 0x00007f7035495510 code [0x00007f70354956a0, 0x00007f7035495828]
Event: 9569.105 Thread 0x00007f704014a8e0  226  s    4       java.io.BufferedInputStream::read (113 bytes)
Event: 9569.110 Thread 0x00007f704014a8e0 nmethod 226 0x00007f7035495a10 code [0x00007f7035495bc0, 0x00007f7035496028]
Event: 9570.997 Thread 0x00007f704014a8e0  227       4       java.lang.NumberFormatException::<init> (6 bytes)
Event: 9571.004 Thread 0x00007f704014a8e0 nmethod 227 0x00007f7035496410 code [0x00007f70354965c0, 0x00007f7035496c28]
Event: 9571.004 Thread 0x00007f704014a8e0  229   !   4       java.io.BufferedReader::readLine (327 bytes)
Event: 9571.535 Thread 0x00007f704014a8e0 nmethod 229 0x00007f7035496d90 code [0x00007f7035496fe0, 0x00007f7035498668]
Event: 9571.535 Thread 0x00007f704014a8e0  228   !   4       java.nio.charset.CharsetDecoder::decode (275 bytes)
Event: 9571.561 Thread 0x00007f704014a8e0 nmethod 228 0x00007f7035499b10 code [0x00007f7035499cc0, 0x00007f7035499ea8]
Event: 9573.780 Thread 0x00007f704014a8e0  230       4       java.io.BufferedReader::readLine (7 bytes)
Event: 9573.781 Thread 0x00007f704014a8e0 nmethod 230 0x00007f703549a210 code [0x00007f703549a3a0, 0x00007f703549a448]
Event: 9573.819 Thread 0x00007f704014a8e0  231       4       java.lang.Throwable::toString (45 bytes)
Event: 9573.826 Thread 0x00007f704014a8e0 nmethod 231 0x00007f703549a510 code [0x00007f703549a6a0, 0x00007f703549ab18]
Event: 9644.934 Thread 0x00007f704014a8e0  232 % !   4       org.banking.BankApp::main @ 36 (563 bytes)
Event: 9646.213 Thread 0x00007f704014a8e0 nmethod 232% 0x00007f703549ad10 code [0x00007f703549af20, 0x00007f703549b580]
Event: 9647.605 Thread 0x00007f704014a8e0  233   !   4       org.banking.BankApp::main (563 bytes)
Event: 9648.625 Thread 0x00007f704014a8e0 nmethod 233 0x00007f703549b990 code [0x00007f703549bc60, 0x00007f703549c748]

GC Heap History (20 events):
Event: 10706.718 GC heap after
{Heap after GC invocations=87 (full 0):
 garbage-first heap   total 59392K, used 576K [0x00000000c7000000, 0x0000000100000000)
  region size 1024K, 1 young (1024K), 1 survivors (1024K)
 Metaspace       used 3996K, committed 4160K, reserved 1056768K
  class space    used 313K, committed 384K, reserved 1048576K
}
Event: 10706.846 GC heap before
{Heap before GC invocations=87 (full 0):
 garbage-first heap   total 59392K, used 1600K [0x00000000c7000000, 0x0000000100000000)
  region size 1024K, 2 young (2048K), 1 survivors (1024K)
 Metaspace       used 3996K, committed 4160K, reserved 1056768K
  class space    used 313K, committed 384K, reserved 1048576K
}
Event: 10706.846 GC heap after
{Heap after GC invocations=88 (full 0):
 garbage-first heap   total 59392K, used 576K [0x00000000c7000000, 0x0000000100000000)
  region size 1024K, 1 young (1024K), 1 survivors (1024K)
 Metaspace       used 3996K, committed 4160K, reserved 1056768K
  class space    used 313K, committed 384K, reserved 1048576K
}
Event: 10706.994 GC heap before
{Heap before GC invocations=88 (full 0):
 garbage-first heap   total 59392K, used 1600K [0x00000000c7000000, 0x0000000100000000)
  region size 1024K, 2 young (2048K), 1 survivors (1024K)
 Metaspace       used 3996K, committed 4160K, reserved 1056768K
  class space    used 313K, committed 384K, reserved 1048576K
}
Event: 10706.995 GC heap after
{Heap after GC invocations=89 (full 0):
 garbage-first heap   total 59392K, used 576K [0x00000000c7000000, 0x0000000100000000)
  region size 1024K, 1 young (1024K), 1 survivors (1024K)
 Metaspace       used 3996K, committed 4160K, reserved 1056768K
  class space    used 313K, committed 384K, reserved 1048576K
}
Event: 10707.147 GC heap before
{Heap before GC invocations=89 (full 0):
 garbage-first heap   total 59392K, used 1600K [0x00000000c7000000, 0x0000000100000000)
  region size 1024K, 2 young (2048K), 1 survivors (1024K)
 Metaspace       used 3996K, committed 4160K, reserved 1056768K
  class space    used 313K, committed 384K, reserved 1048576K
}
Event: 10707.147 GC heap after
{Heap after GC invocations=90 (full 0):
 garbage-first heap   total 59392K, used 576K [0x00000000c7000000, 0x0000000100000000)
  region size 1024K, 1 young (1024K), 1 survivors (1024K)
 Metaspace       used 3996K, committed 4160K, reserved 1056768K
  class space    used 313K, committed 384K, reserved 1048576K
}
Event: 10707.292 GC heap before
{Heap before GC invocations=90 (full 0):
 garbage-first heap   total 59392K, used 1600K [0x00000000c7000000, 0x0000000100000000)
  region size 1024K, 2 young (2048K), 1 survivors (1024K)
 Metaspace       used 3996K, committed 4160K, reserved 1056768K
  class space    used 313K, committed 384K, reserved 1048576K
}
Event: 10707.293 GC heap after
{Heap after GC invocations=91 (full 0):
 garbage-first heap   total 59392K, used 576K [0x00000000c7000000, 0x0000000100000000)
  region size 1024K, 1 young (1024K), 1 survivors (1024K)
 Metaspace       used 3996K, committed 4160K, reserved 1056768K
  class space    used 313K, committed 384K, reserved 1048576K
}
Event: 10707.491 GC heap before
{Heap before GC invocations=91 (full 0):
 garbage-first heap   total 59392K, used 1600K [0x00000000c7000000, 0x0000000100000000)
  region size 1024K, 2 young (2048K), 1 survivors (1024K)
 Metaspace       used 3996K, committed 4160K, reserved 1056768K
  class space    used 313K, committed 384K, reserved 1048576K
}
Event: 10707.491 GC heap after
{Heap after GC invocations=92 (full 0):
 garbage-first heap   total 59392K, used 576K [0x00000000c7000000, 0x0000000100000000)
  region size 1024K, 1 young (1024K), 1 survivors (1024K)
 Metaspace       used 3996K, committed 4160K, reserved 1056768K
  class space    used 313K, committed 384K, reserved 1048576K
}
Event: 10708.953 GC heap before
{Heap before GC invocations=92 (full 0):
 garbage-first heap   total 59392K, used 7744K [0x00000000c7000000, 0x0000000100000000)
  region size 1024K, 8 young (8192K), 1 survivors (1024K)
 Metaspace       used 3996K, committed 4160K, reserved 1056768K
  class space    used 313K, committed 384K, reserved 1048576K
}
Event: 10708.954 GC heap after
{Heap after GC invocations=93 (full 0):
 garbage-first heap   total 59392K, used 576K [0x00000000c7000000, 0x0000000100000000)
  region size 1024K, 1 young (1024K), 1 survivors (1024K)
 Metaspace       used 3996K, committed 4160K, reserved 1056768K
  class space    used 313K, committed 384K, reserved 1048576K
}
Event: 10713.178 GC heap before
{Heap before GC invocations=93 (full 0):
 garbage-first heap   total 59392K, used 21056K [0x00000000c7000000, 0x0000000100000000)
  region size 1024K, 21 young (21504K), 1 survivors (1024K)
 Metaspace       used 3996K, committed 4160K, reserved 1056768K
  class space    used 313K, committed 384K, reserved 1048576K
}
Event: 10713.555 GC heap after
{Heap after GC invocations=94 (full 0):
 garbage-first heap   total 59392K, used 576K [0x00000000c7000000, 0x0000000100000000)
  region size 1024K, 1 young (1024K), 1 survivors (1024K)
 Metaspace       used 3996K, committed 4160K, reserved 1056768K
  class space    used 313K, committed 384K, reserved 1048576K
}
Event: 10713.691 GC heap before
{Heap before GC invocations=94 (full 0):
 garbage-first heap   total 59392K, used 1600K [0x00000000c7000000, 0x0000000100000000)
  region size 1024K, 2 young (2048K), 1 survivors (1024K)
 Metaspace       used 3996K, committed 4160K, reserved 1056768K
  class space    used 313K, committed 384K, reserved 1048576K
}
Event: 10713.691 GC heap after
{Heap after GC invocations=95 (full 0):
 garbage-first heap   total 59392K, used 574K [0x00000000c7000000, 0x0000000100000000)
  region size 1024K, 0 young (0K), 0 survivors (0K)
 Metaspace       used 3996K, committed 4160K, reserved 1056768K
  class space    used 313K, committed 384K, reserved 1048576K
}
Event: 10714.129 GC heap before
{Heap before GC invocations=95 (full 0):
 garbage-first heap   total 59392K, used 2622K [0x00000000c7000000, 0x0000000100000000)
  region size 1024K, 2 young (2048K), 0 survivors (0K)
 Metaspace       used 3996K, committed 4160K, reserved 1056768K
  class space    used 313K, committed 384K, reserved 1048576K
}
Event: 10714.129 GC heap after
{Heap after GC invocations=96 (full 0):
 garbage-first heap   total 59392K, used 576K [0x00000000c7000000, 0x0000000100000000)
  region size 1024K, 1 young (1024K), 1 survivors (1024K)
 Metaspace       used 3996K, committed 4160K, reserved 1056768K
  class space    used 313K, committed 384K, reserved 1048576K
}
Event: 10714.509 GC heap before
{Heap before GC invocations=96 (full 0):
 garbage-first heap   total 59392K, used 2624K [0x00000000c7000000, 0x0000000100000000)
  region size 1024K, 3 young (3072K), 1 survivors (1024K)
 Metaspace       used 3996K, committed 4160K, reserved 1056768K
  class space    used 313K, committed 384K, reserved 1048576K
}

Deoptimization events (0 events):
No events

Classes unloaded (0 events):
No events

Classes redefined (0 events):
No events

Internal exceptions (20 events):
Event: 10714.501 Thread 0x00007f7040024e90 Exception <a 'java/io/IOException'{0x00000000ca8fb1c8}> (0x00000000ca8fb1c8) 
thrown [src/hotspot/share/prims/jni.cpp, line 516]
Event: 10714.501 Thread 0x00007f7040024e90 Exception <a 'java/io/IOException'{0x00000000ca8fb4d0}> (0x00000000ca8fb4d0) 
thrown [src/hotspot/share/prims/jni.cpp, line 516]
Event: 10714.501 Thread 0x00007f7040024e90 Exception <a 'java/io/IOException'{0x00000000ca8fb7d8}> (0x00000000ca8fb7d8) 
thrown [src/hotspot/share/prims/jni.cpp, line 516]
Event: 10714.501 Thread 0x00007f7040024e90 Exception <a 'java/io/IOException'{0x00000000ca8fbe50}> (0x00000000ca8fbe50) 
thrown [src/hotspot/share/prims/jni.cpp, line 516]
Event: 10714.501 Thread 0x00007f7040024e90 Exception <a 'java/io/IOException'{0x00000000ca8fc158}> (0x00000000ca8fc158) 
thrown [src/hotspot/share/prims/jni.cpp, line 516]
Event: 10714.505 Thread 0x00007f7040024e90 Exception <a 'java/io/IOException'{0x00000000ca8fc460}> (0x00000000ca8fc460) 
thrown [src/hotspot/share/prims/jni.cpp, line 516]
Event: 10714.505 Thread 0x00007f7040024e90 Exception <a 'java/io/IOException'{0x00000000ca8fca10}> (0x00000000ca8fca10) 
thrown [src/hotspot/share/prims/jni.cpp, line 516]
Event: 10714.505 Thread 0x00007f7040024e90 Exception <a 'java/io/IOException'{0x00000000ca8fcd18}> (0x00000000ca8fcd18) 
thrown [src/hotspot/share/prims/jni.cpp, line 516]
Event: 10714.505 Thread 0x00007f7040024e90 Exception <a 'java/io/IOException'{0x00000000ca8fd020}> (0x00000000ca8fd020) 
thrown [src/hotspot/share/prims/jni.cpp, line 516]
Event: 10714.505 Thread 0x00007f7040024e90 Exception <a 'java/io/IOException'{0x00000000ca8fd698}> (0x00000000ca8fd698) 
thrown [src/hotspot/share/prims/jni.cpp, line 516]
Event: 10714.505 Thread 0x00007f7040024e90 Exception <a 'java/io/IOException'{0x00000000ca8fd9a0}> (0x00000000ca8fd9a0) 
thrown [src/hotspot/share/prims/jni.cpp, line 516]
Event: 10714.505 Thread 0x00007f7040024e90 Exception <a 'java/io/IOException'{0x00000000ca8fdca8}> (0x00000000ca8fdca8) 
thrown [src/hotspot/share/prims/jni.cpp, line 516]
Event: 10714.505 Thread 0x00007f7040024e90 Exception <a 'java/io/IOException'{0x00000000ca8fdfb0}> (0x00000000ca8fdfb0) 
thrown [src/hotspot/share/prims/jni.cpp, line 516]
Event: 10714.505 Thread 0x00007f7040024e90 Exception <a 'java/io/IOException'{0x00000000ca8fe2b8}> (0x00000000ca8fe2b8) 
thrown [src/hotspot/share/prims/jni.cpp, line 516]
Event: 10714.505 Thread 0x00007f7040024e90 Exception <a 'java/io/IOException'{0x00000000ca8fe5c0}> (0x00000000ca8fe5c0) 
thrown [src/hotspot/share/prims/jni.cpp, line 516]
Event: 10714.505 Thread 0x00007f7040024e90 Exception <a 'java/io/IOException'{0x00000000ca8fec38}> (0x00000000ca8fec38) 
thrown [src/hotspot/share/prims/jni.cpp, line 516]
Event: 10714.505 Thread 0x00007f7040024e90 Exception <a 'java/io/IOException'{0x00000000ca8fef40}> (0x00000000ca8fef40) 
thrown [src/hotspot/share/prims/jni.cpp, line 516]
Event: 10714.505 Thread 0x00007f7040024e90 Exception <a 'java/io/IOException'{0x00000000ca8ff248}> (0x00000000ca8ff248) 
thrown [src/hotspot/share/prims/jni.cpp, line 516]
Event: 10714.505 Thread 0x00007f7040024e90 Exception <a 'java/io/IOException'{0x00000000ca8ff550}> (0x00000000ca8ff550) 
thrown [src/hotspot/share/prims/jni.cpp, line 516]
Event: 10714.506 Thread 0x00007f7040024e90 Exception <a 'java/io/IOException'{0x00000000ca8ff858}> (0x00000000ca8ff858) 
thrown [src/hotspot/share/prims/jni.cpp, line 516]

VM Operations (20 events):
Event: 10706.718 Executing VM operation: G1CollectForAllocation done
Event: 10706.846 Executing VM operation: G1CollectForAllocation
Event: 10706.847 Executing VM operation: G1CollectForAllocation done
Event: 10706.994 Executing VM operation: G1CollectForAllocation
Event: 10706.995 Executing VM operation: G1CollectForAllocation done
Event: 10707.147 Executing VM operation: G1CollectForAllocation
Event: 10707.147 Executing VM operation: G1CollectForAllocation done
Event: 10707.292 Executing VM operation: G1CollectForAllocation
Event: 10707.293 Executing VM operation: G1CollectForAllocation done
Event: 10707.490 Executing VM operation: G1CollectForAllocation
Event: 10707.491 Executing VM operation: G1CollectForAllocation done
Event: 10708.953 Executing VM operation: G1CollectForAllocation
Event: 10708.954 Executing VM operation: G1CollectForAllocation done
Event: 10713.178 Executing VM operation: G1CollectForAllocation
Event: 10713.555 Executing VM operation: G1CollectForAllocation done
Event: 10713.690 Executing VM operation: G1CollectForAllocation
Event: 10713.691 Executing VM operation: G1CollectForAllocation done
Event: 10714.129 Executing VM operation: G1CollectForAllocation
Event: 10714.129 Executing VM operation: G1CollectForAllocation done
Event: 10714.509 Executing VM operation: G1CollectForAllocation

Events (20 events):
Event: 7.710 loading class jdk/internal/math/FloatingDecimal$BinaryToASCIIBuffer
Event: 7.710 loading class jdk/internal/math/FloatingDecimal$BinaryToASCIIBuffer done
Event: 7.710 loading class jdk/internal/math/FloatingDecimal$1
Event: 7.710 loading class jdk/internal/math/FloatingDecimal$1 done
Event: 7.710 loading class jdk/internal/math/FloatingDecimal$PreparedASCIIToBinaryBuffer
Event: 7.711 loading class jdk/internal/math/FloatingDecimal$ASCIIToBinaryConverter
Event: 7.711 loading class jdk/internal/math/FloatingDecimal$ASCIIToBinaryConverter done
Event: 7.711 loading class jdk/internal/math/FloatingDecimal$PreparedASCIIToBinaryBuffer done
Event: 7.711 loading class java/lang/ThreadLocal$ThreadLocalMap
Event: 7.711 loading class java/lang/ThreadLocal$ThreadLocalMap done
Event: 7.711 loading class java/lang/ThreadLocal$ThreadLocalMap$Entry
Event: 7.712 loading class java/lang/ThreadLocal$ThreadLocalMap$Entry done
Event: 7.712 loading class jdk/internal/misc/TerminatingThreadLocal
Event: 7.712 loading class jdk/internal/misc/TerminatingThreadLocal done
Event: 7.712 loading class jdk/internal/math/FDBigInteger
Event: 7.713 loading class jdk/internal/math/FDBigInteger done
Event: 9551.857 loading class java/io/InterruptedIOException
Event: 9551.858 loading class java/io/InterruptedIOException done
Event: 9556.092 loading class jdk/internal/access/foreign/MemorySegmentProxy
Event: 9556.092 loading class jdk/internal/access/foreign/MemorySegmentProxy done


Dynamic libraries:
c7000000-caa00000 rw-p 00000000 00:00 0 
cc600000-100000000 ---p 00000000 00:00 0 
100000000-100010000 rw-p 00000000 00:00 0 
100010000-100020000 ---p 00000000 00:00 0 
100020000-100030000 rw-p 00000000 00:00 0 
100030000-100040000 ---p 00000000 00:00 0 
100040000-100080000 rw-p 00000000 00:00 0 
100080000-140000000 ---p 00000000 00:00 0 
55c43ad2f000-55c43ad30000 r-xp 00000000 08:05 1578248                    /home/samarth/.p2/pool/plugins/org.eclipse.justj.openjdk.hotspot.jre.full.linux.x86_64_17.0.2.v20220201-1208/jre/bin/java
55c43af30000-55c43af31000 r--p 00001000 08:05 1578248                    /home/samarth/.p2/pool/plugins/org.eclipse.justj.openjdk.hotspot.jre.full.linux.x86_64_17.0.2.v20220201-1208/jre/bin/java
55c43af31000-55c43af32000 rw-p 00002000 08:05 1578248                    /home/samarth/.p2/pool/plugins/org.eclipse.justj.openjdk.hotspot.jre.full.linux.x86_64_17.0.2.v20220201-1208/jre/bin/java
55c43bec3000-55c43bee4000 rw-p 00000000 00:00 0                          [heap]
7f6fdc000000-7f6fdc021000 rw-p 00000000 00:00 0 
7f6fdc021000-7f6fe0000000 ---p 00000000 00:00 0 
7f6fe4000000-7f6fe4021000 rw-p 00000000 00:00 0 
7f6fe4021000-7f6fe8000000 ---p 00000000 00:00 0 
7f6fe8000000-7f6fe8021000 rw-p 00000000 00:00 0 
7f6fe8021000-7f6fec000000 ---p 00000000 00:00 0 
7f6fec000000-7f6fec021000 rw-p 00000000 00:00 0 
7f6fec021000-7f6ff0000000 ---p 00000000 00:00 0 
7f6ff0000000-7f6ff0021000 rw-p 00000000 00:00 0 
7f6ff0021000-7f6ff4000000 ---p 00000000 00:00 0 
7f6ff4000000-7f6ff442c000 rw-p 00000000 00:00 0 
7f6ff442c000-7f6ff8000000 ---p 00000000 00:00 0 
7f6ff8000000-7f6ff81d5000 rw-p 00000000 00:00 0 
7f6ff81d5000-7f6ffc000000 ---p 00000000 00:00 0 
7f6ffc000000-7f6ffc021000 rw-p 00000000 00:00 0 
7f6ffc021000-7f7000000000 ---p 00000000 00:00 0 
7f7000000000-7f7000021000 rw-p 00000000 00:00 0 
7f7000021000-7f7004000000 ---p 00000000 00:00 0 
7f7004000000-7f7004021000 rw-p 00000000 00:00 0 
7f7004021000-7f7008000000 ---p 00000000 00:00 0 
7f7008000000-7f7008021000 rw-p 00000000 00:00 0 
7f7008021000-7f700c000000 ---p 00000000 00:00 0 
7f700c000000-7f700c021000 rw-p 00000000 00:00 0 
7f700c021000-7f7010000000 ---p 00000000 00:00 0 
7f7010000000-7f7010021000 rw-p 00000000 00:00 0 
7f7010021000-7f7014000000 ---p 00000000 00:00 0 
7f7014000000-7f7014021000 rw-p 00000000 00:00 0 
7f7014021000-7f7018000000 ---p 00000000 00:00 0 
7f7018000000-7f7018021000 rw-p 00000000 00:00 0 
7f7018021000-7f701c000000 ---p 00000000 00:00 0 
7f701c000000-7f701c021000 rw-p 00000000 00:00 0 
7f701c021000-7f7020000000 ---p 00000000 00:00 0 
7f7020000000-7f7020021000 rw-p 00000000 00:00 0 
7f7020021000-7f7024000000 ---p 00000000 00:00 0 
7f7024000000-7f7024021000 rw-p 00000000 00:00 0 
7f7024021000-7f7028000000 ---p 00000000 00:00 0 
7f7028232000-7f702861d000 rw-p 00000000 00:00 0 
7f702861d000-7f702861e000 ---p 00000000 00:00 0 
7f702861e000-7f702871e000 rw-p 00000000 00:00 0 
7f702871e000-7f7028722000 ---p 00000000 00:00 0 
7f7028722000-7f702881f000 rw-p 00000000 00:00 0 
7f702881f000-7f7028820000 ---p 00000000 00:00 0 
7f7028820000-7f7028920000 rw-p 00000000 00:00 0 
7f7028920000-7f7028924000 ---p 00000000 00:00 0 
7f7028924000-7f7028a21000 rw-p 00000000 00:00 0 
7f7028a21000-7f7028a25000 ---p 00000000 00:00 0 
7f7028a25000-7f7028b22000 rw-p 00000000 00:00 0 
7f7028b22000-7f7028b26000 ---p 00000000 00:00 0 
7f7028b26000-7f7028c23000 rw-p 00000000 00:00 0 
7f7028c23000-7f7028c27000 ---p 00000000 00:00 0 
7f7028c27000-7f7028d24000 rw-p 00000000 00:00 0 
7f7028d24000-7f7028d28000 ---p 00000000 00:00 0 
7f7028d28000-7f7028e25000 rw-p 00000000 00:00 0 
7f7028e25000-7f7028e29000 ---p 00000000 00:00 0 
7f7028e29000-7f7028f26000 rw-p 00000000 00:00 0 
7f7028f26000-7f7028f2a000 ---p 00000000 00:00 0 
7f7028f2a000-7f7029027000 rw-p 00000000 00:00 0 
7f7029027000-7f70292ff000 r--p 00000000 08:05 3933816                    /usr/lib/locale/locale-archive
7f70292ff000-7f7029303000 ---p 00000000 00:00 0 
7f7029303000-7f70297a0000 rw-p 00000000 00:00 0 
7f70297a0000-7f7029800000 ---p 00000000 00:00 0 
7f7029800000-7f7029810000 rw-p 00000000 00:00 0 
7f7029810000-7f7029c00000 ---p 00000000 00:00 0 
7f7029c35000-7f7029c39000 ---p 00000000 00:00 0 
7f7029c39000-7f702be1e000 rw-p 00000000 00:00 0 
7f702be1e000-7f702cb76000 ---p 00000000 00:00 0 
7f702cb76000-7f702cc5e000 rw-p 00000000 00:00 0 
7f702cc5e000-7f702d9b6000 ---p 00000000 00:00 0 
7f702d9b6000-7f702dc26000 rwxp 00000000 00:00 0 
7f702dc26000-7f702df47000 ---p 00000000 00:00 0 
7f702df47000-7f702e1b7000 rwxp 00000000 00:00 0 
7f702e1b7000-7f703547e000 ---p 00000000 00:00 0 
7f703547e000-7f70356ee000 rwxp 00000000 00:00 0 
7f70356ee000-7f703c9b6000 ---p 00000000 00:00 0 
7f703c9b6000-7f7040000000 r--s 00000000 08:05 1578623                    /home/samarth/.p2/pool/plugins/org.eclipse.justj.openjdk.hotspot.jre.full.linux.x86_64_17.0.2.v20220201-1208/jre/lib/modules
7f7040000000-7f70401ed000 rw-p 00000000 00:00 0 
7f70401ed000-7f7044000000 ---p 00000000 00:00 0 
7f70440fd000-7f70440fe000 ---p 00000000 00:00 0 
7f70440fe000-7f70441fe000 rw-p 00000000 00:00 0 
7f70441fe000-7f7044205000 r-xp 00000000 08:05 1578624                    /home/samarth/.p2/pool/plugins/org.eclipse.justj.openjdk.hotspot.jre.full.linux.x86_64_17.0.2.v20220201-1208/jre/lib/libzip.so
7f7044205000-7f7044405000 ---p 00007000 08:05 1578624                    /home/samarth/.p2/pool/plugins/org.eclipse.justj.openjdk.hotspot.jre.full.linux.x86_64_17.0.2.v20220201-1208/jre/lib/libzip.so
7f7044405000-7f7044406000 r--p 00007000 08:05 1578624                    /home/samarth/.p2/pool/plugins/org.eclipse.justj.openjdk.hotspot.jre.full.linux.x86_64_17.0.2.v20220201-1208/jre/lib/libzip.so
7f7044406000-7f7044407000 rw-p 00008000 08:05 1578624                    /home/samarth/.p2/pool/plugins/org.eclipse.justj.openjdk.hotspot.jre.full.linux.x86_64_17.0.2.v20220201-1208/jre/lib/libzip.so
7f7044407000-7f7044488000 rw-p 00000000 00:00 0 
7f7044488000-7f7044489000 ---p 00000000 00:00 0 
7f7044489000-7f7044589000 rw-p 00000000 00:00 0 
7f7044589000-7f704458a000 ---p 00000000 00:00 0 
7f704458a000-7f7044a8e000 rw-p 00000000 00:00 0 
7f7044a8e000-7f7044a8f000 ---p 00000000 00:00 0 
7f7044a8f000-7f7044b8f000 rw-p 00000000 00:00 0 
7f7044b8f000-7f7044b90000 ---p 00000000 00:00 0 
7f7044b90000-7f7044c90000 rw-p 00000000 00:00 0 
7f7044c90000-7f7044c91000 ---p 00000000 00:00 0 
7f7044c91000-7f7044dae000 rw-p 00000000 00:00 0 
7f7044dae000-7f7044f59000 ---p 00000000 00:00 0 
7f7044f59000-7f7044f76000 rw-p 00000000 00:00 0 
7f7044f76000-7f7045121000 ---p 00000000 00:00 0 
7f7045121000-7f704513e000 rw-p 00000000 00:00 0 
7f704513e000-7f70452e9000 ---p 00000000 00:00 0 
7f70452e9000-7f70456f2000 rw-p 00000000 00:00 0 
7f70456f2000-7f70457d8000 ---p 00000000 00:00 0 
7f70457d8000-7f70457dd000 rw-p 00000000 00:00 0 
7f70457dd000-7f70458c3000 ---p 00000000 00:00 0 
7f70458c3000-7f70458e7000 r-xp 00000000 08:05 1578636                    /home/samarth/.p2/pool/plugins/org.eclipse.justj.openjdk.hotspot.jre.full.linux.x86_64_17.0.2.v20220201-1208/jre/lib/libjava.so
7f70458e7000-7f7045ae7000 ---p 00024000 08:05 1578636                    /home/samarth/.p2/pool/plugins/org.eclipse.justj.openjdk.hotspot.jre.full.linux.x86_64_17.0.2.v20220201-1208/jre/lib/libjava.so
7f7045ae7000-7f7045ae8000 r--p 00024000 08:05 1578636                    /home/samarth/.p2/pool/plugins/org.eclipse.justj.openjdk.hotspot.jre.full.linux.x86_64_17.0.2.v20220201-1208/jre/lib/libjava.so
7f7045ae8000-7f7045ae9000 rw-p 00025000 08:05 1578636                    /home/samarth/.p2/pool/plugins/org.eclipse.justj.openjdk.hotspot.jre.full.linux.x86_64_17.0.2.v20220201-1208/jre/lib/libjava.so
7f7045ae9000-7f7045aea000 rw-p 00000000 00:00 0 
7f7045aea000-7f7045af5000 r-xp 00000000 08:05 4987579                    /lib/x86_64-linux-gnu/libnss_files-2.23.so
7f7045af5000-7f7045cf4000 ---p 0000b000 08:05 4987579                    /lib/x86_64-linux-gnu/libnss_files-2.23.so
7f7045cf4000-7f7045cf5000 r--p 0000a000 08:05 4987579                    /lib/x86_64-linux-gnu/libnss_files-2.23.so
7f7045cf5000-7f7045cf6000 rw-p 0000b000 08:05 4987579                    /lib/x86_64-linux-gnu/libnss_files-2.23.so
7f7045cf6000-7f7045cfc000 rw-p 00000000 00:00 0 
7f7045cfc000-7f7045d07000 r-xp 00000000 08:05 4987586                    /lib/x86_64-linux-gnu/libnss_nis-2.23.so
7f7045d07000-7f7045f06000 ---p 0000b000 08:05 4987586                    /lib/x86_64-linux-gnu/libnss_nis-2.23.so
7f7045f06000-7f7045f07000 r--p 0000a000 08:05 4987586                    /lib/x86_64-linux-gnu/libnss_nis-2.23.so
7f7045f07000-7f7045f08000 rw-p 0000b000 08:05 4987586                    /lib/x86_64-linux-gnu/libnss_nis-2.23.so
7f7045f08000-7f7045f1e000 r-xp 00000000 08:05 4987587                    /lib/x86_64-linux-gnu/libnsl-2.23.so
7f7045f1e000-7f704611d000 ---p 00016000 08:05 4987587                    /lib/x86_64-linux-gnu/libnsl-2.23.so
7f704611d000-7f704611e000 r--p 00015000 08:05 4987587                    /lib/x86_64-linux-gnu/libnsl-2.23.so
7f704611e000-7f704611f000 rw-p 00016000 08:05 4987587                    /lib/x86_64-linux-gnu/libnsl-2.23.so
7f704611f000-7f7046121000 rw-p 00000000 00:00 0 
7f7046121000-7f7046129000 r-xp 00000000 08:05 4987589                    /lib/x86_64-linux-gnu/libnss_compat-2.23.so
7f7046129000-7f7046328000 ---p 00008000 08:05 4987589                    /lib/x86_64-linux-gnu/libnss_compat-2.23.so
7f7046328000-7f7046329000 r--p 00007000 08:05 4987589                    /lib/x86_64-linux-gnu/libnss_compat-2.23.so
7f7046329000-7f704632a000 rw-p 00008000 08:05 4987589                    /lib/x86_64-linux-gnu/libnss_compat-2.23.so
7f704632a000-7f7046345000 r-xp 00000000 08:05 1578625                    /home/samarth/.p2/pool/plugins/org.eclipse.justj.openjdk.hotspot.jre.full.linux.x86_64_17.0.2.v20220201-1208/jre/lib/libjimage.so
7f7046345000-7f7046544000 ---p 0001b000 08:05 1578625                    /home/samarth/.p2/pool/plugins/org.eclipse.justj.openjdk.hotspot.jre.full.linux.x86_64_17.0.2.v20220201-1208/jre/lib/libjimage.so
7f7046544000-7f7046546000 r--p 0001a000 08:05 1578625                    /home/samarth/.p2/pool/plugins/org.eclipse.justj.openjdk.hotspot.jre.full.linux.x86_64_17.0.2.v20220201-1208/jre/lib/libjimage.so
7f7046546000-7f7046547000 rw-p 0001c000 08:05 1578625                    /home/samarth/.p2/pool/plugins/org.eclipse.justj.openjdk.hotspot.jre.full.linux.x86_64_17.0.2.v20220201-1208/jre/lib/libjimage.so
7f7046547000-7f704664f000 r-xp 00000000 08:05 4987583                    /lib/x86_64-linux-gnu/libm-2.23.so
7f704664f000-7f704684e000 ---p 00108000 08:05 4987583                    /lib/x86_64-linux-gnu/libm-2.23.so
7f704684e000-7f704684f000 r--p 00107000 08:05 4987583                    /lib/x86_64-linux-gnu/libm-2.23.so
7f704684f000-7f7046850000 rw-p 00108000 08:05 4987583                    /lib/x86_64-linux-gnu/libm-2.23.so
7f7046850000-7f7046857000 r-xp 00000000 08:05 4987578                    /lib/x86_64-linux-gnu/librt-2.23.so
7f7046857000-7f7046a56000 ---p 00007000 08:05 4987578                    /lib/x86_64-linux-gnu/librt-2.23.so
7f7046a56000-7f7046a57000 r--p 00006000 08:05 4987578                    /lib/x86_64-linux-gnu/librt-2.23.so
7f7046a57000-7f7046a58000 rw-p 00007000 08:05 4987578                    /lib/x86_64-linux-gnu/librt-2.23.so
7f7046a58000-7f7047d3c000 r-xp 00000000 08:05 1578613                    /home/samarth/.p2/pool/plugins/org.eclipse.justj.openjdk.hotspot.jre.full.linux.x86_64_17.0.2.v20220201-1208/jre/lib/server/libjvm.so
7f7047d3c000-7f7047f3c000 ---p 012e4000 08:05 1578613                    /home/samarth/.p2/pool/plugins/org.eclipse.justj.openjdk.hotspot.jre.full.linux.x86_64_17.0.2.v20220201-1208/jre/lib/server/libjvm.so
7f7047f3c000-7f7047ff5000 r--p 012e4000 08:05 1578613                    /home/samarth/.p2/pool/plugins/org.eclipse.justj.openjdk.hotspot.jre.full.linux.x86_64_17.0.2.v20220201-1208/jre/lib/server/libjvm.so
7f7047ff5000-7f704802a000 rw-p 0139d000 08:05 1578613                    /home/samarth/.p2/pool/plugins/org.eclipse.justj.openjdk.hotspot.jre.full.linux.x86_64_17.0.2.v20220201-1208/jre/lib/server/libjvm.so
7f704802a000-7f7048083000 rw-p 00000000 00:00 0 
7f7048083000-7f7048243000 r-xp 00000000 08:05 4987588                    /lib/x86_64-linux-gnu/libc-2.23.so
7f7048243000-7f7048443000 ---p 001c0000 08:05 4987588                    /lib/x86_64-linux-gnu/libc-2.23.so
7f7048443000-7f7048447000 r--p 001c0000 08:05 4987588                    /lib/x86_64-linux-gnu/libc-2.23.so
7f7048447000-7f7048449000 rw-p 001c4000 08:05 4987588                    /lib/x86_64-linux-gnu/libc-2.23.so
7f7048449000-7f704844d000 rw-p 00000000 00:00 0 
7f704844d000-7f7048450000 r-xp 00000000 08:05 4987538                    /lib/x86_64-linux-gnu/libdl-2.23.so
7f7048450000-7f704864f000 ---p 00003000 08:05 4987538                    /lib/x86_64-linux-gnu/libdl-2.23.so
7f704864f000-7f7048650000 r--p 00002000 08:05 4987538                    /lib/x86_64-linux-gnu/libdl-2.23.so
7f7048650000-7f7048651000 rw-p 00003000 08:05 4987538                    /lib/x86_64-linux-gnu/libdl-2.23.so
7f7048651000-7f7048669000 r-xp 00000000 08:05 4987533                    /lib/x86_64-linux-gnu/libpthread-2.23.so
7f7048669000-7f7048868000 ---p 00018000 08:05 4987533                    /lib/x86_64-linux-gnu/libpthread-2.23.so
7f7048868000-7f7048869000 r--p 00017000 08:05 4987533                    /lib/x86_64-linux-gnu/libpthread-2.23.so
7f7048869000-7f704886a000 rw-p 00018000 08:05 4987533                    /lib/x86_64-linux-gnu/libpthread-2.23.so
7f704886a000-7f704886e000 rw-p 00000000 00:00 0 
7f704886e000-7f704887d000 r-xp 00000000 08:05 1578632                    /home/samarth/.p2/pool/plugins/org.eclipse.justj.openjdk.hotspot.jre.full.linux.x86_64_17.0.2.v20220201-1208/jre/lib/libjli.so
7f704887d000-7f7048a7d000 ---p 0000f000 08:05 1578632                    /home/samarth/.p2/pool/plugins/org.eclipse.justj.openjdk.hotspot.jre.full.linux.x86_64_17.0.2.v20220201-1208/jre/lib/libjli.so
7f7048a7d000-7f7048a7e000 r--p 0000f000 08:05 1578632                    /home/samarth/.p2/pool/plugins/org.eclipse.justj.openjdk.hotspot.jre.full.linux.x86_64_17.0.2.v20220201-1208/jre/lib/libjli.so
7f7048a7e000-7f7048a7f000 rw-p 00010000 08:05 1578632                    /home/samarth/.p2/pool/plugins/org.eclipse.justj.openjdk.hotspot.jre.full.linux.x86_64_17.0.2.v20220201-1208/jre/lib/libjli.so
7f7048a7f000-7f7048a98000 r-xp 00000000 08:05 4985616                    /lib/x86_64-linux-gnu/libz.so.1.2.8
7f7048a98000-7f7048c97000 ---p 00019000 08:05 4985616                    /lib/x86_64-linux-gnu/libz.so.1.2.8
7f7048c97000-7f7048c98000 r--p 00018000 08:05 4985616                    /lib/x86_64-linux-gnu/libz.so.1.2.8
7f7048c98000-7f7048c99000 rw-p 00019000 08:05 4985616                    /lib/x86_64-linux-gnu/libz.so.1.2.8
7f7048c99000-7f7048cbf000 r-xp 00000000 08:05 4987580                    /lib/x86_64-linux-gnu/ld-2.23.so
7f7048cdb000-7f7048d9b000 rw-p 00000000 00:00 0 
7f7048d9b000-7f7048da2000 ---p 00000000 00:00 0 
7f7048da2000-7f7048da6000 ---p 00000000 00:00 0 
7f7048da6000-7f7048ea7000 rw-p 00000000 00:00 0 
7f7048eab000-7f7048eb2000 r--s 00000000 08:05 4202006                    /usr/lib/x86_64-linux-gnu/gconv/gconv-modules.cache
7f7048eb2000-7f7048eba000 rw-s 00000000 08:05 5116025                    /tmp/hsperfdata_samarth/8166
7f7048eba000-7f7048ebb000 ---p 00000000 00:00 0 
7f7048ebb000-7f7048ebc000 r--p 00000000 00:00 0 
7f7048ebc000-7f7048ebd000 ---p 00000000 00:00 0 
7f7048ebd000-7f7048ebe000 rw-p 00000000 00:00 0 
7f7048ebe000-7f7048ebf000 r--p 00025000 08:05 4987580                    /lib/x86_64-linux-gnu/ld-2.23.so
7f7048ebf000-7f7048ec0000 rw-p 00026000 08:05 4987580                    /lib/x86_64-linux-gnu/ld-2.23.so
7f7048ec0000-7f7048ec1000 rw-p 00000000 00:00 0 
7ffdd12ca000-7ffdd12eb000 rw-p 00000000 00:00 0                          [stack]
7ffdd131b000-7ffdd131e000 r--p 00000000 00:00 0                          [vvar]
7ffdd131e000-7ffdd1320000 r-xp 00000000 00:00 0                          [vdso]
ffffffffff600000-ffffffffff601000 r-xp 00000000 00:00 0                  [vsyscall]


VM Arguments:
jvm_args: -Dfile.encoding=UTF-8 -XX:+ShowCodeDetailsInExceptionMessages 
java_command: org.banking.BankApp
java_class_path (initial): /home/samarth/eclipse-workspace/Banking Application/bin
Launcher Type: SUN_STANDARD

[Global flags]
     intx CICompilerCount                          = 3                                         {product} {ergonomic}
     uint ConcGCThreads                            = 1                                         {product} {ergonomic}
     uint G1ConcRefinementThreads                  = 4                                         {product} {ergonomic}
   size_t G1HeapRegionSize                         = 1048576                                   {product} {ergonomic}
    uintx GCDrainStackTargetSize                   = 64                                        {product} {ergonomic}
   size_t InitialHeapSize                          = 60817408                                  {product} {ergonomic}
   size_t MarkStackSize                            = 4194304                                   {product} {ergonomic}
   size_t MaxHeapSize                              = 956301312                                 {product} {ergonomic}
   size_t MaxNewSize                               = 573571072                                 {product} {ergonomic}
   size_t MinHeapDeltaBytes                        = 1048576                                   {product} {ergonomic}
   size_t MinHeapSize                              = 8388608                                   {product} {ergonomic}
    uintx NonNMethodCodeHeapSize                   = 5832780                                {pd product} {ergonomic}
    uintx NonProfiledCodeHeapSize                  = 122912730                              {pd product} {ergonomic}
    uintx ProfiledCodeHeapSize                     = 122912730                              {pd product} {ergonomic}
    uintx ReservedCodeCacheSize                    = 251658240                              {pd product} {ergonomic}
     bool SegmentedCodeCache                       = true                                      {product} {ergonomic}
     bool ShowCodeDetailsInExceptionMessages       = true                                   {manageable} {command line}
   size_t SoftMaxHeapSize                          = 956301312                              {manageable} {ergonomic}
     bool UseCompressedClassPointers               = true                           {product lp64_product} {ergonomic}
     bool UseCompressedOops                        = true                           {product lp64_product} {ergonomic}
     bool UseG1GC                                  = true                                      {product} {ergonomic}

Logging:
Log output configuration:
 #0: stdout all=warning uptime,level,tags
 #1: stderr all=off uptime,level,tags

Environment Variables:
PATH=/home/samarth/bin:/home/samarth/.local/bin:/usr/local/sbin:/usr/local/bin:/usr/sbin:/usr/bin:/sbin:/bin:/usr/games:/usr/local/games:/snap/bin
SHELL=/bin/bash
DISPLAY=:0
LANG=en_US.UTF-8

Signal Handlers:
   SIGSEGV: crash_handler in libjvm.so, mask=11100100010111111101111111111110, flags=SA_RESTART|SA_SIGINFO
    SIGBUS: crash_handler in libjvm.so, mask=11100100010111111101111111111110, flags=SA_RESTART|SA_SIGINFO
    SIGFPE: crash_handler in libjvm.so, mask=11100100010111111101111111111110, flags=SA_RESTART|SA_SIGINFO
   SIGPIPE: javaSignalHandler in libjvm.so, mask=11100100010111111101111111111110, flags=SA_RESTART|SA_SIGINFO
   SIGXFSZ: javaSignalHandler in libjvm.so, mask=11100100010111111101111111111110, flags=SA_RESTART|SA_SIGINFO
    SIGILL: crash_handler in libjvm.so, mask=11100100010111111101111111111110, flags=SA_RESTART|SA_SIGINFO
   SIGUSR2: SR_handler in libjvm.so, mask=00100000000000000000000000000000, flags=SA_RESTART|SA_SIGINFO
    SIGHUP: UserHandler in libjvm.so, mask=11100100010111111101111111111110, flags=SA_RESTART|SA_SIGINFO
    SIGINT: UserHandler in libjvm.so, mask=11100100010111111101111111111110, flags=SA_RESTART|SA_SIGINFO
   SIGTERM: UserHandler in libjvm.so, mask=11100100010111111101111111111110, flags=SA_RESTART|SA_SIGINFO
   SIGQUIT: UserHandler in libjvm.so, mask=11100100010111111101111111111110, flags=SA_RESTART|SA_SIGINFO
   SIGTRAP: crash_handler in libjvm.so, mask=11100100010111111101111111111110, flags=SA_RESTART|SA_SIGINFO


---------------  S Y S T E M  ---------------

OS:
DISTRIB_ID=Ubuntu
DISTRIB_RELEASE=16.04
DISTRIB_CODENAME=xenial
DISTRIB_DESCRIPTION="Ubuntu 16.04.7 LTS"
uname: Linux 4.15.0-142-generic #146~16.04.1-Ubuntu SMP Tue Apr 13 09:27:15 UTC 2021 x86_64
OS uptime: 0 days 5:10 hours
libc: glibc 2.23 NPTL 2.23 
rlimit (soft/hard): STACK 8192k/infinity , CORE 0k/infinity , NPROC 14344/14344 , NOFILE 1048576/1048576 , AS infinity/infinity , CPU infinity/infinity , DATA infinity/infinity , FSIZE infinity/infinity , MEMLOCK 64k/64k
load average: 
[timeout occurred during error reporting in step "printing OS information"] after 36 s.
CPU: total 4 (initial active 4) (2 cores per cpu, 2 threads per core) family 6 model 58 stepping 9 microcode 0x21, cx8, cmov, fxsr, ht, mmx, sse, sse2, sse3, ssse3, sse4.1, sse4.2, popcnt, tsc, tscinvbit, avx, aes, erms, clmul, vzeroupper, clflush
CPU Model and flags from /proc/cpuinfo:
model name	: Intel(R) Core(TM) i5-3320M CPU @ 2.60GHz
flags		: fpu vme de pse tsc msr pae mce cx8 apic sep mtrr pge mca cmov pat pse36 clflush dts acpi mmx fxsr sse sse2 ss ht tm pbe syscall nx rdtscp lm constant_tsc arch_perfmon pebs bts rep_good nopl xtopology nonstop_tsc cpuid aperfmperf pni pclmulqdq dtes64 monitor ds_cpl vmx smx est tm2 ssse3 cx16 xtpr pdcm pcid sse4_1 sse4_2 x2apic popcnt tsc_deadline_timer aes xsave avx f16c rdrand lahf_lm cpuid_fault epb pti ssbd ibrs ibpb stibp tpr_shadow vnmi flexpriority ept vpid fsgsbase smep erms xsaveopt dtherm ida arat pln pts md_clear flush_l1d

Online cpus: 0-3
Offline cpus: 4-7
BIOS frequency limitation: <Not Available>
Frequency switch latency (ns): 0
Available cpu frequencies: <Not Available>
Current governor: powersave
Core performance/turbo boost: <Not Available>

Memory: 4k page, physical 3733652k(99280k free), swap 999420k(0k free)
Page Sizes: 4k

vm_info: OpenJDK 64-Bit Server VM (17.0.2+8) for linux-amd64 JRE (17.0.2+8), built on Jan 20 2022 09:56:58 by "" with gcc 7.5.0

