#
# There is insufficient memory for the Java Runtime Environment to continue.
# Native memory allocation (mmap) failed to map 130023424 bytes for committing reserved memory.
# Possible reasons:
#   The system is out of physical RAM or swap space
#   The process is running with CompressedOops enabled, and the Java Heap may be blocking the growth of the native heap
# Possible solutions:
#   Reduce memory load on the system
#   Increase physical memory or swap space
#   Check if swap backing store is full
#   Decrease Java heap size (-Xmx/-Xms)
#   Decrease number of Java threads
#   Decrease Java thread stack sizes (-Xss)
#   Set larger code cache with -XX:ReservedCodeCacheSize=
#   JVM is running with Unscaled Compressed Oops mode in which the Java heap is
#     placed in the first 4GB address space. The Java Heap base address is the
#     maximum limit for the native heap growth. Please use -XX:HeapBaseMinAddress
#     to set the Java Heap base and to place the Java Heap above 4GB virtual address.
# This output file may be truncated or incomplete.
#
#  Out of Memory Error (os_linux.cpp:2741), pid=7069, tid=7082
#
# JRE version: OpenJDK Runtime Environment Temurin-17.0.2+8 (17.0.2+8) (build 17.0.2+8)
# Java VM: OpenJDK 64-Bit Server VM Temurin-17.0.2+8 (17.0.2+8, mixed mode, tiered, compressed oops, compressed class ptrs, g1 gc, linux-amd64)
# Core dump will be written. Default location: Core dumps may be processed with "/usr/share/apport/apport %p %s %c %d %P %E" (or dumping to /home/samarth/eclipse-workspace/Banking Application/core.7069)
#

---------------  S U M M A R Y ------------

Command Line: -Dfile.encoding=UTF-8 -XX:+ShowCodeDetailsInExceptionMessages org.banking.BankApp

Host: Intel(R) Core(TM) i5-3320M CPU @ 2.60GHz, 4 cores, 3G, Ubuntu 16.04.7 LTS
Time: Fri Jun 17 15:48:17 2022 IST elapsed time: 11819.734283 seconds (0d 3h 16m 59s)

---------------  T H R E A D  ---------------

Current thread (0x00007feb80110d30):  VMThread "VM Thread" [stack: 0x00007feb690f7000,0x00007feb691f7000] [id=7082]

Stack: [0x00007feb690f7000,0x00007feb691f7000],  sp=0x00007feb691f4da0,  free space=1015k
Native frames: (J=compiled Java code, j=interpreted, Vv=VM code, C=native code)
V  [libjvm.so+0xf81ea1]
[timeout occurred during error reporting in step "printing native stack"] after 37 s.
VM_Operation (0x00007feb889d0ab0): G1CollectForAllocation, mode: safepoint, requested by thread 0x00007feb80024e90


---------------  P R O C E S S  ---------------

Threads class SMR info:
_java_thread_list=0x00007feb801ffbc0, length=11, elements={
0x00007feb80024e90, 0x00007feb8011ff40, 0x00007feb80121600, 0x00007feb80146760,
0x00007feb80147b20, 0x00007feb80148f10, 0x00007feb8014a8e0, 0x00007feb8014be10,
0x00007feb8014d280, 0x00007feb801f6090, 0x00007feb801fec30
}

Java Threads: ( => current thread )
  0x00007feb80024e90 JavaThread "main" [_thread_blocked, id=7071, stack(0x00007feb888d5000,0x00007feb889d6000)]
  0x00007feb8011ff40 JavaThread "Reference Handler" daemon [_thread_blocked, id=7083, stack(0x00007feb68ff5000,0x00007feb690f6000)]
  0x00007feb80121600 JavaThread "Finalizer" daemon [_thread_blocked, id=7084, stack(0x00007feb68ef4000,0x00007feb68ff5000)]
  0x00007feb80146760 JavaThread "Signal Dispatcher" daemon [_thread_blocked, id=7085, stack(0x00007feb68b1b000,0x00007feb68c1c000)]
  0x00007feb80147b20 JavaThread "Service Thread" daemon [_thread_blocked, id=7086, stack(0x00007feb68a1a000,0x00007feb68b1b000)]
  0x00007feb80148f10 JavaThread "Monitor Deflation Thread" daemon [_thread_blocked, id=7087, stack(0x00007feb68919000,0x00007feb68a1a000)]
  0x00007feb8014a8e0 JavaThread "C2 CompilerThread0" daemon [_thread_blocked, id=7088, stack(0x00007feb68818000,0x00007feb68919000)]
  0x00007feb8014be10 JavaThread "C1 CompilerThread0" daemon [_thread_blocked, id=7089, stack(0x00007feb68717000,0x00007feb68818000)]
  0x00007feb8014d280 JavaThread "Sweeper thread" daemon [_thread_blocked, id=7090, stack(0x00007feb68616000,0x00007feb68717000)]
  0x00007feb801f6090 JavaThread "Notification Thread" daemon [_thread_blocked, id=7091, stack(0x00007feb68515000,0x00007feb68616000)]
  0x00007feb801fec30 JavaThread "Common-Cleaner" daemon [_thread_blocked, id=7093, stack(0x00007feb68313000,0x00007feb68414000)]

Other Threads:
=>0x00007feb80110d30 VMThread "VM Thread" [stack: 0x00007feb690f7000,0x00007feb691f7000] [id=7082]
  0x00007feb801f7a10 WatcherThread [stack: 0x00007feb68415000,0x00007feb68515000] [id=7092]
  0x00007feb80051ab0 GCTaskThread "GC Thread#0" [stack: 0x00007feb847c4000,0x00007feb848c4000] [id=7077]
  0x00007feb4c004aa0 GCTaskThread "GC Thread#1" [stack: 0x00007feb68213000,0x00007feb68313000] [id=13900]
  0x00007feb8005a290 ConcurrentGCThread "G1 Main Marker" [stack: 0x00007feb846c3000,0x00007feb847c3000] [id=7078]
  0x00007feb8005b1f0 ConcurrentGCThread "G1 Conc#0" [stack: 0x00007feb845c2000,0x00007feb846c2000] [id=7079]
  0x00007feb80093ba0 ConcurrentGCThread "G1 Refine#0" [stack: 0x00007feb840bd000,0x00007feb841bd000] [id=7080]
  0x00007feb80094a90 ConcurrentGCThread "G1 Service" [stack: 0x00007feb69c36000,0x00007feb69d36000] [id=7081]

Threads with active compile tasks:

VM state: at safepoint (normal execution)

VM Mutex/Monitor currently owned by a thread:  ([mutex/lock_event])
[0x00007feb8001fde0] Threads_lock - owner thread: 0x00007feb80110d30
[0x00007feb80020590] Heap_lock - owner thread: 0x00007feb80024e90

Heap address: 0x00000000c7000000, size: 912 MB, Compressed Oops mode: 32-bit

CDS archive(s) not mapped
Compressed class space mapped at: 0x0000000100000000-0x0000000140000000, reserved size: 1073741824
Narrow klass base: 0x0000000000000000, Narrow klass shift: 3, Narrow klass range: 0x140000000

GC Precious Log:
 CPUs: 4 total, 4 available
 Memory: 3646M
 Large Page Support: Disabled
 NUMA Support: Disabled
 Compressed Oops: Enabled (32-bit)
 Heap Region Size: 1M
 Heap Min Capacity: 8M
 Heap Initial Capacity: 58M
 Heap Max Capacity: 912M
 Pre-touch: Disabled
 Parallel Workers: 4
 Concurrent Workers: 1
 Concurrent Refinement Workers: 4
 Periodic GC: Disabled

Heap:
 garbage-first heap   total 71680K, used 531K [0x00000000c7000000, 0x0000000100000000)
  region size 1024K, 1 young (1024K), 1 survivors (1024K)
 Metaspace       used 3932K, committed 4096K, reserved 1056768K
  class space    used 305K, committed 384K, reserved 1048576K

Heap Regions: E=young(eden), S=young(survivor), O=old, HS=humongous(starts), HC=humongous(continues), CS=collection set, F=free, OA=open archive, CA=closed archive, TAMS=top-at-mark-start (previous, next)
|   0|0x00000000c7000000, 0x00000000c7084600, 0x00000000c7100000| 51%| O|  |TAMS 0x00000000c7000000, 0x00000000c7000000| Untracked 
|   1|0x00000000c7100000, 0x00000000c7100000, 0x00000000c7200000|  0%| F|  |TAMS 0x00000000c7100000, 0x00000000c7100000| Untracked 
|   2|0x00000000c7200000, 0x00000000c7200000, 0x00000000c7300000|  0%| F|  |TAMS 0x00000000c7200000, 0x00000000c7200000| Untracked 
|   3|0x00000000c7300000, 0x00000000c7300000, 0x00000000c7400000|  0%| F|  |TAMS 0x00000000c7300000, 0x00000000c7300000| Untracked 
|   4|0x00000000c7400000, 0x00000000c7400000, 0x00000000c7500000|  0%| F|  |TAMS 0x00000000c7400000, 0x00000000c7400000| Untracked 
|   5|0x00000000c7500000, 0x00000000c7500000, 0x00000000c7600000|  0%| F|  |TAMS 0x00000000c7500000, 0x00000000c7500000| Untracked 
|   6|0x00000000c7600000, 0x00000000c7600000, 0x00000000c7700000|  0%| F|  |TAMS 0x00000000c7600000, 0x00000000c7600000| Untracked 
|   7|0x00000000c7700000, 0x00000000c7700000, 0x00000000c7800000|  0%| F|  |TAMS 0x00000000c7700000, 0x00000000c7700000| Untracked 
|   8|0x00000000c7800000, 0x00000000c7800000, 0x00000000c7900000|  0%| F|  |TAMS 0x00000000c7800000, 0x00000000c7800000| Untracked 
|   9|0x00000000c7900000, 0x00000000c7900000, 0x00000000c7a00000|  0%| F|  |TAMS 0x00000000c7900000, 0x00000000c7900000| Untracked 
|  10|0x00000000c7a00000, 0x00000000c7a00000, 0x00000000c7b00000|  0%| F|  |TAMS 0x00000000c7a00000, 0x00000000c7a00000| Untracked 
|  11|0x00000000c7b00000, 0x00000000c7b00000, 0x00000000c7c00000|  0%| F|  |TAMS 0x00000000c7b00000, 0x00000000c7b00000| Untracked 
|  12|0x00000000c7c00000, 0x00000000c7c00000, 0x00000000c7d00000|  0%| F|  |TAMS 0x00000000c7c00000, 0x00000000c7c00000| Untracked 
|  13|0x00000000c7d00000, 0x00000000c7d00000, 0x00000000c7e00000|  0%| F|  |TAMS 0x00000000c7d00000, 0x00000000c7d00000| Untracked 
|  14|0x00000000c7e00000, 0x00000000c7e00000, 0x00000000c7f00000|  0%| F|  |TAMS 0x00000000c7e00000, 0x00000000c7e00000| Untracked 
|  15|0x00000000c7f00000, 0x00000000c7f00000, 0x00000000c8000000|  0%| F|  |TAMS 0x00000000c7f00000, 0x00000000c7f00000| Untracked 
|  16|0x00000000c8000000, 0x00000000c8000000, 0x00000000c8100000|  0%| F|  |TAMS 0x00000000c8000000, 0x00000000c8000000| Untracked 
|  17|0x00000000c8100000, 0x00000000c8100000, 0x00000000c8200000|  0%| F|  |TAMS 0x00000000c8100000, 0x00000000c8100000| Untracked 
|  18|0x00000000c8200000, 0x00000000c8200000, 0x00000000c8300000|  0%| F|  |TAMS 0x00000000c8200000, 0x00000000c8200000| Untracked 
|  19|0x00000000c8300000, 0x00000000c8300000, 0x00000000c8400000|  0%| F|  |TAMS 0x00000000c8300000, 0x00000000c8300000| Untracked 
|  20|0x00000000c8400000, 0x00000000c8400000, 0x00000000c8500000|  0%| F|  |TAMS 0x00000000c8400000, 0x00000000c8400000| Untracked 
|  21|0x00000000c8500000, 0x00000000c8500000, 0x00000000c8600000|  0%| F|  |TAMS 0x00000000c8500000, 0x00000000c8500000| Untracked 
|  22|0x00000000c8600000, 0x00000000c8600000, 0x00000000c8700000|  0%| F|  |TAMS 0x00000000c8600000, 0x00000000c8600000| Untracked 
|  23|0x00000000c8700000, 0x00000000c8700000, 0x00000000c8800000|  0%| F|  |TAMS 0x00000000c8700000, 0x00000000c8700000| Untracked 
|  24|0x00000000c8800000, 0x00000000c8800000, 0x00000000c8900000|  0%| F|  |TAMS 0x00000000c8800000, 0x00000000c8800000| Untracked 
|  25|0x00000000c8900000, 0x00000000c8900000, 0x00000000c8a00000|  0%| F|  |TAMS 0x00000000c8900000, 0x00000000c8900000| Untracked 
|  26|0x00000000c8a00000, 0x00000000c8a00000, 0x00000000c8b00000|  0%| F|  |TAMS 0x00000000c8a00000, 0x00000000c8a00000| Untracked 
|  27|0x00000000c8b00000, 0x00000000c8b00000, 0x00000000c8c00000|  0%| F|  |TAMS 0x00000000c8b00000, 0x00000000c8b00000| Untracked 
|  28|0x00000000c8c00000, 0x00000000c8c00000, 0x00000000c8d00000|  0%| F|  |TAMS 0x00000000c8c00000, 0x00000000c8c00000| Untracked 
|  29|0x00000000c8d00000, 0x00000000c8d00000, 0x00000000c8e00000|  0%| F|  |TAMS 0x00000000c8d00000, 0x00000000c8d00000| Untracked 
|  30|0x00000000c8e00000, 0x00000000c8e00000, 0x00000000c8f00000|  0%| F|  |TAMS 0x00000000c8e00000, 0x00000000c8e00000| Untracked 
|  31|0x00000000c8f00000, 0x00000000c8f00000, 0x00000000c9000000|  0%| F|  |TAMS 0x00000000c8f00000, 0x00000000c8f00000| Untracked 
|  32|0x00000000c9000000, 0x00000000c9000000, 0x00000000c9100000|  0%| F|  |TAMS 0x00000000c9000000, 0x00000000c9000000| Untracked 
|  33|0x00000000c9100000, 0x00000000c9100000, 0x00000000c9200000|  0%| F|  |TAMS 0x00000000c9100000, 0x00000000c9100000| Untracked 
|  34|0x00000000c9200000, 0x00000000c9200000, 0x00000000c9300000|  0%| F|  |TAMS 0x00000000c9200000, 0x00000000c9200000| Untracked 
|  35|0x00000000c9300000, 0x00000000c9300000, 0x00000000c9400000|  0%| F|  |TAMS 0x00000000c9300000, 0x00000000c9300000| Untracked 
|  36|0x00000000c9400000, 0x00000000c9400000, 0x00000000c9500000|  0%| F|  |TAMS 0x00000000c9400000, 0x00000000c9400000| Untracked 
|  37|0x00000000c9500000, 0x00000000c9500000, 0x00000000c9600000|  0%| F|  |TAMS 0x00000000c9500000, 0x00000000c9500000| Untracked 
|  38|0x00000000c9600000, 0x00000000c9600000, 0x00000000c9700000|  0%| F|  |TAMS 0x00000000c9600000, 0x00000000c9600000| Untracked 
|  39|0x00000000c9700000, 0x00000000c9700000, 0x00000000c9800000|  0%| F|  |TAMS 0x00000000c9700000, 0x00000000c9700000| Untracked 
|  40|0x00000000c9800000, 0x00000000c9800000, 0x00000000c9900000|  0%| F|  |TAMS 0x00000000c9800000, 0x00000000c9800000| Untracked 
|  41|0x00000000c9900000, 0x00000000c9900000, 0x00000000c9a00000|  0%| F|  |TAMS 0x00000000c9900000, 0x00000000c9900000| Untracked 
|  42|0x00000000c9a00000, 0x00000000c9a00000, 0x00000000c9b00000|  0%| F|  |TAMS 0x00000000c9a00000, 0x00000000c9a00000| Untracked 
|  43|0x00000000c9b00000, 0x00000000c9b00000, 0x00000000c9c00000|  0%| F|  |TAMS 0x00000000c9b00000, 0x00000000c9b00000| Untracked 
|  44|0x00000000c9c00000, 0x00000000c9c00000, 0x00000000c9d00000|  0%| F|  |TAMS 0x00000000c9c00000, 0x00000000c9c00000| Untracked 
|  45|0x00000000c9d00000, 0x00000000c9d00000, 0x00000000c9e00000|  0%| F|  |TAMS 0x00000000c9d00000, 0x00000000c9d00000| Untracked 
|  46|0x00000000c9e00000, 0x00000000c9e00000, 0x00000000c9f00000|  0%| F|  |TAMS 0x00000000c9e00000, 0x00000000c9e00000| Untracked 
|  47|0x00000000c9f00000, 0x00000000c9f00000, 0x00000000ca000000|  0%| F|  |TAMS 0x00000000c9f00000, 0x00000000c9f00000| Untracked 
|  48|0x00000000ca000000, 0x00000000ca000000, 0x00000000ca100000|  0%| F|  |TAMS 0x00000000ca000000, 0x00000000ca000000| Untracked 
|  49|0x00000000ca100000, 0x00000000ca100000, 0x00000000ca200000|  0%| F|  |TAMS 0x00000000ca100000, 0x00000000ca100000| Untracked 
|  50|0x00000000ca200000, 0x00000000ca200000, 0x00000000ca300000|  0%| F|  |TAMS 0x00000000ca200000, 0x00000000ca200000| Untracked 
|  51|0x00000000ca300000, 0x00000000ca300000, 0x00000000ca400000|  0%| F|  |TAMS 0x00000000ca300000, 0x00000000ca300000| Untracked 
|  52|0x00000000ca400000, 0x00000000ca400000, 0x00000000ca500000|  0%| F|  |TAMS 0x00000000ca400000, 0x00000000ca400000| Untracked 
|  53|0x00000000ca500000, 0x00000000ca500000, 0x00000000ca600000|  0%| F|  |TAMS 0x00000000ca500000, 0x00000000ca500000| Untracked 
|  54|0x00000000ca600000, 0x00000000ca600000, 0x00000000ca700000|  0%| F|  |TAMS 0x00000000ca600000, 0x00000000ca600000| Untracked 
|  55|0x00000000ca700000, 0x00000000ca700000, 0x00000000ca800000|  0%| F|  |TAMS 0x00000000ca700000, 0x00000000ca700000| Untracked 
|  56|0x00000000ca800000, 0x00000000ca800000, 0x00000000ca900000|  0%| F|  |TAMS 0x00000000ca800000, 0x00000000ca800000| Untracked 
|  57|0x00000000ca900000, 0x00000000ca900000, 0x00000000caa00000|  0%| F|  |TAMS 0x00000000ca900000, 0x00000000ca900000| Untracked 
|  58|0x00000000caa00000, 0x00000000caa00000, 0x00000000cab00000|  0%| F|  |TAMS 0x00000000caa00000, 0x00000000caa00000| Untracked 
|  59|0x00000000cab00000, 0x00000000cab00000, 0x00000000cac00000|  0%| F|  |TAMS 0x00000000cab00000, 0x00000000cab00000| Untracked 
|  60|0x00000000cac00000, 0x00000000cac00000, 0x00000000cad00000|  0%| F|  |TAMS 0x00000000cac00000, 0x00000000cac00000| Untracked 
|  61|0x00000000cad00000, 0x00000000cad00000, 0x00000000cae00000|  0%| F|  |TAMS 0x00000000cad00000, 0x00000000cad00000| Untracked 
|  62|0x00000000cae00000, 0x00000000cae00000, 0x00000000caf00000|  0%| F|  |TAMS 0x00000000cae00000, 0x00000000cae00000| Untracked 
|  63|0x00000000caf00000, 0x00000000caf00000, 0x00000000cb000000|  0%| F|  |TAMS 0x00000000caf00000, 0x00000000caf00000| Untracked 
|  64|0x00000000cb000000, 0x00000000cb000000, 0x00000000cb100000|  0%| F|  |TAMS 0x00000000cb000000, 0x00000000cb000000| Untracked 
|  65|0x00000000cb100000, 0x00000000cb100000, 0x00000000cb200000|  0%| F|  |TAMS 0x00000000cb100000, 0x00000000cb100000| Untracked 
|  66|0x00000000cb200000, 0x00000000cb200000, 0x00000000cb300000|  0%| F|  |TAMS 0x00000000cb200000, 0x00000000cb200000| Untracked 
|  67|0x00000000cb300000, 0x00000000cb300810, 0x00000000cb400000|  0%| S|CS|TAMS 0x00000000cb300000, 0x00000000cb300000| Complete 
|  68|0x00000000cb400000, 0x00000000cb400000, 0x00000000cb500000|  0%| F|  |TAMS 0x00000000cb400000, 0x00000000cb400000| Untracked 
|  69|0x00000000cb500000, 0x00000000cb500000, 0x00000000cb600000|  0%| F|  |TAMS 0x00000000cb500000, 0x00000000cb500000| Untracked 

Card table byte_map: [0x00007feb84a8c000,0x00007feb84c54000] _byte_map_base: 0x00007feb84454000

Marking Bits (Prev, Next): (CMBitMap*) 0x00007feb80052530, (CMBitMap*) 0x00007feb80052570
 Prev Bits: [0x00007feb6cb76000, 0x00007feb6d9b6000)
 Next Bits: [0x00007feb6bd36000, 0x00007feb6cb76000)

Polling page: 0x00007feb889ed000

Metaspace:

Usage:
  Non-class:      3.54 MB used.
      Class:    305.56 KB used.
       Both:      3.84 MB used.

Virtual space:
  Non-class space:        8.00 MB reserved,       3.62 MB ( 45%) committed,  1 nodes.
      Class space:        1.00 GB reserved,     384.00 KB ( <1%) committed,  1 nodes.
             Both:        1.01 GB reserved,       4.00 MB ( <1%) committed. 

Chunk freelists:
   Non-Class:  3.97 MB
       Class:  3.62 MB
        Both:  7.59 MB

MaxMetaspaceSize: unlimited
CompressedClassSpaceSize: 1.00 GB
Initial GC threshold: 21.00 MB
Current GC threshold: 21.00 MB
CDS: off
MetaspaceReclaimPolicy: balanced
 - commit_granule_bytes: 65536.
 - commit_granule_words: 8192.
 - virtual_space_node_default_size: 1048576.
 - enlarge_chunks_in_place: 1.
 - new_chunks_are_fully_committed: 0.
 - uncommit_free_chunks: 1.
 - use_allocation_guard: 0.
 - handle_deallocations: 1.


Internal statistics:

num_allocs_failed_limit: 0.
num_arena_births: 4.
num_arena_deaths: 0.
num_vsnodes_births: 2.
num_vsnodes_deaths: 0.
num_space_committed: 64.
num_space_uncommitted: 0.
num_chunks_returned_to_freelist: 0.
num_chunks_taken_from_freelist: 8.
num_chunk_merges: 0.
num_chunk_splits: 4.
num_chunks_enlarged: 3.
num_purges: 0.
num_inconsistent_stats: 0.

CodeHeap 'non-profiled nmethods': size=120032Kb used=121Kb max_used=121Kb free=119910Kb
 bounds [0x00007feb7547e000, 0x00007feb756ee000, 0x00007feb7c9b6000]
CodeHeap 'profiled nmethods': size=120028Kb used=378Kb max_used=378Kb free=119650Kb
 bounds [0x00007feb6df47000, 0x00007feb6e1b7000, 0x00007feb7547e000]
CodeHeap 'non-nmethods': size=5700Kb used=1030Kb max_used=1049Kb free=4669Kb
 bounds [0x00007feb6d9b6000, 0x00007feb6dc26000, 0x00007feb6df47000]
 total_blobs=517 nmethods=230 adapters=201
 compilation: enabled
              stopped_count=0, restarted_count=0
 full_count=0

Compilation events (20 events):
Event: 10590.742 Thread 0x00007feb8014a8e0  228   !   4       sun.nio.cs.StreamDecoder::readBytes (271 bytes)
Event: 10590.793 Thread 0x00007feb8014a8e0 nmethod 228 0x00007feb75495a90 code [0x00007feb75495c60, 0x00007feb75496518]
Event: 10591.073 Thread 0x00007feb8014a8e0  229   !   4       java.io.PrintStream::println (51 bytes)
Event: 10591.075 Thread 0x00007feb8014a8e0 nmethod 229 0x00007feb75496d10 code [0x00007feb75496ea0, 0x00007feb75496f88]
Event: 10591.075 Thread 0x00007feb8014a8e0  230       4       java.lang.Throwable::toString (45 bytes)
Event: 10591.109 Thread 0x00007feb8014a8e0 nmethod 230 0x00007feb75497090 code [0x00007feb75497220, 0x00007feb75497698]
Event: 10592.860 Thread 0x00007feb8014a8e0  231   !   4       java.nio.charset.CharsetDecoder::decode (275 bytes)
Event: 10592.864 Thread 0x00007feb8014a8e0 nmethod 231 0x00007feb75497890 code [0x00007feb75497a40, 0x00007feb75497c28]
Event: 10592.867 Thread 0x00007feb8014a8e0  232   !   4       java.io.BufferedReader::readLine (327 bytes)
Event: 10593.387 Thread 0x00007feb8014a8e0 nmethod 232 0x00007feb75497f90 code [0x00007feb754981e0, 0x00007feb75499868]
Event: 10593.387 Thread 0x00007feb8014a8e0  233       4       java.io.BufferedReader::readLine (7 bytes)
Event: 10593.450 Thread 0x00007feb8014a8e0 nmethod 233 0x00007feb7549ad10 code [0x00007feb7549aea0, 0x00007feb7549af48]
Event: 10697.729 Thread 0x00007feb8014be10  235 % !   3       org.banking.BankApp::main @ 36 (548 bytes)
Event: 10698.065 Thread 0x00007feb8014be10 nmethod 235% 0x00007feb6df9ba10 code [0x00007feb6df9c160, 0x00007feb6df9ec40]
Event: 10699.199 Thread 0x00007feb8014be10  236   !   3       org.banking.BankApp::main (548 bytes)
Event: 10699.277 Thread 0x00007feb8014be10 nmethod 236 0x00007feb6dfa0a10 code [0x00007feb6dfa1160, 0x00007feb6dfa3b20]
Event: 10700.377 Thread 0x00007feb8014a8e0  237       4       java.lang.IllegalArgumentException::<init> (6 bytes)
Event: 10701.753 Thread 0x00007feb8014a8e0 nmethod 237 0x00007feb7549b010 code [0x00007feb7549b1c0, 0x00007feb7549b828]
Event: 10803.938 Thread 0x00007feb8014a8e0  239 % !   4       org.banking.BankApp::main @ 36 (548 bytes)
Event: 10804.536 Thread 0x00007feb8014a8e0 nmethod 239% 0x00007feb7549b990 code [0x00007feb7549bba0, 0x00007feb7549c000]

GC Heap History (20 events):
Event: 11728.419 GC heap after
{Heap after GC invocations=92 (full 0):
 garbage-first heap   total 71680K, used 531K [0x00000000c7000000, 0x0000000100000000)
  region size 1024K, 1 young (1024K), 1 survivors (1024K)
 Metaspace       used 3932K, committed 4096K, reserved 1056768K
  class space    used 305K, committed 384K, reserved 1048576K
}
Event: 11728.728 GC heap before
{Heap before GC invocations=92 (full 0):
 garbage-first heap   total 71680K, used 2579K [0x00000000c7000000, 0x0000000100000000)
  region size 1024K, 3 young (3072K), 1 survivors (1024K)
 Metaspace       used 3932K, committed 4096K, reserved 1056768K
  class space    used 305K, committed 384K, reserved 1048576K
}
Event: 11728.729 GC heap after
{Heap after GC invocations=93 (full 0):
 garbage-first heap   total 71680K, used 531K [0x00000000c7000000, 0x0000000100000000)
  region size 1024K, 1 young (1024K), 1 survivors (1024K)
 Metaspace       used 3932K, committed 4096K, reserved 1056768K
  class space    used 305K, committed 384K, reserved 1048576K
}
Event: 11729.095 GC heap before
{Heap before GC invocations=93 (full 0):
 garbage-first heap   total 71680K, used 2579K [0x00000000c7000000, 0x0000000100000000)
  region size 1024K, 3 young (3072K), 1 survivors (1024K)
 Metaspace       used 3932K, committed 4096K, reserved 1056768K
  class space    used 305K, committed 384K, reserved 1048576K
}
Event: 11729.096 GC heap after
{Heap after GC invocations=94 (full 0):
 garbage-first heap   total 71680K, used 531K [0x00000000c7000000, 0x0000000100000000)
  region size 1024K, 1 young (1024K), 1 survivors (1024K)
 Metaspace       used 3932K, committed 4096K, reserved 1056768K
  class space    used 305K, committed 384K, reserved 1048576K
}
Event: 11729.518 GC heap before
{Heap before GC invocations=94 (full 0):
 garbage-first heap   total 71680K, used 2579K [0x00000000c7000000, 0x0000000100000000)
  region size 1024K, 3 young (3072K), 1 survivors (1024K)
 Metaspace       used 3932K, committed 4096K, reserved 1056768K
  class space    used 305K, committed 384K, reserved 1048576K
}
Event: 11729.518 GC heap after
{Heap after GC invocations=95 (full 0):
 garbage-first heap   total 71680K, used 531K [0x00000000c7000000, 0x0000000100000000)
  region size 1024K, 1 young (1024K), 1 survivors (1024K)
 Metaspace       used 3932K, committed 4096K, reserved 1056768K
  class space    used 305K, committed 384K, reserved 1048576K
}
Event: 11729.940 GC heap before
{Heap before GC invocations=95 (full 0):
 garbage-first heap   total 71680K, used 2579K [0x00000000c7000000, 0x0000000100000000)
  region size 1024K, 3 young (3072K), 1 survivors (1024K)
 Metaspace       used 3932K, committed 4096K, reserved 1056768K
  class space    used 305K, committed 384K, reserved 1048576K
}
Event: 11729.941 GC heap after
{Heap after GC invocations=96 (full 0):
 garbage-first heap   total 71680K, used 531K [0x00000000c7000000, 0x0000000100000000)
  region size 1024K, 1 young (1024K), 1 survivors (1024K)
 Metaspace       used 3932K, committed 4096K, reserved 1056768K
  class space    used 305K, committed 384K, reserved 1048576K
}
Event: 11730.368 GC heap before
{Heap before GC invocations=96 (full 0):
 garbage-first heap   total 71680K, used 2579K [0x00000000c7000000, 0x0000000100000000)
  region size 1024K, 3 young (3072K), 1 survivors (1024K)
 Metaspace       used 3932K, committed 4096K, reserved 1056768K
  class space    used 305K, committed 384K, reserved 1048576K
}
Event: 11730.368 GC heap after
{Heap after GC invocations=97 (full 0):
 garbage-first heap   total 71680K, used 531K [0x00000000c7000000, 0x0000000100000000)
  region size 1024K, 1 young (1024K), 1 survivors (1024K)
 Metaspace       used 3932K, committed 4096K, reserved 1056768K
  class space    used 305K, committed 384K, reserved 1048576K
}
Event: 11730.730 GC heap before
{Heap before GC invocations=97 (full 0):
 garbage-first heap   total 71680K, used 2579K [0x00000000c7000000, 0x0000000100000000)
  region size 1024K, 3 young (3072K), 1 survivors (1024K)
 Metaspace       used 3932K, committed 4096K, reserved 1056768K
  class space    used 305K, committed 384K, reserved 1048576K
}
Event: 11730.731 GC heap after
{Heap after GC invocations=98 (full 0):
 garbage-first heap   total 71680K, used 531K [0x00000000c7000000, 0x0000000100000000)
  region size 1024K, 1 young (1024K), 1 survivors (1024K)
 Metaspace       used 3932K, committed 4096K, reserved 1056768K
  class space    used 305K, committed 384K, reserved 1048576K
}
Event: 11731.576 GC heap before
{Heap before GC invocations=98 (full 0):
 garbage-first heap   total 71680K, used 4627K [0x00000000c7000000, 0x0000000100000000)
  region size 1024K, 5 young (5120K), 1 survivors (1024K)
 Metaspace       used 3932K, committed 4096K, reserved 1056768K
  class space    used 305K, committed 384K, reserved 1048576K
}
Event: 11731.576 GC heap after
{Heap after GC invocations=99 (full 0):
 garbage-first heap   total 71680K, used 531K [0x00000000c7000000, 0x0000000100000000)
  region size 1024K, 1 young (1024K), 1 survivors (1024K)
 Metaspace       used 3932K, committed 4096K, reserved 1056768K
  class space    used 305K, committed 384K, reserved 1048576K
}
Event: 11735.396 GC heap before
{Heap before GC invocations=99 (full 0):
 garbage-first heap   total 71680K, used 18963K [0x00000000c7000000, 0x0000000100000000)
  region size 1024K, 19 young (19456K), 1 survivors (1024K)
 Metaspace       used 3932K, committed 4096K, reserved 1056768K
  class space    used 305K, committed 384K, reserved 1048576K
}
Event: 11735.397 GC heap after
{Heap after GC invocations=100 (full 0):
 garbage-first heap   total 71680K, used 531K [0x00000000c7000000, 0x0000000100000000)
  region size 1024K, 1 young (1024K), 1 survivors (1024K)
 Metaspace       used 3932K, committed 4096K, reserved 1056768K
  class space    used 305K, committed 384K, reserved 1048576K
}
Event: 11757.394 GC heap before
{Heap before GC invocations=100 (full 0):
 garbage-first heap   total 71680K, used 36371K [0x00000000c7000000, 0x0000000100000000)
  region size 1024K, 36 young (36864K), 1 survivors (1024K)
 Metaspace       used 3932K, committed 4096K, reserved 1056768K
  class space    used 305K, committed 384K, reserved 1048576K
}
Event: 11791.749 GC heap after
{Heap after GC invocations=101 (full 0):
 garbage-first heap   total 71680K, used 533K [0x00000000c7000000, 0x0000000100000000)
  region size 1024K, 1 young (1024K), 1 survivors (1024K)
 Metaspace       used 3932K, committed 4096K, reserved 1056768K
  class space    used 305K, committed 384K, reserved 1048576K
}
Event: 11812.278 GC heap before
{Heap before GC invocations=101 (full 0):
 garbage-first heap   total 71680K, used 2581K [0x00000000c7000000, 0x0000000100000000)
  region size 1024K, 3 young (3072K), 1 survivors (1024K)
 Metaspace       used 3932K, committed 4096K, reserved 1056768K
  class space    used 305K, committed 384K, reserved 1048576K
}

Deoptimization events (2 events):
Event: 10823.106 Thread 0x00007feb80024e90 DEOPT PACKING pc=0x00007feb6df9e6dc sp=0x00007feb889d4900
Event: 10823.268 Thread 0x00007feb80024e90 DEOPT UNPACKING pc=0x00007feb6da0882f sp=0x00007feb889d3ed8 mode 0

Classes unloaded (0 events):
No events

Classes redefined (0 events):
No events

Internal exceptions (20 events):
Event: 11810.410 Thread 0x00007feb80024e90 Exception <a 'java/io/IOException'{0x00000000cb4fae48}> (0x00000000cb4fae48) 
thrown [src/hotspot/share/prims/jni.cpp, line 516]
Event: 11810.410 Thread 0x00007feb80024e90 Exception <a 'java/io/IOException'{0x00000000cb4fb150}> (0x00000000cb4fb150) 
thrown [src/hotspot/share/prims/jni.cpp, line 516]
Event: 11810.410 Thread 0x00007feb80024e90 Exception <a 'java/io/IOException'{0x00000000cb4fb458}> (0x00000000cb4fb458) 
thrown [src/hotspot/share/prims/jni.cpp, line 516]
Event: 11810.410 Thread 0x00007feb80024e90 Exception <a 'java/io/IOException'{0x00000000cb4fb760}> (0x00000000cb4fb760) 
thrown [src/hotspot/share/prims/jni.cpp, line 516]
Event: 11810.410 Thread 0x00007feb80024e90 Exception <a 'java/io/IOException'{0x00000000cb4fba68}> (0x00000000cb4fba68) 
thrown [src/hotspot/share/prims/jni.cpp, line 516]
Event: 11810.410 Thread 0x00007feb80024e90 Exception <a 'java/io/IOException'{0x00000000cb4fbd70}> (0x00000000cb4fbd70) 
thrown [src/hotspot/share/prims/jni.cpp, line 516]
Event: 11810.410 Thread 0x00007feb80024e90 Exception <a 'java/io/IOException'{0x00000000cb4fc3e8}> (0x00000000cb4fc3e8) 
thrown [src/hotspot/share/prims/jni.cpp, line 516]
Event: 11810.410 Thread 0x00007feb80024e90 Exception <a 'java/io/IOException'{0x00000000cb4fc6f0}> (0x00000000cb4fc6f0) 
thrown [src/hotspot/share/prims/jni.cpp, line 516]
Event: 11810.410 Thread 0x00007feb80024e90 Exception <a 'java/io/IOException'{0x00000000cb4fc9f8}> (0x00000000cb4fc9f8) 
thrown [src/hotspot/share/prims/jni.cpp, line 516]
Event: 11810.410 Thread 0x00007feb80024e90 Exception <a 'java/io/IOException'{0x00000000cb4fcd00}> (0x00000000cb4fcd00) 
thrown [src/hotspot/share/prims/jni.cpp, line 516]
Event: 11810.410 Thread 0x00007feb80024e90 Exception <a 'java/io/IOException'{0x00000000cb4fd008}> (0x00000000cb4fd008) 
thrown [src/hotspot/share/prims/jni.cpp, line 516]
Event: 11810.410 Thread 0x00007feb80024e90 Exception <a 'java/io/IOException'{0x00000000cb4fd310}> (0x00000000cb4fd310) 
thrown [src/hotspot/share/prims/jni.cpp, line 516]
Event: 11810.410 Thread 0x00007feb80024e90 Exception <a 'java/io/IOException'{0x00000000cb4fd988}> (0x00000000cb4fd988) 
thrown [src/hotspot/share/prims/jni.cpp, line 516]
Event: 11810.410 Thread 0x00007feb80024e90 Exception <a 'java/io/IOException'{0x00000000cb4fdc90}> (0x00000000cb4fdc90) 
thrown [src/hotspot/share/prims/jni.cpp, line 516]
Event: 11810.410 Thread 0x00007feb80024e90 Exception <a 'java/io/IOException'{0x00000000cb4fdf98}> (0x00000000cb4fdf98) 
thrown [src/hotspot/share/prims/jni.cpp, line 516]
Event: 11810.410 Thread 0x00007feb80024e90 Exception <a 'java/io/IOException'{0x00000000cb4fe2a0}> (0x00000000cb4fe2a0) 
thrown [src/hotspot/share/prims/jni.cpp, line 516]
Event: 11810.411 Thread 0x00007feb80024e90 Exception <a 'java/io/IOException'{0x00000000cb4fe5a8}> (0x00000000cb4fe5a8) 
thrown [src/hotspot/share/prims/jni.cpp, line 516]
Event: 11810.411 Thread 0x00007feb80024e90 Exception <a 'java/io/IOException'{0x00000000cb4fe8b0}> (0x00000000cb4fe8b0) 
thrown [src/hotspot/share/prims/jni.cpp, line 516]
Event: 11810.411 Thread 0x00007feb80024e90 Exception <a 'java/io/IOException'{0x00000000cb4fef28}> (0x00000000cb4fef28) 
thrown [src/hotspot/share/prims/jni.cpp, line 516]
Event: 11810.411 Thread 0x00007feb80024e90 Exception <a 'java/io/IOException'{0x00000000cb4ff230}> (0x00000000cb4ff230) 
thrown [src/hotspot/share/prims/jni.cpp, line 516]

VM Operations (20 events):
Event: 11728.419 Executing VM operation: G1CollectForAllocation done
Event: 11728.728 Executing VM operation: G1CollectForAllocation
Event: 11728.729 Executing VM operation: G1CollectForAllocation done
Event: 11729.095 Executing VM operation: G1CollectForAllocation
Event: 11729.096 Executing VM operation: G1CollectForAllocation done
Event: 11729.518 Executing VM operation: G1CollectForAllocation
Event: 11729.518 Executing VM operation: G1CollectForAllocation done
Event: 11729.940 Executing VM operation: G1CollectForAllocation
Event: 11729.941 Executing VM operation: G1CollectForAllocation done
Event: 11730.368 Executing VM operation: G1CollectForAllocation
Event: 11730.368 Executing VM operation: G1CollectForAllocation done
Event: 11730.730 Executing VM operation: G1CollectForAllocation
Event: 11730.731 Executing VM operation: G1CollectForAllocation done
Event: 11731.576 Executing VM operation: G1CollectForAllocation
Event: 11731.576 Executing VM operation: G1CollectForAllocation done
Event: 11735.396 Executing VM operation: G1CollectForAllocation
Event: 11735.397 Executing VM operation: G1CollectForAllocation done
Event: 11757.394 Executing VM operation: G1CollectForAllocation
Event: 11803.368 Executing VM operation: G1CollectForAllocation done
Event: 11812.061 Executing VM operation: G1CollectForAllocation

Events (20 events):
Event: 0.175 loading class java/lang/NumberFormatException
Event: 0.175 loading class java/lang/NumberFormatException done
Event: 0.175 loading class java/io/IOException
Event: 0.175 loading class java/io/IOException done
Event: 0.175 loading class java/lang/PublicMethods$MethodList
Event: 0.175 loading class java/lang/PublicMethods$MethodList done
Event: 0.175 loading class java/lang/PublicMethods$Key
Event: 0.175 loading class java/lang/PublicMethods$Key done
Event: 0.175 loading class java/lang/Void
Event: 0.175 loading class java/lang/Void done
Event: 0.175 loading class java/io/BufferedReader
Event: 0.175 loading class java/io/BufferedReader done
Event: 0.175 loading class java/util/concurrent/ConcurrentHashMap$ForwardingNode
Event: 0.175 loading class java/util/concurrent/ConcurrentHashMap$ForwardingNode done
Event: 0.176 loading class sun/nio/cs/StreamDecoder
Event: 0.176 loading class sun/nio/cs/StreamDecoder done
Event: 10573.376 loading class java/io/InterruptedIOException
Event: 10573.377 loading class java/io/InterruptedIOException done
Event: 10577.861 loading class jdk/internal/access/foreign/MemorySegmentProxy
Event: 10577.862 loading class jdk/internal/access/foreign/MemorySegmentProxy done


Dynamic libraries:
c7000000-cb600000 rw-p 00000000 00:00 0 
d3200000-100000000 ---p 00000000 00:00 0 
100000000-100010000 rw-p 00000000 00:00 0 
100010000-100020000 ---p 00000000 00:00 0 
100020000-100030000 rw-p 00000000 00:00 0 
100030000-100040000 ---p 00000000 00:00 0 
100040000-100080000 rw-p 00000000 00:00 0 
100080000-140000000 ---p 00000000 00:00 0 
55beccf6d000-55beccf6e000 r-xp 00000000 08:05 1578248                    /home/samarth/.p2/pool/plugins/org.eclipse.justj.openjdk.hotspot.jre.full.linux.x86_64_17.0.2.v20220201-1208/jre/bin/java
55becd16e000-55becd16f000 r--p 00001000 08:05 1578248                    /home/samarth/.p2/pool/plugins/org.eclipse.justj.openjdk.hotspot.jre.full.linux.x86_64_17.0.2.v20220201-1208/jre/bin/java
55becd16f000-55becd170000 rw-p 00002000 08:05 1578248                    /home/samarth/.p2/pool/plugins/org.eclipse.justj.openjdk.hotspot.jre.full.linux.x86_64_17.0.2.v20220201-1208/jre/bin/java
55becd8be000-55becd8df000 rw-p 00000000 00:00 0                          [heap]
7feb1c000000-7feb1c021000 rw-p 00000000 00:00 0 
7feb1c021000-7feb20000000 ---p 00000000 00:00 0 
7feb23d6b000-7feb24000000 rw-p 00000000 00:00 0 
7feb24000000-7feb24021000 rw-p 00000000 00:00 0 
7feb24021000-7feb28000000 ---p 00000000 00:00 0 
7feb28000000-7feb28021000 rw-p 00000000 00:00 0 
7feb28021000-7feb2c000000 ---p 00000000 00:00 0 
7feb2c000000-7feb2c021000 rw-p 00000000 00:00 0 
7feb2c021000-7feb30000000 ---p 00000000 00:00 0 
7feb30000000-7feb30021000 rw-p 00000000 00:00 0 
7feb30021000-7feb34000000 ---p 00000000 00:00 0 
7feb34000000-7feb34435000 rw-p 00000000 00:00 0 
7feb34435000-7feb38000000 ---p 00000000 00:00 0 
7feb38000000-7feb381c7000 rw-p 00000000 00:00 0 
7feb381c7000-7feb3c000000 ---p 00000000 00:00 0 
7feb3c000000-7feb3c021000 rw-p 00000000 00:00 0 
7feb3c021000-7feb40000000 ---p 00000000 00:00 0 
7feb40000000-7feb40021000 rw-p 00000000 00:00 0 
7feb40021000-7feb44000000 ---p 00000000 00:00 0 
7feb44000000-7feb44021000 rw-p 00000000 00:00 0 
7feb44021000-7feb48000000 ---p 00000000 00:00 0 
7feb48000000-7feb48021000 rw-p 00000000 00:00 0 
7feb48021000-7feb4c000000 ---p 00000000 00:00 0 
7feb4c000000-7feb4c021000 rw-p 00000000 00:00 0 
7feb4c021000-7feb50000000 ---p 00000000 00:00 0 
7feb50000000-7feb50021000 rw-p 00000000 00:00 0 
7feb50021000-7feb54000000 ---p 00000000 00:00 0 
7feb54000000-7feb54021000 rw-p 00000000 00:00 0 
7feb54021000-7feb58000000 ---p 00000000 00:00 0 
7feb58000000-7feb58021000 rw-p 00000000 00:00 0 
7feb58021000-7feb5c000000 ---p 00000000 00:00 0 
7feb5c000000-7feb5c021000 rw-p 00000000 00:00 0 
7feb5c021000-7feb60000000 ---p 00000000 00:00 0 
7feb60000000-7feb60021000 rw-p 00000000 00:00 0 
7feb60021000-7feb64000000 ---p 00000000 00:00 0 
7feb64000000-7feb64021000 rw-p 00000000 00:00 0 
7feb64021000-7feb68000000 ---p 00000000 00:00 0 
7feb680bc000-7feb68212000 rw-p 00000000 00:00 0 
7feb68212000-7feb68213000 ---p 00000000 00:00 0 
7feb68213000-7feb68313000 rw-p 00000000 00:00 0 
7feb68313000-7feb68317000 ---p 00000000 00:00 0 
7feb68317000-7feb68414000 rw-p 00000000 00:00 0 
7feb68414000-7feb68415000 ---p 00000000 00:00 0 
7feb68415000-7feb68515000 rw-p 00000000 00:00 0 
7feb68515000-7feb68519000 ---p 00000000 00:00 0 
7feb68519000-7feb68616000 rw-p 00000000 00:00 0 
7feb68616000-7feb6861a000 ---p 00000000 00:00 0 
7feb6861a000-7feb68717000 rw-p 00000000 00:00 0 
7feb68717000-7feb6871b000 ---p 00000000 00:00 0 
7feb6871b000-7feb68818000 rw-p 00000000 00:00 0 
7feb68818000-7feb6881c000 ---p 00000000 00:00 0 
7feb6881c000-7feb68919000 rw-p 00000000 00:00 0 
7feb68919000-7feb6891d000 ---p 00000000 00:00 0 
7feb6891d000-7feb68a1a000 rw-p 00000000 00:00 0 
7feb68a1a000-7feb68a1e000 ---p 00000000 00:00 0 
7feb68a1e000-7feb68b1b000 rw-p 00000000 00:00 0 
7feb68b1b000-7feb68b1f000 ---p 00000000 00:00 0 
7feb68b1f000-7feb68c1c000 rw-p 00000000 00:00 0 
7feb68c1c000-7feb68ef4000 r--p 00000000 08:05 3933816                    /usr/lib/locale/locale-archive
7feb68ef4000-7feb68ef8000 ---p 00000000 00:00 0 
7feb68ef8000-7feb68ff5000 rw-p 00000000 00:00 0 
7feb68ff5000-7feb68ff9000 ---p 00000000 00:00 0 
7feb68ff9000-7feb690f6000 rw-p 00000000 00:00 0 
7feb690f6000-7feb690f7000 ---p 00000000 00:00 0 
7feb690f7000-7feb691f7000 rw-p 00000000 00:00 0 
7feb691f7000-7feb691fe000 r-xp 00000000 08:05 1578624                    /home/samarth/.p2/pool/plugins/org.eclipse.justj.openjdk.hotspot.jre.full.linux.x86_64_17.0.2.v20220201-1208/jre/lib/libzip.so
7feb691fe000-7feb693fe000 ---p 00007000 08:05 1578624                    /home/samarth/.p2/pool/plugins/org.eclipse.justj.openjdk.hotspot.jre.full.linux.x86_64_17.0.2.v20220201-1208/jre/lib/libzip.so
7feb693fe000-7feb693ff000 r--p 00007000 08:05 1578624                    /home/samarth/.p2/pool/plugins/org.eclipse.justj.openjdk.hotspot.jre.full.linux.x86_64_17.0.2.v20220201-1208/jre/lib/libzip.so
7feb693ff000-7feb69400000 rw-p 00008000 08:05 1578624                    /home/samarth/.p2/pool/plugins/org.eclipse.justj.openjdk.hotspot.jre.full.linux.x86_64_17.0.2.v20220201-1208/jre/lib/libzip.so
7feb69400000-7feb69790000 rw-p 00000000 00:00 0 
7feb69790000-7feb69800000 ---p 00000000 00:00 0 
7feb69800000-7feb69810000 rw-p 00000000 00:00 0 
7feb69810000-7feb69c00000 ---p 00000000 00:00 0 
7feb69c35000-7feb69c36000 ---p 00000000 00:00 0 
7feb69c36000-7feb6be4e000 rw-p 00000000 00:00 0 
7feb6be4e000-7feb6cb76000 ---p 00000000 00:00 0 
7feb6cb76000-7feb6cc8e000 rw-p 00000000 00:00 0 
7feb6cc8e000-7feb6d9b6000 ---p 00000000 00:00 0 
7feb6d9b6000-7feb6dc26000 rwxp 00000000 00:00 0 
7feb6dc26000-7feb6df47000 ---p 00000000 00:00 0 
7feb6df47000-7feb6e1b7000 rwxp 00000000 00:00 0 
7feb6e1b7000-7feb7547e000 ---p 00000000 00:00 0 
7feb7547e000-7feb756ee000 rwxp 00000000 00:00 0 
7feb756ee000-7feb7c9b6000 ---p 00000000 00:00 0 
7feb7c9b6000-7feb80000000 r--s 00000000 08:05 1578623                    /home/samarth/.p2/pool/plugins/org.eclipse.justj.openjdk.hotspot.jre.full.linux.x86_64_17.0.2.v20220201-1208/jre/lib/modules
7feb80000000-7feb8020d000 rw-p 00000000 00:00 0 
7feb8020d000-7feb84000000 ---p 00000000 00:00 0 
7feb8403b000-7feb840bc000 rw-p 00000000 00:00 0 
7feb840bc000-7feb840bd000 ---p 00000000 00:00 0 
7feb840bd000-7feb845c1000 rw-p 00000000 00:00 0 
7feb845c1000-7feb845c2000 ---p 00000000 00:00 0 
7feb845c2000-7feb846c2000 rw-p 00000000 00:00 0 
7feb846c2000-7feb846c3000 ---p 00000000 00:00 0 
7feb846c3000-7feb847c3000 rw-p 00000000 00:00 0 
7feb847c3000-7feb847c4000 ---p 00000000 00:00 0 
7feb847c4000-7feb848e7000 rw-p 00000000 00:00 0 
7feb848e7000-7feb84a8c000 ---p 00000000 00:00 0 
7feb84a8c000-7feb84aaf000 rw-p 00000000 00:00 0 
7feb84aaf000-7feb84c54000 ---p 00000000 00:00 0 
7feb84c54000-7feb84c77000 rw-p 00000000 00:00 0 
7feb84c77000-7feb84e1c000 ---p 00000000 00:00 0 
7feb84e1c000-7feb85225000 rw-p 00000000 00:00 0 
7feb85225000-7feb8530b000 ---p 00000000 00:00 0 
7feb8530b000-7feb85310000 rw-p 00000000 00:00 0 
7feb85310000-7feb853f6000 ---p 00000000 00:00 0 
7feb853f6000-7feb8541a000 r-xp 00000000 08:05 1578636                    /home/samarth/.p2/pool/plugins/org.eclipse.justj.openjdk.hotspot.jre.full.linux.x86_64_17.0.2.v20220201-1208/jre/lib/libjava.so
7feb8541a000-7feb8561a000 ---p 00024000 08:05 1578636                    /home/samarth/.p2/pool/plugins/org.eclipse.justj.openjdk.hotspot.jre.full.linux.x86_64_17.0.2.v20220201-1208/jre/lib/libjava.so
7feb8561a000-7feb8561b000 r--p 00024000 08:05 1578636                    /home/samarth/.p2/pool/plugins/org.eclipse.justj.openjdk.hotspot.jre.full.linux.x86_64_17.0.2.v20220201-1208/jre/lib/libjava.so
7feb8561b000-7feb8561c000 rw-p 00025000 08:05 1578636                    /home/samarth/.p2/pool/plugins/org.eclipse.justj.openjdk.hotspot.jre.full.linux.x86_64_17.0.2.v20220201-1208/jre/lib/libjava.so
7feb8561c000-7feb8561d000 rw-p 00000000 00:00 0 
7feb8561d000-7feb85628000 r-xp 00000000 08:05 4987579                    /lib/x86_64-linux-gnu/libnss_files-2.23.so
7feb85628000-7feb85827000 ---p 0000b000 08:05 4987579                    /lib/x86_64-linux-gnu/libnss_files-2.23.so
7feb85827000-7feb85828000 r--p 0000a000 08:05 4987579                    /lib/x86_64-linux-gnu/libnss_files-2.23.so
7feb85828000-7feb85829000 rw-p 0000b000 08:05 4987579                    /lib/x86_64-linux-gnu/libnss_files-2.23.so
7feb85829000-7feb8582f000 rw-p 00000000 00:00 0 
7feb8582f000-7feb8583a000 r-xp 00000000 08:05 4987586                    /lib/x86_64-linux-gnu/libnss_nis-2.23.so
7feb8583a000-7feb85a39000 ---p 0000b000 08:05 4987586                    /lib/x86_64-linux-gnu/libnss_nis-2.23.so
7feb85a39000-7feb85a3a000 r--p 0000a000 08:05 4987586                    /lib/x86_64-linux-gnu/libnss_nis-2.23.so
7feb85a3a000-7feb85a3b000 rw-p 0000b000 08:05 4987586                    /lib/x86_64-linux-gnu/libnss_nis-2.23.so
7feb85a3b000-7feb85a51000 r-xp 00000000 08:05 4987587                    /lib/x86_64-linux-gnu/libnsl-2.23.so
7feb85a51000-7feb85c50000 ---p 00016000 08:05 4987587                    /lib/x86_64-linux-gnu/libnsl-2.23.so
7feb85c50000-7feb85c51000 r--p 00015000 08:05 4987587                    /lib/x86_64-linux-gnu/libnsl-2.23.so
7feb85c51000-7feb85c52000 rw-p 00016000 08:05 4987587                    /lib/x86_64-linux-gnu/libnsl-2.23.so
7feb85c52000-7feb85c54000 rw-p 00000000 00:00 0 
7feb85c54000-7feb85c5c000 r-xp 00000000 08:05 4987589                    /lib/x86_64-linux-gnu/libnss_compat-2.23.so
7feb85c5c000-7feb85e5b000 ---p 00008000 08:05 4987589                    /lib/x86_64-linux-gnu/libnss_compat-2.23.so
7feb85e5b000-7feb85e5c000 r--p 00007000 08:05 4987589                    /lib/x86_64-linux-gnu/libnss_compat-2.23.so
7feb85e5c000-7feb85e5d000 rw-p 00008000 08:05 4987589                    /lib/x86_64-linux-gnu/libnss_compat-2.23.so
7feb85e5d000-7feb85e78000 r-xp 00000000 08:05 1578625                    /home/samarth/.p2/pool/plugins/org.eclipse.justj.openjdk.hotspot.jre.full.linux.x86_64_17.0.2.v20220201-1208/jre/lib/libjimage.so
7feb85e78000-7feb86077000 ---p 0001b000 08:05 1578625                    /home/samarth/.p2/pool/plugins/org.eclipse.justj.openjdk.hotspot.jre.full.linux.x86_64_17.0.2.v20220201-1208/jre/lib/libjimage.so
7feb86077000-7feb86079000 r--p 0001a000 08:05 1578625                    /home/samarth/.p2/pool/plugins/org.eclipse.justj.openjdk.hotspot.jre.full.linux.x86_64_17.0.2.v20220201-1208/jre/lib/libjimage.so
7feb86079000-7feb8607a000 rw-p 0001c000 08:05 1578625                    /home/samarth/.p2/pool/plugins/org.eclipse.justj.openjdk.hotspot.jre.full.linux.x86_64_17.0.2.v20220201-1208/jre/lib/libjimage.so
7feb8607a000-7feb86182000 r-xp 00000000 08:05 4987583                    /lib/x86_64-linux-gnu/libm-2.23.so
7feb86182000-7feb86381000 ---p 00108000 08:05 4987583                    /lib/x86_64-linux-gnu/libm-2.23.so
7feb86381000-7feb86382000 r--p 00107000 08:05 4987583                    /lib/x86_64-linux-gnu/libm-2.23.so
7feb86382000-7feb86383000 rw-p 00108000 08:05 4987583                    /lib/x86_64-linux-gnu/libm-2.23.so
7feb86383000-7feb8638a000 r-xp 00000000 08:05 4987578                    /lib/x86_64-linux-gnu/librt-2.23.so
7feb8638a000-7feb86589000 ---p 00007000 08:05 4987578                    /lib/x86_64-linux-gnu/librt-2.23.so
7feb86589000-7feb8658a000 r--p 00006000 08:05 4987578                    /lib/x86_64-linux-gnu/librt-2.23.so
7feb8658a000-7feb8658b000 rw-p 00007000 08:05 4987578                    /lib/x86_64-linux-gnu/librt-2.23.so
7feb8658b000-7feb8786f000 r-xp 00000000 08:05 1578613                    /home/samarth/.p2/pool/plugins/org.eclipse.justj.openjdk.hotspot.jre.full.linux.x86_64_17.0.2.v20220201-1208/jre/lib/server/libjvm.so
7feb8786f000-7feb87a6f000 ---p 012e4000 08:05 1578613                    /home/samarth/.p2/pool/plugins/org.eclipse.justj.openjdk.hotspot.jre.full.linux.x86_64_17.0.2.v20220201-1208/jre/lib/server/libjvm.so
7feb87a6f000-7feb87b28000 r--p 012e4000 08:05 1578613                    /home/samarth/.p2/pool/plugins/org.eclipse.justj.openjdk.hotspot.jre.full.linux.x86_64_17.0.2.v20220201-1208/jre/lib/server/libjvm.so
7feb87b28000-7feb87b5d000 rw-p 0139d000 08:05 1578613                    /home/samarth/.p2/pool/plugins/org.eclipse.justj.openjdk.hotspot.jre.full.linux.x86_64_17.0.2.v20220201-1208/jre/lib/server/libjvm.so
7feb87b5d000-7feb87bb6000 rw-p 00000000 00:00 0 
7feb87bb6000-7feb87d76000 r-xp 00000000 08:05 4987588                    /lib/x86_64-linux-gnu/libc-2.23.so
7feb87d76000-7feb87f76000 ---p 001c0000 08:05 4987588                    /lib/x86_64-linux-gnu/libc-2.23.so
7feb87f76000-7feb87f7a000 r--p 001c0000 08:05 4987588                    /lib/x86_64-linux-gnu/libc-2.23.so
7feb87f7a000-7feb87f7c000 rw-p 001c4000 08:05 4987588                    /lib/x86_64-linux-gnu/libc-2.23.so
7feb87f7c000-7feb87f80000 rw-p 00000000 00:00 0 
7feb87f80000-7feb87f83000 r-xp 00000000 08:05 4987538                    /lib/x86_64-linux-gnu/libdl-2.23.so
7feb87f83000-7feb88182000 ---p 00003000 08:05 4987538                    /lib/x86_64-linux-gnu/libdl-2.23.so
7feb88182000-7feb88183000 r--p 00002000 08:05 4987538                    /lib/x86_64-linux-gnu/libdl-2.23.so
7feb88183000-7feb88184000 rw-p 00003000 08:05 4987538                    /lib/x86_64-linux-gnu/libdl-2.23.so
7feb88184000-7feb8819c000 r-xp 00000000 08:05 4987533                    /lib/x86_64-linux-gnu/libpthread-2.23.so
7feb8819c000-7feb8839b000 ---p 00018000 08:05 4987533                    /lib/x86_64-linux-gnu/libpthread-2.23.so
7feb8839b000-7feb8839c000 r--p 00017000 08:05 4987533                    /lib/x86_64-linux-gnu/libpthread-2.23.so
7feb8839c000-7feb8839d000 rw-p 00018000 08:05 4987533                    /lib/x86_64-linux-gnu/libpthread-2.23.so
7feb8839d000-7feb883a1000 rw-p 00000000 00:00 0 
7feb883a1000-7feb883b0000 r-xp 00000000 08:05 1578632                    /home/samarth/.p2/pool/plugins/org.eclipse.justj.openjdk.hotspot.jre.full.linux.x86_64_17.0.2.v20220201-1208/jre/lib/libjli.so
7feb883b0000-7feb885b0000 ---p 0000f000 08:05 1578632                    /home/samarth/.p2/pool/plugins/org.eclipse.justj.openjdk.hotspot.jre.full.linux.x86_64_17.0.2.v20220201-1208/jre/lib/libjli.so
7feb885b0000-7feb885b1000 r--p 0000f000 08:05 1578632                    /home/samarth/.p2/pool/plugins/org.eclipse.justj.openjdk.hotspot.jre.full.linux.x86_64_17.0.2.v20220201-1208/jre/lib/libjli.so
7feb885b1000-7feb885b2000 rw-p 00010000 08:05 1578632                    /home/samarth/.p2/pool/plugins/org.eclipse.justj.openjdk.hotspot.jre.full.linux.x86_64_17.0.2.v20220201-1208/jre/lib/libjli.so
7feb885b2000-7feb885cb000 r-xp 00000000 08:05 4985616                    /lib/x86_64-linux-gnu/libz.so.1.2.8
7feb885cb000-7feb887ca000 ---p 00019000 08:05 4985616                    /lib/x86_64-linux-gnu/libz.so.1.2.8
7feb887ca000-7feb887cb000 r--p 00018000 08:05 4985616                    /lib/x86_64-linux-gnu/libz.so.1.2.8
7feb887cb000-7feb887cc000 rw-p 00019000 08:05 4985616                    /lib/x86_64-linux-gnu/libz.so.1.2.8
7feb887cc000-7feb887f2000 r-xp 00000000 08:05 4987580                    /lib/x86_64-linux-gnu/ld-2.23.so
7feb8880e000-7feb888ce000 rw-p 00000000 00:00 0 
7feb888ce000-7feb888d5000 ---p 00000000 00:00 0 
7feb888d5000-7feb888d9000 ---p 00000000 00:00 0 
7feb888d9000-7feb889da000 rw-p 00000000 00:00 0 
7feb889de000-7feb889e5000 r--s 00000000 08:05 4202006                    /usr/lib/x86_64-linux-gnu/gconv/gconv-modules.cache
7feb889e5000-7feb889ed000 rw-s 00000000 08:05 5115873                    /tmp/hsperfdata_samarth/7069
7feb889ed000-7feb889ee000 ---p 00000000 00:00 0 
7feb889ee000-7feb889ef000 r--p 00000000 00:00 0 
7feb889ef000-7feb889f0000 ---p 00000000 00:00 0 
7feb889f0000-7feb889f1000 rw-p 00000000 00:00 0 
7feb889f1000-7feb889f2000 r--p 00025000 08:05 4987580                    /lib/x86_64-linux-gnu/ld-2.23.so
7feb889f2000-7feb889f3000 rw-p 00026000 08:05 4987580                    /lib/x86_64-linux-gnu/ld-2.23.so
7feb889f3000-7feb889f4000 rw-p 00000000 00:00 0 
7ffccde96000-7ffccdeb7000 rw-p 00000000 00:00 0                          [stack]
7ffccdeba000-7ffccdebd000 r--p 00000000 00:00 0                          [vvar]
7ffccdebd000-7ffccdebf000 r-xp 00000000 00:00 0                          [vdso]
ffffffffff600000-ffffffffff601000 r-xp 00000000 00:00 0                  [vsyscall]


VM Arguments:
jvm_args: -Dfile.encoding=UTF-8 -XX:+ShowCodeDetailsInExceptionMessages 
java_command: org.banking.BankApp
java_class_path (initial): /home/samarth/eclipse-workspace/Banking Application/bin
Launcher Type: SUN_STANDARD

[Global flags]
     intx CICompilerCount                          = 3                                         {product} {ergonomic}
     uint ConcGCThreads                            = 1                                         {product} {ergonomic}
     uint G1ConcRefinementThreads                  = 4                                         {product} {ergonomic}
   size_t G1HeapRegionSize                         = 1048576                                   {product} {ergonomic}
    uintx GCDrainStackTargetSize                   = 64                                        {product} {ergonomic}
   size_t InitialHeapSize                          = 60817408                                  {product} {ergonomic}
   size_t MarkStackSize                            = 4194304                                   {product} {ergonomic}
   size_t MaxHeapSize                              = 956301312                                 {product} {ergonomic}
   size_t MaxNewSize                               = 573571072                                 {product} {ergonomic}
   size_t MinHeapDeltaBytes                        = 1048576                                   {product} {ergonomic}
   size_t MinHeapSize                              = 8388608                                   {product} {ergonomic}
    uintx NonNMethodCodeHeapSize                   = 5832780                                {pd product} {ergonomic}
    uintx NonProfiledCodeHeapSize                  = 122912730                              {pd product} {ergonomic}
    uintx ProfiledCodeHeapSize                     = 122912730                              {pd product} {ergonomic}
    uintx ReservedCodeCacheSize                    = 251658240                              {pd product} {ergonomic}
     bool SegmentedCodeCache                       = true                                      {product} {ergonomic}
     bool ShowCodeDetailsInExceptionMessages       = true                                   {manageable} {command line}
   size_t SoftMaxHeapSize                          = 956301312                              {manageable} {ergonomic}
     bool UseCompressedClassPointers               = true                           {product lp64_product} {ergonomic}
     bool UseCompressedOops                        = true                           {product lp64_product} {ergonomic}
     bool UseG1GC                                  = true                                      {product} {ergonomic}

Logging:
Log output configuration:
 #0: stdout all=warning uptime,level,tags
 #1: stderr all=off uptime,level,tags

Environment Variables:
PATH=/home/samarth/bin:/home/samarth/.local/bin:/usr/local/sbin:/usr/local/bin:/usr/sbin:/usr/bin:/sbin:/bin:/usr/games:/usr/local/games:/snap/bin
SHELL=/bin/bash
DISPLAY=:0
LANG=en_US.UTF-8

Signal Handlers:
   SIGSEGV: crash_handler in libjvm.so, mask=11100100010111111101111111111110, flags=SA_RESTART|SA_SIGINFO
    SIGBUS: crash_handler in libjvm.so, mask=11100100010111111101111111111110, flags=SA_RESTART|SA_SIGINFO
    SIGFPE: crash_handler in libjvm.so, mask=11100100010111111101111111111110, flags=SA_RESTART|SA_SIGINFO
   SIGPIPE: javaSignalHandler in libjvm.so, mask=11100100010111111101111111111110, flags=SA_RESTART|SA_SIGINFO
   SIGXFSZ: javaSignalHandler in libjvm.so, mask=11100100010111111101111111111110, flags=SA_RESTART|SA_SIGINFO
    SIGILL: crash_handler in libjvm.so, mask=11100100010111111101111111111110, flags=SA_RESTART|SA_SIGINFO
   SIGUSR2: SR_handler in libjvm.so, mask=00100000000000000000000000000000, flags=SA_RESTART|SA_SIGINFO
    SIGHUP: UserHandler in libjvm.so, mask=11100100010111111101111111111110, flags=SA_RESTART|SA_SIGINFO
    SIGINT: UserHandler in libjvm.so, mask=11100100010111111101111111111110, flags=SA_RESTART|SA_SIGINFO
   SIGTERM: UserHandler in libjvm.so, mask=11100100010111111101111111111110, flags=SA_RESTART|SA_SIGINFO
   SIGQUIT: UserHandler in libjvm.so, mask=11100100010111111101111111111110, flags=SA_RESTART|SA_SIGINFO
   SIGTRAP: crash_handler in libjvm.so, mask=11100100010111111101111111111110, flags=SA_RESTART|SA_SIGINFO


---------------  S Y S T E M  ---------------

OS:
DISTRIB_ID=Ubuntu
DISTRIB_RELEASE=16.04
DISTRIB_CODENAME=xenial
DISTRIB_DESCRIPTION="Ubuntu 16.04.7 LTS"
uname: Linux 4.15.0-142-generic #146~16.04.1-Ubuntu SMP Tue Apr 13 09:27:15 UTC 2021 x86_64
OS uptime: 0 days 5:11 hours
libc: glibc 2.23 NPTL 2.23 
rlimit (soft/hard): STACK 8192k/infinity , CORE 0k/infinity , NPROC 14344/14344 , NOFILE 1048576/1048576 , AS infinity/infinity , CPU infinity/infinity , DATA infinity/infinity , FSIZE infinity/infinity , MEMLOCK 64k/64k
load average: 119.30 71.85 41.93

/proc/meminfo:
MemTotal:        3733652 kB
MemFree:           87304 kB
MemAvailable:          0 kB
Buffers:             304 kB
Cached:           296104 kB
SwapCached:          840 kB
Active:          2850848 kB
Inactive:         578080 kB
Active(anon):    2841880 kB
Inactive(anon):   568368 kB
Active(file):       8968 kB
Inactive(file):     9712 kB
Unevictable:         124 kB
Mlocked:             124 kB
SwapTotal:        999420 kB
SwapFree:              0 kB
Dirty:               196 kB
Writeback:          1072 kB
AnonPages:       3131808 kB
Mapped:            37928 kB
Shmem:            277796 kB
Slab:              91596 kB
SReclaimable:      36836 kB
SUnreclaim:        54760 kB
KernelStack:       19648 kB
PageTables:        60304 kB
NFS_Unstable:          0 kB
Bounce:                0 kB
WritebackTmp:          0 kB
CommitLimit:     2866244 kB
Committed_AS:   12905052 kB
VmallocTotal:   34359738367 kB
VmallocUsed:           0 kB
VmallocChunk:          0 kB
HardwareCorrupted:     0 kB
AnonHugePages:         0 kB
ShmemHugePages:        0 kB
ShmemPmdMapped:        0 kB
CmaTotal:              0 kB
CmaFree:               0 kB
HugePages_Total:       0
HugePages_Free:        0
HugePages_Rsvd:        0
HugePages_Surp:        0
Hugepagesize:       2048 kB
DirectMap4k:      260140 kB
DirectMap2M:     3624960 kB

/sys/kernel/mm/transparent_hugepage/enabled: always [madvise] never
/sys/kernel/mm/transparent_hugepage/defrag (defrag/compaction efforts parameter): always defer defer+madvise [madvise] never

Process Memory:
Virtual Size: 3575240K (peak: 3759700K)
Resident Set Size: 61288K (peak: 62228K) (anon: 61288K, file: 0K, shmem: 0K)
Swapped out: 6612K
C-Heap outstanding allocations: 2695K

/proc/sys/kernel/threads-max (system-wide limit on the number of threads): 28688
/proc/sys/vm/max_map_count (maximum number of memory map areas a process may have): 65530
/proc/sys/kernel/pid_max (system-wide limit on number of process identifiers): 32768

container (cgroup) information:
container_type: cgroupv1
cpu_cpuset_cpus: 0-3
cpu_memory_nodes: 0
active_processor_count: 4
cpu_quota: no quota
cpu_period: 100000
cpu_shares: no shares
memory_limit_in_bytes: unlimited
memory_and_swap_limit_in_bytes: not supported
memory_soft_limit_in_bytes: unlimited
memory_usage_in_bytes: 3505758208
memory_max_usage_in_bytes: 15753216

Steal ticks since vm start: 0
Steal ticks percentage since vm start:  0.000

CPU: total 4 (initial active 4) (2 cores per cpu, 2 threads per core) family 6 model 58 stepping 9 microcode 0x21, cx8, cmov, fxsr, ht, mmx, sse, sse2, sse3, ssse3, sse4.1, sse4.2, popcnt, tsc, tscinvbit, avx, aes, erms, clmul, vzeroupper, clflush
CPU Model and flags from /proc/cpuinfo:
model name	: Intel(R) Core(TM) i5-3320M CPU @ 2.60GHz
flags		: fpu vme de pse tsc msr pae mce cx8 apic sep mtrr pge mca cmov pat pse36 clflush dts acpi mmx fxsr sse sse2 ss ht tm pbe syscall nx rdtscp lm constant_tsc arch_perfmon pebs bts rep_good nopl xtopology nonstop_tsc cpuid aperfmperf pni pclmulqdq dtes64 monitor ds_cpl vmx smx est tm2 ssse3 cx16 xtpr pdcm pcid sse4_1 sse4_2 x2apic popcnt tsc_deadline_timer aes xsave avx f16c rdrand lahf_lm cpuid_fault epb pti ssbd ibrs ibpb stibp tpr_shadow vnmi flexpriority ept vpid fsgsbase smep erms xsaveopt dtherm ida arat pln pts md_clear flush_l1d

Online cpus: 0-3
Offline cpus: 4-7
BIOS frequency limitation: <Not Available>
Frequency switch latency (ns): 0
Available cpu frequencies: <Not Available>
Current governor: powersave
Core performance/turbo boost: <Not Available>

Memory: 4k page, physical 3733652k(94844k free), swap 999420k(0k free)
Page Sizes: 4k

vm_info: OpenJDK 64-Bit Server VM (17.0.2+8) for linux-amd64 JRE (17.0.2+8), built on Jan 20 2022 09:56:58 by "" with gcc 7.5.0

END.
