#
# There is insufficient memory for the Java Runtime Environment to continue.
# Native memory allocation (mmap) failed to map 134217728 bytes for committing reserved memory.
# Possible reasons:
#   The system is out of physical RAM or swap space
#   The process is running with CompressedOops enabled, and the Java Heap may be blocking the growth of the native heap
# Possible solutions:
#   Reduce memory load on the system
#   Increase physical memory or swap space
#   Check if swap backing store is full
#   Decrease Java heap size (-Xmx/-Xms)
#   Decrease number of Java threads
#   Decrease Java thread stack sizes (-Xss)
#   Set larger code cache with -XX:ReservedCodeCacheSize=
#   JVM is running with Unscaled Compressed Oops mode in which the Java heap is
#     placed in the first 4GB address space. The Java Heap base address is the
#     maximum limit for the native heap growth. Please use -XX:HeapBaseMinAddress
#     to set the Java Heap base and to place the Java Heap above 4GB virtual address.
# This output file may be truncated or incomplete.
#
#  Out of Memory Error (os_linux.cpp:2741), pid=9181, tid=9193
#
# JRE version: OpenJDK Runtime Environment Temurin-17.0.2+8 (17.0.2+8) (build 17.0.2+8)
# Java VM: OpenJDK 64-Bit Server VM Temurin-17.0.2+8 (17.0.2+8, mixed mode, tiered, compressed oops, compressed class ptrs, g1 gc, linux-amd64)
# Core dump will be written. Default location: Core dumps may be processed with "/usr/share/apport/apport %p %s %c %d %P %E" (or dumping to /home/samarth/eclipse-workspace/Banking Application/core.9181)
#

---------------  S U M M A R Y ------------

Command Line: -Dfile.encoding=UTF-8 -XX:+ShowCodeDetailsInExceptionMessages org.banking.BankApp

Host: Intel(R) Core(TM) i5-3320M CPU @ 2.60GHz, 4 cores, 3G, Ubuntu 16.04.7 LTS
Time: Fri Jun 17 15:49:06 2022 IST elapsed time: 8869.653718 seconds (0d 2h 27m 49s)

---------------  T H R E A D  ---------------

Current thread (0x00007eff9c110d30):  VMThread "VM Thread" [stack: 0x00007eff6f700000,0x00007eff6f800000] [id=9193]

Stack: [0x00007eff6f700000,0x00007eff6f800000],  sp=0x00007eff6f7fdda0,  free space=1015k
Native frames: (J=compiled Java code, j=interpreted, Vv=VM code, C=native code)
V  [libjvm.so+0xf81ea1]
[timeout occurred during error reporting in step "printing native stack"] after 34 s.
VM_Operation (0x00007effa300caa0): G1CollectForAllocation, mode: safepoint, requested by thread 0x00007eff9c024e90


---------------  P R O C E S S  ---------------

Threads class SMR info:
_java_thread_list=0x00007eff9c208390, length=11, elements={
0x00007eff9c024e90, 0x00007eff9c11ff40, 0x00007eff9c121600, 0x00007eff9c157ab0,
0x00007eff9c158e70, 0x00007eff9c14d6b0, 0x00007eff9c14f080, 0x00007eff9c1505b0,
0x00007eff9c151a20, 0x00007eff9c1feae0, 0x00007eff9c207400
}

Java Threads: ( => current thread )
  0x00007eff9c024e90 JavaThread "main" [_thread_blocked, id=9183, stack(0x00007effa2f11000,0x00007effa3012000)]
  0x00007eff9c11ff40 JavaThread "Reference Handler" daemon [_thread_blocked, id=9194, stack(0x00007eff6f5fe000,0x00007eff6f6ff000)]
  0x00007eff9c121600 JavaThread "Finalizer" daemon [_thread_blocked, id=9195, stack(0x00007eff6f4fd000,0x00007eff6f5fe000)]
  0x00007eff9c157ab0 JavaThread "Signal Dispatcher" daemon [_thread_blocked, id=9196, stack(0x00007eff6f124000,0x00007eff6f225000)]
  0x00007eff9c158e70 JavaThread "Service Thread" daemon [_thread_blocked, id=9197, stack(0x00007eff6f023000,0x00007eff6f124000)]
  0x00007eff9c14d6b0 JavaThread "Monitor Deflation Thread" daemon [_thread_blocked, id=9198, stack(0x00007eff6ef22000,0x00007eff6f023000)]
  0x00007eff9c14f080 JavaThread "C2 CompilerThread0" daemon [_thread_blocked, id=9199, stack(0x00007eff6ee21000,0x00007eff6ef22000)]
  0x00007eff9c1505b0 JavaThread "C1 CompilerThread0" daemon [_thread_blocked, id=9200, stack(0x00007eff6ed20000,0x00007eff6ee21000)]
  0x00007eff9c151a20 JavaThread "Sweeper thread" daemon [_thread_blocked, id=9201, stack(0x00007eff6ec1f000,0x00007eff6ed20000)]
  0x00007eff9c1feae0 JavaThread "Notification Thread" daemon [_thread_blocked, id=9202, stack(0x00007eff6eb1e000,0x00007eff6ec1f000)]
  0x00007eff9c207400 JavaThread "Common-Cleaner" daemon [_thread_blocked, id=9204, stack(0x00007eff6e91c000,0x00007eff6ea1d000)]

Other Threads:
=>0x00007eff9c110d30 VMThread "VM Thread" [stack: 0x00007eff6f700000,0x00007eff6f800000] [id=9193]
  0x00007eff9c200460 WatcherThread [stack: 0x00007eff6ea1e000,0x00007eff6eb1e000] [id=9203]
  0x00007eff9c051ab0 GCTaskThread "GC Thread#0" [stack: 0x00007eff86abf000,0x00007eff86bbf000] [id=9188]
  0x00007eff68004aa0 GCTaskThread "GC Thread#1" [stack: 0x00007eff6e81c000,0x00007eff6e91c000] [id=13895]
  0x00007eff9c05a290 ConcurrentGCThread "G1 Main Marker" [stack: 0x00007eff869be000,0x00007eff86abe000] [id=9189]
  0x00007eff9c05b1f0 ConcurrentGCThread "G1 Conc#0" [stack: 0x00007eff868bd000,0x00007eff869bd000] [id=9190]
  0x00007eff9c093ba0 ConcurrentGCThread "G1 Refine#0" [stack: 0x00007eff843b8000,0x00007eff844b8000] [id=9191]
  0x00007eff9c094a90 ConcurrentGCThread "G1 Service" [stack: 0x00007eff842b7000,0x00007eff843b7000] [id=9192]

Threads with active compile tasks:

VM state: at safepoint (normal execution)

VM Mutex/Monitor currently owned by a thread:  ([mutex/lock_event])
[0x00007eff9c01fde0] Threads_lock - owner thread: 0x00007eff9c110d30
[0x00007eff9c020590] Heap_lock - owner thread: 0x00007eff9c024e90

Heap address: 0x00000000c7000000, size: 912 MB, Compressed Oops mode: 32-bit

CDS archive(s) not mapped
Compressed class space mapped at: 0x0000000100000000-0x0000000140000000, reserved size: 1073741824
Narrow klass base: 0x0000000000000000, Narrow klass shift: 3, Narrow klass range: 0x140000000

GC Precious Log:
 CPUs: 4 total, 4 available
 Memory: 3646M
 Large Page Support: Disabled
 NUMA Support: Disabled
 Compressed Oops: Enabled (32-bit)
 Heap Region Size: 1M
 Heap Min Capacity: 8M
 Heap Initial Capacity: 58M
 Heap Max Capacity: 912M
 Pre-touch: Disabled
 Parallel Workers: 4
 Concurrent Workers: 1
 Concurrent Refinement Workers: 4
 Periodic GC: Disabled

Heap:
 garbage-first heap   total 118784K, used 525K [0x00000000c7000000, 0x0000000100000000)
  region size 1024K, 1 young (1024K), 1 survivors (1024K)
 Metaspace       used 3921K, committed 4096K, reserved 1056768K
  class space    used 305K, committed 384K, reserved 1048576K

Heap Regions: E=young(eden), S=young(survivor), O=old, HS=humongous(starts), HC=humongous(continues), CS=collection set, F=free, OA=open archive, CA=closed archive, TAMS=top-at-mark-start (previous, next)
|   0|0x00000000c7000000, 0x00000000c7082c00, 0x00000000c7100000| 51%| O|  |TAMS 0x00000000c7000000, 0x00000000c7000000| Untracked 
|   1|0x00000000c7100000, 0x00000000c7100000, 0x00000000c7200000|  0%| F|  |TAMS 0x00000000c7100000, 0x00000000c7100000| Untracked 
|   2|0x00000000c7200000, 0x00000000c7200000, 0x00000000c7300000|  0%| F|  |TAMS 0x00000000c7200000, 0x00000000c7200000| Untracked 
|   3|0x00000000c7300000, 0x00000000c7300000, 0x00000000c7400000|  0%| F|  |TAMS 0x00000000c7300000, 0x00000000c7300000| Untracked 
|   4|0x00000000c7400000, 0x00000000c7400000, 0x00000000c7500000|  0%| F|  |TAMS 0x00000000c7400000, 0x00000000c7400000| Untracked 
|   5|0x00000000c7500000, 0x00000000c7500000, 0x00000000c7600000|  0%| F|  |TAMS 0x00000000c7500000, 0x00000000c7500000| Untracked 
|   6|0x00000000c7600000, 0x00000000c7600000, 0x00000000c7700000|  0%| F|  |TAMS 0x00000000c7600000, 0x00000000c7600000| Untracked 
|   7|0x00000000c7700000, 0x00000000c7700000, 0x00000000c7800000|  0%| F|  |TAMS 0x00000000c7700000, 0x00000000c7700000| Untracked 
|   8|0x00000000c7800000, 0x00000000c7800000, 0x00000000c7900000|  0%| F|  |TAMS 0x00000000c7800000, 0x00000000c7800000| Untracked 
|   9|0x00000000c7900000, 0x00000000c7900000, 0x00000000c7a00000|  0%| F|  |TAMS 0x00000000c7900000, 0x00000000c7900000| Untracked 
|  10|0x00000000c7a00000, 0x00000000c7a00000, 0x00000000c7b00000|  0%| F|  |TAMS 0x00000000c7a00000, 0x00000000c7a00000| Untracked 
|  11|0x00000000c7b00000, 0x00000000c7b00000, 0x00000000c7c00000|  0%| F|  |TAMS 0x00000000c7b00000, 0x00000000c7b00000| Untracked 
|  12|0x00000000c7c00000, 0x00000000c7c00000, 0x00000000c7d00000|  0%| F|  |TAMS 0x00000000c7c00000, 0x00000000c7c00000| Untracked 
|  13|0x00000000c7d00000, 0x00000000c7d00000, 0x00000000c7e00000|  0%| F|  |TAMS 0x00000000c7d00000, 0x00000000c7d00000| Untracked 
|  14|0x00000000c7e00000, 0x00000000c7e00000, 0x00000000c7f00000|  0%| F|  |TAMS 0x00000000c7e00000, 0x00000000c7e00000| Untracked 
|  15|0x00000000c7f00000, 0x00000000c7f00000, 0x00000000c8000000|  0%| F|  |TAMS 0x00000000c7f00000, 0x00000000c7f00000| Untracked 
|  16|0x00000000c8000000, 0x00000000c8000000, 0x00000000c8100000|  0%| F|  |TAMS 0x00000000c8000000, 0x00000000c8000000| Untracked 
|  17|0x00000000c8100000, 0x00000000c8100000, 0x00000000c8200000|  0%| F|  |TAMS 0x00000000c8100000, 0x00000000c8100000| Untracked 
|  18|0x00000000c8200000, 0x00000000c8200000, 0x00000000c8300000|  0%| F|  |TAMS 0x00000000c8200000, 0x00000000c8200000| Untracked 
|  19|0x00000000c8300000, 0x00000000c8300000, 0x00000000c8400000|  0%| F|  |TAMS 0x00000000c8300000, 0x00000000c8300000| Untracked 
|  20|0x00000000c8400000, 0x00000000c8400000, 0x00000000c8500000|  0%| F|  |TAMS 0x00000000c8400000, 0x00000000c8400000| Untracked 
|  21|0x00000000c8500000, 0x00000000c8500000, 0x00000000c8600000|  0%| F|  |TAMS 0x00000000c8500000, 0x00000000c8500000| Untracked 
|  22|0x00000000c8600000, 0x00000000c8600000, 0x00000000c8700000|  0%| F|  |TAMS 0x00000000c8600000, 0x00000000c8600000| Untracked 
|  23|0x00000000c8700000, 0x00000000c8700000, 0x00000000c8800000|  0%| F|  |TAMS 0x00000000c8700000, 0x00000000c8700000| Untracked 
|  24|0x00000000c8800000, 0x00000000c8800000, 0x00000000c8900000|  0%| F|  |TAMS 0x00000000c8800000, 0x00000000c8800000| Untracked 
|  25|0x00000000c8900000, 0x00000000c8900000, 0x00000000c8a00000|  0%| F|  |TAMS 0x00000000c8900000, 0x00000000c8900000| Untracked 
|  26|0x00000000c8a00000, 0x00000000c8a00000, 0x00000000c8b00000|  0%| F|  |TAMS 0x00000000c8a00000, 0x00000000c8a00000| Untracked 
|  27|0x00000000c8b00000, 0x00000000c8b00000, 0x00000000c8c00000|  0%| F|  |TAMS 0x00000000c8b00000, 0x00000000c8b00000| Untracked 
|  28|0x00000000c8c00000, 0x00000000c8c00000, 0x00000000c8d00000|  0%| F|  |TAMS 0x00000000c8c00000, 0x00000000c8c00000| Untracked 
|  29|0x00000000c8d00000, 0x00000000c8d00000, 0x00000000c8e00000|  0%| F|  |TAMS 0x00000000c8d00000, 0x00000000c8d00000| Untracked 
|  30|0x00000000c8e00000, 0x00000000c8e00000, 0x00000000c8f00000|  0%| F|  |TAMS 0x00000000c8e00000, 0x00000000c8e00000| Untracked 
|  31|0x00000000c8f00000, 0x00000000c8f00000, 0x00000000c9000000|  0%| F|  |TAMS 0x00000000c8f00000, 0x00000000c8f00000| Untracked 
|  32|0x00000000c9000000, 0x00000000c9000000, 0x00000000c9100000|  0%| F|  |TAMS 0x00000000c9000000, 0x00000000c9000000| Untracked 
|  33|0x00000000c9100000, 0x00000000c9100000, 0x00000000c9200000|  0%| F|  |TAMS 0x00000000c9100000, 0x00000000c9100000| Untracked 
|  34|0x00000000c9200000, 0x00000000c9200000, 0x00000000c9300000|  0%| F|  |TAMS 0x00000000c9200000, 0x00000000c9200000| Untracked 
|  35|0x00000000c9300000, 0x00000000c9300000, 0x00000000c9400000|  0%| F|  |TAMS 0x00000000c9300000, 0x00000000c9300000| Untracked 
|  36|0x00000000c9400000, 0x00000000c9400000, 0x00000000c9500000|  0%| F|  |TAMS 0x00000000c9400000, 0x00000000c9400000| Untracked 
|  37|0x00000000c9500000, 0x00000000c9500000, 0x00000000c9600000|  0%| F|  |TAMS 0x00000000c9500000, 0x00000000c9500000| Untracked 
|  38|0x00000000c9600000, 0x00000000c9600000, 0x00000000c9700000|  0%| F|  |TAMS 0x00000000c9600000, 0x00000000c9600000| Untracked 
|  39|0x00000000c9700000, 0x00000000c9700000, 0x00000000c9800000|  0%| F|  |TAMS 0x00000000c9700000, 0x00000000c9700000| Untracked 
|  40|0x00000000c9800000, 0x00000000c9800000, 0x00000000c9900000|  0%| F|  |TAMS 0x00000000c9800000, 0x00000000c9800000| Untracked 
|  41|0x00000000c9900000, 0x00000000c9900000, 0x00000000c9a00000|  0%| F|  |TAMS 0x00000000c9900000, 0x00000000c9900000| Untracked 
|  42|0x00000000c9a00000, 0x00000000c9a00000, 0x00000000c9b00000|  0%| F|  |TAMS 0x00000000c9a00000, 0x00000000c9a00000| Untracked 
|  43|0x00000000c9b00000, 0x00000000c9b00000, 0x00000000c9c00000|  0%| F|  |TAMS 0x00000000c9b00000, 0x00000000c9b00000| Untracked 
|  44|0x00000000c9c00000, 0x00000000c9c00000, 0x00000000c9d00000|  0%| F|  |TAMS 0x00000000c9c00000, 0x00000000c9c00000| Untracked 
|  45|0x00000000c9d00000, 0x00000000c9d00000, 0x00000000c9e00000|  0%| F|  |TAMS 0x00000000c9d00000, 0x00000000c9d00000| Untracked 
|  46|0x00000000c9e00000, 0x00000000c9e00000, 0x00000000c9f00000|  0%| F|  |TAMS 0x00000000c9e00000, 0x00000000c9e00000| Untracked 
|  47|0x00000000c9f00000, 0x00000000c9f00000, 0x00000000ca000000|  0%| F|  |TAMS 0x00000000c9f00000, 0x00000000c9f00000| Untracked 
|  48|0x00000000ca000000, 0x00000000ca000000, 0x00000000ca100000|  0%| F|  |TAMS 0x00000000ca000000, 0x00000000ca000000| Untracked 
|  49|0x00000000ca100000, 0x00000000ca100000, 0x00000000ca200000|  0%| F|  |TAMS 0x00000000ca100000, 0x00000000ca100000| Untracked 
|  50|0x00000000ca200000, 0x00000000ca200000, 0x00000000ca300000|  0%| F|  |TAMS 0x00000000ca200000, 0x00000000ca200000| Untracked 
|  51|0x00000000ca300000, 0x00000000ca300000, 0x00000000ca400000|  0%| F|  |TAMS 0x00000000ca300000, 0x00000000ca300000| Untracked 
|  52|0x00000000ca400000, 0x00000000ca400000, 0x00000000ca500000|  0%| F|  |TAMS 0x00000000ca400000, 0x00000000ca400000| Untracked 
|  53|0x00000000ca500000, 0x00000000ca500000, 0x00000000ca600000|  0%| F|  |TAMS 0x00000000ca500000, 0x00000000ca500000| Untracked 
|  54|0x00000000ca600000, 0x00000000ca600000, 0x00000000ca700000|  0%| F|  |TAMS 0x00000000ca600000, 0x00000000ca600000| Untracked 
|  55|0x00000000ca700000, 0x00000000ca700000, 0x00000000ca800000|  0%| F|  |TAMS 0x00000000ca700000, 0x00000000ca700000| Untracked 
|  56|0x00000000ca800000, 0x00000000ca800000, 0x00000000ca900000|  0%| F|  |TAMS 0x00000000ca800000, 0x00000000ca800000| Untracked 
|  57|0x00000000ca900000, 0x00000000ca900000, 0x00000000caa00000|  0%| F|  |TAMS 0x00000000ca900000, 0x00000000ca900000| Untracked 
|  58|0x00000000caa00000, 0x00000000caa00000, 0x00000000cab00000|  0%| F|  |TAMS 0x00000000caa00000, 0x00000000caa00000| Untracked 
|  59|0x00000000cab00000, 0x00000000cab00000, 0x00000000cac00000|  0%| F|  |TAMS 0x00000000cab00000, 0x00000000cab00000| Untracked 
|  60|0x00000000cac00000, 0x00000000cac00000, 0x00000000cad00000|  0%| F|  |TAMS 0x00000000cac00000, 0x00000000cac00000| Untracked 
|  61|0x00000000cad00000, 0x00000000cad00000, 0x00000000cae00000|  0%| F|  |TAMS 0x00000000cad00000, 0x00000000cad00000| Untracked 
|  62|0x00000000cae00000, 0x00000000cae00000, 0x00000000caf00000|  0%| F|  |TAMS 0x00000000cae00000, 0x00000000cae00000| Untracked 
|  63|0x00000000caf00000, 0x00000000caf00000, 0x00000000cb000000|  0%| F|  |TAMS 0x00000000caf00000, 0x00000000caf00000| Untracked 
|  64|0x00000000cb000000, 0x00000000cb000000, 0x00000000cb100000|  0%| F|  |TAMS 0x00000000cb000000, 0x00000000cb000000| Untracked 
|  65|0x00000000cb100000, 0x00000000cb100000, 0x00000000cb200000|  0%| F|  |TAMS 0x00000000cb100000, 0x00000000cb100000| Untracked 
|  66|0x00000000cb200000, 0x00000000cb200000, 0x00000000cb300000|  0%| F|  |TAMS 0x00000000cb200000, 0x00000000cb200000| Untracked 
|  67|0x00000000cb300000, 0x00000000cb300000, 0x00000000cb400000|  0%| F|  |TAMS 0x00000000cb300000, 0x00000000cb300000| Untracked 
|  68|0x00000000cb400000, 0x00000000cb400000, 0x00000000cb500000|  0%| F|  |TAMS 0x00000000cb400000, 0x00000000cb400000| Untracked 
|  69|0x00000000cb500000, 0x00000000cb500000, 0x00000000cb600000|  0%| F|  |TAMS 0x00000000cb500000, 0x00000000cb500000| Untracked 
|  70|0x00000000cb600000, 0x00000000cb600000, 0x00000000cb700000|  0%| F|  |TAMS 0x00000000cb600000, 0x00000000cb600000| Untracked 
|  71|0x00000000cb700000, 0x00000000cb700000, 0x00000000cb800000|  0%| F|  |TAMS 0x00000000cb700000, 0x00000000cb700000| Untracked 
|  72|0x00000000cb800000, 0x00000000cb800000, 0x00000000cb900000|  0%| F|  |TAMS 0x00000000cb800000, 0x00000000cb800000| Untracked 
|  73|0x00000000cb900000, 0x00000000cb900000, 0x00000000cba00000|  0%| F|  |TAMS 0x00000000cb900000, 0x00000000cb900000| Untracked 
|  74|0x00000000cba00000, 0x00000000cba00000, 0x00000000cbb00000|  0%| F|  |TAMS 0x00000000cba00000, 0x00000000cba00000| Untracked 
|  75|0x00000000cbb00000, 0x00000000cbb00000, 0x00000000cbc00000|  0%| F|  |TAMS 0x00000000cbb00000, 0x00000000cbb00000| Untracked 
|  76|0x00000000cbc00000, 0x00000000cbc00000, 0x00000000cbd00000|  0%| F|  |TAMS 0x00000000cbc00000, 0x00000000cbc00000| Untracked 
|  77|0x00000000cbd00000, 0x00000000cbd00000, 0x00000000cbe00000|  0%| F|  |TAMS 0x00000000cbd00000, 0x00000000cbd00000| Untracked 
|  78|0x00000000cbe00000, 0x00000000cbe00000, 0x00000000cbf00000|  0%| F|  |TAMS 0x00000000cbe00000, 0x00000000cbe00000| Untracked 
|  79|0x00000000cbf00000, 0x00000000cbf00000, 0x00000000cc000000|  0%| F|  |TAMS 0x00000000cbf00000, 0x00000000cbf00000| Untracked 
|  80|0x00000000cc000000, 0x00000000cc000000, 0x00000000cc100000|  0%| F|  |TAMS 0x00000000cc000000, 0x00000000cc000000| Untracked 
|  81|0x00000000cc100000, 0x00000000cc100000, 0x00000000cc200000|  0%| F|  |TAMS 0x00000000cc100000, 0x00000000cc100000| Untracked 
|  82|0x00000000cc200000, 0x00000000cc200000, 0x00000000cc300000|  0%| F|  |TAMS 0x00000000cc200000, 0x00000000cc200000| Untracked 
|  83|0x00000000cc300000, 0x00000000cc300000, 0x00000000cc400000|  0%| F|  |TAMS 0x00000000cc300000, 0x00000000cc300000| Untracked 
|  84|0x00000000cc400000, 0x00000000cc400000, 0x00000000cc500000|  0%| F|  |TAMS 0x00000000cc400000, 0x00000000cc400000| Untracked 
|  85|0x00000000cc500000, 0x00000000cc500000, 0x00000000cc600000|  0%| F|  |TAMS 0x00000000cc500000, 0x00000000cc500000| Untracked 
|  86|0x00000000cc600000, 0x00000000cc600000, 0x00000000cc700000|  0%| F|  |TAMS 0x00000000cc600000, 0x00000000cc600000| Untracked 
|  87|0x00000000cc700000, 0x00000000cc700000, 0x00000000cc800000|  0%| F|  |TAMS 0x00000000cc700000, 0x00000000cc700000| Untracked 
|  88|0x00000000cc800000, 0x00000000cc800000, 0x00000000cc900000|  0%| F|  |TAMS 0x00000000cc800000, 0x00000000cc800000| Untracked 
|  89|0x00000000cc900000, 0x00000000cc900000, 0x00000000cca00000|  0%| F|  |TAMS 0x00000000cc900000, 0x00000000cc900000| Untracked 
|  90|0x00000000cca00000, 0x00000000cca00000, 0x00000000ccb00000|  0%| F|  |TAMS 0x00000000cca00000, 0x00000000cca00000| Untracked 
|  91|0x00000000ccb00000, 0x00000000ccb00000, 0x00000000ccc00000|  0%| F|  |TAMS 0x00000000ccb00000, 0x00000000ccb00000| Untracked 
|  92|0x00000000ccc00000, 0x00000000ccc00000, 0x00000000ccd00000|  0%| F|  |TAMS 0x00000000ccc00000, 0x00000000ccc00000| Untracked 
|  93|0x00000000ccd00000, 0x00000000ccd00000, 0x00000000cce00000|  0%| F|  |TAMS 0x00000000ccd00000, 0x00000000ccd00000| Untracked 
|  94|0x00000000cce00000, 0x00000000cce00000, 0x00000000ccf00000|  0%| F|  |TAMS 0x00000000cce00000, 0x00000000cce00000| Untracked 
|  95|0x00000000ccf00000, 0x00000000ccf00000, 0x00000000cd000000|  0%| F|  |TAMS 0x00000000ccf00000, 0x00000000ccf00000| Untracked 
|  96|0x00000000cd000000, 0x00000000cd000000, 0x00000000cd100000|  0%| F|  |TAMS 0x00000000cd000000, 0x00000000cd000000| Untracked 
|  97|0x00000000cd100000, 0x00000000cd100000, 0x00000000cd200000|  0%| F|  |TAMS 0x00000000cd100000, 0x00000000cd100000| Untracked 
|  98|0x00000000cd200000, 0x00000000cd200000, 0x00000000cd300000|  0%| F|  |TAMS 0x00000000cd200000, 0x00000000cd200000| Untracked 
|  99|0x00000000cd300000, 0x00000000cd300000, 0x00000000cd400000|  0%| F|  |TAMS 0x00000000cd300000, 0x00000000cd300000| Untracked 
| 100|0x00000000cd400000, 0x00000000cd400000, 0x00000000cd500000|  0%| F|  |TAMS 0x00000000cd400000, 0x00000000cd400000| Untracked 
| 101|0x00000000cd500000, 0x00000000cd500000, 0x00000000cd600000|  0%| F|  |TAMS 0x00000000cd500000, 0x00000000cd500000| Untracked 
| 102|0x00000000cd600000, 0x00000000cd600000, 0x00000000cd700000|  0%| F|  |TAMS 0x00000000cd600000, 0x00000000cd600000| Untracked 
| 103|0x00000000cd700000, 0x00000000cd700000, 0x00000000cd800000|  0%| F|  |TAMS 0x00000000cd700000, 0x00000000cd700000| Untracked 
| 104|0x00000000cd800000, 0x00000000cd800000, 0x00000000cd900000|  0%| F|  |TAMS 0x00000000cd800000, 0x00000000cd800000| Untracked 
| 105|0x00000000cd900000, 0x00000000cd900000, 0x00000000cda00000|  0%| F|  |TAMS 0x00000000cd900000, 0x00000000cd900000| Untracked 
| 106|0x00000000cda00000, 0x00000000cda00000, 0x00000000cdb00000|  0%| F|  |TAMS 0x00000000cda00000, 0x00000000cda00000| Untracked 
| 107|0x00000000cdb00000, 0x00000000cdb00000, 0x00000000cdc00000|  0%| F|  |TAMS 0x00000000cdb00000, 0x00000000cdb00000| Untracked 
| 108|0x00000000cdc00000, 0x00000000cdc00000, 0x00000000cdd00000|  0%| F|  |TAMS 0x00000000cdc00000, 0x00000000cdc00000| Untracked 
| 109|0x00000000cdd00000, 0x00000000cdd00000, 0x00000000cde00000|  0%| F|  |TAMS 0x00000000cdd00000, 0x00000000cdd00000| Untracked 
| 110|0x00000000cde00000, 0x00000000cde00810, 0x00000000cdf00000|  0%| S|CS|TAMS 0x00000000cde00000, 0x00000000cde00000| Complete 
| 111|0x00000000cdf00000, 0x00000000cdf00000, 0x00000000ce000000|  0%| F|  |TAMS 0x00000000cdf00000, 0x00000000cdf00000| Untracked 
| 112|0x00000000ce000000, 0x00000000ce000000, 0x00000000ce100000|  0%| F|  |TAMS 0x00000000ce000000, 0x00000000ce000000| Untracked 
| 113|0x00000000ce100000, 0x00000000ce100000, 0x00000000ce200000|  0%| F|  |TAMS 0x00000000ce100000, 0x00000000ce100000| Untracked 
| 114|0x00000000ce200000, 0x00000000ce200000, 0x00000000ce300000|  0%| F|  |TAMS 0x00000000ce200000, 0x00000000ce200000| Untracked 
| 115|0x00000000ce300000, 0x00000000ce300000, 0x00000000ce400000|  0%| F|  |TAMS 0x00000000ce300000, 0x00000000ce300000| Untracked 

Card table byte_map: [0x00007eff88a07000,0x00007eff88bcf000] _byte_map_base: 0x00007eff883cf000

Marking Bits (Prev, Next): (CMBitMap*) 0x00007eff9c052530, (CMBitMap*) 0x00007eff9c052570
 Prev Bits: [0x00007eff879ff000, 0x00007eff8883f000)
 Next Bits: [0x00007eff86bbf000, 0x00007eff879ff000)

Polling page: 0x00007effa3029000

Metaspace:

Usage:
  Non-class:      3.53 MB used.
      Class:    305.56 KB used.
       Both:      3.83 MB used.

Virtual space:
  Non-class space:        8.00 MB reserved,       3.62 MB ( 45%) committed,  1 nodes.
      Class space:        1.00 GB reserved,     384.00 KB ( <1%) committed,  1 nodes.
             Both:        1.01 GB reserved,       4.00 MB ( <1%) committed. 

Chunk freelists:
   Non-Class:  3.97 MB
       Class:  3.62 MB
        Both:  7.59 MB

MaxMetaspaceSize: unlimited
CompressedClassSpaceSize: 1.00 GB
Initial GC threshold: 21.00 MB
Current GC threshold: 21.00 MB
CDS: off
MetaspaceReclaimPolicy: balanced
 - commit_granule_bytes: 65536.
 - commit_granule_words: 8192.
 - virtual_space_node_default_size: 1048576.
 - enlarge_chunks_in_place: 1.
 - new_chunks_are_fully_committed: 0.
 - uncommit_free_chunks: 1.
 - use_allocation_guard: 0.
 - handle_deallocations: 1.


Internal statistics:

num_allocs_failed_limit: 0.
num_arena_births: 4.
num_arena_deaths: 0.
num_vsnodes_births: 2.
num_vsnodes_deaths: 0.
num_space_committed: 64.
num_space_uncommitted: 0.
num_chunks_returned_to_freelist: 0.
num_chunks_taken_from_freelist: 8.
num_chunk_merges: 0.
num_chunk_splits: 4.
num_chunks_enlarged: 3.
num_purges: 0.
num_inconsistent_stats: 0.

CodeHeap 'non-profiled nmethods': size=120032Kb used=124Kb max_used=124Kb free=119907Kb
 bounds [0x00007eff90e39000, 0x00007eff910a9000, 0x00007eff98371000]
CodeHeap 'profiled nmethods': size=120028Kb used=368Kb max_used=368Kb free=119659Kb
 bounds [0x00007eff89902000, 0x00007eff89b72000, 0x00007eff90e39000]
CodeHeap 'non-nmethods': size=5700Kb used=1029Kb max_used=1048Kb free=4670Kb
 bounds [0x00007eff89371000, 0x00007eff895e1000, 0x00007eff89902000]
 total_blobs=518 nmethods=231 adapters=201
 compilation: enabled
              stopped_count=0, restarted_count=0
 full_count=0

Compilation events (20 events):
Event: 7579.440 Thread 0x00007eff9c14f080  222       4       sun.nio.cs.UTF_8$Decoder::decodeArrayLoop (688 bytes)
Event: 7579.447 Thread 0x00007eff9c14f080 nmethod 222 0x00007eff90e54010 code [0x00007eff90e541c0, 0x00007eff90e546f8]
Event: 7579.448 Thread 0x00007eff9c14f080  223       4       java.lang.String::decodeASCII (64 bytes)
Event: 7579.449 Thread 0x00007eff9c14f080 nmethod 223 0x00007eff90e54d90 code [0x00007eff90e54f20, 0x00007eff90e55178]
Event: 7579.715 Thread 0x00007eff9c14f080  224   !   4       java.io.BufferedReader::readLine (327 bytes)
Event: 7579.728 Thread 0x00007eff9c14f080 nmethod 224 0x00007eff90e55290 code [0x00007eff90e55440, 0x00007eff90e55988]
Event: 7579.731 Thread 0x00007eff9c14f080  225       4       java.io.BufferedReader::fill (170 bytes)
Event: 7579.736 Thread 0x00007eff9c14f080 nmethod 225 0x00007eff90e55e10 code [0x00007eff90e55fa0, 0x00007eff90e56108]
Event: 7580.036 Thread 0x00007eff9c14f080  226   !   4       java.io.PrintStream::println (51 bytes)
Event: 7580.041 Thread 0x00007eff9c14f080 nmethod 226 0x00007eff90e56310 code [0x00007eff90e564a0, 0x00007eff90e56588]
Event: 7580.041 Thread 0x00007eff9c14f080  227       4       java.lang.Throwable::toString (45 bytes)
Event: 7580.080 Thread 0x00007eff9c14f080 nmethod 227 0x00007eff90e56690 code [0x00007eff90e56820, 0x00007eff90e56c98]
Event: 7620.214 Thread 0x00007eff9c1505b0  229       3       java.lang.ref.ReferenceQueue::reallyPoll (65 bytes)
Event: 7620.215 Thread 0x00007eff9c1505b0 nmethod 229 0x00007eff89954e90 code [0x00007eff89955060, 0x00007eff89955570]
Event: 7678.198 Thread 0x00007eff9c1505b0  231 % !   3       org.banking.BankApp::main @ 36 (559 bytes)
Event: 7679.316 Thread 0x00007eff9c1505b0 nmethod 231% 0x00007eff89955690 code [0x00007eff89955d60, 0x00007eff89957ff0]
Event: 7679.571 Thread 0x00007eff9c1505b0  232   !   3       org.banking.BankApp::main (559 bytes)
Event: 7679.992 Thread 0x00007eff9c1505b0 nmethod 232 0x00007eff89959d90 code [0x00007eff8995a440, 0x00007eff8995c5d0]
Event: 7763.904 Thread 0x00007eff9c14f080  234 % !   4       org.banking.BankApp::main @ 36 (559 bytes)
Event: 7772.701 Thread 0x00007eff9c14f080 nmethod 234% 0x00007eff90e57590 code [0x00007eff90e577a0, 0x00007eff90e57c00]

GC Heap History (20 events):
Event: 8716.559 GC heap after
{Heap after GC invocations=103 (full 0):
 garbage-first heap   total 118784K, used 525K [0x00000000c7000000, 0x0000000100000000)
  region size 1024K, 1 young (1024K), 1 survivors (1024K)
 Metaspace       used 3921K, committed 4096K, reserved 1056768K
  class space    used 305K, committed 384K, reserved 1048576K
}
Event: 8717.366 GC heap before
{Heap before GC invocations=103 (full 0):
 garbage-first heap   total 118784K, used 4621K [0x00000000c7000000, 0x0000000100000000)
  region size 1024K, 5 young (5120K), 1 survivors (1024K)
 Metaspace       used 3921K, committed 4096K, reserved 1056768K
  class space    used 305K, committed 384K, reserved 1048576K
}
Event: 8717.366 GC heap after
{Heap after GC invocations=104 (full 0):
 garbage-first heap   total 118784K, used 525K [0x00000000c7000000, 0x0000000100000000)
  region size 1024K, 1 young (1024K), 1 survivors (1024K)
 Metaspace       used 3921K, committed 4096K, reserved 1056768K
  class space    used 305K, committed 384K, reserved 1048576K
}
Event: 8718.160 GC heap before
{Heap before GC invocations=104 (full 0):
 garbage-first heap   total 118784K, used 4621K [0x00000000c7000000, 0x0000000100000000)
  region size 1024K, 5 young (5120K), 1 survivors (1024K)
 Metaspace       used 3921K, committed 4096K, reserved 1056768K
  class space    used 305K, committed 384K, reserved 1048576K
}
Event: 8718.161 GC heap after
{Heap after GC invocations=105 (full 0):
 garbage-first heap   total 118784K, used 525K [0x00000000c7000000, 0x0000000100000000)
  region size 1024K, 1 young (1024K), 1 survivors (1024K)
 Metaspace       used 3921K, committed 4096K, reserved 1056768K
  class space    used 305K, committed 384K, reserved 1048576K
}
Event: 8722.423 GC heap before
{Heap before GC invocations=105 (full 0):
 garbage-first heap   total 118784K, used 21005K [0x00000000c7000000, 0x0000000100000000)
  region size 1024K, 21 young (21504K), 1 survivors (1024K)
 Metaspace       used 3921K, committed 4096K, reserved 1056768K
  class space    used 305K, committed 384K, reserved 1048576K
}
Event: 8722.423 GC heap after
{Heap after GC invocations=106 (full 0):
 garbage-first heap   total 118784K, used 525K [0x00000000c7000000, 0x0000000100000000)
  region size 1024K, 1 young (1024K), 1 survivors (1024K)
 Metaspace       used 3921K, committed 4096K, reserved 1056768K
  class space    used 305K, committed 384K, reserved 1048576K
}
Event: 8745.572 GC heap before
{Heap before GC invocations=106 (full 0):
 garbage-first heap   total 118784K, used 70157K [0x00000000c7000000, 0x0000000100000000)
  region size 1024K, 69 young (70656K), 1 survivors (1024K)
 Metaspace       used 3921K, committed 4096K, reserved 1056768K
  class space    used 305K, committed 384K, reserved 1048576K
}
Event: 8778.697 GC heap after
{Heap after GC invocations=107 (full 0):
 garbage-first heap   total 118784K, used 527K [0x00000000c7000000, 0x0000000100000000)
  region size 1024K, 1 young (1024K), 1 survivors (1024K)
 Metaspace       used 3921K, committed 4096K, reserved 1056768K
  class space    used 305K, committed 384K, reserved 1048576K
}
Event: 8799.226 GC heap before
{Heap before GC invocations=107 (full 0):
 garbage-first heap   total 118784K, used 4623K [0x00000000c7000000, 0x0000000100000000)
  region size 1024K, 5 young (5120K), 1 survivors (1024K)
 Metaspace       used 3921K, committed 4096K, reserved 1056768K
  class space    used 305K, committed 384K, reserved 1048576K
}
Event: 8801.591 GC heap after
{Heap after GC invocations=108 (full 0):
 garbage-first heap   total 118784K, used 527K [0x00000000c7000000, 0x0000000100000000)
  region size 1024K, 1 young (1024K), 1 survivors (1024K)
 Metaspace       used 3921K, committed 4096K, reserved 1056768K
  class space    used 305K, committed 384K, reserved 1048576K
}
Event: 8802.168 GC heap before
{Heap before GC invocations=108 (full 0):
 garbage-first heap   total 118784K, used 4623K [0x00000000c7000000, 0x0000000100000000)
  region size 1024K, 5 young (5120K), 1 survivors (1024K)
 Metaspace       used 3921K, committed 4096K, reserved 1056768K
  class space    used 305K, committed 384K, reserved 1048576K
}
Event: 8802.168 GC heap after
{Heap after GC invocations=109 (full 0):
 garbage-first heap   total 118784K, used 525K [0x00000000c7000000, 0x0000000100000000)
  region size 1024K, 1 young (1024K), 1 survivors (1024K)
 Metaspace       used 3921K, committed 4096K, reserved 1056768K
  class space    used 305K, committed 384K, reserved 1048576K
}
Event: 8802.781 GC heap before
{Heap before GC invocations=109 (full 0):
 garbage-first heap   total 118784K, used 4621K [0x00000000c7000000, 0x0000000100000000)
  region size 1024K, 5 young (5120K), 1 survivors (1024K)
 Metaspace       used 3921K, committed 4096K, reserved 1056768K
  class space    used 305K, committed 384K, reserved 1048576K
}
Event: 8802.781 GC heap after
{Heap after GC invocations=110 (full 0):
 garbage-first heap   total 118784K, used 525K [0x00000000c7000000, 0x0000000100000000)
  region size 1024K, 1 young (1024K), 1 survivors (1024K)
 Metaspace       used 3921K, committed 4096K, reserved 1056768K
  class space    used 305K, committed 384K, reserved 1048576K
}
Event: 8802.943 GC heap before
{Heap before GC invocations=110 (full 0):
 garbage-first heap   total 118784K, used 4621K [0x00000000c7000000, 0x0000000100000000)
  region size 1024K, 5 young (5120K), 1 survivors (1024K)
 Metaspace       used 3921K, committed 4096K, reserved 1056768K
  class space    used 305K, committed 384K, reserved 1048576K
}
Event: 8802.943 GC heap after
{Heap after GC invocations=111 (full 0):
 garbage-first heap   total 118784K, used 525K [0x00000000c7000000, 0x0000000100000000)
  region size 1024K, 1 young (1024K), 1 survivors (1024K)
 Metaspace       used 3921K, committed 4096K, reserved 1056768K
  class space    used 305K, committed 384K, reserved 1048576K
}
Event: 8803.054 GC heap before
{Heap before GC invocations=111 (full 0):
 garbage-first heap   total 118784K, used 4621K [0x00000000c7000000, 0x0000000100000000)
  region size 1024K, 5 young (5120K), 1 survivors (1024K)
 Metaspace       used 3921K, committed 4096K, reserved 1056768K
  class space    used 305K, committed 384K, reserved 1048576K
}
Event: 8803.054 GC heap after
{Heap after GC invocations=112 (full 0):
 garbage-first heap   total 118784K, used 525K [0x00000000c7000000, 0x0000000100000000)
  region size 1024K, 1 young (1024K), 1 survivors (1024K)
 Metaspace       used 3921K, committed 4096K, reserved 1056768K
  class space    used 305K, committed 384K, reserved 1048576K
}
Event: 8803.127 GC heap before
{Heap before GC invocations=112 (full 0):
 garbage-first heap   total 118784K, used 4621K [0x00000000c7000000, 0x0000000100000000)
  region size 1024K, 5 young (5120K), 1 survivors (1024K)
 Metaspace       used 3921K, committed 4096K, reserved 1056768K
  class space    used 305K, committed 384K, reserved 1048576K
}

Deoptimization events (2 events):
Event: 7787.094 Thread 0x00007eff9c024e90 DEOPT PACKING pc=0x00007eff89957b6e sp=0x00007effa3010910
Event: 7787.147 Thread 0x00007eff9c024e90 DEOPT UNPACKING pc=0x00007eff893c382f sp=0x00007effa300fed8 mode 0

Classes unloaded (0 events):
No events

Classes redefined (0 events):
No events

Internal exceptions (20 events):
Event: 8803.127 Thread 0x00007eff9c024e90 Exception <a 'java/io/IOException'{0x00000000ce0fb230}> (0x00000000ce0fb230) 
thrown [src/hotspot/share/prims/jni.cpp, line 516]
Event: 8803.127 Thread 0x00007eff9c024e90 Exception <a 'java/io/IOException'{0x00000000ce0fb538}> (0x00000000ce0fb538) 
thrown [src/hotspot/share/prims/jni.cpp, line 516]
Event: 8803.127 Thread 0x00007eff9c024e90 Exception <a 'java/io/IOException'{0x00000000ce0fbbb0}> (0x00000000ce0fbbb0) 
thrown [src/hotspot/share/prims/jni.cpp, line 516]
Event: 8803.127 Thread 0x00007eff9c024e90 Exception <a 'java/io/IOException'{0x00000000ce0fbeb8}> (0x00000000ce0fbeb8) 
thrown [src/hotspot/share/prims/jni.cpp, line 516]
Event: 8803.127 Thread 0x00007eff9c024e90 Exception <a 'java/io/IOException'{0x00000000ce0fc1c0}> (0x00000000ce0fc1c0) 
thrown [src/hotspot/share/prims/jni.cpp, line 516]
Event: 8803.127 Thread 0x00007eff9c024e90 Exception <a 'java/io/IOException'{0x00000000ce0fc4c8}> (0x00000000ce0fc4c8) 
thrown [src/hotspot/share/prims/jni.cpp, line 516]
Event: 8803.127 Thread 0x00007eff9c024e90 Exception <a 'java/io/IOException'{0x00000000ce0fc7d0}> (0x00000000ce0fc7d0) 
thrown [src/hotspot/share/prims/jni.cpp, line 516]
Event: 8803.127 Thread 0x00007eff9c024e90 Exception <a 'java/io/IOException'{0x00000000ce0fcad8}> (0x00000000ce0fcad8) 
thrown [src/hotspot/share/prims/jni.cpp, line 516]
Event: 8803.127 Thread 0x00007eff9c024e90 Exception <a 'java/io/IOException'{0x00000000ce0fd150}> (0x00000000ce0fd150) 
thrown [src/hotspot/share/prims/jni.cpp, line 516]
Event: 8803.127 Thread 0x00007eff9c024e90 Exception <a 'java/io/IOException'{0x00000000ce0fd458}> (0x00000000ce0fd458) 
thrown [src/hotspot/share/prims/jni.cpp, line 516]
Event: 8803.127 Thread 0x00007eff9c024e90 Exception <a 'java/io/IOException'{0x00000000ce0fd760}> (0x00000000ce0fd760) 
thrown [src/hotspot/share/prims/jni.cpp, line 516]
Event: 8803.127 Thread 0x00007eff9c024e90 Exception <a 'java/io/IOException'{0x00000000ce0fda68}> (0x00000000ce0fda68) 
thrown [src/hotspot/share/prims/jni.cpp, line 516]
Event: 8803.127 Thread 0x00007eff9c024e90 Exception <a 'java/io/IOException'{0x00000000ce0fdd70}> (0x00000000ce0fdd70) 
thrown [src/hotspot/share/prims/jni.cpp, line 516]
Event: 8803.127 Thread 0x00007eff9c024e90 Exception <a 'java/io/IOException'{0x00000000ce0fe078}> (0x00000000ce0fe078) 
thrown [src/hotspot/share/prims/jni.cpp, line 516]
Event: 8803.127 Thread 0x00007eff9c024e90 Exception <a 'java/io/IOException'{0x00000000ce0fe6f0}> (0x00000000ce0fe6f0) 
thrown [src/hotspot/share/prims/jni.cpp, line 516]
Event: 8803.127 Thread 0x00007eff9c024e90 Exception <a 'java/io/IOException'{0x00000000ce0fe9f8}> (0x00000000ce0fe9f8) 
thrown [src/hotspot/share/prims/jni.cpp, line 516]
Event: 8803.127 Thread 0x00007eff9c024e90 Exception <a 'java/io/IOException'{0x00000000ce0fed00}> (0x00000000ce0fed00) 
thrown [src/hotspot/share/prims/jni.cpp, line 516]
Event: 8803.127 Thread 0x00007eff9c024e90 Exception <a 'java/io/IOException'{0x00000000ce0ff008}> (0x00000000ce0ff008) 
thrown [src/hotspot/share/prims/jni.cpp, line 516]
Event: 8803.127 Thread 0x00007eff9c024e90 Exception <a 'java/io/IOException'{0x00000000ce0ff310}> (0x00000000ce0ff310) 
thrown [src/hotspot/share/prims/jni.cpp, line 516]
Event: 8803.127 Thread 0x00007eff9c024e90 Exception <a 'java/io/IOException'{0x00000000ce0ff618}> (0x00000000ce0ff618) 
thrown [src/hotspot/share/prims/jni.cpp, line 516]

VM Operations (20 events):
Event: 8716.559 Executing VM operation: G1CollectForAllocation done
Event: 8717.366 Executing VM operation: G1CollectForAllocation
Event: 8717.366 Executing VM operation: G1CollectForAllocation done
Event: 8718.160 Executing VM operation: G1CollectForAllocation
Event: 8718.161 Executing VM operation: G1CollectForAllocation done
Event: 8722.423 Executing VM operation: G1CollectForAllocation
Event: 8722.423 Executing VM operation: G1CollectForAllocation done
Event: 8745.571 Executing VM operation: G1CollectForAllocation
Event: 8790.316 Executing VM operation: G1CollectForAllocation done
Event: 8799.008 Executing VM operation: G1CollectForAllocation
Event: 8801.591 Executing VM operation: G1CollectForAllocation done
Event: 8802.168 Executing VM operation: G1CollectForAllocation
Event: 8802.168 Executing VM operation: G1CollectForAllocation done
Event: 8802.781 Executing VM operation: G1CollectForAllocation
Event: 8802.781 Executing VM operation: G1CollectForAllocation done
Event: 8802.943 Executing VM operation: G1CollectForAllocation
Event: 8802.943 Executing VM operation: G1CollectForAllocation done
Event: 8803.054 Executing VM operation: G1CollectForAllocation
Event: 8803.054 Executing VM operation: G1CollectForAllocation done
Event: 8803.127 Executing VM operation: G1CollectForAllocation

Events (20 events):
Event: 0.197 loading class java/lang/NumberFormatException
Event: 0.197 loading class java/lang/NumberFormatException done
Event: 0.197 loading class java/io/IOException
Event: 0.197 loading class java/io/IOException done
Event: 0.197 loading class java/lang/PublicMethods$MethodList
Event: 0.197 loading class java/lang/PublicMethods$MethodList done
Event: 0.197 loading class java/lang/PublicMethods$Key
Event: 0.197 loading class java/lang/PublicMethods$Key done
Event: 0.198 loading class java/lang/Void
Event: 0.198 loading class java/lang/Void done
Event: 0.198 loading class java/util/concurrent/ConcurrentHashMap$ForwardingNode
Event: 0.198 loading class java/util/concurrent/ConcurrentHashMap$ForwardingNode done
Event: 0.198 loading class java/io/BufferedReader
Event: 0.198 loading class java/io/BufferedReader done
Event: 0.198 loading class sun/nio/cs/StreamDecoder
Event: 0.198 loading class sun/nio/cs/StreamDecoder done
Event: 7560.200 loading class java/io/InterruptedIOException
Event: 7560.201 loading class java/io/InterruptedIOException done
Event: 7564.651 loading class jdk/internal/access/foreign/MemorySegmentProxy
Event: 7564.718 loading class jdk/internal/access/foreign/MemorySegmentProxy done


Dynamic libraries:
c7000000-ce400000 rw-p 00000000 00:00 0 
d6400000-100000000 ---p 00000000 00:00 0 
100000000-100010000 rw-p 00000000 00:00 0 
100010000-100020000 ---p 00000000 00:00 0 
100020000-100030000 rw-p 00000000 00:00 0 
100030000-100040000 ---p 00000000 00:00 0 
100040000-100080000 rw-p 00000000 00:00 0 
100080000-140000000 ---p 00000000 00:00 0 
55658d421000-55658d422000 r-xp 00000000 08:05 1578248                    /home/samarth/.p2/pool/plugins/org.eclipse.justj.openjdk.hotspot.jre.full.linux.x86_64_17.0.2.v20220201-1208/jre/bin/java
55658d622000-55658d623000 r--p 00001000 08:05 1578248                    /home/samarth/.p2/pool/plugins/org.eclipse.justj.openjdk.hotspot.jre.full.linux.x86_64_17.0.2.v20220201-1208/jre/bin/java
55658d623000-55658d624000 rw-p 00002000 08:05 1578248                    /home/samarth/.p2/pool/plugins/org.eclipse.justj.openjdk.hotspot.jre.full.linux.x86_64_17.0.2.v20220201-1208/jre/bin/java
55658e3fc000-55658e41d000 rw-p 00000000 00:00 0                          [heap]
7eff38000000-7eff38021000 rw-p 00000000 00:00 0 
7eff38021000-7eff3c000000 ---p 00000000 00:00 0 
7eff3c000000-7eff3c021000 rw-p 00000000 00:00 0 
7eff3c021000-7eff40000000 ---p 00000000 00:00 0 
7eff40000000-7eff40021000 rw-p 00000000 00:00 0 
7eff40021000-7eff44000000 ---p 00000000 00:00 0 
7eff44000000-7eff44021000 rw-p 00000000 00:00 0 
7eff44021000-7eff48000000 ---p 00000000 00:00 0 
7eff48000000-7eff481bf000 rw-p 00000000 00:00 0 
7eff481bf000-7eff4c000000 ---p 00000000 00:00 0 
7eff4c000000-7eff4c021000 rw-p 00000000 00:00 0 
7eff4c021000-7eff50000000 ---p 00000000 00:00 0 
7eff50000000-7eff50021000 rw-p 00000000 00:00 0 
7eff50021000-7eff54000000 ---p 00000000 00:00 0 
7eff54000000-7eff54371000 rw-p 00000000 00:00 0 
7eff54371000-7eff58000000 ---p 00000000 00:00 0 
7eff58000000-7eff58021000 rw-p 00000000 00:00 0 
7eff58021000-7eff5c000000 ---p 00000000 00:00 0 
7eff5c000000-7eff5c021000 rw-p 00000000 00:00 0 
7eff5c021000-7eff60000000 ---p 00000000 00:00 0 
7eff60000000-7eff60021000 rw-p 00000000 00:00 0 
7eff60021000-7eff64000000 ---p 00000000 00:00 0 
7eff64000000-7eff64021000 rw-p 00000000 00:00 0 
7eff64021000-7eff68000000 ---p 00000000 00:00 0 
7eff68000000-7eff68036000 rw-p 00000000 00:00 0 
7eff68036000-7eff6c000000 ---p 00000000 00:00 0 
7eff6e6c5000-7eff6e81b000 rw-p 00000000 00:00 0 
7eff6e81b000-7eff6e81c000 ---p 00000000 00:00 0 
7eff6e81c000-7eff6e91c000 rw-p 00000000 00:00 0 
7eff6e91c000-7eff6e920000 ---p 00000000 00:00 0 
7eff6e920000-7eff6ea1d000 rw-p 00000000 00:00 0 
7eff6ea1d000-7eff6ea1e000 ---p 00000000 00:00 0 
7eff6ea1e000-7eff6eb1e000 rw-p 00000000 00:00 0 
7eff6eb1e000-7eff6eb22000 ---p 00000000 00:00 0 
7eff6eb22000-7eff6ec1f000 rw-p 00000000 00:00 0 
7eff6ec1f000-7eff6ec23000 ---p 00000000 00:00 0 
7eff6ec23000-7eff6ed20000 rw-p 00000000 00:00 0 
7eff6ed20000-7eff6ed24000 ---p 00000000 00:00 0 
7eff6ed24000-7eff6ee21000 rw-p 00000000 00:00 0 
7eff6ee21000-7eff6ee25000 ---p 00000000 00:00 0 
7eff6ee25000-7eff6ef22000 rw-p 00000000 00:00 0 
7eff6ef22000-7eff6ef26000 ---p 00000000 00:00 0 
7eff6ef26000-7eff6f023000 rw-p 00000000 00:00 0 
7eff6f023000-7eff6f027000 ---p 00000000 00:00 0 
7eff6f027000-7eff6f124000 rw-p 00000000 00:00 0 
7eff6f124000-7eff6f128000 ---p 00000000 00:00 0 
7eff6f128000-7eff6f225000 rw-p 00000000 00:00 0 
7eff6f225000-7eff6f4fd000 r--p 00000000 08:05 3933816                    /usr/lib/locale/locale-archive
7eff6f4fd000-7eff6f501000 ---p 00000000 00:00 0 
7eff6f501000-7eff6f5fe000 rw-p 00000000 00:00 0 
7eff6f5fe000-7eff6f602000 ---p 00000000 00:00 0 
7eff6f602000-7eff6f6ff000 rw-p 00000000 00:00 0 
7eff6f6ff000-7eff6f700000 ---p 00000000 00:00 0 
7eff6f700000-7eff6fb90000 rw-p 00000000 00:00 0 
7eff6fb90000-7eff6fc00000 ---p 00000000 00:00 0 
7eff6fc00000-7eff6fc10000 rw-p 00000000 00:00 0 
7eff6fc10000-7eff70000000 ---p 00000000 00:00 0 
7eff70000000-7eff70021000 rw-p 00000000 00:00 0 
7eff70021000-7eff74000000 ---p 00000000 00:00 0 
7eff74000000-7eff74021000 rw-p 00000000 00:00 0 
7eff74021000-7eff78000000 ---p 00000000 00:00 0 
7eff78000000-7eff78021000 rw-p 00000000 00:00 0 
7eff78021000-7eff7c000000 ---p 00000000 00:00 0 
7eff7c000000-7eff7c021000 rw-p 00000000 00:00 0 
7eff7c021000-7eff80000000 ---p 00000000 00:00 0 
7eff80000000-7eff80021000 rw-p 00000000 00:00 0 
7eff80021000-7eff84000000 ---p 00000000 00:00 0 
7eff8402c000-7eff84033000 r-xp 00000000 08:05 1578624                    /home/samarth/.p2/pool/plugins/org.eclipse.justj.openjdk.hotspot.jre.full.linux.x86_64_17.0.2.v20220201-1208/jre/lib/libzip.so
7eff84033000-7eff84233000 ---p 00007000 08:05 1578624                    /home/samarth/.p2/pool/plugins/org.eclipse.justj.openjdk.hotspot.jre.full.linux.x86_64_17.0.2.v20220201-1208/jre/lib/libzip.so
7eff84233000-7eff84234000 r--p 00007000 08:05 1578624                    /home/samarth/.p2/pool/plugins/org.eclipse.justj.openjdk.hotspot.jre.full.linux.x86_64_17.0.2.v20220201-1208/jre/lib/libzip.so
7eff84234000-7eff84235000 rw-p 00008000 08:05 1578624                    /home/samarth/.p2/pool/plugins/org.eclipse.justj.openjdk.hotspot.jre.full.linux.x86_64_17.0.2.v20220201-1208/jre/lib/libzip.so
7eff84235000-7eff842b6000 rw-p 00000000 00:00 0 
7eff842b6000-7eff842b7000 ---p 00000000 00:00 0 
7eff842b7000-7eff843b7000 rw-p 00000000 00:00 0 
7eff843b7000-7eff843b8000 ---p 00000000 00:00 0 
7eff843b8000-7eff868bc000 rw-p 00000000 00:00 0 
7eff868bc000-7eff868bd000 ---p 00000000 00:00 0 
7eff868bd000-7eff869bd000 rw-p 00000000 00:00 0 
7eff869bd000-7eff869be000 ---p 00000000 00:00 0 
7eff869be000-7eff86abe000 rw-p 00000000 00:00 0 
7eff86abe000-7eff86abf000 ---p 00000000 00:00 0 
7eff86abf000-7eff86d8f000 rw-p 00000000 00:00 0 
7eff86d8f000-7eff879ff000 ---p 00000000 00:00 0 
7eff879ff000-7eff87bcf000 rw-p 00000000 00:00 0 
7eff87bcf000-7eff8883f000 ---p 00000000 00:00 0 
7eff8883f000-7eff88879000 rw-p 00000000 00:00 0 
7eff88879000-7eff88a07000 ---p 00000000 00:00 0 
7eff88a07000-7eff88a41000 rw-p 00000000 00:00 0 
7eff88a41000-7eff88bcf000 ---p 00000000 00:00 0 
7eff88bcf000-7eff88c09000 rw-p 00000000 00:00 0 
7eff88c09000-7eff88d97000 ---p 00000000 00:00 0 
7eff88d97000-7eff891a0000 rw-p 00000000 00:00 0 
7eff891a0000-7eff89286000 ---p 00000000 00:00 0 
7eff89286000-7eff8928b000 rw-p 00000000 00:00 0 
7eff8928b000-7eff89371000 ---p 00000000 00:00 0 
7eff89371000-7eff895e1000 rwxp 00000000 00:00 0 
7eff895e1000-7eff89902000 ---p 00000000 00:00 0 
7eff89902000-7eff89b72000 rwxp 00000000 00:00 0 
7eff89b72000-7eff90e39000 ---p 00000000 00:00 0 
7eff90e39000-7eff910a9000 rwxp 00000000 00:00 0 
7eff910a9000-7eff98371000 ---p 00000000 00:00 0 
7eff98371000-7eff98395000 r-xp 00000000 08:05 1578636                    /home/samarth/.p2/pool/plugins/org.eclipse.justj.openjdk.hotspot.jre.full.linux.x86_64_17.0.2.v20220201-1208/jre/lib/libjava.so
7eff98395000-7eff98595000 ---p 00024000 08:05 1578636                    /home/samarth/.p2/pool/plugins/org.eclipse.justj.openjdk.hotspot.jre.full.linux.x86_64_17.0.2.v20220201-1208/jre/lib/libjava.so
7eff98595000-7eff98596000 r--p 00024000 08:05 1578636                    /home/samarth/.p2/pool/plugins/org.eclipse.justj.openjdk.hotspot.jre.full.linux.x86_64_17.0.2.v20220201-1208/jre/lib/libjava.so
7eff98596000-7eff98597000 rw-p 00025000 08:05 1578636                    /home/samarth/.p2/pool/plugins/org.eclipse.justj.openjdk.hotspot.jre.full.linux.x86_64_17.0.2.v20220201-1208/jre/lib/libjava.so
7eff98597000-7eff98598000 rw-p 00000000 00:00 0 
7eff98598000-7eff985a3000 r-xp 00000000 08:05 4987579                    /lib/x86_64-linux-gnu/libnss_files-2.23.so
7eff985a3000-7eff987a2000 ---p 0000b000 08:05 4987579                    /lib/x86_64-linux-gnu/libnss_files-2.23.so
7eff987a2000-7eff987a3000 r--p 0000a000 08:05 4987579                    /lib/x86_64-linux-gnu/libnss_files-2.23.so
7eff987a3000-7eff987a4000 rw-p 0000b000 08:05 4987579                    /lib/x86_64-linux-gnu/libnss_files-2.23.so
7eff987a4000-7eff987aa000 rw-p 00000000 00:00 0 
7eff987aa000-7eff987b5000 r-xp 00000000 08:05 4987586                    /lib/x86_64-linux-gnu/libnss_nis-2.23.so
7eff987b5000-7eff989b4000 ---p 0000b000 08:05 4987586                    /lib/x86_64-linux-gnu/libnss_nis-2.23.so
7eff989b4000-7eff989b5000 r--p 0000a000 08:05 4987586                    /lib/x86_64-linux-gnu/libnss_nis-2.23.so
7eff989b5000-7eff989b6000 rw-p 0000b000 08:05 4987586                    /lib/x86_64-linux-gnu/libnss_nis-2.23.so
7eff989b6000-7eff9c000000 r--s 00000000 08:05 1578623                    /home/samarth/.p2/pool/plugins/org.eclipse.justj.openjdk.hotspot.jre.full.linux.x86_64_17.0.2.v20220201-1208/jre/lib/modules
7eff9c000000-7eff9c216000 rw-p 00000000 00:00 0 
7eff9c216000-7effa0000000 ---p 00000000 00:00 0 
7effa0077000-7effa008d000 r-xp 00000000 08:05 4987587                    /lib/x86_64-linux-gnu/libnsl-2.23.so
7effa008d000-7effa028c000 ---p 00016000 08:05 4987587                    /lib/x86_64-linux-gnu/libnsl-2.23.so
7effa028c000-7effa028d000 r--p 00015000 08:05 4987587                    /lib/x86_64-linux-gnu/libnsl-2.23.so
7effa028d000-7effa028e000 rw-p 00016000 08:05 4987587                    /lib/x86_64-linux-gnu/libnsl-2.23.so
7effa028e000-7effa0290000 rw-p 00000000 00:00 0 
7effa0290000-7effa0298000 r-xp 00000000 08:05 4987589                    /lib/x86_64-linux-gnu/libnss_compat-2.23.so
7effa0298000-7effa0497000 ---p 00008000 08:05 4987589                    /lib/x86_64-linux-gnu/libnss_compat-2.23.so
7effa0497000-7effa0498000 r--p 00007000 08:05 4987589                    /lib/x86_64-linux-gnu/libnss_compat-2.23.so
7effa0498000-7effa0499000 rw-p 00008000 08:05 4987589                    /lib/x86_64-linux-gnu/libnss_compat-2.23.so
7effa0499000-7effa04b4000 r-xp 00000000 08:05 1578625                    /home/samarth/.p2/pool/plugins/org.eclipse.justj.openjdk.hotspot.jre.full.linux.x86_64_17.0.2.v20220201-1208/jre/lib/libjimage.so
7effa04b4000-7effa06b3000 ---p 0001b000 08:05 1578625                    /home/samarth/.p2/pool/plugins/org.eclipse.justj.openjdk.hotspot.jre.full.linux.x86_64_17.0.2.v20220201-1208/jre/lib/libjimage.so
7effa06b3000-7effa06b5000 r--p 0001a000 08:05 1578625                    /home/samarth/.p2/pool/plugins/org.eclipse.justj.openjdk.hotspot.jre.full.linux.x86_64_17.0.2.v20220201-1208/jre/lib/libjimage.so
7effa06b5000-7effa06b6000 rw-p 0001c000 08:05 1578625                    /home/samarth/.p2/pool/plugins/org.eclipse.justj.openjdk.hotspot.jre.full.linux.x86_64_17.0.2.v20220201-1208/jre/lib/libjimage.so
7effa06b6000-7effa07be000 r-xp 00000000 08:05 4987583                    /lib/x86_64-linux-gnu/libm-2.23.so
7effa07be000-7effa09bd000 ---p 00108000 08:05 4987583                    /lib/x86_64-linux-gnu/libm-2.23.so
7effa09bd000-7effa09be000 r--p 00107000 08:05 4987583                    /lib/x86_64-linux-gnu/libm-2.23.so
7effa09be000-7effa09bf000 rw-p 00108000 08:05 4987583                    /lib/x86_64-linux-gnu/libm-2.23.so
7effa09bf000-7effa09c6000 r-xp 00000000 08:05 4987578                    /lib/x86_64-linux-gnu/librt-2.23.so
7effa09c6000-7effa0bc5000 ---p 00007000 08:05 4987578                    /lib/x86_64-linux-gnu/librt-2.23.so
7effa0bc5000-7effa0bc6000 r--p 00006000 08:05 4987578                    /lib/x86_64-linux-gnu/librt-2.23.so
7effa0bc6000-7effa0bc7000 rw-p 00007000 08:05 4987578                    /lib/x86_64-linux-gnu/librt-2.23.so
7effa0bc7000-7effa1eab000 r-xp 00000000 08:05 1578613                    /home/samarth/.p2/pool/plugins/org.eclipse.justj.openjdk.hotspot.jre.full.linux.x86_64_17.0.2.v20220201-1208/jre/lib/server/libjvm.so
7effa1eab000-7effa20ab000 ---p 012e4000 08:05 1578613                    /home/samarth/.p2/pool/plugins/org.eclipse.justj.openjdk.hotspot.jre.full.linux.x86_64_17.0.2.v20220201-1208/jre/lib/server/libjvm.so
7effa20ab000-7effa2164000 r--p 012e4000 08:05 1578613                    /home/samarth/.p2/pool/plugins/org.eclipse.justj.openjdk.hotspot.jre.full.linux.x86_64_17.0.2.v20220201-1208/jre/lib/server/libjvm.so
7effa2164000-7effa2199000 rw-p 0139d000 08:05 1578613                    /home/samarth/.p2/pool/plugins/org.eclipse.justj.openjdk.hotspot.jre.full.linux.x86_64_17.0.2.v20220201-1208/jre/lib/server/libjvm.so
7effa2199000-7effa21f2000 rw-p 00000000 00:00 0 
7effa21f2000-7effa23b2000 r-xp 00000000 08:05 4987588                    /lib/x86_64-linux-gnu/libc-2.23.so
7effa23b2000-7effa25b2000 ---p 001c0000 08:05 4987588                    /lib/x86_64-linux-gnu/libc-2.23.so
7effa25b2000-7effa25b6000 r--p 001c0000 08:05 4987588                    /lib/x86_64-linux-gnu/libc-2.23.so
7effa25b6000-7effa25b8000 rw-p 001c4000 08:05 4987588                    /lib/x86_64-linux-gnu/libc-2.23.so
7effa25b8000-7effa25bc000 rw-p 00000000 00:00 0 
7effa25bc000-7effa25bf000 r-xp 00000000 08:05 4987538                    /lib/x86_64-linux-gnu/libdl-2.23.so
7effa25bf000-7effa27be000 ---p 00003000 08:05 4987538                    /lib/x86_64-linux-gnu/libdl-2.23.so
7effa27be000-7effa27bf000 r--p 00002000 08:05 4987538                    /lib/x86_64-linux-gnu/libdl-2.23.so
7effa27bf000-7effa27c0000 rw-p 00003000 08:05 4987538                    /lib/x86_64-linux-gnu/libdl-2.23.so
7effa27c0000-7effa27d8000 r-xp 00000000 08:05 4987533                    /lib/x86_64-linux-gnu/libpthread-2.23.so
7effa27d8000-7effa29d7000 ---p 00018000 08:05 4987533                    /lib/x86_64-linux-gnu/libpthread-2.23.so
7effa29d7000-7effa29d8000 r--p 00017000 08:05 4987533                    /lib/x86_64-linux-gnu/libpthread-2.23.so
7effa29d8000-7effa29d9000 rw-p 00018000 08:05 4987533                    /lib/x86_64-linux-gnu/libpthread-2.23.so
7effa29d9000-7effa29dd000 rw-p 00000000 00:00 0 
7effa29dd000-7effa29ec000 r-xp 00000000 08:05 1578632                    /home/samarth/.p2/pool/plugins/org.eclipse.justj.openjdk.hotspot.jre.full.linux.x86_64_17.0.2.v20220201-1208/jre/lib/libjli.so
7effa29ec000-7effa2bec000 ---p 0000f000 08:05 1578632                    /home/samarth/.p2/pool/plugins/org.eclipse.justj.openjdk.hotspot.jre.full.linux.x86_64_17.0.2.v20220201-1208/jre/lib/libjli.so
7effa2bec000-7effa2bed000 r--p 0000f000 08:05 1578632                    /home/samarth/.p2/pool/plugins/org.eclipse.justj.openjdk.hotspot.jre.full.linux.x86_64_17.0.2.v20220201-1208/jre/lib/libjli.so
7effa2bed000-7effa2bee000 rw-p 00010000 08:05 1578632                    /home/samarth/.p2/pool/plugins/org.eclipse.justj.openjdk.hotspot.jre.full.linux.x86_64_17.0.2.v20220201-1208/jre/lib/libjli.so
7effa2bee000-7effa2c07000 r-xp 00000000 08:05 4985616                    /lib/x86_64-linux-gnu/libz.so.1.2.8
7effa2c07000-7effa2e06000 ---p 00019000 08:05 4985616                    /lib/x86_64-linux-gnu/libz.so.1.2.8
7effa2e06000-7effa2e07000 r--p 00018000 08:05 4985616                    /lib/x86_64-linux-gnu/libz.so.1.2.8
7effa2e07000-7effa2e08000 rw-p 00019000 08:05 4985616                    /lib/x86_64-linux-gnu/libz.so.1.2.8
7effa2e08000-7effa2e2e000 r-xp 00000000 08:05 4987580                    /lib/x86_64-linux-gnu/ld-2.23.so
7effa2e4a000-7effa2f0a000 rw-p 00000000 00:00 0 
7effa2f0a000-7effa2f11000 ---p 00000000 00:00 0 
7effa2f11000-7effa2f15000 ---p 00000000 00:00 0 
7effa2f15000-7effa3016000 rw-p 00000000 00:00 0 
7effa301a000-7effa3021000 r--s 00000000 08:05 4202006                    /usr/lib/x86_64-linux-gnu/gconv/gconv-modules.cache
7effa3021000-7effa3029000 rw-s 00000000 08:05 5117601                    /tmp/hsperfdata_samarth/9181
7effa3029000-7effa302a000 ---p 00000000 00:00 0 
7effa302a000-7effa302b000 r--p 00000000 00:00 0 
7effa302b000-7effa302c000 ---p 00000000 00:00 0 
7effa302c000-7effa302d000 rw-p 00000000 00:00 0 
7effa302d000-7effa302e000 r--p 00025000 08:05 4987580                    /lib/x86_64-linux-gnu/ld-2.23.so
7effa302e000-7effa302f000 rw-p 00026000 08:05 4987580                    /lib/x86_64-linux-gnu/ld-2.23.so
7effa302f000-7effa3030000 rw-p 00000000 00:00 0 
7ffc66535000-7ffc66556000 rw-p 00000000 00:00 0                          [stack]
7ffc66586000-7ffc66589000 r--p 00000000 00:00 0                          [vvar]
7ffc66589000-7ffc6658b000 r-xp 00000000 00:00 0                          [vdso]
ffffffffff600000-ffffffffff601000 r-xp 00000000 00:00 0                  [vsyscall]


VM Arguments:
jvm_args: -Dfile.encoding=UTF-8 -XX:+ShowCodeDetailsInExceptionMessages 
java_command: org.banking.BankApp
java_class_path (initial): /home/samarth/eclipse-workspace/Banking Application/bin
Launcher Type: SUN_STANDARD

[Global flags]
     intx 
