#
# There is insufficient memory for the Java Runtime Environment to continue.
# Native memory allocation (mmap) failed to map 78643200 bytes for committing reserved memory.
# Possible reasons:
#   The system is out of physical RAM or swap space
#   The process is running with CompressedOops enabled, and the Java Heap may be blocking the growth of the native heap
# Possible solutions:
#   Reduce memory load on the system
#   Increase physical memory or swap space
#   Check if swap backing store is full
#   Decrease Java heap size (-Xmx/-Xms)
#   Decrease number of Java threads
#   Decrease Java thread stack sizes (-Xss)
#   Set larger code cache with -XX:ReservedCodeCacheSize=
#   JVM is running with Unscaled Compressed Oops mode in which the Java heap is
#     placed in the first 4GB address space. The Java Heap base address is the
#     maximum limit for the native heap growth. Please use -XX:HeapBaseMinAddress
#     to set the Java Heap base and to place the Java Heap above 4GB virtual address.
# This output file may be truncated or incomplete.
#
#  Out of Memory Error (os_linux.cpp:2741), pid=8266, tid=8279
#
# JRE version: OpenJDK Runtime Environment Temurin-17.0.2+8 (17.0.2+8) (build 17.0.2+8)
# Java VM: OpenJDK 64-Bit Server VM Temurin-17.0.2+8 (17.0.2+8, mixed mode, tiered, compressed oops, compressed class ptrs, g1 gc, linux-amd64)
# Core dump will be written. Default location: Core dumps may be processed with "/usr/share/apport/apport %p %s %c %d %P %E" (or dumping to /home/samarth/eclipse-workspace/Banking Application/core.8266)
#

---------------  S U M M A R Y ------------

Command Line: -Dfile.encoding=UTF-8 -XX:+ShowCodeDetailsInExceptionMessages org.banking.BankApp

Host: Intel(R) Core(TM) i5-3320M CPU @ 2.60GHz, 4 cores, 3G, Ubuntu 16.04.7 LTS
Time: Fri Jun 17 15:47:09 2022 IST elapsed time: 10529.773541 seconds (0d 2h 55m 29s)

---------------  T H R E A D  ---------------

Current thread (0x00007fe19c110d30):  VMThread "VM Thread" [stack: 0x00007fe188b00000,0x00007fe188c00000] [id=8279]

Stack: [0x00007fe188b00000,0x00007fe188c00000],  sp=0x00007fe188bfdda0,  free space=1015k
Native frames: (J=compiled Java code, j=interpreted, Vv=VM code, C=native code)
V  [libjvm.so+0xf81ea1]  VMError::report_and_die(int, char const*, char const*, __va_list_tag*, Thread*, unsigned char*, void*, void*, char const*, int, unsigned long)+0x1a1
V
[timeout occurred during error reporting in step "printing native stack"] after 31 s.
VM_Operation (0x00007fe1a649aab0): G1CollectForAllocation, mode: safepoint, requested by thread 0x00007fe19c024e90


---------------  P R O C E S S  ---------------

Threads class SMR info:
_java_thread_list=0x00007fe19c1f79c0, length=11, elements={
0x00007fe19c024e90, 0x00007fe19c11ff40, 0x00007fe19c121600, 0x00007fe19c146760,
0x00007fe19c147b20, 0x00007fe19c148f10, 0x00007fe19c14a8e0, 0x00007fe19c14be10,
0x00007fe19c14d280, 0x00007fe19c1ee110, 0x00007fe19c1f6a30
}

Java Threads: ( => current thread )
  0x00007fe19c024e90 JavaThread "main" [_thread_blocked, id=8269, stack(0x00007fe1a639f000,0x00007fe1a64a0000)]
  0x00007fe19c11ff40 JavaThread "Reference Handler" daemon [_thread_blocked, id=8280, stack(0x00007fe1889fe000,0x00007fe188aff000)]
  0x00007fe19c121600 JavaThread "Finalizer" daemon [_thread_blocked, id=8281, stack(0x00007fe1888fd000,0x00007fe1889fe000)]
  0x00007fe19c146760 JavaThread "Signal Dispatcher" daemon [_thread_blocked, id=8282, stack(0x00007fe188524000,0x00007fe188625000)]
  0x00007fe19c147b20 JavaThread "Service Thread" daemon [_thread_blocked, id=8283, stack(0x00007fe188423000,0x00007fe188524000)]
  0x00007fe19c148f10 JavaThread "Monitor Deflation Thread" daemon [_thread_blocked, id=8284, stack(0x00007fe188322000,0x00007fe188423000)]
  0x00007fe19c14a8e0 JavaThread "C2 CompilerThread0" daemon [_thread_blocked, id=8285, stack(0x00007fe188221000,0x00007fe188322000)]
  0x00007fe19c14be10 JavaThread "C1 CompilerThread0" daemon [_thread_blocked, id=8286, stack(0x00007fe188120000,0x00007fe188221000)]
  0x00007fe19c14d280 JavaThread "Sweeper thread" daemon [_thread_blocked, id=8287, stack(0x00007fe18801f000,0x00007fe188120000)]
  0x00007fe19c1ee110 JavaThread "Notification Thread" daemon [_thread_blocked, id=8289, stack(0x00007fe179eff000,0x00007fe17a000000)]
  0x00007fe19c1f6a30 JavaThread "Common-Cleaner" daemon [_thread_blocked, id=8291, stack(0x00007fe179cfd000,0x00007fe179dfe000)]

Other Threads:
=>0x00007fe19c110d30 VMThread "VM Thread" [stack: 0x00007fe188b00000,0x00007fe188c00000] [id=8279]
  0x00007fe19c1efa90 WatcherThread [stack: 0x00007fe179dff000,0x00007fe179eff000] [id=8290]
  0x00007fe19c051ab0 GCTaskThread "GC Thread#0" [stack: 0x00007fe189ef0000,0x00007fe189ff0000] [id=8274]
  0x00007fe170004aa0 GCTaskThread "GC Thread#1" [stack: 0x00007fe179bfd000,0x00007fe179cfd000] [id=13887]
  0x00007fe19c05a290 ConcurrentGCThread "G1 Main Marker" [stack: 0x00007fe189def000,0x00007fe189eef000] [id=8275]
  0x00007fe19c05b1f0 ConcurrentGCThread "G1 Conc#0" [stack: 0x00007fe189cee000,0x00007fe189dee000] [id=8276]
  0x00007fe19c093ba0 ConcurrentGCThread "G1 Refine#0" [stack: 0x00007fe1897e9000,0x00007fe1898e9000] [id=8277]
  0x00007fe19c094a90 ConcurrentGCThread "G1 Service" [stack: 0x00007fe1896e8000,0x00007fe1897e8000] [id=8278]

Threads with active compile tasks:

VM state: at safepoint (normal execution)

VM Mutex/Monitor currently owned by a thread:  ([mutex/lock_event])
[0x00007fe19c01fde0] Threads_lock - owner thread: 0x00007fe19c110d30
[0x00007fe19c020590] Heap_lock - owner thread: 0x00007fe19c024e90

Heap address: 0x00000000c7000000, size: 912 MB, Compressed Oops mode: 32-bit

CDS archive(s) not mapped
Compressed class space mapped at: 0x0000000100000000-0x0000000140000000, reserved size: 1073741824
Narrow klass base: 0x0000000000000000, Narrow klass shift: 3, Narrow klass range: 0x140000000

GC Precious Log:
 CPUs: 4 total, 4 available
 Memory: 3646M
 Large Page Support: Disabled
 NUMA Support: Disabled
 Compressed Oops: Enabled (32-bit)
 Heap Region Size: 1M
 Heap Min Capacity: 8M
 Heap Initial Capacity: 58M
 Heap Max Capacity: 912M
 Pre-touch: Disabled
 Parallel Workers: 4
 Concurrent Workers: 1
 Concurrent Refinement Workers: 4
 Periodic GC: Disabled

Heap:
 garbage-first heap   total 104448K, used 573K [0x00000000c7000000, 0x0000000100000000)
  region size 1024K, 1 young (1024K), 1 survivors (1024K)
 Metaspace       used 4001K, committed 4160K, reserved 1056768K
  class space    used 313K, committed 384K, reserved 1048576K

Heap Regions: E=young(eden), S=young(survivor), O=old, HS=humongous(starts), HC=humongous(continues), CS=collection set, F=free, OA=open archive, CA=closed archive, TAMS=top-at-mark-start (previous, next)
|   0|0x00000000c7000000, 0x00000000c708ee00, 0x00000000c7100000| 55%| O|  |TAMS 0x00000000c7000000, 0x00000000c7000000| Untracked 
|   1|0x00000000c7100000, 0x00000000c7100000, 0x00000000c7200000|  0%| F|  |TAMS 0x00000000c7100000, 0x00000000c7100000| Untracked 
|   2|0x00000000c7200000, 0x00000000c7200000, 0x00000000c7300000|  0%| F|  |TAMS 0x00000000c7200000, 0x00000000c7200000| Untracked 
|   3|0x00000000c7300000, 0x00000000c7300000, 0x00000000c7400000|  0%| F|  |TAMS 0x00000000c7300000, 0x00000000c7300000| Untracked 
|   4|0x00000000c7400000, 0x00000000c7400000, 0x00000000c7500000|  0%| F|  |TAMS 0x00000000c7400000, 0x00000000c7400000| Untracked 
|   5|0x00000000c7500000, 0x00000000c7500000, 0x00000000c7600000|  0%| F|  |TAMS 0x00000000c7500000, 0x00000000c7500000| Untracked 
|   6|0x00000000c7600000, 0x00000000c7600000, 0x00000000c7700000|  0%| F|  |TAMS 0x00000000c7600000, 0x00000000c7600000| Untracked 
|   7|0x00000000c7700000, 0x00000000c7700000, 0x00000000c7800000|  0%| F|  |TAMS 0x00000000c7700000, 0x00000000c7700000| Untracked 
|   8|0x00000000c7800000, 0x00000000c7800000, 0x00000000c7900000|  0%| F|  |TAMS 0x00000000c7800000, 0x00000000c7800000| Untracked 
|   9|0x00000000c7900000, 0x00000000c7900000, 0x00000000c7a00000|  0%| F|  |TAMS 0x00000000c7900000, 0x00000000c7900000| Untracked 
|  10|0x00000000c7a00000, 0x00000000c7a00000, 0x00000000c7b00000|  0%| F|  |TAMS 0x00000000c7a00000, 0x00000000c7a00000| Untracked 
|  11|0x00000000c7b00000, 0x00000000c7b00000, 0x00000000c7c00000|  0%| F|  |TAMS 0x00000000c7b00000, 0x00000000c7b00000| Untracked 
|  12|0x00000000c7c00000, 0x00000000c7c00000, 0x00000000c7d00000|  0%| F|  |TAMS 0x00000000c7c00000, 0x00000000c7c00000| Untracked 
|  13|0x00000000c7d00000, 0x00000000c7d00000, 0x00000000c7e00000|  0%| F|  |TAMS 0x00000000c7d00000, 0x00000000c7d00000| Untracked 
|  14|0x00000000c7e00000, 0x00000000c7e00000, 0x00000000c7f00000|  0%| F|  |TAMS 0x00000000c7e00000, 0x00000000c7e00000| Untracked 
|  15|0x00000000c7f00000, 0x00000000c7f00000, 0x00000000c8000000|  0%| F|  |TAMS 0x00000000c7f00000, 0x00000000c7f00000| Untracked 
|  16|0x00000000c8000000, 0x00000000c8000000, 0x00000000c8100000|  0%| F|  |TAMS 0x00000000c8000000, 0x00000000c8000000| Untracked 
|  17|0x00000000c8100000, 0x00000000c8100000, 0x00000000c8200000|  0%| F|  |TAMS 0x00000000c8100000, 0x00000000c8100000| Untracked 
|  18|0x00000000c8200000, 0x00000000c8200000, 0x00000000c8300000|  0%| F|  |TAMS 0x00000000c8200000, 0x00000000c8200000| Untracked 
|  19|0x00000000c8300000, 0x00000000c8300000, 0x00000000c8400000|  0%| F|  |TAMS 0x00000000c8300000, 0x00000000c8300000| Untracked 
|  20|0x00000000c8400000, 0x00000000c8400000, 0x00000000c8500000|  0%| F|  |TAMS 0x00000000c8400000, 0x00000000c8400000| Untracked 
|  21|0x00000000c8500000, 0x00000000c8500000, 0x00000000c8600000|  0%| F|  |TAMS 0x00000000c8500000, 0x00000000c8500000| Untracked 
|  22|0x00000000c8600000, 0x00000000c8600000, 0x00000000c8700000|  0%| F|  |TAMS 0x00000000c8600000, 0x00000000c8600000| Untracked 
|  23|0x00000000c8700000, 0x00000000c8700000, 0x00000000c8800000|  0%| F|  |TAMS 0x00000000c8700000, 0x00000000c8700000| Untracked 
|  24|0x00000000c8800000, 0x00000000c8800000, 0x00000000c8900000|  0%| F|  |TAMS 0x00000000c8800000, 0x00000000c8800000| Untracked 
|  25|0x00000000c8900000, 0x00000000c8900000, 0x00000000c8a00000|  0%| F|  |TAMS 0x00000000c8900000, 0x00000000c8900000| Untracked 
|  26|0x00000000c8a00000, 0x00000000c8a00000, 0x00000000c8b00000|  0%| F|  |TAMS 0x00000000c8a00000, 0x00000000c8a00000| Untracked 
|  27|0x00000000c8b00000, 0x00000000c8b00000, 0x00000000c8c00000|  0%| F|  |TAMS 0x00000000c8b00000, 0x00000000c8b00000| Untracked 
|  28|0x00000000c8c00000, 0x00000000c8c00000, 0x00000000c8d00000|  0%| F|  |TAMS 0x00000000c8c00000, 0x00000000c8c00000| Untracked 
|  29|0x00000000c8d00000, 0x00000000c8d00000, 0x00000000c8e00000|  0%| F|  |TAMS 0x00000000c8d00000, 0x00000000c8d00000| Untracked 
|  30|0x00000000c8e00000, 0x00000000c8e00000, 0x00000000c8f00000|  0%| F|  |TAMS 0x00000000c8e00000, 0x00000000c8e00000| Untracked 
|  31|0x00000000c8f00000, 0x00000000c8f00000, 0x00000000c9000000|  0%| F|  |TAMS 0x00000000c8f00000, 0x00000000c8f00000| Untracked 
|  32|0x00000000c9000000, 0x00000000c9000000, 0x00000000c9100000|  0%| F|  |TAMS 0x00000000c9000000, 0x00000000c9000000| Untracked 
|  33|0x00000000c9100000, 0x00000000c9100000, 0x00000000c9200000|  0%| F|  |TAMS 0x00000000c9100000, 0x00000000c9100000| Untracked 
|  34|0x00000000c9200000, 0x00000000c9200000, 0x00000000c9300000|  0%| F|  |TAMS 0x00000000c9200000, 0x00000000c9200000| Untracked 
|  35|0x00000000c9300000, 0x00000000c9300000, 0x00000000c9400000|  0%| F|  |TAMS 0x00000000c9300000, 0x00000000c9300000| Untracked 
|  36|0x00000000c9400000, 0x00000000c9400000, 0x00000000c9500000|  0%| F|  |TAMS 0x00000000c9400000, 0x00000000c9400000| Untracked 
|  37|0x00000000c9500000, 0x00000000c9500000, 0x00000000c9600000|  0%| F|  |TAMS 0x00000000c9500000, 0x00000000c9500000| Untracked 
|  38|0x00000000c9600000, 0x00000000c9600000, 0x00000000c9700000|  0%| F|  |TAMS 0x00000000c9600000, 0x00000000c9600000| Untracked 
|  39|0x00000000c9700000, 0x00000000c9700000, 0x00000000c9800000|  0%| F|  |TAMS 0x00000000c9700000, 0x00000000c9700000| Untracked 
|  40|0x00000000c9800000, 0x00000000c9800000, 0x00000000c9900000|  0%| F|  |TAMS 0x00000000c9800000, 0x00000000c9800000| Untracked 
|  41|0x00000000c9900000, 0x00000000c9900000, 0x00000000c9a00000|  0%| F|  |TAMS 0x00000000c9900000, 0x00000000c9900000| Untracked 
|  42|0x00000000c9a00000, 0x00000000c9a00000, 0x00000000c9b00000|  0%| F|  |TAMS 0x00000000c9a00000, 0x00000000c9a00000| Untracked 
|  43|0x00000000c9b00000, 0x00000000c9b00000, 0x00000000c9c00000|  0%| F|  |TAMS 0x00000000c9b00000, 0x00000000c9b00000| Untracked 
|  44|0x00000000c9c00000, 0x00000000c9c00000, 0x00000000c9d00000|  0%| F|  |TAMS 0x00000000c9c00000, 0x00000000c9c00000| Untracked 
|  45|0x00000000c9d00000, 0x00000000c9d00000, 0x00000000c9e00000|  0%| F|  |TAMS 0x00000000c9d00000, 0x00000000c9d00000| Untracked 
|  46|0x00000000c9e00000, 0x00000000c9e00000, 0x00000000c9f00000|  0%| F|  |TAMS 0x00000000c9e00000, 0x00000000c9e00000| Untracked 
|  47|0x00000000c9f00000, 0x00000000c9f00000, 0x00000000ca000000|  0%| F|  |TAMS 0x00000000c9f00000, 0x00000000c9f00000| Untracked 
|  48|0x00000000ca000000, 0x00000000ca000000, 0x00000000ca100000|  0%| F|  |TAMS 0x00000000ca000000, 0x00000000ca000000| Untracked 
|  49|0x00000000ca100000, 0x00000000ca100000, 0x00000000ca200000|  0%| F|  |TAMS 0x00000000ca100000, 0x00000000ca100000| Untracked 
|  50|0x00000000ca200000, 0x00000000ca200000, 0x00000000ca300000|  0%| F|  |TAMS 0x00000000ca200000, 0x00000000ca200000| Untracked 
|  51|0x00000000ca300000, 0x00000000ca300000, 0x00000000ca400000|  0%| F|  |TAMS 0x00000000ca300000, 0x00000000ca300000| Untracked 
|  52|0x00000000ca400000, 0x00000000ca400000, 0x00000000ca500000|  0%| F|  |TAMS 0x00000000ca400000, 0x00000000ca400000| Untracked 
|  53|0x00000000ca500000, 0x00000000ca500000, 0x00000000ca600000|  0%| F|  |TAMS 0x00000000ca500000, 0x00000000ca500000| Untracked 
|  54|0x00000000ca600000, 0x00000000ca600000, 0x00000000ca700000|  0%| F|  |TAMS 0x00000000ca600000, 0x00000000ca600000| Untracked 
|  55|0x00000000ca700000, 0x00000000ca700000, 0x00000000ca800000|  0%| F|  |TAMS 0x00000000ca700000, 0x00000000ca700000| Untracked 
|  56|0x00000000ca800000, 0x00000000ca800000, 0x00000000ca900000|  0%| F|  |TAMS 0x00000000ca800000, 0x00000000ca800000| Untracked 
|  57|0x00000000ca900000, 0x00000000ca900000, 0x00000000caa00000|  0%| F|  |TAMS 0x00000000ca900000, 0x00000000ca900000| Untracked 
|  58|0x00000000caa00000, 0x00000000caa00000, 0x00000000cab00000|  0%| F|  |TAMS 0x00000000caa00000, 0x00000000caa00000| Untracked 
|  59|0x00000000cab00000, 0x00000000cab00000, 0x00000000cac00000|  0%| F|  |TAMS 0x00000000cab00000, 0x00000000cab00000| Untracked 
|  60|0x00000000cac00000, 0x00000000cac00000, 0x00000000cad00000|  0%| F|  |TAMS 0x00000000cac00000, 0x00000000cac00000| Untracked 
|  61|0x00000000cad00000, 0x00000000cad00000, 0x00000000cae00000|  0%| F|  |TAMS 0x00000000cad00000, 0x00000000cad00000| Untracked 
|  62|0x00000000cae00000, 0x00000000cae00000, 0x00000000caf00000|  0%| F|  |TAMS 0x00000000cae00000, 0x00000000cae00000| Untracked 
|  63|0x00000000caf00000, 0x00000000caf00000, 0x00000000cb000000|  0%| F|  |TAMS 0x00000000caf00000, 0x00000000caf00000| Untracked 
|  64|0x00000000cb000000, 0x00000000cb000000, 0x00000000cb100000|  0%| F|  |TAMS 0x00000000cb000000, 0x00000000cb000000| Untracked 
|  65|0x00000000cb100000, 0x00000000cb100000, 0x00000000cb200000|  0%| F|  |TAMS 0x00000000cb100000, 0x00000000cb100000| Untracked 
|  66|0x00000000cb200000, 0x00000000cb200000, 0x00000000cb300000|  0%| F|  |TAMS 0x00000000cb200000, 0x00000000cb200000| Untracked 
|  67|0x00000000cb300000, 0x00000000cb300000, 0x00000000cb400000|  0%| F|  |TAMS 0x00000000cb300000, 0x00000000cb300000| Untracked 
|  68|0x00000000cb400000, 0x00000000cb400000, 0x00000000cb500000|  0%| F|  |TAMS 0x00000000cb400000, 0x00000000cb400000| Untracked 
|  69|0x00000000cb500000, 0x00000000cb500000, 0x00000000cb600000|  0%| F|  |TAMS 0x00000000cb500000, 0x00000000cb500000| Untracked 
|  70|0x00000000cb600000, 0x00000000cb600000, 0x00000000cb700000|  0%| F|  |TAMS 0x00000000cb600000, 0x00000000cb600000| Untracked 
|  71|0x00000000cb700000, 0x00000000cb700000, 0x00000000cb800000|  0%| F|  |TAMS 0x00000000cb700000, 0x00000000cb700000| Untracked 
|  72|0x00000000cb800000, 0x00000000cb800000, 0x00000000cb900000|  0%| F|  |TAMS 0x00000000cb800000, 0x00000000cb800000| Untracked 
|  73|0x00000000cb900000, 0x00000000cb900000, 0x00000000cba00000|  0%| F|  |TAMS 0x00000000cb900000, 0x00000000cb900000| Untracked 
|  74|0x00000000cba00000, 0x00000000cba00000, 0x00000000cbb00000|  0%| F|  |TAMS 0x00000000cba00000, 0x00000000cba00000| Untracked 
|  75|0x00000000cbb00000, 0x00000000cbb00000, 0x00000000cbc00000|  0%| F|  |TAMS 0x00000000cbb00000, 0x00000000cbb00000| Untracked 
|  76|0x00000000cbc00000, 0x00000000cbc00000, 0x00000000cbd00000|  0%| F|  |TAMS 0x00000000cbc00000, 0x00000000cbc00000| Untracked 
|  77|0x00000000cbd00000, 0x00000000cbd00000, 0x00000000cbe00000|  0%| F|  |TAMS 0x00000000cbd00000, 0x00000000cbd00000| Untracked 
|  78|0x00000000cbe00000, 0x00000000cbe00000, 0x00000000cbf00000|  0%| F|  |TAMS 0x00000000cbe00000, 0x00000000cbe00000| Untracked 
|  79|0x00000000cbf00000, 0x00000000cbf00000, 0x00000000cc000000|  0%| F|  |TAMS 0x00000000cbf00000, 0x00000000cbf00000| Untracked 
|  80|0x00000000cc000000, 0x00000000cc000000, 0x00000000cc100000|  0%| F|  |TAMS 0x00000000cc000000, 0x00000000cc000000| Untracked 
|  81|0x00000000cc100000, 0x00000000cc100000, 0x00000000cc200000|  0%| F|  |TAMS 0x00000000cc100000, 0x00000000cc100000| Untracked 
|  82|0x00000000cc200000, 0x00000000cc200000, 0x00000000cc300000|  0%| F|  |TAMS 0x00000000cc200000, 0x00000000cc200000| Untracked 
|  83|0x00000000cc300000, 0x00000000cc300000, 0x00000000cc400000|  0%| F|  |TAMS 0x00000000cc300000, 0x00000000cc300000| Untracked 
|  84|0x00000000cc400000, 0x00000000cc400000, 0x00000000cc500000|  0%| F|  |TAMS 0x00000000cc400000, 0x00000000cc400000| Untracked 
|  85|0x00000000cc500000, 0x00000000cc500000, 0x00000000cc600000|  0%| F|  |TAMS 0x00000000cc500000, 0x00000000cc500000| Untracked 
|  86|0x00000000cc600000, 0x00000000cc600000, 0x00000000cc700000|  0%| F|  |TAMS 0x00000000cc600000, 0x00000000cc600000| Untracked 
|  87|0x00000000cc700000, 0x00000000cc700000, 0x00000000cc800000|  0%| F|  |TAMS 0x00000000cc700000, 0x00000000cc700000| Untracked 
|  88|0x00000000cc800000, 0x00000000cc800000, 0x00000000cc900000|  0%| F|  |TAMS 0x00000000cc800000, 0x00000000cc800000| Untracked 
|  89|0x00000000cc900000, 0x00000000cc900000, 0x00000000cca00000|  0%| F|  |TAMS 0x00000000cc900000, 0x00000000cc900000| Untracked 
|  90|0x00000000cca00000, 0x00000000cca00000, 0x00000000ccb00000|  0%| F|  |TAMS 0x00000000cca00000, 0x00000000cca00000| Untracked 
|  91|0x00000000ccb00000, 0x00000000ccb00000, 0x00000000ccc00000|  0%| F|  |TAMS 0x00000000ccb00000, 0x00000000ccb00000| Untracked 
|  92|0x00000000ccc00000, 0x00000000ccc00000, 0x00000000ccd00000|  0%| F|  |TAMS 0x00000000ccc00000, 0x00000000ccc00000| Untracked 
|  93|0x00000000ccd00000, 0x00000000ccd00000, 0x00000000cce00000|  0%| F|  |TAMS 0x00000000ccd00000, 0x00000000ccd00000| Untracked 
|  94|0x00000000cce00000, 0x00000000cce00000, 0x00000000ccf00000|  0%| F|  |TAMS 0x00000000cce00000, 0x00000000cce00000| Untracked 
|  95|0x00000000ccf00000, 0x00000000ccf00000, 0x00000000cd000000|  0%| F|  |TAMS 0x00000000ccf00000, 0x00000000ccf00000| Untracked 
|  96|0x00000000cd000000, 0x00000000cd000000, 0x00000000cd100000|  0%| F|  |TAMS 0x00000000cd000000, 0x00000000cd000000| Untracked 
|  97|0x00000000cd100000, 0x00000000cd100810, 0x00000000cd200000|  0%| S|CS|TAMS 0x00000000cd100000, 0x00000000cd100000| Complete 
|  98|0x00000000cd200000, 0x00000000cd200000, 0x00000000cd300000|  0%| F|  |TAMS 0x00000000cd200000, 0x00000000cd200000| Untracked 
|  99|0x00000000cd300000, 0x00000000cd300000, 0x00000000cd400000|  0%| F|  |TAMS 0x00000000cd300000, 0x00000000cd300000| Untracked 
| 100|0x00000000cd400000, 0x00000000cd400000, 0x00000000cd500000|  0%| F|  |TAMS 0x00000000cd400000, 0x00000000cd400000| Untracked 
| 101|0x00000000cd500000, 0x00000000cd500000, 0x00000000cd600000|  0%| F|  |TAMS 0x00000000cd500000, 0x00000000cd500000| Untracked 

Card table byte_map: [0x00007fe18be38000,0x00007fe18c000000] _byte_map_base: 0x00007fe18b800000

Marking Bits (Prev, Next): (CMBitMap*) 0x00007fe19c052530, (CMBitMap*) 0x00007fe19c052570
 Prev Bits: [0x00007fe18ae30000, 0x00007fe18bc70000)
 Next Bits: [0x00007fe189ff0000, 0x00007fe18ae30000)

Polling page: 0x00007fe1a64b7000

Metaspace:

Usage:
  Non-class:      3.60 MB used.
      Class:    313.38 KB used.
       Both:      3.91 MB used.

Virtual space:
  Non-class space:        8.00 MB reserved,       3.69 MB ( 46%) committed,  1 nodes.
      Class space:        1.00 GB reserved,     384.00 KB ( <1%) committed,  1 nodes.
             Both:        1.01 GB reserved,       4.06 MB ( <1%) committed. 

Chunk freelists:
   Non-Class:  3.98 MB
       Class:  3.62 MB
        Both:  7.60 MB

MaxMetaspaceSize: unlimited
CompressedClassSpaceSize: 1.00 GB
Initial GC threshold: 21.00 MB
Current GC threshold: 21.00 MB
CDS: off
MetaspaceReclaimPolicy: balanced
 - commit_granule_bytes: 65536.
 - commit_granule_words: 8192.
 - virtual_space_node_default_size: 1048576.
 - enlarge_chunks_in_place: 1.
 - new_chunks_are_fully_committed: 0.
 - uncommit_free_chunks: 1.
 - use_allocation_guard: 0.
 - handle_deallocations: 1.


Internal statistics:

num_allocs_failed_limit: 0.
num_arena_births: 4.
num_arena_deaths: 0.
num_vsnodes_births: 2.
num_vsnodes_deaths: 0.
num_space_committed: 65.
num_space_uncommitted: 0.
num_chunks_returned_to_freelist: 0.
num_chunks_taken_from_freelist: 8.
num_chunk_merges: 0.
num_chunk_splits: 4.
num_chunks_enlarged: 2.
num_purges: 0.
num_inconsistent_stats: 0.

CodeHeap 'non-profiled nmethods': size=120032Kb used=122Kb max_used=122Kb free=119909Kb
 bounds [0x00007fe19426a000, 0x00007fe1944da000, 0x00007fe19b7a2000]
CodeHeap 'profiled nmethods': size=120028Kb used=341Kb max_used=341Kb free=119686Kb
 bounds [0x00007fe18cd33000, 0x00007fe18cfa3000, 0x00007fe19426a000]
CodeHeap 'non-nmethods': size=5700Kb used=1038Kb max_used=1057Kb free=4662Kb
 bounds [0x00007fe18c7a2000, 0x00007fe18ca12000, 0x00007fe18cd33000]
 total_blobs=530 nmethods=232 adapters=212
 compilation: enabled
              stopped_count=0, restarted_count=0
 full_count=0

Compilation events (20 events):
Event: 9362.810 Thread 0x00007fe19c14a8e0  224   !   4       sun.nio.cs.StreamDecoder::readBytes (271 bytes)
Event: 9362.948 Thread 0x00007fe19c14a8e0 nmethod 224 0x00007fe194280610 code [0x00007fe1942807e0, 0x00007fe194281098]
Event: 9362.948 Thread 0x00007fe19c14a8e0  225       4       java.nio.HeapByteBuffer::compact (85 bytes)
Event: 9362.993 Thread 0x00007fe19c14a8e0 nmethod 225 0x00007fe194281890 code [0x00007fe194281a20, 0x00007fe194281c38]
Event: 9365.256 Thread 0x00007fe19c14a8e0  226       4       java.lang.NumberFormatException::<init> (6 bytes)
Event: 9365.266 Thread 0x00007fe19c14a8e0 nmethod 226 0x00007fe194281e90 code [0x00007fe194282040, 0x00007fe1942826a8]
Event: 9365.291 Thread 0x00007fe19c14a8e0  227       4       java.lang.Integer::parseInt (264 bytes)
Event: 9365.293 Thread 0x00007fe19c14a8e0 nmethod 227 0x00007fe194282810 code [0x00007fe1942829a0, 0x00007fe194282a88]
Event: 9365.293 Thread 0x00007fe19c14a8e0  228   !   4       java.io.BufferedReader::readLine (327 bytes)
Event: 9365.826 Thread 0x00007fe19c14a8e0 nmethod 228 0x00007fe194282b90 code [0x00007fe194282de0, 0x00007fe194284468]
Event: 9367.084 Thread 0x00007fe19c14a8e0  229       4       java.lang.IllegalArgumentException::<init> (6 bytes)
Event: 9367.090 Thread 0x00007fe19c14a8e0 nmethod 229 0x00007fe194285910 code [0x00007fe194285ac0, 0x00007fe194286128]
Event: 9367.519 Thread 0x00007fe19c14a8e0  230       4       java.lang.Integer::parseInt (7 bytes)
Event: 9367.520 Thread 0x00007fe19c14a8e0 nmethod 230 0x00007fe194286290 code [0x00007fe194286420, 0x00007fe1942864e8]
Event: 9367.522 Thread 0x00007fe19c14a8e0  231       4       java.io.BufferedReader::readLine (7 bytes)
Event: 9367.523 Thread 0x00007fe19c14a8e0 nmethod 231 0x00007fe194286610 code [0x00007fe1942867a0, 0x00007fe194286848]
Event: 9434.034 Thread 0x00007fe19c14a8e0  232 % !   4       org.banking.BankApp::main @ 36 (563 bytes)
Event: 9444.206 Thread 0x00007fe19c14a8e0 nmethod 232% 0x00007fe194286910 code [0x00007fe194286b20, 0x00007fe194287180]
Event: 9444.955 Thread 0x00007fe19c14a8e0  233   !   4       org.banking.BankApp::main (563 bytes)
Event: 9446.251 Thread 0x00007fe19c14a8e0 nmethod 233 0x00007fe194287590 code [0x00007fe194287860, 0x00007fe194288348]

GC Heap History (20 events):
Event: 10467.800 GC heap after
{Heap after GC invocations=93 (full 0):
 garbage-first heap   total 104448K, used 573K [0x00000000c7000000, 0x0000000100000000)
  region size 1024K, 1 young (1024K), 1 survivors (1024K)
 Metaspace       used 4001K, committed 4160K, reserved 1056768K
  class space    used 313K, committed 384K, reserved 1048576K
}
Event: 10468.035 GC heap before
{Heap before GC invocations=93 (full 0):
 garbage-first heap   total 104448K, used 4669K [0x00000000c7000000, 0x0000000100000000)
  region size 1024K, 5 young (5120K), 1 survivors (1024K)
 Metaspace       used 4001K, committed 4160K, reserved 1056768K
  class space    used 313K, committed 384K, reserved 1048576K
}
Event: 10468.035 GC heap after
{Heap after GC invocations=94 (full 0):
 garbage-first heap   total 104448K, used 573K [0x00000000c7000000, 0x0000000100000000)
  region size 1024K, 1 young (1024K), 1 survivors (1024K)
 Metaspace       used 4001K, committed 4160K, reserved 1056768K
  class space    used 313K, committed 384K, reserved 1048576K
}
Event: 10468.328 GC heap before
{Heap before GC invocations=94 (full 0):
 garbage-first heap   total 104448K, used 4669K [0x00000000c7000000, 0x0000000100000000)
  region size 1024K, 5 young (5120K), 1 survivors (1024K)
 Metaspace       used 4001K, committed 4160K, reserved 1056768K
  class space    used 313K, committed 384K, reserved 1048576K
}
Event: 10468.329 GC heap after
{Heap after GC invocations=95 (full 0):
 garbage-first heap   total 104448K, used 573K [0x00000000c7000000, 0x0000000100000000)
  region size 1024K, 1 young (1024K), 1 survivors (1024K)
 Metaspace       used 4001K, committed 4160K, reserved 1056768K
  class space    used 313K, committed 384K, reserved 1048576K
}
Event: 10468.583 GC heap before
{Heap before GC invocations=95 (full 0):
 garbage-first heap   total 104448K, used 4669K [0x00000000c7000000, 0x0000000100000000)
  region size 1024K, 5 young (5120K), 1 survivors (1024K)
 Metaspace       used 4001K, committed 4160K, reserved 1056768K
  class space    used 313K, committed 384K, reserved 1048576K
}
Event: 10468.584 GC heap after
{Heap after GC invocations=96 (full 0):
 garbage-first heap   total 104448K, used 573K [0x00000000c7000000, 0x0000000100000000)
  region size 1024K, 1 young (1024K), 1 survivors (1024K)
 Metaspace       used 4001K, committed 4160K, reserved 1056768K
  class space    used 313K, committed 384K, reserved 1048576K
}
Event: 10493.784 GC heap before
{Heap before GC invocations=96 (full 0):
 garbage-first heap   total 104448K, used 4669K [0x00000000c7000000, 0x0000000100000000)
  region size 1024K, 5 young (5120K), 1 survivors (1024K)
 Metaspace       used 4001K, committed 4160K, reserved 1056768K
  class space    used 313K, committed 384K, reserved 1048576K
}
Event: 10501.792 GC heap after
{Heap after GC invocations=97 (full 0):
 garbage-first heap   total 104448K, used 575K [0x00000000c7000000, 0x0000000100000000)
  region size 1024K, 1 young (1024K), 1 survivors (1024K)
 Metaspace       used 4001K, committed 4160K, reserved 1056768K
  class space    used 313K, committed 384K, reserved 1048576K
}
Event: 10503.138 GC heap before
{Heap before GC invocations=97 (full 0):
 garbage-first heap   total 104448K, used 4671K [0x00000000c7000000, 0x0000000100000000)
  region size 1024K, 5 young (5120K), 1 survivors (1024K)
 Metaspace       used 4001K, committed 4160K, reserved 1056768K
  class space    used 313K, committed 384K, reserved 1048576K
}
Event: 10504.140 GC heap after
{Heap after GC invocations=98 (full 0):
 garbage-first heap   total 104448K, used 573K [0x00000000c7000000, 0x0000000100000000)
  region size 1024K, 1 young (1024K), 1 survivors (1024K)
 Metaspace       used 4001K, committed 4160K, reserved 1056768K
  class space    used 313K, committed 384K, reserved 1048576K
}
Event: 10504.963 GC heap before
{Heap before GC invocations=98 (full 0):
 garbage-first heap   total 104448K, used 4669K [0x00000000c7000000, 0x0000000100000000)
  region size 1024K, 5 young (5120K), 1 survivors (1024K)
 Metaspace       used 4001K, committed 4160K, reserved 1056768K
  class space    used 313K, committed 384K, reserved 1048576K
}
Event: 10504.963 GC heap after
{Heap after GC invocations=99 (full 0):
 garbage-first heap   total 104448K, used 573K [0x00000000c7000000, 0x0000000100000000)
  region size 1024K, 1 young (1024K), 1 survivors (1024K)
 Metaspace       used 4001K, committed 4160K, reserved 1056768K
  class space    used 313K, committed 384K, reserved 1048576K
}
Event: 10505.836 GC heap before
{Heap before GC invocations=99 (full 0):
 garbage-first heap   total 104448K, used 4669K [0x00000000c7000000, 0x0000000100000000)
  region size 1024K, 5 young (5120K), 1 survivors (1024K)
 Metaspace       used 4001K, committed 4160K, reserved 1056768K
  class space    used 313K, committed 384K, reserved 1048576K
}
Event: 10505.837 GC heap after
{Heap after GC invocations=100 (full 0):
 garbage-first heap   total 104448K, used 573K [0x00000000c7000000, 0x0000000100000000)
  region size 1024K, 1 young (1024K), 1 survivors (1024K)
 Metaspace       used 4001K, committed 4160K, reserved 1056768K
  class space    used 313K, committed 384K, reserved 1048576K
}
Event: 10506.666 GC heap before
{Heap before GC invocations=100 (full 0):
 garbage-first heap   total 104448K, used 4669K [0x00000000c7000000, 0x0000000100000000)
  region size 1024K, 5 young (5120K), 1 survivors (1024K)
 Metaspace       used 4001K, committed 4160K, reserved 1056768K
  class space    used 313K, committed 384K, reserved 1048576K
}
Event: 10506.667 GC heap after
{Heap after GC invocations=101 (full 0):
 garbage-first heap   total 104448K, used 573K [0x00000000c7000000, 0x0000000100000000)
  region size 1024K, 1 young (1024K), 1 survivors (1024K)
 Metaspace       used 4001K, committed 4160K, reserved 1056768K
  class space    used 313K, committed 384K, reserved 1048576K
}
Event: 10507.558 GC heap before
{Heap before GC invocations=101 (full 0):
 garbage-first heap   total 104448K, used 4669K [0x00000000c7000000, 0x0000000100000000)
  region size 1024K, 5 young (5120K), 1 survivors (1024K)
 Metaspace       used 4001K, committed 4160K, reserved 1056768K
  class space    used 313K, committed 384K, reserved 1048576K
}
Event: 10507.559 GC heap after
{Heap after GC invocations=102 (full 0):
 garbage-first heap   total 104448K, used 573K [0x00000000c7000000, 0x0000000100000000)
  region size 1024K, 1 young (1024K), 1 survivors (1024K)
 Metaspace       used 4001K, committed 4160K, reserved 1056768K
  class space    used 313K, committed 384K, reserved 1048576K
}
Event: 10508.465 GC heap before
{Heap before GC invocations=102 (full 0):
 garbage-first heap   total 104448K, used 4669K [0x00000000c7000000, 0x0000000100000000)
  region size 1024K, 5 young (5120K), 1 survivors (1024K)
 Metaspace       used 4001K, committed 4160K, reserved 1056768K
  class space    used 313K, committed 384K, reserved 1048576K
}

Deoptimization events (0 events):
No events

Classes unloaded (0 events):
No events

Classes redefined (0 events):
No events

Internal exceptions (20 events):
Event: 10508.454 Thread 0x00007fe19c024e90 Exception <a 'java/io/IOException'{0x00000000cd2fb5f0}> (0x00000000cd2fb5f0) 
thrown [src/hotspot/share/prims/jni.cpp, line 516]
Event: 10508.454 Thread 0x00007fe19c024e90 Exception <a 'java/io/IOException'{0x00000000cd2fb8f8}> (0x00000000cd2fb8f8) 
thrown [src/hotspot/share/prims/jni.cpp, line 516]
Event: 10508.454 Thread 0x00007fe19c024e90 Exception <a 'java/io/IOException'{0x00000000cd2fbc00}> (0x00000000cd2fbc00) 
thrown [src/hotspot/share/prims/jni.cpp, line 516]
Event: 10508.454 Thread 0x00007fe19c024e90 Exception <a 'java/io/IOException'{0x00000000cd2fbf08}> (0x00000000cd2fbf08) 
thrown [src/hotspot/share/prims/jni.cpp, line 516]
Event: 10508.454 Thread 0x00007fe19c024e90 Exception <a 'java/io/IOException'{0x00000000cd2fc210}> (0x00000000cd2fc210) 
thrown [src/hotspot/share/prims/jni.cpp, line 516]
Event: 10508.454 Thread 0x00007fe19c024e90 Exception <a 'java/io/IOException'{0x00000000cd2fc518}> (0x00000000cd2fc518) 
thrown [src/hotspot/share/prims/jni.cpp, line 516]
Event: 10508.454 Thread 0x00007fe19c024e90 Exception <a 'java/io/IOException'{0x00000000cd2fcb90}> (0x00000000cd2fcb90) 
thrown [src/hotspot/share/prims/jni.cpp, line 516]
Event: 10508.454 Thread 0x00007fe19c024e90 Exception <a 'java/io/IOException'{0x00000000cd2fce98}> (0x00000000cd2fce98) 
thrown [src/hotspot/share/prims/jni.cpp, line 516]
Event: 10508.465 Thread 0x00007fe19c024e90 Exception <a 'java/io/IOException'{0x00000000cd2fd1a0}> (0x00000000cd2fd1a0) 
thrown [src/hotspot/share/prims/jni.cpp, line 516]
Event: 10508.465 Thread 0x00007fe19c024e90 Exception <a 'java/io/IOException'{0x00000000cd2fd4a8}> (0x00000000cd2fd4a8) 
thrown [src/hotspot/share/prims/jni.cpp, line 516]
Event: 10508.465 Thread 0x00007fe19c024e90 Exception <a 'java/io/IOException'{0x00000000cd2fd7b0}> (0x00000000cd2fd7b0) 
thrown [src/hotspot/share/prims/jni.cpp, line 516]
Event: 10508.465 Thread 0x00007fe19c024e90 Exception <a 'java/io/IOException'{0x00000000cd2fdab8}> (0x00000000cd2fdab8) 
thrown [src/hotspot/share/prims/jni.cpp, line 516]
Event: 10508.465 Thread 0x00007fe19c024e90 Exception <a 'java/io/IOException'{0x00000000cd2fe130}> (0x00000000cd2fe130) 
thrown [src/hotspot/share/prims/jni.cpp, line 516]
Event: 10508.465 Thread 0x00007fe19c024e90 Exception <a 'java/io/IOException'{0x00000000cd2fe438}> (0x00000000cd2fe438) 
thrown [src/hotspot/share/prims/jni.cpp, line 516]
Event: 10508.465 Thread 0x00007fe19c024e90 Exception <a 'java/io/IOException'{0x00000000cd2fe740}> (0x00000000cd2fe740) 
thrown [src/hotspot/share/prims/jni.cpp, line 516]
Event: 10508.465 Thread 0x00007fe19c024e90 Exception <a 'java/io/IOException'{0x00000000cd2fea48}> (0x00000000cd2fea48) 
thrown [src/hotspot/share/prims/jni.cpp, line 516]
Event: 10508.465 Thread 0x00007fe19c024e90 Exception <a 'java/io/IOException'{0x00000000cd2fed50}> (0x00000000cd2fed50) 
thrown [src/hotspot/share/prims/jni.cpp, line 516]
Event: 10508.465 Thread 0x00007fe19c024e90 Exception <a 'java/io/IOException'{0x00000000cd2ff058}> (0x00000000cd2ff058) 
thrown [src/hotspot/share/prims/jni.cpp, line 516]
Event: 10508.465 Thread 0x00007fe19c024e90 Exception <a 'java/io/IOException'{0x00000000cd2ff6d0}> (0x00000000cd2ff6d0) 
thrown [src/hotspot/share/prims/jni.cpp, line 516]
Event: 10508.465 Thread 0x00007fe19c024e90 Exception <a 'java/io/IOException'{0x00000000cd2ff9d8}> (0x00000000cd2ff9d8) 
thrown [src/hotspot/share/prims/jni.cpp, line 516]

VM Operations (20 events):
Event: 10467.800 Executing VM operation: G1CollectForAllocation done
Event: 10468.034 Executing VM operation: G1CollectForAllocation
Event: 10468.035 Executing VM operation: G1CollectForAllocation done
Event: 10468.328 Executing VM operation: G1CollectForAllocation
Event: 10468.329 Executing VM operation: G1CollectForAllocation done
Event: 10468.583 Executing VM operation: G1CollectForAllocation
Event: 10468.584 Executing VM operation: G1CollectForAllocation done
Event: 10490.870 Executing VM operation: G1CollectForAllocation
Event: 10501.837 Executing VM operation: G1CollectForAllocation done
Event: 10502.517 Executing VM operation: G1CollectForAllocation
Event: 10504.140 Executing VM operation: G1CollectForAllocation done
Event: 10504.963 Executing VM operation: G1CollectForAllocation
Event: 10504.963 Executing VM operation: G1CollectForAllocation done
Event: 10505.836 Executing VM operation: G1CollectForAllocation
Event: 10505.837 Executing VM operation: G1CollectForAllocation done
Event: 10506.666 Executing VM operation: G1CollectForAllocation
Event: 10506.667 Executing VM operation: G1CollectForAllocation done
Event: 10507.558 Executing VM operation: G1CollectForAllocation
Event: 10507.559 Executing VM operation: G1CollectForAllocation done
Event: 10508.465 Executing VM operation: G1CollectForAllocation

Events (20 events):
Event: 6.172 loading class jdk/internal/math/FloatingDecimal$BinaryToASCIIBuffer
Event: 6.172 loading class jdk/internal/math/FloatingDecimal$BinaryToASCIIBuffer done
Event: 6.172 loading class jdk/internal/math/FloatingDecimal$1
Event: 6.172 loading class jdk/internal/math/FloatingDecimal$1 done
Event: 6.172 loading class jdk/internal/math/FloatingDecimal$PreparedASCIIToBinaryBuffer
Event: 6.172 loading class jdk/internal/math/FloatingDecimal$ASCIIToBinaryConverter
Event: 6.172 loading class jdk/internal/math/FloatingDecimal$ASCIIToBinaryConverter done
Event: 6.172 loading class jdk/internal/math/FloatingDecimal$PreparedASCIIToBinaryBuffer done
Event: 6.172 loading class java/lang/ThreadLocal$ThreadLocalMap
Event: 6.172 loading class java/lang/ThreadLocal$ThreadLocalMap done
Event: 6.172 loading class java/lang/ThreadLocal$ThreadLocalMap$Entry
Event: 6.172 loading class java/lang/ThreadLocal$ThreadLocalMap$Entry done
Event: 6.173 loading class jdk/internal/misc/TerminatingThreadLocal
Event: 6.173 loading class jdk/internal/misc/TerminatingThreadLocal done
Event: 6.173 loading class jdk/internal/math/FDBigInteger
Event: 6.173 loading class jdk/internal/math/FDBigInteger done
Event: 9346.983 loading class java/io/InterruptedIOException
Event: 9346.983 loading class java/io/InterruptedIOException done
Event: 9351.404 loading class jdk/internal/access/foreign/MemorySegmentProxy
Event: 9351.404 loading class jdk/internal/access/foreign/MemorySegmentProxy done


Dynamic libraries:
c7000000-cd600000 rw-p 00000000 00:00 0 
d2100000-100000000 ---p 00000000 00:00 0 
100000000-100010000 rw-p 00000000 00:00 0 
100010000-100020000 ---p 00000000 00:00 0 
100020000-100030000 rw-p 00000000 00:00 0 
100030000-100040000 ---p 00000000 00:00 0 
100040000-100080000 rw-p 00000000 00:00 0 
100080000-140000000 ---p 00000000 00:00 0 
55dff8e74000-55dff8e75000 r-xp 00000000 08:05 1578248                    /home/samarth/.p2/pool/plugins/org.eclipse.justj.openjdk.hotspot.jre.full.linux.x86_64_17.0.2.v20220201-1208/jre/bin/java
55dff9075000-55dff9076000 r--p 00001000 08:05 1578248                    /home/samarth/.p2/pool/plugins/org.eclipse.justj.openjdk.hotspot.jre.full.linux.x86_64_17.0.2.v20220201-1208/jre/bin/java
55dff9076000-55dff9077000 rw-p 00002000 08:05 1578248                    /home/samarth/.p2/pool/plugins/org.eclipse.justj.openjdk.hotspot.jre.full.linux.x86_64_17.0.2.v20220201-1208/jre/bin/java
55dff9baa000-55dff9bcb000 rw-p 00000000 00:00 0                          [heap]
7fe13c000000-7fe13c021000 rw-p 00000000 00:00 0 
7fe13c021000-7fe140000000 ---p 00000000 00:00 0 
7fe140000000-7fe140021000 rw-p 00000000 00:00 0 
7fe140021000-7fe144000000 ---p 00000000 00:00 0 
7fe144000000-7fe144021000 rw-p 00000000 00:00 0 
7fe144021000-7fe148000000 ---p 00000000 00:00 0 
7fe148000000-7fe148021000 rw-p 00000000 00:00 0 
7fe148021000-7fe14c000000 ---p 00000000 00:00 0 
7fe14c000000-7fe14c1bf000 rw-p 00000000 00:00 0 
7fe14c1bf000-7fe150000000 ---p 00000000 00:00 0 
7fe150000000-7fe150021000 rw-p 00000000 00:00 0 
7fe150021000-7fe154000000 ---p 00000000 00:00 0 
7fe154000000-7fe154021000 rw-p 00000000 00:00 0 
7fe154021000-7fe158000000 ---p 00000000 00:00 0 
7fe158000000-7fe15842e000 rw-p 00000000 00:00 0 
7fe15842e000-7fe15c000000 ---p 00000000 00:00 0 
7fe15c000000-7fe15c021000 rw-p 00000000 00:00 0 
7fe15c021000-7fe160000000 ---p 00000000 00:00 0 
7fe160000000-7fe160021000 rw-p 00000000 00:00 0 
7fe160021000-7fe164000000 ---p 00000000 00:00 0 
7fe164000000-7fe164021000 rw-p 00000000 00:00 0 
7fe164021000-7fe168000000 ---p 00000000 00:00 0 
7fe168000000-7fe168021000 rw-p 00000000 00:00 0 
7fe168021000-7fe16c000000 ---p 00000000 00:00 0 
7fe16c000000-7fe16c021000 rw-p 00000000 00:00 0 
7fe16c021000-7fe170000000 ---p 00000000 00:00 0 
7fe170000000-7fe17002b000 rw-p 00000000 00:00 0 
7fe17002b000-7fe174000000 ---p 00000000 00:00 0 
7fe174000000-7fe174021000 rw-p 00000000 00:00 0 
7fe174021000-7fe178000000 ---p 00000000 00:00 0 
7fe179811000-7fe179bfc000 rw-p 00000000 00:00 0 
7fe179bfc000-7fe179bfd000 ---p 00000000 00:00 0 
7fe179bfd000-7fe179cfd000 rw-p 00000000 00:00 0 
7fe179cfd000-7fe179d01000 ---p 00000000 00:00 0 
7fe179d01000-7fe179dfe000 rw-p 00000000 00:00 0 
7fe179dfe000-7fe179dff000 ---p 00000000 00:00 0 
7fe179dff000-7fe179eff000 rw-p 00000000 00:00 0 
7fe179eff000-7fe179f03000 ---p 00000000 00:00 0 
7fe179f03000-7fe17c000000 rw-p 00000000 00:00 0 
7fe17c000000-7fe17c021000 rw-p 00000000 00:00 0 
7fe17c021000-7fe180000000 ---p 00000000 00:00 0 
7fe180000000-7fe180021000 rw-p 00000000 00:00 0 
7fe180021000-7fe184000000 ---p 00000000 00:00 0 
7fe184000000-7fe184021000 rw-p 00000000 00:00 0 
7fe184021000-7fe188000000 ---p 00000000 00:00 0 
7fe18801f000-7fe188023000 ---p 00000000 00:00 0 
7fe188023000-7fe188120000 rw-p 00000000 00:00 0 
7fe188120000-7fe188124000 ---p 00000000 00:00 0 
7fe188124000-7fe188221000 rw-p 00000000 00:00 0 
7fe188221000-7fe188225000 ---p 00000000 00:00 0 
7fe188225000-7fe188322000 rw-p 00000000 00:00 0 
7fe188322000-7fe188326000 ---p 00000000 00:00 0 
7fe188326000-7fe188423000 rw-p 00000000 00:00 0 
7fe188423000-7fe188427000 ---p 00000000 00:00 0 
7fe188427000-7fe188524000 rw-p 00000000 00:00 0 
7fe188524000-7fe188528000 ---p 00000000 00:00 0 
7fe188528000-7fe188625000 rw-p 00000000 00:00 0 
7fe188625000-7fe1888fd000 r--p 00000000 08:05 3933816                    /usr/lib/locale/locale-archive
7fe1888fd000-7fe188901000 ---p 00000000 00:00 0 
7fe188901000-7fe1889fe000 rw-p 00000000 00:00 0 
7fe1889fe000-7fe188a02000 ---p 00000000 00:00 0 
7fe188a02000-7fe188aff000 rw-p 00000000 00:00 0 
7fe188aff000-7fe188b00000 ---p 00000000 00:00 0 
7fe188b00000-7fe188fa0000 rw-p 00000000 00:00 0 
7fe188fa0000-7fe189000000 ---p 00000000 00:00 0 
7fe189000000-7fe189010000 rw-p 00000000 00:00 0 
7fe189010000-7fe189400000 ---p 00000000 00:00 0 
7fe1894de000-7fe1894e5000 r-xp 00000000 08:05 1578624                    /home/samarth/.p2/pool/plugins/org.eclipse.justj.openjdk.hotspot.jre.full.linux.x86_64_17.0.2.v20220201-1208/jre/lib/libzip.so
7fe1894e5000-7fe1896e5000 ---p 00007000 08:05 1578624                    /home/samarth/.p2/pool/plugins/org.eclipse.justj.openjdk.hotspot.jre.full.linux.x86_64_17.0.2.v20220201-1208/jre/lib/libzip.so
7fe1896e5000-7fe1896e6000 r--p 00007000 08:05 1578624                    /home/samarth/.p2/pool/plugins/org.eclipse.justj.openjdk.hotspot.jre.full.linux.x86_64_17.0.2.v20220201-1208/jre/lib/libzip.so
7fe1896e6000-7fe1896e7000 rw-p 00008000 08:05 1578624                    /home/samarth/.p2/pool/plugins/org.eclipse.justj.openjdk.hotspot.jre.full.linux.x86_64_17.0.2.v20220201-1208/jre/lib/libzip.so
7fe1896e7000-7fe1896e8000 ---p 00000000 00:00 0 
7fe1896e8000-7fe1897e8000 rw-p 00000000 00:00 0 
7fe1897e8000-7fe1897e9000 ---p 00000000 00:00 0 
7fe1897e9000-7fe189ced000 rw-p 00000000 00:00 0 
7fe189ced000-7fe189cee000 ---p 00000000 00:00 0 
7fe189cee000-7fe189dee000 rw-p 00000000 00:00 0 
7fe189dee000-7fe189def000 ---p 00000000 00:00 0 
7fe189def000-7fe189eef000 rw-p 00000000 00:00 0 
7fe189eef000-7fe189ef0000 ---p 00000000 00:00 0 
7fe189ef0000-7fe18a188000 rw-p 00000000 00:00 0 
7fe18a188000-7fe18ae30000 ---p 00000000 00:00 0 
7fe18ae30000-7fe18afc8000 rw-p 00000000 00:00 0 
7fe18afc8000-7fe18bc70000 ---p 00000000 00:00 0 
7fe18bc70000-7fe18bca3000 rw-p 00000000 00:00 0 
7fe18bca3000-7fe18be38000 ---p 00000000 00:00 0 
7fe18be38000-7fe18be6b000 rw-p 00000000 00:00 0 
7fe18be6b000-7fe18c000000 ---p 00000000 00:00 0 
7fe18c000000-7fe18c033000 rw-p 00000000 00:00 0 
7fe18c033000-7fe18c1c8000 ---p 00000000 00:00 0 
7fe18c1c8000-7fe18c5d1000 rw-p 00000000 00:00 0 
7fe18c5d1000-7fe18c6b7000 ---p 00000000 00:00 0 
7fe18c6b7000-7fe18c6bc000 rw-p 00000000 00:00 0 
7fe18c6bc000-7fe18c7a2000 ---p 00000000 00:00 0 
7fe18c7a2000-7fe18ca12000 rwxp 00000000 00:00 0 
7fe18ca12000-7fe18cd33000 ---p 00000000 00:00 0 
7fe18cd33000-7fe18cfa3000 rwxp 00000000 00:00 0 
7fe18cfa3000-7fe19426a000 ---p 00000000 00:00 0 
7fe19426a000-7fe1944da000 rwxp 00000000 00:00 0 
7fe1944da000-7fe19b7a2000 ---p 00000000 00:00 0 
7fe19b7a2000-7fe19b7c6000 r-xp 00000000 08:05 1578636                    /home/samarth/.p2/pool/plugins/org.eclipse.justj.openjdk.hotspot.jre.full.linux.x86_64_17.0.2.v20220201-1208/jre/lib/libjava.so
7fe19b7c6000-7fe19b9c6000 ---p 00024000 08:05 1578636                    /home/samarth/.p2/pool/plugins/org.eclipse.justj.openjdk.hotspot.jre.full.linux.x86_64_17.0.2.v20220201-1208/jre/lib/libjava.so
7fe19b9c6000-7fe19b9c7000 r--p 00024000 08:05 1578636                    /home/samarth/.p2/pool/plugins/org.eclipse.justj.openjdk.hotspot.jre.full.linux.x86_64_17.0.2.v20220201-1208/jre/lib/libjava.so
7fe19b9c7000-7fe19b9c8000 rw-p 00025000 08:05 1578636                    /home/samarth/.p2/pool/plugins/org.eclipse.justj.openjdk.hotspot.jre.full.linux.x86_64_17.0.2.v20220201-1208/jre/lib/libjava.so
7fe19b9c8000-7fe19b9c9000 rw-p 00000000 00:00 0 
7fe19b9c9000-7fe19b9d4000 r-xp 00000000 08:05 4987579                    /lib/x86_64-linux-gnu/libnss_files-2.23.so
7fe19b9d4000-7fe19bbd3000 ---p 0000b000 08:05 4987579                    /lib/x86_64-linux-gnu/libnss_files-2.23.so
7fe19bbd3000-7fe19bbd4000 r--p 0000a000 08:05 4987579                    /lib/x86_64-linux-gnu/libnss_files-2.23.so
7fe19bbd4000-7fe19bbd5000 rw-p 0000b000 08:05 4987579                    /lib/x86_64-linux-gnu/libnss_files-2.23.so
7fe19bbd5000-7fe19bbdb000 rw-p 00000000 00:00 0 
7fe19bbdb000-7fe19bbe6000 r-xp 00000000 08:05 4987586                    /lib/x86_64-linux-gnu/libnss_nis-2.23.so
7fe19bbe6000-7fe19bde5000 ---p 0000b000 08:05 4987586                    /lib/x86_64-linux-gnu/libnss_nis-2.23.so
7fe19bde5000-7fe19bde6000 r--p 0000a000 08:05 4987586                    /lib/x86_64-linux-gnu/libnss_nis-2.23.so
7fe19bde6000-7fe19bde7000 rw-p 0000b000 08:05 4987586                    /lib/x86_64-linux-gnu/libnss_nis-2.23.so
7fe19bde7000-7fe19bdfd000 r-xp 00000000 08:05 4987587                    /lib/x86_64-linux-gnu/libnsl-2.23.so
7fe19bdfd000-7fe19bffc000 ---p 00016000 08:05 4987587                    /lib/x86_64-linux-gnu/libnsl-2.23.so
7fe19bffc000-7fe19bffd000 r--p 00015000 08:05 4987587                    /lib/x86_64-linux-gnu/libnsl-2.23.so
7fe19bffd000-7fe19bffe000 rw-p 00016000 08:05 4987587                    /lib/x86_64-linux-gnu/libnsl-2.23.so
7fe19bffe000-7fe19c000000 rw-p 00000000 00:00 0 
7fe19c000000-7fe19c205000 rw-p 00000000 00:00 0 
7fe19c205000-7fe1a0000000 ---p 00000000 00:00 0 
7fe1a0053000-7fe1a00d4000 rw-p 00000000 00:00 0 
7fe1a00d4000-7fe1a00dc000 r-xp 00000000 08:05 4987589                    /lib/x86_64-linux-gnu/libnss_compat-2.23.so
7fe1a00dc000-7fe1a02db000 ---p 00008000 08:05 4987589                    /lib/x86_64-linux-gnu/libnss_compat-2.23.so
7fe1a02db000-7fe1a02dc000 r--p 00007000 08:05 4987589                    /lib/x86_64-linux-gnu/libnss_compat-2.23.so
7fe1a02dc000-7fe1a02dd000 rw-p 00008000 08:05 4987589                    /lib/x86_64-linux-gnu/libnss_compat-2.23.so
7fe1a02dd000-7fe1a3927000 r--s 00000000 08:05 1578623                    /home/samarth/.p2/pool/plugins/org.eclipse.justj.openjdk.hotspot.jre.full.linux.x86_64_17.0.2.v20220201-1208/jre/lib/modules
7fe1a3927000-7fe1a3942000 r-xp 00000000 08:05 1578625                    /home/samarth/.p2/pool/plugins/org.eclipse.justj.openjdk.hotspot.jre.full.linux.x86_64_17.0.2.v20220201-1208/jre/lib/libjimage.so
7fe1a3942000-7fe1a3b41000 ---p 0001b000 08:05 1578625                    /home/samarth/.p2/pool/plugins/org.eclipse.justj.openjdk.hotspot.jre.full.linux.x86_64_17.0.2.v20220201-1208/jre/lib/libjimage.so
7fe1a3b41000-7fe1a3b43000 r--p 0001a000 08:05 1578625                    /home/samarth/.p2/pool/plugins/org.eclipse.justj.openjdk.hotspot.jre.full.linux.x86_64_17.0.2.v20220201-1208/jre/lib/libjimage.so
7fe1a3b43000-7fe1a3b44000 rw-p 0001c000 08:05 1578625                    /home/samarth/.p2/pool/plugins/org.eclipse.justj.openjdk.hotspot.jre.full.linux.x86_64_17.0.2.v20220201-1208/jre/lib/libjimage.so
7fe1a3b44000-7fe1a3c4c000 r-xp 00000000 08:05 4987583                    /lib/x86_64-linux-gnu/libm-2.23.so
7fe1a3c4c000-7fe1a3e4b000 ---p 00108000 08:05 4987583                    /lib/x86_64-linux-gnu/libm-2.23.so
7fe1a3e4b000-7fe1a3e4c000 r--p 00107000 08:05 4987583                    /lib/x86_64-linux-gnu/libm-2.23.so
7fe1a3e4c000-7fe1a3e4d000 rw-p 00108000 08:05 4987583                    /lib/x86_64-linux-gnu/libm-2.23.so
7fe1a3e4d000-7fe1a3e54000 r-xp 00000000 08:05 4987578                    /lib/x86_64-linux-gnu/librt-2.23.so
7fe1a3e54000-7fe1a4053000 ---p 00007000 08:05 4987578                    /lib/x86_64-linux-gnu/librt-2.23.so
7fe1a4053000-7fe1a4054000 r--p 00006000 08:05 4987578                    /lib/x86_64-linux-gnu/librt-2.23.so
7fe1a4054000-7fe1a4055000 rw-p 00007000 08:05 4987578                    /lib/x86_64-linux-gnu/librt-2.23.so
7fe1a4055000-7fe1a5339000 r-xp 00000000 08:05 1578613                    /home/samarth/.p2/pool/plugins/org.eclipse.justj.openjdk.hotspot.jre.full.linux.x86_64_17.0.2.v20220201-1208/jre/lib/server/libjvm.so
7fe1a5339000-7fe1a5539000 ---p 012e4000 08:05 1578613                    /home/samarth/.p2/pool/plugins/org.eclipse.justj.openjdk.hotspot.jre.full.linux.x86_64_17.0.2.v20220201-1208/jre/lib/server/libjvm.so
7fe1a5539000-7fe1a55f2000 r--p 012e4000 08:05 1578613                    /home/samarth/.p2/pool/plugins/org.eclipse.justj.openjdk.hotspot.jre.full.linux.x86_64_17.0.2.v20220201-1208/jre/lib/server/libjvm.so
7fe1a55f2000-7fe1a5627000 rw-p 0139d000 08:05 1578613                    /home/samarth/.p2/pool/plugins/org.eclipse.justj.openjdk.hotspot.jre.full.linux.x86_64_17.0.2.v20220201-1208/jre/lib/server/libjvm.so
7fe1a5627000-7fe1a5680000 rw-p 00000000 00:00 0 
7fe1a5680000-7fe1a5840000 r-xp 00000000 08:05 4987588                    /lib/x86_64-linux-gnu/libc-2.23.so
7fe1a5840000-7fe1a5a40000 ---p 001c0000 08:05 4987588                    /lib/x86_64-linux-gnu/libc-2.23.so
7fe1a5a40000-7fe1a5a44000 r--p 001c0000 08:05 4987588                    /lib/x86_64-linux-gnu/libc-2.23.so
7fe1a5a44000-7fe1a5a46000 rw-p 001c4000 08:05 4987588                    /lib/x86_64-linux-gnu/libc-2.23.so
7fe1a5a46000-7fe1a5a4a000 rw-p 00000000 00:00 0 
7fe1a5a4a000-7fe1a5a4d000 r-xp 00000000 08:05 4987538                    /lib/x86_64-linux-gnu/libdl-2.23.so
7fe1a5a4d000-7fe1a5c4c000 ---p 00003000 08:05 4987538                    /lib/x86_64-linux-gnu/libdl-2.23.so
7fe1a5c4c000-7fe1a5c4d000 r--p 00002000 08:05 4987538                    /lib/x86_64-linux-gnu/libdl-2.23.so
7fe1a5c4d000-7fe1a5c4e000 rw-p 00003000 08:05 4987538                    /lib/x86_64-linux-gnu/libdl-2.23.so
7fe1a5c4e000-7fe1a5c66000 r-xp 00000000 08:05 4987533                    /lib/x86_64-linux-gnu/libpthread-2.23.so
7fe1a5c66000-7fe1a5e65000 ---p 00018000 08:05 4987533                    /lib/x86_64-linux-gnu/libpthread-2.23.so
7fe1a5e65000-7fe1a5e66000 r--p 00017000 08:05 4987533                    /lib/x86_64-linux-gnu/libpthread-2.23.so
7fe1a5e66000-7fe1a5e67000 rw-p 00018000 08:05 4987533                    /lib/x86_64-linux-gnu/libpthread-2.23.so
7fe1a5e67000-7fe1a5e6b000 rw-p 00000000 00:00 0 
7fe1a5e6b000-7fe1a5e7a000 r-xp 00000000 08:05 1578632                    /home/samarth/.p2/pool/plugins/org.eclipse.justj.openjdk.hotspot.jre.full.linux.x86_64_17.0.2.v20220201-1208/jre/lib/libjli.so
7fe1a5e7a000-7fe1a607a000 ---p 0000f000 08:05 1578632                    /home/samarth/.p2/pool/plugins/org.eclipse.justj.openjdk.hotspot.jre.full.linux.x86_64_17.0.2.v20220201-1208/jre/lib/libjli.so
7fe1a607a000-7fe1a607b000 r--p 0000f000 08:05 1578632                    /home/samarth/.p2/pool/plugins/org.eclipse.justj.openjdk.hotspot.jre.full.linux.x86_64_17.0.2.v20220201-1208/jre/lib/libjli.so
7fe1a607b000-7fe1a607c000 rw-p 00010000 08:05 1578632                    /home/samarth/.p2/pool/plugins/org.eclipse.justj.openjdk.hotspot.jre.full.linux.x86_64_17.0.2.v20220201-1208/jre/lib/libjli.so
7fe1a607c000-7fe1a6095000 r-xp 00000000 08:05 4985616                    /lib/x86_64-linux-gnu/libz.so.1.2.8
7fe1a6095000-7fe1a6294000 ---p 00019000 08:05 4985616                    /lib/x86_64-linux-gnu/libz.so.1.2.8
7fe1a6294000-7fe1a6295000 r--p 00018000 08:05 4985616                    /lib/x86_64-linux-gnu/libz.so.1.2.8
7fe1a6295000-7fe1a6296000 rw-p 00019000 08:05 4985616                    /lib/x86_64-linux-gnu/libz.so.1.2.8
7fe1a6296000-7fe1a62bc000 r-xp 00000000 08:05 4987580                    /lib/x86_64-linux-gnu/ld-2.23.so
7fe1a62d8000-7fe1a6398000 rw-p 00000000 00:00 0 
7fe1a6398000-7fe1a639f000 ---p 00000000 00:00 0 
7fe1a639f000-7fe1a63a3000 ---p 00000000 00:00 0 
7fe1a63a3000-7fe1a64a4000 rw-p 00000000 00:00 0 
7fe1a64a8000-7fe1a64af000 r--s 00000000 08:05 4202006                    /usr/lib/x86_64-linux-gnu/gconv/gconv-modules.cache
7fe1a64af000-7fe1a64b7000 rw-s 00000000 08:05 5116029                    /tmp/hsperfdata_samarth/8266
7fe1a64b7000-7fe1a64b8000 ---p 00000000 00:00 0 
7fe1a64b8000-7fe1a64b9000 r--p 00000000 00:00 0 
7fe1a64b9000-7fe1a64ba000 ---p 00000000 00:00 0 
7fe1a64ba000-7fe1a64bb000 rw-p 00000000 00:00 0 
7fe1a64bb000-7fe1a64bc000 r--p 00025000 08:05 4987580                    /lib/x86_64-linux-gnu/ld-2.23.so
7fe1a64bc000-7fe1a64bd000 rw-p 00026000 08:05 4987580                    /lib/x86_64-linux-gnu/ld-2.23.so
7fe1a64bd000-7fe1a64be000 rw-p 00000000 00:00 0 
7ffed93f1000-7ffed9412000 rw-p 00000000 00:00 0                          [stack]
7ffed9581000-7ffed9584000 r--p 00000000 00:00 0                          [vvar]
7ffed9584000-7ffed9586000 r-xp 00000000 00:00 0                          [vdso]
ffffffffff600000-ffffffffff601000 r-xp 00000000 00:00 0                  [vsyscall]


VM Arguments:
jvm_args: -Dfile.encoding=UTF-8 -XX:+ShowCodeDetailsInExceptionMessages 
java_command: org.banking.BankApp
java_class_path (initial): /home/samarth/eclipse-workspace/Banking Application/bin
Launcher Type: SUN_STANDARD

[Global flags]
     intx CICompilerCount                          = 3                                         {product} {ergonomic}
     uint ConcGCThreads                            = 1                                         {product} {ergonomic}
     uint G1ConcRefinementThreads                  = 4                                         {product} {ergonomic}
   size_t G1HeapRegionSize                         = 1048576                                   {product} {ergonomic}
    uintx GCDrainStackTargetSize                   = 64                                        {product} {ergonomic}
   size_t InitialHeapSize                          = 60817408                                  {product} {ergonomic}
   size_t MarkStackSize                            = 4194304                                   {product} {ergonomic}
   size_t MaxHeapSize                              = 956301312                                 {product} {ergonomic}
   size_t MaxNewSize                               = 573571072                                 {product} {ergonomic}
   size_t MinHeapDeltaBytes                        = 1048576                                   {product} {ergonomic}
   size_t MinHeapSize                              = 8388608                                   {product} {ergonomic}
    uintx NonNMethodCodeHeapSize                   = 5832780                                {pd product} {ergonomic}
    uintx NonProfiledCodeHeapSize                  = 122912730                              {pd product} {ergonomic}
    uintx ProfiledCodeHeapSize                     = 122912730                              {pd product} {ergonomic}
    uintx ReservedCodeCacheSize                    = 251658240                              {pd product} {ergonomic}
     bool SegmentedCodeCache                       = true                                      {product} {ergonomic}
     bool ShowCodeDetailsInExceptionMessages       = true                                   {manageable} {command line}
   size_t SoftMaxHeapSize                          = 956301312                              {manageable} {ergonomic}
     bool UseCompressedClassPointers               = true                           {product lp64_product} {ergonomic}
     bool UseCompressedOops                        = true                           {product lp64_product} {ergonomic}
     bool UseG1GC                                  = true                                      {product} {ergonomic}

Logging:
Log output configuration:
 #0: stdout all=warning uptime,level,tags
 #1: stderr all=off uptime,level,tags

Environment Variables:
PATH=/home/samarth/bin:/home/samarth/.local/bin:/usr/local/sbin:/usr/local/bin:/usr/sbin:/usr/bin:/sbin:/bin:/usr/games:/usr/local/games:/snap/bin
SHELL=/bin/bash
DISPLAY=:0
LANG=en_US.UTF-8

Signal Handlers:
   SIGSEGV: crash_handler in libjvm.so, mask=11100100010111111101111111111110, flags=SA_RESTART|SA_SIGINFO
    SIGBUS: crash_handler in libjvm.so, mask=11100100010111111101111111111110, flags=SA_RESTART|SA_SIGINFO
    SIGFPE: crash_handler in libjvm.so, mask=11100100010111111101111111111110, flags=SA_RESTART|SA_SIGINFO
   SIGPIPE: javaSignalHandler in libjvm.so, mask=11100100010111111101111111111110, flags=SA_RESTART|SA_SIGINFO
   SIGXFSZ: javaSignalHandler in libjvm.so, mask=11100100010111111101111111111110, flags=SA_RESTART|SA_SIGINFO
    SIGILL: crash_handler in libjvm.so, mask=11100100010111111101111111111110, flags=SA_RESTART|SA_SIGINFO
   SIGUSR2: SR_handler in libjvm.so, mask=00100000000000000000000000000000, flags=SA_RESTART|SA_SIGINFO
    SIGHUP: UserHandler in libjvm.so, mask=11100100010111111101111111111110, flags=SA_RESTART|SA_SIGINFO
    SIGINT: UserHandler in libjvm.so, mask=11100100010111111101111111111110, flags=SA_RESTART|SA_SIGINFO
   SIGTERM: UserHandler in libjvm.so, mask=11100100010111111101111111111110, flags=SA_RESTART|SA_SIGINFO
   SIGQUIT: UserHandler in libjvm.so, mask=11100100010111111101111111111110, flags=SA_RESTART|SA_SIGINFO
   SIGTRAP: crash_handler in libjvm.so, mask=11100100010111111101111111111110, flags=SA_RESTART|SA_SIGINFO


---------------  S Y S T E M  ---------------

OS:
DISTRIB_ID=Ubuntu
DISTRIB_RELEASE=16.04
DISTRIB_CODENAME=xenial
DISTRIB_DESCRIPTION="Ubuntu 16.04.7 LTS"
uname: Linux 4.15.0-142-generic #146~16.04.1-Ubuntu SMP Tue Apr 13 09:27:15 UTC 2021 x86_64
OS uptime: 0 days 5:10 hours
libc: glibc 2.23 NPTL 2.23 
rlimit (soft/hard): STACK 8192k/infinity , CORE 0k/infinity , NPROC 14344/14344 , NOFILE 1048576/1048576 , AS infinity/infinity , CPU infinity/infinity , DATA infinity/infinity , FSIZE infinity/infinity , MEMLOCK 64k/64k
load average: 72.95 49.76 32.35

/proc/meminfo:
MemTotal:        3733652 kB
MemFree:           83016 kB
MemAvailable:      12840 kB
Buffers:             468 kB
Cached:           331988 kB
SwapCached:         5416 kB
Active:          2846140 kB
Inactive:         589332 kB
Active(anon):    2818240 kB
Inactive(anon):   560052 kB
Active(file):      27900 kB
Inactive(file):    29280 kB
Unevictable:         124 kB
Mlocked:             124 kB
SwapTotal:        999420 kB
SwapFree:             20 kB
Dirty:               648 kB
Writeback:          4748 kB
AnonPages:       3099604 kB
Mapped:            93444 kB
Shmem:            274836 kB
Slab:              91660 kB
SReclaimable:      37056 kB
SUnreclaim:        54604 kB
KernelStack:       19872 kB
PageTables:        61724 kB
NFS_Unstable:          0 kB
Bounce:                0 kB
WritebackTmp:          0 kB
CommitLimit:     2866244 kB
Committed_AS:   13225812 kB
VmallocTotal:   34359738367 kB
VmallocUsed:           0 kB
VmallocChunk:          0 kB
HardwareCorrupted:     0 kB
AnonHugePages:         0 kB
ShmemHugePages:        0 kB
ShmemPmdMapped:        0 kB
CmaTotal:              0 kB
CmaFree:               0 kB
HugePages_Total:       0
HugePages_Free:        0
HugePages_Rsvd:        0
HugePages_Surp:        0
Hugepagesize:       2048 kB
DirectMap4k:      260140 kB
DirectMap2M:     3624960 kB

/sys/kernel/mm/transparent_hugepage/enabled: always [madvise] never
/sys/kernel/mm/transparent_hugepage/defrag (defrag/compaction efforts parameter): always defer defer+madvise [madvise] never

Process Memory:
Virtual Size: 3621404K (peak: 3694728K)
Resident Set Size: 51912K (peak: 62752K) (anon: 51912K, file: 0K, shmem: 0K)
Swapped out: 7000K
C-Heap outstanding allocations: 2776K

/proc/sys/kernel/threads-max (system-wide limit on the number of threads): 28688
/proc/sys/vm/max_map_count (maximum number of memory map areas a process may have): 65530
/proc/sys/kernel/pid_max (system-wide limit on number of process identifiers): 32768

container (cgroup) information:
container_type: cgroupv1

[timeout occurred during error reporting in step "printing OS information"] after 37 s.
CPU: total 4 (initial active 4) (2 cores per cpu, 2 threads per core) family 6 model 58 stepping 9 microcode 0x21, cx8, cmov, fxsr, ht, mmx, sse, sse2, sse3, ssse3, sse4.1, sse4.2, popcnt, tsc, tscinvbit, avx, aes, erms, clmul, vzeroupper, clflush
CPU Model and flags from /proc/cpuinfo:
model name	: Intel(R) Core(TM) i5-3320M CPU @ 2.60GHz
flags		: fpu vme de pse tsc msr pae mce cx8 apic sep mtrr pge mca cmov pat pse36 clflush dts acpi mmx fxsr sse sse2 ss ht tm pbe syscall nx rdtscp lm constant_tsc arch_perfmon pebs bts rep_good nopl xtopology nonstop_tsc cpuid aperfmperf pni pclmulqdq dtes64 monitor ds_cpl vmx smx est tm2 ssse3 cx16 xtpr pdcm pcid sse4_1 sse4_2 x2apic popcnt tsc_deadline_timer aes xsave avx f16c rdrand lahf_lm cpuid_fault epb pti ssbd ibrs ibpb stibp tpr_shadow vnmi flexpriority ept vpid fsgsbase smep erms xsaveopt dtherm ida arat pln pts md_clear flush_l1d

Online cpus: 0-3
Offline cpus: 4-7
BIOS frequency limitation: <Not Available>
Frequency switch latency (ns): 0
Available cpu frequencies: <Not Available>
Current governor: powersave
Core performance/turbo boost: <Not Available>

Memory: 4k page, physical 3733652k(99280k free), swap 999420k(0k free)
Page Sizes: 4k

vm_info: OpenJDK 64-Bit Server VM (17.0.2+8) for linux-amd64 JRE (17.0.2+8), built on Jan 20 2022 09:56:58 by "" with gcc 7.5.0

