#
# There is insufficient memory for the Java Runtime Environment to continue.
# Native memory allocation (mmap) failed to map 133169152 bytes for committing reserved memory.
# Possible reasons:
#   The system is out of physical RAM or swap space
#   The process is running with CompressedOops enabled, and the Java Heap may be blocking the growth of the native heap
# Possible solutions:
#   Reduce memory load on the system
#   Increase physical memory or swap space
#   Check if swap backing store is full
#   Decrease Java heap size (-Xmx/-Xms)
#   Decrease number of Java threads
#   Decrease Java thread stack sizes (-Xss)
#   Set larger code cache with -XX:ReservedCodeCacheSize=
#   JVM is running with Unscaled Compressed Oops mode in which the Java heap is
#     placed in the first 4GB address space. The Java Heap base address is the
#     maximum limit for the native heap growth. Please use -XX:HeapBaseMinAddress
#     to set the Java Heap base and to place the Java Heap above 4GB virtual address.
# This output file may be truncated or incomplete.
#
#  Out of Memory Error (os_linux.cpp:2741), pid=8501, tid=8513
#
# JRE version: OpenJDK Runtime Environment Temurin-17.0.2+8 (17.0.2+8) (build 17.0.2+8)
# Java VM: OpenJDK 64-Bit Server VM Temurin-17.0.2+8 (17.0.2+8, mixed mode, tiered, compressed oops, compressed class ptrs, g1 gc, linux-amd64)
# Core dump will be written. Default location: Core dumps may be processed with "/usr/share/apport/apport %p %s %c %d %P %E" (or dumping to /home/samarth/eclipse-workspace/Banking Application/core.8501)
#

---------------  S U M M A R Y ------------

Command Line: -Dfile.encoding=UTF-8 -XX:+ShowCodeDetailsInExceptionMessages org.banking.BankApp

Host: Intel(R) Core(TM) i5-3320M CPU @ 2.60GHz, 4 cores, 3G, Ubuntu 16.04.7 LTS
Time: Fri Jun 17 15:49:06 2022 IST elapsed time: 9995.103809 seconds (0d 2h 46m 35s)

---------------  T H R E A D  ---------------

Current thread (0x00007f17dc110d30):  VMThread "VM Thread" [stack: 0x00007f17c5832000,0x00007f17c5932000] [id=8513]

Stack: [0x00007f17c5832000,0x00007f17c5932000],  sp=0x00007f17c592fda0,  free space=1015k
Native frames: (J=compiled Java code, j=interpreted, Vv=VM code, C=native code)
V  [libjvm.so+0xf81ea1]  VMError::report_and_die(int, char const*, char const*, __va_list_tag*, Thread*, unsigned char*, void*, void*, char const*, int, unsigned long)+0x1a1
V  [libjvm.so+0xf82b2b]  VMError::report_and_die(Thread*, char const*, int, unsigned long, VMErrorType, char const*, __va_list_tag*)+0x2b
V  [libjvm.so+0x61d6ad]
[timeout occurred during error reporting in step "printing native stack"] after 34 s.
VM_Operation (0x00007f17e46cfb30): G1CollectForAllocation, mode: safepoint, requested by thread 0x00007f17dc024e90


---------------  P R O C E S S  ---------------

Threads class SMR info:
_java_thread_list=0x00007f17dc1bf3e0, length=11, elements={
0x00007f17dc024e90, 0x00007f17dc11ff40, 0x00007f17dc121600, 0x00007f17dc146760,
0x00007f17dc147b20, 0x00007f17dc148f10, 0x00007f17dc14a8e0, 0x00007f17dc14be10,
0x00007f17dc14d280, 0x00007f17dc1b5b30, 0x00007f17dc1be450
}

Java Threads: ( => current thread )
  0x00007f17dc024e90 JavaThread "main" [_thread_blocked, id=8503, stack(0x00007f17e45d4000,0x00007f17e46d5000)]
  0x00007f17dc11ff40 JavaThread "Reference Handler" daemon [_thread_blocked, id=8514, stack(0x00007f17c4cf6000,0x00007f17c4df7000)]
  0x00007f17dc121600 JavaThread "Finalizer" daemon [_thread_blocked, id=8515, stack(0x00007f17c4bf5000,0x00007f17c4cf6000)]
  0x00007f17dc146760 JavaThread "Signal Dispatcher" daemon [_thread_blocked, id=8516, stack(0x00007f17c481c000,0x00007f17c491d000)]
  0x00007f17dc147b20 JavaThread "Service Thread" daemon [_thread_blocked, id=8517, stack(0x00007f17c471b000,0x00007f17c481c000)]
  0x00007f17dc148f10 JavaThread "Monitor Deflation Thread" daemon [_thread_blocked, id=8518, stack(0x00007f17c461a000,0x00007f17c471b000)]
  0x00007f17dc14a8e0 JavaThread "C2 CompilerThread0" daemon [_thread_blocked, id=8519, stack(0x00007f17c4519000,0x00007f17c461a000)]
  0x00007f17dc14be10 JavaThread "C1 CompilerThread0" daemon [_thread_blocked, id=8520, stack(0x00007f17c4418000,0x00007f17c4519000)]
  0x00007f17dc14d280 JavaThread "Sweeper thread" daemon [_thread_blocked, id=8521, stack(0x00007f17c4317000,0x00007f17c4418000)]
  0x00007f17dc1b5b30 JavaThread "Notification Thread" daemon [_thread_blocked, id=8522, stack(0x00007f17c4216000,0x00007f17c4317000)]
  0x00007f17dc1be450 JavaThread "Common-Cleaner" daemon [_thread_blocked, id=8524, stack(0x00007f17c4014000,0x00007f17c4115000)]

Other Threads:
=>0x00007f17dc110d30 VMThread "VM Thread" [stack: 0x00007f17c5832000,0x00007f17c5932000] [id=8513]
  0x00007f17dc1b74b0 WatcherThread [stack: 0x00007f17c4116000,0x00007f17c4216000] [id=8523]
  0x00007f17dc051ab0 GCTaskThread "GC Thread#0" [stack: 0x00007f17e04c3000,0x00007f17e05c3000] [id=8508]
  0x00007f17a8004aa0 GCTaskThread "GC Thread#1" [stack: 0x00007f177ff00000,0x00007f1780000000] [id=13871]
  0x00007f17dc05a290 ConcurrentGCThread "G1 Main Marker" [stack: 0x00007f17e03c2000,0x00007f17e04c2000] [id=8509]
  0x00007f17dc05b1f0 ConcurrentGCThread "G1 Conc#0" [stack: 0x00007f17e02c1000,0x00007f17e03c1000] [id=8510]
  0x00007f17dc093ba0 ConcurrentGCThread "G1 Refine#0" [stack: 0x00007f17c5a34000,0x00007f17c5b34000] [id=8511]
  0x00007f17dc094a90 ConcurrentGCThread "G1 Service" [stack: 0x00007f17c5933000,0x00007f17c5a33000] [id=8512]

Threads with active compile tasks:

VM state: at safepoint (normal execution)

VM Mutex/Monitor currently owned by a thread:  ([mutex/lock_event])
[0x00007f17dc01fde0] Threads_lock - owner thread: 0x00007f17dc110d30
[0x00007f17dc020590] Heap_lock - owner thread: 0x00007f17dc024e90

Heap address: 0x00000000c7000000, size: 912 MB, Compressed Oops mode: 32-bit

CDS archive(s) not mapped
Compressed class space mapped at: 0x0000000100000000-0x0000000140000000, reserved size: 1073741824
Narrow klass base: 0x0000000000000000, Narrow klass shift: 3, Narrow klass range: 0x140000000

GC Precious Log:
 CPUs: 4 total, 4 available
 Memory: 3646M
 Large Page Support: Disabled
 NUMA Support: Disabled
 Compressed Oops: Enabled (32-bit)
 Heap Region Size: 1M
 Heap Min Capacity: 8M
 Heap Initial Capacity: 58M
 Heap Max Capacity: 912M
 Pre-touch: Disabled
 Parallel Workers: 4
 Concurrent Workers: 1
 Concurrent Refinement Workers: 4
 Periodic GC: Disabled

Heap:
 garbage-first heap   total 126976K, used 576K [0x00000000c7000000, 0x0000000100000000)
  region size 1024K, 1 young (1024K), 1 survivors (1024K)
 Metaspace       used 4005K, committed 4160K, reserved 1056768K
  class space    used 313K, committed 384K, reserved 1048576K

Heap Regions: E=young(eden), S=young(survivor), O=old, HS=humongous(starts), HC=humongous(continues), CS=collection set, F=free, OA=open archive, CA=closed archive, TAMS=top-at-mark-start (previous, next)
|   0|0x00000000c7000000, 0x00000000c708f800, 0x00000000c7100000| 56%| O|  |TAMS 0x00000000c7000000, 0x00000000c7000000| Untracked 
|   1|0x00000000c7100000, 0x00000000c7100000, 0x00000000c7200000|  0%| F|  |TAMS 0x00000000c7100000, 0x00000000c7100000| Untracked 
|   2|0x00000000c7200000, 0x00000000c7200000, 0x00000000c7300000|  0%| F|  |TAMS 0x00000000c7200000, 0x00000000c7200000| Untracked 
|   3|0x00000000c7300000, 0x00000000c7300000, 0x00000000c7400000|  0%| F|  |TAMS 0x00000000c7300000, 0x00000000c7300000| Untracked 
|   4|0x00000000c7400000, 0x00000000c7400000, 0x00000000c7500000|  0%| F|  |TAMS 0x00000000c7400000, 0x00000000c7400000| Untracked 
|   5|0x00000000c7500000, 0x00000000c7500000, 0x00000000c7600000|  0%| F|  |TAMS 0x00000000c7500000, 0x00000000c7500000| Untracked 
|   6|0x00000000c7600000, 0x00000000c7600000, 0x00000000c7700000|  0%| F|  |TAMS 0x00000000c7600000, 0x00000000c7600000| Untracked 
|   7|0x00000000c7700000, 0x00000000c7700000, 0x00000000c7800000|  0%| F|  |TAMS 0x00000000c7700000, 0x00000000c7700000| Untracked 
|   8|0x00000000c7800000, 0x00000000c7800000, 0x00000000c7900000|  0%| F|  |TAMS 0x00000000c7800000, 0x00000000c7800000| Untracked 
|   9|0x00000000c7900000, 0x00000000c7900000, 0x00000000c7a00000|  0%| F|  |TAMS 0x00000000c7900000, 0x00000000c7900000| Untracked 
|  10|0x00000000c7a00000, 0x00000000c7a00000, 0x00000000c7b00000|  0%| F|  |TAMS 0x00000000c7a00000, 0x00000000c7a00000| Untracked 
|  11|0x00000000c7b00000, 0x00000000c7b00000, 0x00000000c7c00000|  0%| F|  |TAMS 0x00000000c7b00000, 0x00000000c7b00000| Untracked 
|  12|0x00000000c7c00000, 0x00000000c7c00000, 0x00000000c7d00000|  0%| F|  |TAMS 0x00000000c7c00000, 0x00000000c7c00000| Untracked 
|  13|0x00000000c7d00000, 0x00000000c7d00000, 0x00000000c7e00000|  0%| F|  |TAMS 0x00000000c7d00000, 0x00000000c7d00000| Untracked 
|  14|0x00000000c7e00000, 0x00000000c7e00000, 0x00000000c7f00000|  0%| F|  |TAMS 0x00000000c7e00000, 0x00000000c7e00000| Untracked 
|  15|0x00000000c7f00000, 0x00000000c7f00000, 0x00000000c8000000|  0%| F|  |TAMS 0x00000000c7f00000, 0x00000000c7f00000| Untracked 
|  16|0x00000000c8000000, 0x00000000c8000000, 0x00000000c8100000|  0%| F|  |TAMS 0x00000000c8000000, 0x00000000c8000000| Untracked 
|  17|0x00000000c8100000, 0x00000000c8100000, 0x00000000c8200000|  0%| F|  |TAMS 0x00000000c8100000, 0x00000000c8100000| Untracked 
|  18|0x00000000c8200000, 0x00000000c8200000, 0x00000000c8300000|  0%| F|  |TAMS 0x00000000c8200000, 0x00000000c8200000| Untracked 
|  19|0x00000000c8300000, 0x00000000c8300000, 0x00000000c8400000|  0%| F|  |TAMS 0x00000000c8300000, 0x00000000c8300000| Untracked 
|  20|0x00000000c8400000, 0x00000000c8400000, 0x00000000c8500000|  0%| F|  |TAMS 0x00000000c8400000, 0x00000000c8400000| Untracked 
|  21|0x00000000c8500000, 0x00000000c8500000, 0x00000000c8600000|  0%| F|  |TAMS 0x00000000c8500000, 0x00000000c8500000| Untracked 
|  22|0x00000000c8600000, 0x00000000c8600000, 0x00000000c8700000|  0%| F|  |TAMS 0x00000000c8600000, 0x00000000c8600000| Untracked 
|  23|0x00000000c8700000, 0x00000000c8700000, 0x00000000c8800000|  0%| F|  |TAMS 0x00000000c8700000, 0x00000000c8700000| Untracked 
|  24|0x00000000c8800000, 0x00000000c8800000, 0x00000000c8900000|  0%| F|  |TAMS 0x00000000c8800000, 0x00000000c8800000| Untracked 
|  25|0x00000000c8900000, 0x00000000c8900000, 0x00000000c8a00000|  0%| F|  |TAMS 0x00000000c8900000, 0x00000000c8900000| Untracked 
|  26|0x00000000c8a00000, 0x00000000c8a00000, 0x00000000c8b00000|  0%| F|  |TAMS 0x00000000c8a00000, 0x00000000c8a00000| Untracked 
|  27|0x00000000c8b00000, 0x00000000c8b00000, 0x00000000c8c00000|  0%| F|  |TAMS 0x00000000c8b00000, 0x00000000c8b00000| Untracked 
|  28|0x00000000c8c00000, 0x00000000c8c00000, 0x00000000c8d00000|  0%| F|  |TAMS 0x00000000c8c00000, 0x00000000c8c00000| Untracked 
|  29|0x00000000c8d00000, 0x00000000c8d00000, 0x00000000c8e00000|  0%| F|  |TAMS 0x00000000c8d00000, 0x00000000c8d00000| Untracked 
|  30|0x00000000c8e00000, 0x00000000c8e00000, 0x00000000c8f00000|  0%| F|  |TAMS 0x00000000c8e00000, 0x00000000c8e00000| Untracked 
|  31|0x00000000c8f00000, 0x00000000c8f00000, 0x00000000c9000000|  0%| F|  |TAMS 0x00000000c8f00000, 0x00000000c8f00000| Untracked 
|  32|0x00000000c9000000, 0x00000000c9000000, 0x00000000c9100000|  0%| F|  |TAMS 0x00000000c9000000, 0x00000000c9000000| Untracked 
|  33|0x00000000c9100000, 0x00000000c9100000, 0x00000000c9200000|  0%| F|  |TAMS 0x00000000c9100000, 0x00000000c9100000| Untracked 
|  34|0x00000000c9200000, 0x00000000c9200000, 0x00000000c9300000|  0%| F|  |TAMS 0x00000000c9200000, 0x00000000c9200000| Untracked 
|  35|0x00000000c9300000, 0x00000000c9300000, 0x00000000c9400000|  0%| F|  |TAMS 0x00000000c9300000, 0x00000000c9300000| Untracked 
|  36|0x00000000c9400000, 0x00000000c9400000, 0x00000000c9500000|  0%| F|  |TAMS 0x00000000c9400000, 0x00000000c9400000| Untracked 
|  37|0x00000000c9500000, 0x00000000c9500000, 0x00000000c9600000|  0%| F|  |TAMS 0x00000000c9500000, 0x00000000c9500000| Untracked 
|  38|0x00000000c9600000, 0x00000000c9600000, 0x00000000c9700000|  0%| F|  |TAMS 0x00000000c9600000, 0x00000000c9600000| Untracked 
|  39|0x00000000c9700000, 0x00000000c9700000, 0x00000000c9800000|  0%| F|  |TAMS 0x00000000c9700000, 0x00000000c9700000| Untracked 
|  40|0x00000000c9800000, 0x00000000c9800000, 0x00000000c9900000|  0%| F|  |TAMS 0x00000000c9800000, 0x00000000c9800000| Untracked 
|  41|0x00000000c9900000, 0x00000000c9900000, 0x00000000c9a00000|  0%| F|  |TAMS 0x00000000c9900000, 0x00000000c9900000| Untracked 
|  42|0x00000000c9a00000, 0x00000000c9a00000, 0x00000000c9b00000|  0%| F|  |TAMS 0x00000000c9a00000, 0x00000000c9a00000| Untracked 
|  43|0x00000000c9b00000, 0x00000000c9b00000, 0x00000000c9c00000|  0%| F|  |TAMS 0x00000000c9b00000, 0x00000000c9b00000| Untracked 
|  44|0x00000000c9c00000, 0x00000000c9c00000, 0x00000000c9d00000|  0%| F|  |TAMS 0x00000000c9c00000, 0x00000000c9c00000| Untracked 
|  45|0x00000000c9d00000, 0x00000000c9d00000, 0x00000000c9e00000|  0%| F|  |TAMS 0x00000000c9d00000, 0x00000000c9d00000| Untracked 
|  46|0x00000000c9e00000, 0x00000000c9e00000, 0x00000000c9f00000|  0%| F|  |TAMS 0x00000000c9e00000, 0x00000000c9e00000| Untracked 
|  47|0x00000000c9f00000, 0x00000000c9f00000, 0x00000000ca000000|  0%| F|  |TAMS 0x00000000c9f00000, 0x00000000c9f00000| Untracked 
|  48|0x00000000ca000000, 0x00000000ca000000, 0x00000000ca100000|  0%| F|  |TAMS 0x00000000ca000000, 0x00000000ca000000| Untracked 
|  49|0x00000000ca100000, 0x00000000ca100000, 0x00000000ca200000|  0%| F|  |TAMS 0x00000000ca100000, 0x00000000ca100000| Untracked 
|  50|0x00000000ca200000, 0x00000000ca200000, 0x00000000ca300000|  0%| F|  |TAMS 0x00000000ca200000, 0x00000000ca200000| Untracked 
|  51|0x00000000ca300000, 0x00000000ca300000, 0x00000000ca400000|  0%| F|  |TAMS 0x00000000ca300000, 0x00000000ca300000| Untracked 
|  52|0x00000000ca400000, 0x00000000ca400000, 0x00000000ca500000|  0%| F|  |TAMS 0x00000000ca400000, 0x00000000ca400000| Untracked 
|  53|0x00000000ca500000, 0x00000000ca500000, 0x00000000ca600000|  0%| F|  |TAMS 0x00000000ca500000, 0x00000000ca500000| Untracked 
|  54|0x00000000ca600000, 0x00000000ca600000, 0x00000000ca700000|  0%| F|  |TAMS 0x00000000ca600000, 0x00000000ca600000| Untracked 
|  55|0x00000000ca700000, 0x00000000ca700000, 0x00000000ca800000|  0%| F|  |TAMS 0x00000000ca700000, 0x00000000ca700000| Untracked 
|  56|0x00000000ca800000, 0x00000000ca800000, 0x00000000ca900000|  0%| F|  |TAMS 0x00000000ca800000, 0x00000000ca800000| Untracked 
|  57|0x00000000ca900000, 0x00000000ca900000, 0x00000000caa00000|  0%| F|  |TAMS 0x00000000ca900000, 0x00000000ca900000| Untracked 
|  58|0x00000000caa00000, 0x00000000caa00000, 0x00000000cab00000|  0%| F|  |TAMS 0x00000000caa00000, 0x00000000caa00000| Untracked 
|  59|0x00000000cab00000, 0x00000000cab00000, 0x00000000cac00000|  0%| F|  |TAMS 0x00000000cab00000, 0x00000000cab00000| Untracked 
|  60|0x00000000cac00000, 0x00000000cac00000, 0x00000000cad00000|  0%| F|  |TAMS 0x00000000cac00000, 0x00000000cac00000| Untracked 
|  61|0x00000000cad00000, 0x00000000cad00000, 0x00000000cae00000|  0%| F|  |TAMS 0x00000000cad00000, 0x00000000cad00000| Untracked 
|  62|0x00000000cae00000, 0x00000000cae00000, 0x00000000caf00000|  0%| F|  |TAMS 0x00000000cae00000, 0x00000000cae00000| Untracked 
|  63|0x00000000caf00000, 0x00000000caf00000, 0x00000000cb000000|  0%| F|  |TAMS 0x00000000caf00000, 0x00000000caf00000| Untracked 
|  64|0x00000000cb000000, 0x00000000cb000000, 0x00000000cb100000|  0%| F|  |TAMS 0x00000000cb000000, 0x00000000cb000000| Untracked 
|  65|0x00000000cb100000, 0x00000000cb100000, 0x00000000cb200000|  0%| F|  |TAMS 0x00000000cb100000, 0x00000000cb100000| Untracked 
|  66|0x00000000cb200000, 0x00000000cb200000, 0x00000000cb300000|  0%| F|  |TAMS 0x00000000cb200000, 0x00000000cb200000| Untracked 
|  67|0x00000000cb300000, 0x00000000cb300000, 0x00000000cb400000|  0%| F|  |TAMS 0x00000000cb300000, 0x00000000cb300000| Untracked 
|  68|0x00000000cb400000, 0x00000000cb400000, 0x00000000cb500000|  0%| F|  |TAMS 0x00000000cb400000, 0x00000000cb400000| Untracked 
|  69|0x00000000cb500000, 0x00000000cb500000, 0x00000000cb600000|  0%| F|  |TAMS 0x00000000cb500000, 0x00000000cb500000| Untracked 
|  70|0x00000000cb600000, 0x00000000cb600000, 0x00000000cb700000|  0%| F|  |TAMS 0x00000000cb600000, 0x00000000cb600000| Untracked 
|  71|0x00000000cb700000, 0x00000000cb700000, 0x00000000cb800000|  0%| F|  |TAMS 0x00000000cb700000, 0x00000000cb700000| Untracked 
|  72|0x00000000cb800000, 0x00000000cb800000, 0x00000000cb900000|  0%| F|  |TAMS 0x00000000cb800000, 0x00000000cb800000| Untracked 
|  73|0x00000000cb900000, 0x00000000cb900000, 0x00000000cba00000|  0%| F|  |TAMS 0x00000000cb900000, 0x00000000cb900000| Untracked 
|  74|0x00000000cba00000, 0x00000000cba00000, 0x00000000cbb00000|  0%| F|  |TAMS 0x00000000cba00000, 0x00000000cba00000| Untracked 
|  75|0x00000000cbb00000, 0x00000000cbb00000, 0x00000000cbc00000|  0%| F|  |TAMS 0x00000000cbb00000, 0x00000000cbb00000| Untracked 
|  76|0x00000000cbc00000, 0x00000000cbc00000, 0x00000000cbd00000|  0%| F|  |TAMS 0x00000000cbc00000, 0x00000000cbc00000| Untracked 
|  77|0x00000000cbd00000, 0x00000000cbd00000, 0x00000000cbe00000|  0%| F|  |TAMS 0x00000000cbd00000, 0x00000000cbd00000| Untracked 
|  78|0x00000000cbe00000, 0x00000000cbe00000, 0x00000000cbf00000|  0%| F|  |TAMS 0x00000000cbe00000, 0x00000000cbe00000| Untracked 
|  79|0x00000000cbf00000, 0x00000000cbf00000, 0x00000000cc000000|  0%| F|  |TAMS 0x00000000cbf00000, 0x00000000cbf00000| Untracked 
|  80|0x00000000cc000000, 0x00000000cc000000, 0x00000000cc100000|  0%| F|  |TAMS 0x00000000cc000000, 0x00000000cc000000| Untracked 
|  81|0x00000000cc100000, 0x00000000cc100000, 0x00000000cc200000|  0%| F|  |TAMS 0x00000000cc100000, 0x00000000cc100000| Untracked 
|  82|0x00000000cc200000, 0x00000000cc200000, 0x00000000cc300000|  0%| F|  |TAMS 0x00000000cc200000, 0x00000000cc200000| Untracked 
|  83|0x00000000cc300000, 0x00000000cc300000, 0x00000000cc400000|  0%| F|  |TAMS 0x00000000cc300000, 0x00000000cc300000| Untracked 
|  84|0x00000000cc400000, 0x00000000cc400000, 0x00000000cc500000|  0%| F|  |TAMS 0x00000000cc400000, 0x00000000cc400000| Untracked 
|  85|0x00000000cc500000, 0x00000000cc500000, 0x00000000cc600000|  0%| F|  |TAMS 0x00000000cc500000, 0x00000000cc500000| Untracked 
|  86|0x00000000cc600000, 0x00000000cc600000, 0x00000000cc700000|  0%| F|  |TAMS 0x00000000cc600000, 0x00000000cc600000| Untracked 
|  87|0x00000000cc700000, 0x00000000cc700000, 0x00000000cc800000|  0%| F|  |TAMS 0x00000000cc700000, 0x00000000cc700000| Untracked 
|  88|0x00000000cc800000, 0x00000000cc800000, 0x00000000cc900000|  0%| F|  |TAMS 0x00000000cc800000, 0x00000000cc800000| Untracked 
|  89|0x00000000cc900000, 0x00000000cc900000, 0x00000000cca00000|  0%| F|  |TAMS 0x00000000cc900000, 0x00000000cc900000| Untracked 
|  90|0x00000000cca00000, 0x00000000cca00000, 0x00000000ccb00000|  0%| F|  |TAMS 0x00000000cca00000, 0x00000000cca00000| Untracked 
|  91|0x00000000ccb00000, 0x00000000ccb00000, 0x00000000ccc00000|  0%| F|  |TAMS 0x00000000ccb00000, 0x00000000ccb00000| Untracked 
|  92|0x00000000ccc00000, 0x00000000ccc00000, 0x00000000ccd00000|  0%| F|  |TAMS 0x00000000ccc00000, 0x00000000ccc00000| Untracked 
|  93|0x00000000ccd00000, 0x00000000ccd00000, 0x00000000cce00000|  0%| F|  |TAMS 0x00000000ccd00000, 0x00000000ccd00000| Untracked 
|  94|0x00000000cce00000, 0x00000000cce00000, 0x00000000ccf00000|  0%| F|  |TAMS 0x00000000cce00000, 0x00000000cce00000| Untracked 
|  95|0x00000000ccf00000, 0x00000000ccf00000, 0x00000000cd000000|  0%| F|  |TAMS 0x00000000ccf00000, 0x00000000ccf00000| Untracked 
|  96|0x00000000cd000000, 0x00000000cd000000, 0x00000000cd100000|  0%| F|  |TAMS 0x00000000cd000000, 0x00000000cd000000| Untracked 
|  97|0x00000000cd100000, 0x00000000cd100000, 0x00000000cd200000|  0%| F|  |TAMS 0x00000000cd100000, 0x00000000cd100000| Untracked 
|  98|0x00000000cd200000, 0x00000000cd200000, 0x00000000cd300000|  0%| F|  |TAMS 0x00000000cd200000, 0x00000000cd200000| Untracked 
|  99|0x00000000cd300000, 0x00000000cd300000, 0x00000000cd400000|  0%| F|  |TAMS 0x00000000cd300000, 0x00000000cd300000| Untracked 
| 100|0x00000000cd400000, 0x00000000cd400000, 0x00000000cd500000|  0%| F|  |TAMS 0x00000000cd400000, 0x00000000cd400000| Untracked 
| 101|0x00000000cd500000, 0x00000000cd500000, 0x00000000cd600000|  0%| F|  |TAMS 0x00000000cd500000, 0x00000000cd500000| Untracked 
| 102|0x00000000cd600000, 0x00000000cd600000, 0x00000000cd700000|  0%| F|  |TAMS 0x00000000cd600000, 0x00000000cd600000| Untracked 
| 103|0x00000000cd700000, 0x00000000cd700000, 0x00000000cd800000|  0%| F|  |TAMS 0x00000000cd700000, 0x00000000cd700000| Untracked 
| 104|0x00000000cd800000, 0x00000000cd800000, 0x00000000cd900000|  0%| F|  |TAMS 0x00000000cd800000, 0x00000000cd800000| Untracked 
| 105|0x00000000cd900000, 0x00000000cd900000, 0x00000000cda00000|  0%| F|  |TAMS 0x00000000cd900000, 0x00000000cd900000| Untracked 
| 106|0x00000000cda00000, 0x00000000cda00000, 0x00000000cdb00000|  0%| F|  |TAMS 0x00000000cda00000, 0x00000000cda00000| Untracked 
| 107|0x00000000cdb00000, 0x00000000cdb00000, 0x00000000cdc00000|  0%| F|  |TAMS 0x00000000cdb00000, 0x00000000cdb00000| Untracked 
| 108|0x00000000cdc00000, 0x00000000cdc00000, 0x00000000cdd00000|  0%| F|  |TAMS 0x00000000cdc00000, 0x00000000cdc00000| Untracked 
| 109|0x00000000cdd00000, 0x00000000cdd00000, 0x00000000cde00000|  0%| F|  |TAMS 0x00000000cdd00000, 0x00000000cdd00000| Untracked 
| 110|0x00000000cde00000, 0x00000000cde00000, 0x00000000cdf00000|  0%| F|  |TAMS 0x00000000cde00000, 0x00000000cde00000| Untracked 
| 111|0x00000000cdf00000, 0x00000000cdf00000, 0x00000000ce000000|  0%| F|  |TAMS 0x00000000cdf00000, 0x00000000cdf00000| Untracked 
| 112|0x00000000ce000000, 0x00000000ce000000, 0x00000000ce100000|  0%| F|  |TAMS 0x00000000ce000000, 0x00000000ce000000| Untracked 
| 113|0x00000000ce100000, 0x00000000ce100000, 0x00000000ce200000|  0%| F|  |TAMS 0x00000000ce100000, 0x00000000ce100000| Untracked 
| 114|0x00000000ce200000, 0x00000000ce200000, 0x00000000ce300000|  0%| F|  |TAMS 0x00000000ce200000, 0x00000000ce200000| Untracked 
| 115|0x00000000ce300000, 0x00000000ce300000, 0x00000000ce400000|  0%| F|  |TAMS 0x00000000ce300000, 0x00000000ce300000| Untracked 
| 116|0x00000000ce400000, 0x00000000ce400000, 0x00000000ce500000|  0%| F|  |TAMS 0x00000000ce400000, 0x00000000ce400000| Untracked 
| 117|0x00000000ce500000, 0x00000000ce500000, 0x00000000ce600000|  0%| F|  |TAMS 0x00000000ce500000, 0x00000000ce500000| Untracked 
| 118|0x00000000ce600000, 0x00000000ce600810, 0x00000000ce700000|  0%| S|CS|TAMS 0x00000000ce600000, 0x00000000ce600000| Complete 
| 119|0x00000000ce700000, 0x00000000ce700000, 0x00000000ce800000|  0%| F|  |TAMS 0x00000000ce700000, 0x00000000ce700000| Untracked 
| 120|0x00000000ce800000, 0x00000000ce800000, 0x00000000ce900000|  0%| F|  |TAMS 0x00000000ce800000, 0x00000000ce800000| Untracked 
| 121|0x00000000ce900000, 0x00000000ce900000, 0x00000000cea00000|  0%| F|  |TAMS 0x00000000ce900000, 0x00000000ce900000| Untracked 
| 122|0x00000000cea00000, 0x00000000cea00000, 0x00000000ceb00000|  0%| F|  |TAMS 0x00000000cea00000, 0x00000000cea00000| Untracked 
| 123|0x00000000ceb00000, 0x00000000ceb00000, 0x00000000cec00000|  0%| F|  |TAMS 0x00000000ceb00000, 0x00000000ceb00000| Untracked 

Card table byte_map: [0x00007f17e078b000,0x00007f17e0953000] _byte_map_base: 0x00007f17e0153000

Marking Bits (Prev, Next): (CMBitMap*) 0x00007f17dc052530, (CMBitMap*) 0x00007f17dc052570
 Prev Bits: [0x00007f17c8b76000, 0x00007f17c99b6000)
 Next Bits: [0x00007f17c7d36000, 0x00007f17c8b76000)

Polling page: 0x00007f17e46ec000

Metaspace:

Usage:
  Non-class:      3.61 MB used.
      Class:    313.41 KB used.
       Both:      3.91 MB used.

Virtual space:
  Non-class space:        8.00 MB reserved,       3.69 MB ( 46%) committed,  1 nodes.
      Class space:        1.00 GB reserved,     384.00 KB ( <1%) committed,  1 nodes.
             Both:        1.01 GB reserved,       4.06 MB ( <1%) committed. 

Chunk freelists:
   Non-Class:  3.98 MB
       Class:  3.62 MB
        Both:  7.60 MB

MaxMetaspaceSize: unlimited
CompressedClassSpaceSize: 1.00 GB
Initial GC threshold: 21.00 MB
Current GC threshold: 21.00 MB
CDS: off
MetaspaceReclaimPolicy: balanced
 - commit_granule_bytes: 65536.
 - commit_granule_words: 8192.
 - virtual_space_node_default_size: 1048576.
 - enlarge_chunks_in_place: 1.
 - new_chunks_are_fully_committed: 0.
 - uncommit_free_chunks: 1.
 - use_allocation_guard: 0.
 - handle_deallocations: 1.


Internal statistics:

num_allocs_failed_limit: 0.
num_arena_births: 4.
num_arena_deaths: 0.
num_vsnodes_births: 2.
num_vsnodes_deaths: 0.
num_space_committed: 65.
num_space_uncommitted: 0.
num_chunks_returned_to_freelist: 0.
num_chunks_taken_from_freelist: 8.
num_chunk_merges: 0.
num_chunk_splits: 4.
num_chunks_enlarged: 2.
num_purges: 0.
num_inconsistent_stats: 0.

CodeHeap 'non-profiled nmethods': size=120032Kb used=119Kb max_used=119Kb free=119912Kb
 bounds [0x00007f17d147e000, 0x00007f17d16ee000, 0x00007f17d89b6000]
CodeHeap 'profiled nmethods': size=120028Kb used=348Kb max_used=348Kb free=119679Kb
 bounds [0x00007f17c9f47000, 0x00007f17ca1b7000, 0x00007f17d147e000]
CodeHeap 'non-nmethods': size=5700Kb used=1037Kb max_used=1056Kb free=4662Kb
 bounds [0x00007f17c99b6000, 0x00007f17c9c26000, 0x00007f17c9f47000]
 total_blobs=534 nmethods=236 adapters=212
 compilation: enabled
              stopped_count=0, restarted_count=0
 full_count=0

Compilation events (20 events):
Event: 8700.471 Thread 0x00007f17dc14a8e0  227   !   4       java.io.BufferedReader::readLine (327 bytes)
Event: 8700.927 Thread 0x00007f17dc14a8e0 nmethod 227 0x00007f17d1494890 code [0x00007f17d1494ae0, 0x00007f17d1496168]
Event: 8700.927 Thread 0x00007f17dc14a8e0  228   !   4       java.io.PrintStream::println (51 bytes)
Event: 8700.935 Thread 0x00007f17dc14a8e0 nmethod 228 0x00007f17d1497610 code [0x00007f17d14977a0, 0x00007f17d1497888]
Event: 8702.575 Thread 0x00007f17dc14a8e0  229       4       java.lang.StringLatin1::newString (24 bytes)
Event: 8702.581 Thread 0x00007f17dc14a8e0 nmethod 229 0x00007f17d1497990 code [0x00007f17d1497b20, 0x00007f17d1497f58]
Event: 8702.828 Thread 0x00007f17dc14a8e0  230       4       java.lang.NumberFormatException::<init> (6 bytes)
Event: 8702.836 Thread 0x00007f17dc14a8e0 nmethod 230 0x00007f17d1498110 code [0x00007f17d14982c0, 0x00007f17d1498928]
Event: 8702.836 Thread 0x00007f17dc14a8e0  231       4       java.lang.Integer::parseInt (264 bytes)
Event: 8702.838 Thread 0x00007f17dc14a8e0 nmethod 231 0x00007f17d1498a90 code [0x00007f17d1498c20, 0x00007f17d1498d08]
Event: 8702.838 Thread 0x00007f17dc14a8e0  232       4       java.lang.Integer::parseInt (7 bytes)
Event: 8702.840 Thread 0x00007f17dc14a8e0 nmethod 232 0x00007f17d1498e10 code [0x00007f17d1498fa0, 0x00007f17d1499068]
Event: 8704.475 Thread 0x00007f17dc14a8e0  233       4       java.io.BufferedReader::readLine (7 bytes)
Event: 8704.476 Thread 0x00007f17dc14a8e0 nmethod 233 0x00007f17d1499190 code [0x00007f17d1499320, 0x00007f17d14993c8]
Event: 8704.497 Thread 0x00007f17dc14a8e0  234       4       java.lang.Throwable::toString (45 bytes)
Event: 8704.506 Thread 0x00007f17dc14a8e0 nmethod 234 0x00007f17d1499490 code [0x00007f17d1499620, 0x00007f17d1499a98]
Event: 8773.799 Thread 0x00007f17dc14a8e0  235 % !   4       org.banking.BankApp::main @ 36 (568 bytes)
Event: 8775.679 Thread 0x00007f17dc14a8e0 nmethod 235% 0x00007f17d1499c90 code [0x00007f17d1499ea0, 0x00007f17d149a500]
Event: 8776.609 Thread 0x00007f17dc14a8e0  236   !   4       org.banking.BankApp::main (568 bytes)
Event: 8777.954 Thread 0x00007f17dc14a8e0 nmethod 236 0x00007f17d149a910 code [0x00007f17d149abe0, 0x00007f17d149b6c8]

GC Heap History (20 events):
Event: 9843.822 GC heap after
{Heap after GC invocations=101 (full 0):
 garbage-first heap   total 126976K, used 576K [0x00000000c7000000, 0x0000000100000000)
  region size 1024K, 1 young (1024K), 1 survivors (1024K)
 Metaspace       used 4005K, committed 4160K, reserved 1056768K
  class space    used 313K, committed 384K, reserved 1048576K
}
Event: 9844.865 GC heap before
{Heap before GC invocations=101 (full 0):
 garbage-first heap   total 126976K, used 5696K [0x00000000c7000000, 0x0000000100000000)
  region size 1024K, 6 young (6144K), 1 survivors (1024K)
 Metaspace       used 4005K, committed 4160K, reserved 1056768K
  class space    used 313K, committed 384K, reserved 1048576K
}
Event: 9844.866 GC heap after
{Heap after GC invocations=102 (full 0):
 garbage-first heap   total 126976K, used 576K [0x00000000c7000000, 0x0000000100000000)
  region size 1024K, 1 young (1024K), 1 survivors (1024K)
 Metaspace       used 4005K, committed 4160K, reserved 1056768K
  class space    used 313K, committed 384K, reserved 1048576K
}
Event: 9845.891 GC heap before
{Heap before GC invocations=102 (full 0):
 garbage-first heap   total 126976K, used 5696K [0x00000000c7000000, 0x0000000100000000)
  region size 1024K, 6 young (6144K), 1 survivors (1024K)
 Metaspace       used 4005K, committed 4160K, reserved 1056768K
  class space    used 313K, committed 384K, reserved 1048576K
}
Event: 9845.891 GC heap after
{Heap after GC invocations=103 (full 0):
 garbage-first heap   total 126976K, used 576K [0x00000000c7000000, 0x0000000100000000)
  region size 1024K, 1 young (1024K), 1 survivors (1024K)
 Metaspace       used 4005K, committed 4160K, reserved 1056768K
  class space    used 313K, committed 384K, reserved 1048576K
}
Event: 9846.951 GC heap before
{Heap before GC invocations=103 (full 0):
 garbage-first heap   total 126976K, used 5696K [0x00000000c7000000, 0x0000000100000000)
  region size 1024K, 6 young (6144K), 1 survivors (1024K)
 Metaspace       used 4005K, committed 4160K, reserved 1056768K
  class space    used 313K, committed 384K, reserved 1048576K
}
Event: 9846.952 GC heap after
{Heap after GC invocations=104 (full 0):
 garbage-first heap   total 126976K, used 576K [0x00000000c7000000, 0x0000000100000000)
  region size 1024K, 1 young (1024K), 1 survivors (1024K)
 Metaspace       used 4005K, committed 4160K, reserved 1056768K
  class space    used 313K, committed 384K, reserved 1048576K
}
Event: 9848.039 GC heap before
{Heap before GC invocations=104 (full 0):
 garbage-first heap   total 126976K, used 5696K [0x00000000c7000000, 0x0000000100000000)
  region size 1024K, 6 young (6144K), 1 survivors (1024K)
 Metaspace       used 4005K, committed 4160K, reserved 1056768K
  class space    used 313K, committed 384K, reserved 1048576K
}
Event: 9848.039 GC heap after
{Heap after GC invocations=105 (full 0):
 garbage-first heap   total 126976K, used 576K [0x00000000c7000000, 0x0000000100000000)
  region size 1024K, 1 young (1024K), 1 survivors (1024K)
 Metaspace       used 4005K, committed 4160K, reserved 1056768K
  class space    used 313K, committed 384K, reserved 1048576K
}
Event: 9848.948 GC heap before
{Heap before GC invocations=105 (full 0):
 garbage-first heap   total 126976K, used 5696K [0x00000000c7000000, 0x0000000100000000)
  region size 1024K, 6 young (6144K), 1 survivors (1024K)
 Metaspace       used 4005K, committed 4160K, reserved 1056768K
  class space    used 313K, committed 384K, reserved 1048576K
}
Event: 9859.198 GC heap after
{Heap after GC invocations=106 (full 0):
 garbage-first heap   total 126976K, used 576K [0x00000000c7000000, 0x0000000100000000)
  region size 1024K, 1 young (1024K), 1 survivors (1024K)
 Metaspace       used 4005K, committed 4160K, reserved 1056768K
  class space    used 313K, committed 384K, reserved 1048576K
}
Event: 9869.627 GC heap before
{Heap before GC invocations=106 (full 0):
 garbage-first heap   total 126976K, used 5696K [0x00000000c7000000, 0x0000000100000000)
  region size 1024K, 6 young (6144K), 1 survivors (1024K)
 Metaspace       used 4005K, committed 4160K, reserved 1056768K
  class space    used 313K, committed 384K, reserved 1048576K
}
Event: 9904.147 GC heap after
{Heap after GC invocations=107 (full 0):
 garbage-first heap   total 126976K, used 578K [0x00000000c7000000, 0x0000000100000000)
  region size 1024K, 1 young (1024K), 1 survivors (1024K)
 Metaspace       used 4005K, committed 4160K, reserved 1056768K
  class space    used 313K, committed 384K, reserved 1048576K
}
Event: 9924.676 GC heap before
{Heap before GC invocations=107 (full 0):
 garbage-first heap   total 126976K, used 5698K [0x00000000c7000000, 0x0000000100000000)
  region size 1024K, 6 young (6144K), 1 survivors (1024K)
 Metaspace       used 4005K, committed 4160K, reserved 1056768K
  class space    used 313K, committed 384K, reserved 1048576K
}
Event: 9927.034 GC heap after
{Heap after GC invocations=108 (full 0):
 garbage-first heap   total 126976K, used 578K [0x00000000c7000000, 0x0000000100000000)
  region size 1024K, 1 young (1024K), 1 survivors (1024K)
 Metaspace       used 4005K, committed 4160K, reserved 1056768K
  class space    used 313K, committed 384K, reserved 1048576K
}
Event: 9927.744 GC heap before
{Heap before GC invocations=108 (full 0):
 garbage-first heap   total 126976K, used 5698K [0x00000000c7000000, 0x0000000100000000)
  region size 1024K, 6 young (6144K), 1 survivors (1024K)
 Metaspace       used 4005K, committed 4160K, reserved 1056768K
  class space    used 313K, committed 384K, reserved 1048576K
}
Event: 9927.744 GC heap after
{Heap after GC invocations=109 (full 0):
 garbage-first heap   total 126976K, used 574K [0x00000000c7000000, 0x0000000100000000)
  region size 1024K, 0 young (0K), 0 survivors (0K)
 Metaspace       used 4005K, committed 4160K, reserved 1056768K
  class space    used 313K, committed 384K, reserved 1048576K
}
Event: 9931.842 GC heap before
{Heap before GC invocations=109 (full 0):
 garbage-first heap   total 126976K, used 6718K [0x00000000c7000000, 0x0000000100000000)
  region size 1024K, 6 young (6144K), 0 survivors (0K)
 Metaspace       used 4005K, committed 4160K, reserved 1056768K
  class space    used 313K, committed 384K, reserved 1048576K
}
Event: 9931.931 GC heap after
{Heap after GC invocations=110 (full 0):
 garbage-first heap   total 126976K, used 576K [0x00000000c7000000, 0x0000000100000000)
  region size 1024K, 1 young (1024K), 1 survivors (1024K)
 Metaspace       used 4005K, committed 4160K, reserved 1056768K
  class space    used 313K, committed 384K, reserved 1048576K
}
Event: 9932.298 GC heap before
{Heap before GC invocations=110 (full 0):
 garbage-first heap   total 126976K, used 5696K [0x00000000c7000000, 0x0000000100000000)
  region size 1024K, 6 young (6144K), 1 survivors (1024K)
 Metaspace       used 4005K, committed 4160K, reserved 1056768K
  class space    used 313K, committed 384K, reserved 1048576K
}

Deoptimization events (0 events):
No events

Classes unloaded (0 events):
No events

Classes redefined (0 events):
No events

Internal exceptions (20 events):
Event: 9932.298 Thread 0x00007f17dc024e90 Exception <a 'java/io/IOException'{0x00000000ce7faeb0}> (0x00000000ce7faeb0) 
thrown [src/hotspot/share/prims/jni.cpp, line 516]
Event: 9932.298 Thread 0x00007f17dc024e90 Exception <a 'java/io/IOException'{0x00000000ce7fb528}> (0x00000000ce7fb528) 
thrown [src/hotspot/share/prims/jni.cpp, line 516]
Event: 9932.298 Thread 0x00007f17dc024e90 Exception <a 'java/io/IOException'{0x00000000ce7fb830}> (0x00000000ce7fb830) 
thrown [src/hotspot/share/prims/jni.cpp, line 516]
Event: 9932.298 Thread 0x00007f17dc024e90 Exception <a 'java/io/IOException'{0x00000000ce7fbb38}> (0x00000000ce7fbb38) 
thrown [src/hotspot/share/prims/jni.cpp, line 516]
Event: 9932.298 Thread 0x00007f17dc024e90 Exception <a 'java/io/IOException'{0x00000000ce7fbe40}> (0x00000000ce7fbe40) 
thrown [src/hotspot/share/prims/jni.cpp, line 516]
Event: 9932.298 Thread 0x00007f17dc024e90 Exception <a 'java/io/IOException'{0x00000000ce7fc148}> (0x00000000ce7fc148) 
thrown [src/hotspot/share/prims/jni.cpp, line 516]
Event: 9932.298 Thread 0x00007f17dc024e90 Exception <a 'java/io/IOException'{0x00000000ce7fc450}> (0x00000000ce7fc450) 
thrown [src/hotspot/share/prims/jni.cpp, line 516]
Event: 9932.298 Thread 0x00007f17dc024e90 Exception <a 'java/io/IOException'{0x00000000ce7fcac8}> (0x00000000ce7fcac8) 
thrown [src/hotspot/share/prims/jni.cpp, line 516]
Event: 9932.298 Thread 0x00007f17dc024e90 Exception <a 'java/io/IOException'{0x00000000ce7fcdd0}> (0x00000000ce7fcdd0) 
thrown [src/hotspot/share/prims/jni.cpp, line 516]
Event: 9932.298 Thread 0x00007f17dc024e90 Exception <a 'java/io/IOException'{0x00000000ce7fd0d8}> (0x00000000ce7fd0d8) 
thrown [src/hotspot/share/prims/jni.cpp, line 516]
Event: 9932.298 Thread 0x00007f17dc024e90 Exception <a 'java/io/IOException'{0x00000000ce7fd3e0}> (0x00000000ce7fd3e0) 
thrown [src/hotspot/share/prims/jni.cpp, line 516]
Event: 9932.298 Thread 0x00007f17dc024e90 Exception <a 'java/io/IOException'{0x00000000ce7fd6e8}> (0x00000000ce7fd6e8) 
thrown [src/hotspot/share/prims/jni.cpp, line 516]
Event: 9932.298 Thread 0x00007f17dc024e90 Exception <a 'java/io/IOException'{0x00000000ce7fd9f0}> (0x00000000ce7fd9f0) 
thrown [src/hotspot/share/prims/jni.cpp, line 516]
Event: 9932.298 Thread 0x00007f17dc024e90 Exception <a 'java/io/IOException'{0x00000000ce7fe068}> (0x00000000ce7fe068) 
thrown [src/hotspot/share/prims/jni.cpp, line 516]
Event: 9932.298 Thread 0x00007f17dc024e90 Exception <a 'java/io/IOException'{0x00000000ce7fe370}> (0x00000000ce7fe370) 
thrown [src/hotspot/share/prims/jni.cpp, line 516]
Event: 9932.298 Thread 0x00007f17dc024e90 Exception <a 'java/io/IOException'{0x00000000ce7fe678}> (0x00000000ce7fe678) 
thrown [src/hotspot/share/prims/jni.cpp, line 516]
Event: 9932.298 Thread 0x00007f17dc024e90 Exception <a 'java/io/IOException'{0x00000000ce7fe980}> (0x00000000ce7fe980) 
thrown [src/hotspot/share/prims/jni.cpp, line 516]
Event: 9932.298 Thread 0x00007f17dc024e90 Exception <a 'java/io/IOException'{0x00000000ce7fec88}> (0x00000000ce7fec88) 
thrown [src/hotspot/share/prims/jni.cpp, line 516]
Event: 9932.298 Thread 0x00007f17dc024e90 Exception <a 'java/io/IOException'{0x00000000ce7fef90}> (0x00000000ce7fef90) 
thrown [src/hotspot/share/prims/jni.cpp, line 516]
Event: 9932.298 Thread 0x00007f17dc024e90 Exception <a 'java/io/IOException'{0x00000000ce7ff948}> (0x00000000ce7ff948) 
thrown [src/hotspot/share/prims/jni.cpp, line 516]

VM Operations (20 events):
Event: 9843.822 Executing VM operation: G1CollectForAllocation done
Event: 9844.865 Executing VM operation: G1CollectForAllocation
Event: 9844.866 Executing VM operation: G1CollectForAllocation done
Event: 9845.891 Executing VM operation: G1CollectForAllocation
Event: 9845.891 Executing VM operation: G1CollectForAllocation done
Event: 9846.951 Executing VM operation: G1CollectForAllocation
Event: 9846.952 Executing VM operation: G1CollectForAllocation done
Event: 9848.038 Executing VM operation: G1CollectForAllocation
Event: 9848.039 Executing VM operation: G1CollectForAllocation done
Event: 9848.948 Executing VM operation: G1CollectForAllocation
Event: 9868.078 Executing VM operation: G1CollectForAllocation done
Event: 9869.627 Executing VM operation: G1CollectForAllocation
Event: 9915.766 Executing VM operation: G1CollectForAllocation done
Event: 9924.459 Executing VM operation: G1CollectForAllocation
Event: 9927.034 Executing VM operation: G1CollectForAllocation done
Event: 9927.744 Executing VM operation: G1CollectForAllocation
Event: 9927.744 Executing VM operation: G1CollectForAllocation done
Event: 9931.842 Executing VM operation: G1CollectForAllocation
Event: 9931.931 Executing VM operation: G1CollectForAllocation done
Event: 9932.298 Executing VM operation: G1CollectForAllocation

Events (20 events):
Event: 10.862 loading class jdk/internal/math/FloatingDecimal$BinaryToASCIIBuffer
Event: 10.862 loading class jdk/internal/math/FloatingDecimal$BinaryToASCIIBuffer done
Event: 10.862 loading class jdk/internal/math/FloatingDecimal$1
Event: 10.862 loading class jdk/internal/math/FloatingDecimal$1 done
Event: 10.862 loading class jdk/internal/math/FloatingDecimal$PreparedASCIIToBinaryBuffer
Event: 10.863 loading class jdk/internal/math/FloatingDecimal$ASCIIToBinaryConverter
Event: 10.863 loading class jdk/internal/math/FloatingDecimal$ASCIIToBinaryConverter done
Event: 10.863 loading class jdk/internal/math/FloatingDecimal$PreparedASCIIToBinaryBuffer done
Event: 10.863 loading class java/lang/ThreadLocal$ThreadLocalMap
Event: 10.863 loading class java/lang/ThreadLocal$ThreadLocalMap done
Event: 10.863 loading class java/lang/ThreadLocal$ThreadLocalMap$Entry
Event: 10.863 loading class java/lang/ThreadLocal$ThreadLocalMap$Entry done
Event: 10.863 loading class jdk/internal/misc/TerminatingThreadLocal
Event: 10.863 loading class jdk/internal/misc/TerminatingThreadLocal done
Event: 10.863 loading class jdk/internal/math/FDBigInteger
Event: 10.863 loading class jdk/internal/math/FDBigInteger done
Event: 8685.657 loading class java/io/InterruptedIOException
Event: 8685.657 loading class java/io/InterruptedIOException done
Event: 8689.359 loading class jdk/internal/access/foreign/MemorySegmentProxy
Event: 8689.359 loading class jdk/internal/access/foreign/MemorySegmentProxy done


Dynamic libraries:
c7000000-cec00000 rw-p 00000000 00:00 0 
d6b00000-100000000 ---p 00000000 00:00 0 
100000000-100010000 rw-p 00000000 00:00 0 
100010000-100020000 ---p 00000000 00:00 0 
100020000-100030000 rw-p 00000000 00:00 0 
100030000-100040000 ---p 00000000 00:00 0 
100040000-100080000 rw-p 00000000 00:00 0 
100080000-140000000 ---p 00000000 00:00 0 
55d11d65b000-55d11d65c000 r-xp 00000000 08:05 1578248                    /home/samarth/.p2/pool/plugins/org.eclipse.justj.openjdk.hotspot.jre.full.linux.x86_64_17.0.2.v20220201-1208/jre/bin/java
55d11d85c000-55d11d85d000 r--p 00001000 08:05 1578248                    /home/samarth/.p2/pool/plugins/org.eclipse.justj.openjdk.hotspot.jre.full.linux.x86_64_17.0.2.v20220201-1208/jre/bin/java
55d11d85d000-55d11d85e000 rw-p 00002000 08:05 1578248                    /home/samarth/.p2/pool/plugins/org.eclipse.justj.openjdk.hotspot.jre.full.linux.x86_64_17.0.2.v20220201-1208/jre/bin/java
55d11e6c2000-55d11e6e3000 rw-p 00000000 00:00 0                          [heap]
7f1778000000-7f1778021000 rw-p 00000000 00:00 0 
7f1778021000-7f177c000000 ---p 00000000 00:00 0 
7f177fb14000-7f177feff000 rw-p 00000000 00:00 0 
7f177feff000-7f177ff00000 ---p 00000000 00:00 0 
7f177ff00000-7f1780000000 rw-p 00000000 00:00 0 
7f1780000000-7f1780021000 rw-p 00000000 00:00 0 
7f1780021000-7f1784000000 ---p 00000000 00:00 0 
7f1784000000-7f1784021000 rw-p 00000000 00:00 0 
7f1784021000-7f1788000000 ---p 00000000 00:00 0 
7f1788000000-7f1788021000 rw-p 00000000 00:00 0 
7f1788021000-7f178c000000 ---p 00000000 00:00 0 
7f178c000000-7f178c021000 rw-p 00000000 00:00 0 
7f178c021000-7f1790000000 ---p 00000000 00:00 0 
7f1790000000-7f1790424000 rw-p 00000000 00:00 0 
7f1790424000-7f1794000000 ---p 00000000 00:00 0 
7f1794000000-7f17941d7000 rw-p 00000000 00:00 0 
7f17941d7000-7f1798000000 ---p 00000000 00:00 0 
7f1798000000-7f1798021000 rw-p 00000000 00:00 0 
7f1798021000-7f179c000000 ---p 00000000 00:00 0 
7f179c000000-7f179c021000 rw-p 00000000 00:00 0 
7f179c021000-7f17a0000000 ---p 00000000 00:00 0 
7f17a0000000-7f17a0021000 rw-p 00000000 00:00 0 
7f17a0021000-7f17a4000000 ---p 00000000 00:00 0 
7f17a4000000-7f17a4021000 rw-p 00000000 00:00 0 
7f17a4021000-7f17a8000000 ---p 00000000 00:00 0 
7f17a8000000-7f17a803a000 rw-p 00000000 00:00 0 
7f17a803a000-7f17ac000000 ---p 00000000 00:00 0 
7f17ac000000-7f17ac021000 rw-p 00000000 00:00 0 
7f17ac021000-7f17b0000000 ---p 00000000 00:00 0 
7f17b0000000-7f17b0021000 rw-p 00000000 00:00 0 
7f17b0021000-7f17b4000000 ---p 00000000 00:00 0 
7f17b4000000-7f17b4021000 rw-p 00000000 00:00 0 
7f17b4021000-7f17b8000000 ---p 00000000 00:00 0 
7f17b8000000-7f17b8021000 rw-p 00000000 00:00 0 
7f17b8021000-7f17bc000000 ---p 00000000 00:00 0 
7f17bc000000-7f17bc021000 rw-p 00000000 00:00 0 
7f17bc021000-7f17c0000000 ---p 00000000 00:00 0 
7f17c0000000-7f17c0021000 rw-p 00000000 00:00 0 
7f17c0021000-7f17c4000000 ---p 00000000 00:00 0 
7f17c4014000-7f17c4018000 ---p 00000000 00:00 0 
7f17c4018000-7f17c4115000 rw-p 00000000 00:00 0 
7f17c4115000-7f17c4116000 ---p 00000000 00:00 0 
7f17c4116000-7f17c4216000 rw-p 00000000 00:00 0 
7f17c4216000-7f17c421a000 ---p 00000000 00:00 0 
7f17c421a000-7f17c4317000 rw-p 00000000 00:00 0 
7f17c4317000-7f17c431b000 ---p 00000000 00:00 0 
7f17c431b000-7f17c4418000 rw-p 00000000 00:00 0 
7f17c4418000-7f17c441c000 ---p 00000000 00:00 0 
7f17c441c000-7f17c4519000 rw-p 00000000 00:00 0 
7f17c4519000-7f17c451d000 ---p 00000000 00:00 0 
7f17c451d000-7f17c461a000 rw-p 00000000 00:00 0 
7f17c461a000-7f17c461e000 ---p 00000000 00:00 0 
7f17c461e000-7f17c471b000 rw-p 00000000 00:00 0 
7f17c471b000-7f17c471f000 ---p 00000000 00:00 0 
7f17c471f000-7f17c481c000 rw-p 00000000 00:00 0 
7f17c481c000-7f17c4820000 ---p 00000000 00:00 0 
7f17c4820000-7f17c491d000 rw-p 00000000 00:00 0 
7f17c491d000-7f17c4bf5000 r--p 00000000 08:05 3933816                    /usr/lib/locale/locale-archive
7f17c4bf5000-7f17c4bf9000 ---p 00000000 00:00 0 
7f17c4bf9000-7f17c4cf6000 rw-p 00000000 00:00 0 
7f17c4cf6000-7f17c4cfa000 ---p 00000000 00:00 0 
7f17c4cfa000-7f17c4df7000 rw-p 00000000 00:00 0 
7f17c4df7000-7f17c4dfe000 r-xp 00000000 08:05 1578624                    /home/samarth/.p2/pool/plugins/org.eclipse.justj.openjdk.hotspot.jre.full.linux.x86_64_17.0.2.v20220201-1208/jre/lib/libzip.so
7f17c4dfe000-7f17c4ffe000 ---p 00007000 08:05 1578624                    /home/samarth/.p2/pool/plugins/org.eclipse.justj.openjdk.hotspot.jre.full.linux.x86_64_17.0.2.v20220201-1208/jre/lib/libzip.so
7f17c4ffe000-7f17c4fff000 r--p 00007000 08:05 1578624                    /home/samarth/.p2/pool/plugins/org.eclipse.justj.openjdk.hotspot.jre.full.linux.x86_64_17.0.2.v20220201-1208/jre/lib/libzip.so
7f17c4fff000-7f17c5000000 rw-p 00008000 08:05 1578624                    /home/samarth/.p2/pool/plugins/org.eclipse.justj.openjdk.hotspot.jre.full.linux.x86_64_17.0.2.v20220201-1208/jre/lib/libzip.so
7f17c5000000-7f17c53a0000 rw-p 00000000 00:00 0 
7f17c53a0000-7f17c5400000 ---p 00000000 00:00 0 
7f17c5400000-7f17c5410000 rw-p 00000000 00:00 0 
7f17c5410000-7f17c5800000 ---p 00000000 00:00 0 
7f17c5831000-7f17c5832000 ---p 00000000 00:00 0 
7f17c5832000-7f17c5932000 rw-p 00000000 00:00 0 
7f17c5932000-7f17c5933000 ---p 00000000 00:00 0 
7f17c5933000-7f17c5a33000 rw-p 00000000 00:00 0 
7f17c5a33000-7f17c5a34000 ---p 00000000 00:00 0 
7f17c5a34000-7f17c7f26000 rw-p 00000000 00:00 0 
7f17c7f26000-7f17c8b76000 ---p 00000000 00:00 0 
7f17c8b76000-7f17c8d66000 rw-p 00000000 00:00 0 
7f17c8d66000-7f17c99b6000 ---p 00000000 00:00 0 
7f17c99b6000-7f17c9c26000 rwxp 00000000 00:00 0 
7f17c9c26000-7f17c9f47000 ---p 00000000 00:00 0 
7f17c9f47000-7f17ca1b7000 rwxp 00000000 00:00 0 
7f17ca1b7000-7f17d147e000 ---p 00000000 00:00 0 
7f17d147e000-7f17d16ee000 rwxp 00000000 00:00 0 
7f17d16ee000-7f17d89b6000 ---p 00000000 00:00 0 
7f17d89b6000-7f17dc000000 r--s 00000000 08:05 1578623                    /home/samarth/.p2/pool/plugins/org.eclipse.justj.openjdk.hotspot.jre.full.linux.x86_64_17.0.2.v20220201-1208/jre/lib/modules
7f17dc000000-7f17dc1d0000 rw-p 00000000 00:00 0 
7f17dc1d0000-7f17e0000000 ---p 00000000 00:00 0 
7f17e003d000-7f17e02c0000 rw-p 00000000 00:00 0 
7f17e02c0000-7f17e02c1000 ---p 00000000 00:00 0 
7f17e02c1000-7f17e03c1000 rw-p 00000000 00:00 0 
7f17e03c1000-7f17e03c2000 ---p 00000000 00:00 0 
7f17e03c2000-7f17e04c2000 rw-p 00000000 00:00 0 
7f17e04c2000-7f17e04c3000 ---p 00000000 00:00 0 
7f17e04c3000-7f17e0601000 rw-p 00000000 00:00 0 
7f17e0601000-7f17e078b000 ---p 00000000 00:00 0 
7f17e078b000-7f17e07c9000 rw-p 00000000 00:00 0 
7f17e07c9000-7f17e0953000 ---p 00000000 00:00 0 
7f17e0953000-7f17e0991000 rw-p 00000000 00:00 0 
7f17e0991000-7f17e0b1b000 ---p 00000000 00:00 0 
7f17e0b1b000-7f17e0f24000 rw-p 00000000 00:00 0 
7f17e0f24000-7f17e100a000 ---p 00000000 00:00 0 
7f17e100a000-7f17e100f000 rw-p 00000000 00:00 0 
7f17e100f000-7f17e10f5000 ---p 00000000 00:00 0 
7f17e10f5000-7f17e1119000 r-xp 00000000 08:05 1578636                    /home/samarth/.p2/pool/plugins/org.eclipse.justj.openjdk.hotspot.jre.full.linux.x86_64_17.0.2.v20220201-1208/jre/lib/libjava.so
7f17e1119000-7f17e1319000 ---p 00024000 08:05 1578636                    /home/samarth/.p2/pool/plugins/org.eclipse.justj.openjdk.hotspot.jre.full.linux.x86_64_17.0.2.v20220201-1208/jre/lib/libjava.so
7f17e1319000-7f17e131a000 r--p 00024000 08:05 1578636                    /home/samarth/.p2/pool/plugins/org.eclipse.justj.openjdk.hotspot.jre.full.linux.x86_64_17.0.2.v20220201-1208/jre/lib/libjava.so
7f17e131a000-7f17e131b000 rw-p 00025000 08:05 1578636                    /home/samarth/.p2/pool/plugins/org.eclipse.justj.openjdk.hotspot.jre.full.linux.x86_64_17.0.2.v20220201-1208/jre/lib/libjava.so
7f17e131b000-7f17e131c000 rw-p 00000000 00:00 0 
7f17e131c000-7f17e1327000 r-xp 00000000 08:05 4987579                    /lib/x86_64-linux-gnu/libnss_files-2.23.so
7f17e1327000-7f17e1526000 ---p 0000b000 08:05 4987579                    /lib/x86_64-linux-gnu/libnss_files-2.23.so
7f17e1526000-7f17e1527000 r--p 0000a000 08:05 4987579                    /lib/x86_64-linux-gnu/libnss_files-2.23.so
7f17e1527000-7f17e1528000 rw-p 0000b000 08:05 4987579                    /lib/x86_64-linux-gnu/libnss_files-2.23.so
7f17e1528000-7f17e152e000 rw-p 00000000 00:00 0 
7f17e152e000-7f17e1539000 r-xp 00000000 08:05 4987586                    /lib/x86_64-linux-gnu/libnss_nis-2.23.so
7f17e1539000-7f17e1738000 ---p 0000b000 08:05 4987586                    /lib/x86_64-linux-gnu/libnss_nis-2.23.so
7f17e1738000-7f17e1739000 r--p 0000a000 08:05 4987586                    /lib/x86_64-linux-gnu/libnss_nis-2.23.so
7f17e1739000-7f17e173a000 rw-p 0000b000 08:05 4987586                    /lib/x86_64-linux-gnu/libnss_nis-2.23.so
7f17e173a000-7f17e1750000 r-xp 00000000 08:05 4987587                    /lib/x86_64-linux-gnu/libnsl-2.23.so
7f17e1750000-7f17e194f000 ---p 00016000 08:05 4987587                    /lib/x86_64-linux-gnu/libnsl-2.23.so
7f17e194f000-7f17e1950000 r--p 00015000 08:05 4987587                    /lib/x86_64-linux-gnu/libnsl-2.23.so
7f17e1950000-7f17e1951000 rw-p 00016000 08:05 4987587                    /lib/x86_64-linux-gnu/libnsl-2.23.so
7f17e1951000-7f17e1953000 rw-p 00000000 00:00 0 
7f17e1953000-7f17e195b000 r-xp 00000000 08:05 4987589                    /lib/x86_64-linux-gnu/libnss_compat-2.23.so
7f17e195b000-7f17e1b5a000 ---p 00008000 08:05 4987589                    /lib/x86_64-linux-gnu/libnss_compat-2.23.so
7f17e1b5a000-7f17e1b5b000 r--p 00007000 08:05 4987589                    /lib/x86_64-linux-gnu/libnss_compat-2.23.so
7f17e1b5b000-7f17e1b5c000 rw-p 00008000 08:05 4987589                    /lib/x86_64-linux-gnu/libnss_compat-2.23.so
7f17e1b5c000-7f17e1b77000 r-xp 00000000 08:05 1578625                    /home/samarth/.p2/pool/plugins/org.eclipse.justj.openjdk.hotspot.jre.full.linux.x86_64_17.0.2.v20220201-1208/jre/lib/libjimage.so
7f17e1b77000-7f17e1d76000 ---p 0001b000 08:05 1578625                    /home/samarth/.p2/pool/plugins/org.eclipse.justj.openjdk.hotspot.jre.full.linux.x86_64_17.0.2.v20220201-1208/jre/lib/libjimage.so
7f17e1d76000-7f17e1d78000 r--p 0001a000 08:05 1578625                    /home/samarth/.p2/pool/plugins/org.eclipse.justj.openjdk.hotspot.jre.full.linux.x86_64_17.0.2.v20220201-1208/jre/lib/libjimage.so
7f17e1d78000-7f17e1d79000 rw-p 0001c000 08:05 1578625                    /home/samarth/.p2/pool/plugins/org.eclipse.justj.openjdk.hotspot.jre.full.linux.x86_64_17.0.2.v20220201-1208/jre/lib/libjimage.so
7f17e1d79000-7f17e1e81000 r-xp 00000000 08:05 4987583                    /lib/x86_64-linux-gnu/libm-2.23.so
7f17e1e81000-7f17e2080000 ---p 00108000 08:05 4987583                    /lib/x86_64-linux-gnu/libm-2.23.so
7f17e2080000-7f17e2081000 r--p 00107000 08:05 4987583                    /lib/x86_64-linux-gnu/libm-2.23.so
7f17e2081000-7f17e2082000 rw-p 00108000 08:05 4987583                    /lib/x86_64-linux-gnu/libm-2.23.so
7f17e2082000-7f17e2089000 r-xp 00000000 08:05 4987578                    /lib/x86_64-linux-gnu/librt-2.23.so
7f17e2089000-7f17e2288000 ---p 00007000 08:05 4987578                    /lib/x86_64-linux-gnu/librt-2.23.so
7f17e2288000-7f17e2289000 r--p 00006000 08:05 4987578                    /lib/x86_64-linux-gnu/librt-2.23.so
7f17e2289000-7f17e228a000 rw-p 00007000 08:05 4987578                    /lib/x86_64-linux-gnu/librt-2.23.so
7f17e228a000-7f17e356e000 r-xp 00000000 08:05 1578613                    /home/samarth/.p2/pool/plugins/org.eclipse.justj.openjdk.hotspot.jre.full.linux.x86_64_17.0.2.v20220201-1208/jre/lib/server/libjvm.so
7f17e356e000-7f17e376e000 ---p 012e4000 08:05 1578613                    /home/samarth/.p2/pool/plugins/org.eclipse.justj.openjdk.hotspot.jre.full.linux.x86_64_17.0.2.v20220201-1208/jre/lib/server/libjvm.so
7f17e376e000-7f17e3827000 r--p 012e4000 08:05 1578613                    /home/samarth/.p2/pool/plugins/org.eclipse.justj.openjdk.hotspot.jre.full.linux.x86_64_17.0.2.v20220201-1208/jre/lib/server/libjvm.so
7f17e3827000-7f17e385c000 rw-p 0139d000 08:05 1578613                    /home/samarth/.p2/pool/plugins/org.eclipse.justj.openjdk.hotspot.jre.full.linux.x86_64_17.0.2.v20220201-1208/jre/lib/server/libjvm.so
7f17e385c000-7f17e38b5000 rw-p 00000000 00:00 0 
7f17e38b5000-7f17e3a75000 r-xp 00000000 08:05 4987588                    /lib/x86_64-linux-gnu/libc-2.23.so
7f17e3a75000-7f17e3c75000 ---p 001c0000 08:05 4987588                    /lib/x86_64-linux-gnu/libc-2.23.so
7f17e3c75000-7f17e3c79000 r--p 001c0000 08:05 4987588                    /lib/x86_64-linux-gnu/libc-2.23.so
7f17e3c79000-7f17e3c7b000 rw-p 001c4000 08:05 4987588                    /lib/x86_64-linux-gnu/libc-2.23.so
7f17e3c7b000-7f17e3c7f000 rw-p 00000000 00:00 0 
7f17e3c7f000-7f17e3c82000 r-xp 00000000 08:05 4987538                    /lib/x86_64-linux-gnu/libdl-2.23.so
7f17e3c82000-7f17e3e81000 ---p 00003000 08:05 4987538                    /lib/x86_64-linux-gnu/libdl-2.23.so
7f17e3e81000-7f17e3e82000 r--p 00002000 08:05 4987538                    /lib/x86_64-linux-gnu/libdl-2.23.so
7f17e3e82000-7f17e3e83000 rw-p 00003000 08:05 4987538                    /lib/x86_64-linux-gnu/libdl-2.23.so
7f17e3e83000-7f17e3e9b000 r-xp 00000000 08:05 4987533                    /lib/x86_64-linux-gnu/libpthread-2.23.so
7f17e3e9b000-7f17e409a000 ---p 00018000 08:05 4987533                    /lib/x86_64-linux-gnu/libpthread-2.23.so
7f17e409a000-7f17e409b000 r--p 00017000 08:05 4987533                    /lib/x86_64-linux-gnu/libpthread-2.23.so
7f17e409b000-7f17e409c000 rw-p 00018000 08:05 4987533                    /lib/x86_64-linux-gnu/libpthread-2.23.so
7f17e409c000-7f17e40a0000 rw-p 00000000 00:00 0 
7f17e40a0000-7f17e40af000 r-xp 00000000 08:05 1578632                    /home/samarth/.p2/pool/plugins/org.eclipse.justj.openjdk.hotspot.jre.full.linux.x86_64_17.0.2.v20220201-1208/jre/lib/libjli.so
7f17e40af000-7f17e42af000 ---p 0000f000 08:05 1578632                    /home/samarth/.p2/pool/plugins/org.eclipse.justj.openjdk.hotspot.jre.full.linux.x86_64_17.0.2.v20220201-1208/jre/lib/libjli.so
7f17e42af000-7f17e42b0000 r--p 0000f000 08:05 1578632                    /home/samarth/.p2/pool/plugins/org.eclipse.justj.openjdk.hotspot.jre.full.linux.x86_64_17.0.2.v20220201-1208/jre/lib/libjli.so
7f17e42b0000-7f17e42b1000 rw-p 00010000 08:05 1578632                    /home/samarth/.p2/pool/plugins/org.eclipse.justj.openjdk.hotspot.jre.full.linux.x86_64_17.0.2.v20220201-1208/jre/lib/libjli.so
7f17e42b1000-7f17e42ca000 r-xp 00000000 08:05 4985616                    /lib/x86_64-linux-gnu/libz.so.1.2.8
7f17e42ca000-7f17e44c9000 ---p 00019000 08:05 4985616                    /lib/x86_64-linux-gnu/libz.so.1.2.8
7f17e44c9000-7f17e44ca000 r--p 00018000 08:05 4985616                    /lib/x86_64-linux-gnu/libz.so.1.2.8
7f17e44ca000-7f17e44cb000 rw-p 00019000 08:05 4985616                    /lib/x86_64-linux-gnu/libz.so.1.2.8
7f17e44cb000-7f17e44f1000 r-xp 00000000 08:05 4987580                    /lib/x86_64-linux-gnu/ld-2.23.so
7f17e450d000-7f17e45cd000 rw-p 00000000 00:00 0 
7f17e45cd000-7f17e45d4000 ---p 00000000 00:00 0 
7f17e45d4000-7f17e45d8000 ---p 00000000 00:00 0 
7f17e45d8000-7f17e46d9000 rw-p 00000000 00:00 0 
7f17e46dd000-7f17e46e4000 r--s 00000000 08:05 4202006                    /usr/lib/x86_64-linux-gnu/gconv/gconv-modules.cache
7f17e46e4000-7f17e46ec000 rw-s 00000000 08:05 5116047                    /tmp/hsperfdata_samarth/8501
7f17e46ec000-7f17e46ed000 ---p 00000000 00:00 0 
7f17e46ed000-7f17e46ee000 r--p 00000000 00:00 0 
7f17e46ee000-7f17e46ef000 ---p 00000000 00:00 0 
7f17e46ef000-7f17e46f0000 rw-p 00000000 00:00 0 
7f17e46f0000-7f17e46f1000 r--p 00025000 08:05 4987580                    /lib/x86_64-linux-gnu/ld-2.23.so
7f17e46f1000-7f17e46f2000 rw-p 00026000 08:05 4987580                    /lib/x86_64-linux-gnu/ld-2.23.so
7f17e46f2000-7f17e46f3000 rw-p 00000000 00:00 0 
7ffe307ab000-7ffe307cc000 rw-p 00000000 00:00 0                          [stack]
7ffe307ee000-7ffe307f1000 r--p 00000000 00:00 0                          [vvar]
7ffe307f1000-7ffe307f3000 r-xp 00000000 00:00 0                          [vdso]
ffffffffff600000-ffffffffff601000 r-xp 00000000 00:00 0                  [vsyscall]


VM Arguments:
jvm_args: -Dfile.encoding=UTF-8 -XX:+ShowCodeDetailsInExceptionMessages 
java_command: org.banking.BankApp
java_class_path (initial): /home/samarth/eclipse-workspace/Banking Application/bin
Launcher Type: SUN_STANDARD

[Global flags]

------ Timeout during error reporting after 121 s. ------
