#
# There is insufficient memory for the Java Runtime Environment to continue.
# Native memory allocation (mmap) failed to map 92274688 bytes for committing reserved memory.
# Possible reasons:
#   The system is out of physical RAM or swap space
#   The process is running with CompressedOops enabled, and the Java Heap may be blocking the growth of the native heap
# Possible solutions:
#   Reduce memory load on the system
#   Increase physical memory or swap space
#   Check if swap backing store is full
#   Decrease Java heap size (-Xmx/-Xms)
#   Decrease number of Java threads
#   Decrease Java thread stack sizes (-Xss)
#   Set larger code cache with -XX:ReservedCodeCacheSize=
#   JVM is running with Unscaled Compressed Oops mode in which the Java heap is
#     placed in the first 4GB address space. The Java Heap base address is the
#     maximum limit for the native heap growth. Please use -XX:HeapBaseMinAddress
#     to set the Java Heap base and to place the Java Heap above 4GB virtual address.
# This output file may be truncated or incomplete.
#
#  Out of Memory Error (os_linux.cpp:2741), pid=7155, tid=7167
#
# JRE version: OpenJDK Runtime Environment Temurin-17.0.2+8 (17.0.2+8) (build 17.0.2+8)
# Java VM: OpenJDK 64-Bit Server VM Temurin-17.0.2+8 (17.0.2+8, mixed mode, tiered, compressed oops, compressed class ptrs, g1 gc, linux-amd64)
# Core dump will be written. Default location: Core dumps may be processed with "/usr/share/apport/apport %p %s %c %d %P %E" (or dumping to /home/samarth/eclipse-workspace/Banking Application/core.7155)
#

---------------  S U M M A R Y ------------

Command Line: -Dfile.encoding=UTF-8 -XX:+ShowCodeDetailsInExceptionMessages org.banking.BankApp

Host: Intel(R) Core(TM) i5-3320M CPU @ 2.60GHz, 4 cores, 3G, Ubuntu 16.04.7 LTS
Time: Fri Jun 17 15:46:49 2022 IST elapsed time: 11657.250599 seconds (0d 3h 14m 17s)

---------------  T H R E A D  ---------------

Current thread (0x00007f7198110d30):  VMThread "VM Thread" [stack: 0x00007f7173cfe000,0x00007f7173dfe000] [id=7167]

Stack: [0x00007f7173cfe000,0x00007f7173dfe000],  sp=0x00007f7173dfbda0,  free space=1015k
Native frames: (J=compiled Java code, j=interpreted, Vv=VM code, C=native code)
V  [libjvm.so+0xf81ea1]  VMError::report_and_die(int, char const*, char const*, __va_list_tag*, Thread*, unsigned char*, void*, void*, char const*, int, unsigned long)+0x1a1
V  [libjvm.so+0xf82b2b]  VMError::report_and_die(Thread*, char const*, int, unsigned long, VMErrorType, char const*, __va_list_tag*)+0x2b
V
[timeout occurred during error reporting in step "printing native stack"] after 31 s.
VM_Operation (0x00007f719eb9bb10): G1CollectForAllocation, mode: safepoint, requested by thread 0x00007f7198024e90


---------------  P R O C E S S  ---------------

Threads class SMR info:
_java_thread_list=0x00007f71981dfa30, length=11, elements={
0x00007f7198024e90, 0x00007f719811ff40, 0x00007f7198121600, 0x00007f7198146760,
0x00007f7198147b20, 0x00007f7198148f10, 0x00007f719814a8e0, 0x00007f719814be10,
0x00007f719814d280, 0x00007f71981d6180, 0x00007f71981deaa0
}

Java Threads: ( => current thread )
  0x00007f7198024e90 JavaThread "main" [_thread_blocked, id=7161, stack(0x00007f719eaa0000,0x00007f719eba1000)]
  0x00007f719811ff40 JavaThread "Reference Handler" daemon [_thread_blocked, id=7168, stack(0x00007f71730f6000,0x00007f71731f7000)]
  0x00007f7198121600 JavaThread "Finalizer" daemon [_thread_blocked, id=7169, stack(0x00007f7172ff5000,0x00007f71730f6000)]
  0x00007f7198146760 JavaThread "Signal Dispatcher" daemon [_thread_blocked, id=7170, stack(0x00007f7172c1c000,0x00007f7172d1d000)]
  0x00007f7198147b20 JavaThread "Service Thread" daemon [_thread_blocked, id=7171, stack(0x00007f7172b1b000,0x00007f7172c1c000)]
  0x00007f7198148f10 JavaThread "Monitor Deflation Thread" daemon [_thread_blocked, id=7172, stack(0x00007f7172a1a000,0x00007f7172b1b000)]
  0x00007f719814a8e0 JavaThread "C2 CompilerThread0" daemon [_thread_blocked, id=7173, stack(0x00007f7172919000,0x00007f7172a1a000)]
  0x00007f719814be10 JavaThread "C1 CompilerThread0" daemon [_thread_blocked, id=7174, stack(0x00007f7172818000,0x00007f7172919000)]
  0x00007f719814d280 JavaThread "Sweeper thread" daemon [_thread_blocked, id=7175, stack(0x00007f7172717000,0x00007f7172818000)]
  0x00007f71981d6180 JavaThread "Notification Thread" daemon [_thread_blocked, id=7176, stack(0x00007f7172616000,0x00007f7172717000)]
  0x00007f71981deaa0 JavaThread "Common-Cleaner" daemon [_thread_blocked, id=7178, stack(0x00007f7172414000,0x00007f7172515000)]

Other Threads:
=>0x00007f7198110d30 VMThread "VM Thread" [stack: 0x00007f7173cfe000,0x00007f7173dfe000] [id=7167]
  0x00007f71981d7b00 WatcherThread [stack: 0x00007f7172516000,0x00007f7172616000] [id=7177]
  0x00007f7198051ab0 GCTaskThread "GC Thread#0" [stack: 0x00007f718269d000,0x00007f718279d000] [id=7162]
  0x00007f7168004aa0 GCTaskThread "GC Thread#1" [stack: 0x00007f7172314000,0x00007f7172414000] [id=13904]
  0x00007f719805a290 ConcurrentGCThread "G1 Main Marker" [stack: 0x00007f718259c000,0x00007f718269c000] [id=7163]
  0x00007f719805b1f0 ConcurrentGCThread "G1 Conc#0" [stack: 0x00007f718249b000,0x00007f718259b000] [id=7164]
  0x00007f7198093ba0 ConcurrentGCThread "G1 Refine#0" [stack: 0x00007f7173f00000,0x00007f7174000000] [id=7165]
  0x00007f7198094a90 ConcurrentGCThread "G1 Service" [stack: 0x00007f7173dff000,0x00007f7173eff000] [id=7166]

Threads with active compile tasks:

VM state: at safepoint (normal execution)

VM Mutex/Monitor currently owned by a thread:  ([mutex/lock_event])
[0x00007f719801fde0] Threads_lock - owner thread: 0x00007f7198110d30
[0x00007f7198020590] Heap_lock - owner thread: 0x00007f7198024e90

Heap address: 0x00000000c7000000, size: 912 MB, Compressed Oops mode: 32-bit

CDS archive(s) not mapped
Compressed class space mapped at: 0x0000000100000000-0x0000000140000000, reserved size: 1073741824
Narrow klass base: 0x0000000000000000, Narrow klass shift: 3, Narrow klass range: 0x140000000

GC Precious Log:
 CPUs: 4 total, 4 available
 Memory: 3646M
 Large Page Support: Disabled
 NUMA Support: Disabled
 Compressed Oops: Enabled (32-bit)
 Heap Region Size: 1M
 Heap Min Capacity: 8M
 Heap Initial Capacity: 58M
 Heap Max Capacity: 912M
 Pre-touch: Disabled
 Parallel Workers: 4
 Concurrent Workers: 1
 Concurrent Refinement Workers: 4
 Periodic GC: Disabled

Heap:
 garbage-first heap   total 75776K, used 578K [0x00000000c7000000, 0x0000000100000000)
  region size 1024K, 1 young (1024K), 1 survivors (1024K)
 Metaspace       used 4015K, committed 4160K, reserved 1056768K
  class space    used 313K, committed 384K, reserved 1048576K

Heap Regions: E=young(eden), S=young(survivor), O=old, HS=humongous(starts), HC=humongous(continues), CS=collection set, F=free, OA=open archive, CA=closed archive, TAMS=top-at-mark-start (previous, next)
|   0|0x00000000c7000000, 0x00000000c7090200, 0x00000000c7100000| 56%| O|  |TAMS 0x00000000c7000000, 0x00000000c7000000| Untracked 
|   1|0x00000000c7100000, 0x00000000c7100000, 0x00000000c7200000|  0%| F|  |TAMS 0x00000000c7100000, 0x00000000c7100000| Untracked 
|   2|0x00000000c7200000, 0x00000000c7200000, 0x00000000c7300000|  0%| F|  |TAMS 0x00000000c7200000, 0x00000000c7200000| Untracked 
|   3|0x00000000c7300000, 0x00000000c7300000, 0x00000000c7400000|  0%| F|  |TAMS 0x00000000c7300000, 0x00000000c7300000| Untracked 
|   4|0x00000000c7400000, 0x00000000c7400000, 0x00000000c7500000|  0%| F|  |TAMS 0x00000000c7400000, 0x00000000c7400000| Untracked 
|   5|0x00000000c7500000, 0x00000000c7500000, 0x00000000c7600000|  0%| F|  |TAMS 0x00000000c7500000, 0x00000000c7500000| Untracked 
|   6|0x00000000c7600000, 0x00000000c7600000, 0x00000000c7700000|  0%| F|  |TAMS 0x00000000c7600000, 0x00000000c7600000| Untracked 
|   7|0x00000000c7700000, 0x00000000c7700000, 0x00000000c7800000|  0%| F|  |TAMS 0x00000000c7700000, 0x00000000c7700000| Untracked 
|   8|0x00000000c7800000, 0x00000000c7800000, 0x00000000c7900000|  0%| F|  |TAMS 0x00000000c7800000, 0x00000000c7800000| Untracked 
|   9|0x00000000c7900000, 0x00000000c7900000, 0x00000000c7a00000|  0%| F|  |TAMS 0x00000000c7900000, 0x00000000c7900000| Untracked 
|  10|0x00000000c7a00000, 0x00000000c7a00000, 0x00000000c7b00000|  0%| F|  |TAMS 0x00000000c7a00000, 0x00000000c7a00000| Untracked 
|  11|0x00000000c7b00000, 0x00000000c7b00000, 0x00000000c7c00000|  0%| F|  |TAMS 0x00000000c7b00000, 0x00000000c7b00000| Untracked 
|  12|0x00000000c7c00000, 0x00000000c7c00000, 0x00000000c7d00000|  0%| F|  |TAMS 0x00000000c7c00000, 0x00000000c7c00000| Untracked 
|  13|0x00000000c7d00000, 0x00000000c7d00000, 0x00000000c7e00000|  0%| F|  |TAMS 0x00000000c7d00000, 0x00000000c7d00000| Untracked 
|  14|0x00000000c7e00000, 0x00000000c7e00000, 0x00000000c7f00000|  0%| F|  |TAMS 0x00000000c7e00000, 0x00000000c7e00000| Untracked 
|  15|0x00000000c7f00000, 0x00000000c7f00000, 0x00000000c8000000|  0%| F|  |TAMS 0x00000000c7f00000, 0x00000000c7f00000| Untracked 
|  16|0x00000000c8000000, 0x00000000c8000000, 0x00000000c8100000|  0%| F|  |TAMS 0x00000000c8000000, 0x00000000c8000000| Untracked 
|  17|0x00000000c8100000, 0x00000000c8100000, 0x00000000c8200000|  0%| F|  |TAMS 0x00000000c8100000, 0x00000000c8100000| Untracked 
|  18|0x00000000c8200000, 0x00000000c8200000, 0x00000000c8300000|  0%| F|  |TAMS 0x00000000c8200000, 0x00000000c8200000| Untracked 
|  19|0x00000000c8300000, 0x00000000c8300000, 0x00000000c8400000|  0%| F|  |TAMS 0x00000000c8300000, 0x00000000c8300000| Untracked 
|  20|0x00000000c8400000, 0x00000000c8400000, 0x00000000c8500000|  0%| F|  |TAMS 0x00000000c8400000, 0x00000000c8400000| Untracked 
|  21|0x00000000c8500000, 0x00000000c8500000, 0x00000000c8600000|  0%| F|  |TAMS 0x00000000c8500000, 0x00000000c8500000| Untracked 
|  22|0x00000000c8600000, 0x00000000c8600000, 0x00000000c8700000|  0%| F|  |TAMS 0x00000000c8600000, 0x00000000c8600000| Untracked 
|  23|0x00000000c8700000, 0x00000000c8700000, 0x00000000c8800000|  0%| F|  |TAMS 0x00000000c8700000, 0x00000000c8700000| Untracked 
|  24|0x00000000c8800000, 0x00000000c8800000, 0x00000000c8900000|  0%| F|  |TAMS 0x00000000c8800000, 0x00000000c8800000| Untracked 
|  25|0x00000000c8900000, 0x00000000c8900000, 0x00000000c8a00000|  0%| F|  |TAMS 0x00000000c8900000, 0x00000000c8900000| Untracked 
|  26|0x00000000c8a00000, 0x00000000c8a00000, 0x00000000c8b00000|  0%| F|  |TAMS 0x00000000c8a00000, 0x00000000c8a00000| Untracked 
|  27|0x00000000c8b00000, 0x00000000c8b00000, 0x00000000c8c00000|  0%| F|  |TAMS 0x00000000c8b00000, 0x00000000c8b00000| Untracked 
|  28|0x00000000c8c00000, 0x00000000c8c00000, 0x00000000c8d00000|  0%| F|  |TAMS 0x00000000c8c00000, 0x00000000c8c00000| Untracked 
|  29|0x00000000c8d00000, 0x00000000c8d00000, 0x00000000c8e00000|  0%| F|  |TAMS 0x00000000c8d00000, 0x00000000c8d00000| Untracked 
|  30|0x00000000c8e00000, 0x00000000c8e00000, 0x00000000c8f00000|  0%| F|  |TAMS 0x00000000c8e00000, 0x00000000c8e00000| Untracked 
|  31|0x00000000c8f00000, 0x00000000c8f00000, 0x00000000c9000000|  0%| F|  |TAMS 0x00000000c8f00000, 0x00000000c8f00000| Untracked 
|  32|0x00000000c9000000, 0x00000000c9000000, 0x00000000c9100000|  0%| F|  |TAMS 0x00000000c9000000, 0x00000000c9000000| Untracked 
|  33|0x00000000c9100000, 0x00000000c9100000, 0x00000000c9200000|  0%| F|  |TAMS 0x00000000c9100000, 0x00000000c9100000| Untracked 
|  34|0x00000000c9200000, 0x00000000c9200000, 0x00000000c9300000|  0%| F|  |TAMS 0x00000000c9200000, 0x00000000c9200000| Untracked 
|  35|0x00000000c9300000, 0x00000000c9300000, 0x00000000c9400000|  0%| F|  |TAMS 0x00000000c9300000, 0x00000000c9300000| Untracked 
|  36|0x00000000c9400000, 0x00000000c9400000, 0x00000000c9500000|  0%| F|  |TAMS 0x00000000c9400000, 0x00000000c9400000| Untracked 
|  37|0x00000000c9500000, 0x00000000c9500000, 0x00000000c9600000|  0%| F|  |TAMS 0x00000000c9500000, 0x00000000c9500000| Untracked 
|  38|0x00000000c9600000, 0x00000000c9600000, 0x00000000c9700000|  0%| F|  |TAMS 0x00000000c9600000, 0x00000000c9600000| Untracked 
|  39|0x00000000c9700000, 0x00000000c9700000, 0x00000000c9800000|  0%| F|  |TAMS 0x00000000c9700000, 0x00000000c9700000| Untracked 
|  40|0x00000000c9800000, 0x00000000c9800000, 0x00000000c9900000|  0%| F|  |TAMS 0x00000000c9800000, 0x00000000c9800000| Untracked 
|  41|0x00000000c9900000, 0x00000000c9900000, 0x00000000c9a00000|  0%| F|  |TAMS 0x00000000c9900000, 0x00000000c9900000| Untracked 
|  42|0x00000000c9a00000, 0x00000000c9a00000, 0x00000000c9b00000|  0%| F|  |TAMS 0x00000000c9a00000, 0x00000000c9a00000| Untracked 
|  43|0x00000000c9b00000, 0x00000000c9b00000, 0x00000000c9c00000|  0%| F|  |TAMS 0x00000000c9b00000, 0x00000000c9b00000| Untracked 
|  44|0x00000000c9c00000, 0x00000000c9c00000, 0x00000000c9d00000|  0%| F|  |TAMS 0x00000000c9c00000, 0x00000000c9c00000| Untracked 
|  45|0x00000000c9d00000, 0x00000000c9d00000, 0x00000000c9e00000|  0%| F|  |TAMS 0x00000000c9d00000, 0x00000000c9d00000| Untracked 
|  46|0x00000000c9e00000, 0x00000000c9e00000, 0x00000000c9f00000|  0%| F|  |TAMS 0x00000000c9e00000, 0x00000000c9e00000| Untracked 
|  47|0x00000000c9f00000, 0x00000000c9f00000, 0x00000000ca000000|  0%| F|  |TAMS 0x00000000c9f00000, 0x00000000c9f00000| Untracked 
|  48|0x00000000ca000000, 0x00000000ca000000, 0x00000000ca100000|  0%| F|  |TAMS 0x00000000ca000000, 0x00000000ca000000| Untracked 
|  49|0x00000000ca100000, 0x00000000ca100000, 0x00000000ca200000|  0%| F|  |TAMS 0x00000000ca100000, 0x00000000ca100000| Untracked 
|  50|0x00000000ca200000, 0x00000000ca200000, 0x00000000ca300000|  0%| F|  |TAMS 0x00000000ca200000, 0x00000000ca200000| Untracked 
|  51|0x00000000ca300000, 0x00000000ca300000, 0x00000000ca400000|  0%| F|  |TAMS 0x00000000ca300000, 0x00000000ca300000| Untracked 
|  52|0x00000000ca400000, 0x00000000ca400000, 0x00000000ca500000|  0%| F|  |TAMS 0x00000000ca400000, 0x00000000ca400000| Untracked 
|  53|0x00000000ca500000, 0x00000000ca500000, 0x00000000ca600000|  0%| F|  |TAMS 0x00000000ca500000, 0x00000000ca500000| Untracked 
|  54|0x00000000ca600000, 0x00000000ca600000, 0x00000000ca700000|  0%| F|  |TAMS 0x00000000ca600000, 0x00000000ca600000| Untracked 
|  55|0x00000000ca700000, 0x00000000ca700000, 0x00000000ca800000|  0%| F|  |TAMS 0x00000000ca700000, 0x00000000ca700000| Untracked 
|  56|0x00000000ca800000, 0x00000000ca800000, 0x00000000ca900000|  0%| F|  |TAMS 0x00000000ca800000, 0x00000000ca800000| Untracked 
|  57|0x00000000ca900000, 0x00000000ca900000, 0x00000000caa00000|  0%| F|  |TAMS 0x00000000ca900000, 0x00000000ca900000| Untracked 
|  58|0x00000000caa00000, 0x00000000caa00000, 0x00000000cab00000|  0%| F|  |TAMS 0x00000000caa00000, 0x00000000caa00000| Untracked 
|  59|0x00000000cab00000, 0x00000000cab00000, 0x00000000cac00000|  0%| F|  |TAMS 0x00000000cab00000, 0x00000000cab00000| Untracked 
|  60|0x00000000cac00000, 0x00000000cac00000, 0x00000000cad00000|  0%| F|  |TAMS 0x00000000cac00000, 0x00000000cac00000| Untracked 
|  61|0x00000000cad00000, 0x00000000cad00000, 0x00000000cae00000|  0%| F|  |TAMS 0x00000000cad00000, 0x00000000cad00000| Untracked 
|  62|0x00000000cae00000, 0x00000000cae00000, 0x00000000caf00000|  0%| F|  |TAMS 0x00000000cae00000, 0x00000000cae00000| Untracked 
|  63|0x00000000caf00000, 0x00000000caf00000, 0x00000000cb000000|  0%| F|  |TAMS 0x00000000caf00000, 0x00000000caf00000| Untracked 
|  64|0x00000000cb000000, 0x00000000cb000000, 0x00000000cb100000|  0%| F|  |TAMS 0x00000000cb000000, 0x00000000cb000000| Untracked 
|  65|0x00000000cb100000, 0x00000000cb100000, 0x00000000cb200000|  0%| F|  |TAMS 0x00000000cb100000, 0x00000000cb100000| Untracked 
|  66|0x00000000cb200000, 0x00000000cb200000, 0x00000000cb300000|  0%| F|  |TAMS 0x00000000cb200000, 0x00000000cb200000| Untracked 
|  67|0x00000000cb300000, 0x00000000cb300000, 0x00000000cb400000|  0%| F|  |TAMS 0x00000000cb300000, 0x00000000cb300000| Untracked 
|  68|0x00000000cb400000, 0x00000000cb400000, 0x00000000cb500000|  0%| F|  |TAMS 0x00000000cb400000, 0x00000000cb400000| Untracked 
|  69|0x00000000cb500000, 0x00000000cb500000, 0x00000000cb600000|  0%| F|  |TAMS 0x00000000cb500000, 0x00000000cb500000| Untracked 
|  70|0x00000000cb600000, 0x00000000cb600000, 0x00000000cb700000|  0%| F|  |TAMS 0x00000000cb600000, 0x00000000cb600000| Untracked 
|  71|0x00000000cb700000, 0x00000000cb700810, 0x00000000cb800000|  0%| S|CS|TAMS 0x00000000cb700000, 0x00000000cb700000| Complete 
|  72|0x00000000cb800000, 0x00000000cb800000, 0x00000000cb900000|  0%| F|  |TAMS 0x00000000cb800000, 0x00000000cb800000| Untracked 
|  73|0x00000000cb900000, 0x00000000cb900000, 0x00000000cba00000|  0%| F|  |TAMS 0x00000000cb900000, 0x00000000cb900000| Untracked 

Card table byte_map: [0x00007f71845e5000,0x00007f71847ad000] _byte_map_base: 0x00007f7183fad000

Marking Bits (Prev, Next): (CMBitMap*) 0x00007f7198052530, (CMBitMap*) 0x00007f7198052570
 Prev Bits: [0x00007f71835dd000, 0x00007f718441d000)
 Next Bits: [0x00007f718279d000, 0x00007f71835dd000)

Polling page: 0x00007f719ebb8000

Metaspace:

Usage:
  Non-class:      3.62 MB used.
      Class:    313.38 KB used.
       Both:      3.92 MB used.

Virtual space:
  Non-class space:        8.00 MB reserved,       3.69 MB ( 46%) committed,  1 nodes.
      Class space:        1.00 GB reserved,     384.00 KB ( <1%) committed,  1 nodes.
             Both:        1.01 GB reserved,       4.06 MB ( <1%) committed. 

Chunk freelists:
   Non-Class:  3.97 MB
       Class:  3.62 MB
        Both:  7.59 MB

MaxMetaspaceSize: unlimited
CompressedClassSpaceSize: 1.00 GB
Initial GC threshold: 21.00 MB
Current GC threshold: 21.00 MB
CDS: off
MetaspaceReclaimPolicy: balanced
 - commit_granule_bytes: 65536.
 - commit_granule_words: 8192.
 - virtual_space_node_default_size: 1048576.
 - enlarge_chunks_in_place: 1.
 - new_chunks_are_fully_committed: 0.
 - uncommit_free_chunks: 1.
 - use_allocation_guard: 0.
 - handle_deallocations: 1.


Internal statistics:

num_allocs_failed_limit: 0.
num_arena_births: 4.
num_arena_deaths: 0.
num_vsnodes_births: 2.
num_vsnodes_deaths: 0.
num_space_committed: 65.
num_space_uncommitted: 0.
num_chunks_returned_to_freelist: 0.
num_chunks_taken_from_freelist: 8.
num_chunk_merges: 0.
num_chunk_splits: 4.
num_chunks_enlarged: 4.
num_purges: 0.
num_inconsistent_stats: 0.

CodeHeap 'non-profiled nmethods': size=120032Kb used=136Kb max_used=136Kb free=119895Kb
 bounds [0x00007f718ca17000, 0x00007f718cc87000, 0x00007f7193f4f000]
CodeHeap 'profiled nmethods': size=120028Kb used=387Kb max_used=387Kb free=119640Kb
 bounds [0x00007f71854e0000, 0x00007f7185750000, 0x00007f718ca17000]
CodeHeap 'non-nmethods': size=5700Kb used=1038Kb max_used=1059Kb free=4661Kb
 bounds [0x00007f7184f4f000, 0x00007f71851bf000, 0x00007f71854e0000]
 total_blobs=538 nmethods=240 adapters=212
 compilation: enabled
              stopped_count=0, restarted_count=0
 full_count=0

Compilation events (20 events):
Event: 10521.710 Thread 0x00007f719814a8e0  233       4       java.lang.Integer::parseInt (7 bytes)
Event: 10521.712 Thread 0x00007f719814a8e0 nmethod 233 0x00007f718ca31690 code [0x00007f718ca31820, 0x00007f718ca318e8]
Event: 10521.715 Thread 0x00007f719814a8e0  234   !   4       java.io.BufferedReader::readLine (327 bytes)
Event: 10522.307 Thread 0x00007f719814a8e0 nmethod 234 0x00007f718ca31a10 code [0x00007f718ca31c60, 0x00007f718ca332e8]
Event: 10522.307 Thread 0x00007f719814a8e0  235   !   4       sun.nio.cs.StreamDecoder::read (196 bytes)
Event: 10522.932 Thread 0x00007f719814a8e0 nmethod 235 0x00007f718ca34790 code [0x00007f718ca349c0, 0x00007f718ca35f08]
Event: 10524.544 Thread 0x00007f719814a8e0  237       4       java.io.BufferedReader::readLine (7 bytes)
Event: 10524.544 Thread 0x00007f719814a8e0 nmethod 237 0x00007f718ca37090 code [0x00007f718ca37220, 0x00007f718ca372c8]
Event: 10524.548 Thread 0x00007f719814a8e0  238   !   4       java.io.PrintStream::println (51 bytes)
Event: 10524.550 Thread 0x00007f719814a8e0 nmethod 238 0x00007f718ca37390 code [0x00007f718ca37520, 0x00007f718ca37608]
Event: 10524.550 Thread 0x00007f719814a8e0  239       4       java.lang.Throwable::toString (45 bytes)
Event: 10524.557 Thread 0x00007f719814a8e0 nmethod 239 0x00007f718ca37710 code [0x00007f718ca378a0, 0x00007f718ca37d18]
Event: 10620.885 Thread 0x00007f719814be10  240 % !   3       org.banking.BankApp::main @ 36 (550 bytes)
Event: 10623.940 Thread 0x00007f719814be10 nmethod 240% 0x00007f7185536a90 code [0x00007f7185537200, 0x00007f7185539ef0]
Event: 10625.341 Thread 0x00007f719814be10  241   !   3       org.banking.BankApp::main (550 bytes)
Event: 10626.847 Thread 0x00007f719814be10 nmethod 241 0x00007f718553be10 code [0x00007f718553c580, 0x00007f718553f170]
Event: 10628.022 Thread 0x00007f719814a8e0  242       4       java.lang.IllegalArgumentException::<init> (6 bytes)
Event: 10628.206 Thread 0x00007f719814a8e0 nmethod 242 0x00007f718ca37f10 code [0x00007f718ca380c0, 0x00007f718ca38728]
Event: 10690.153 Thread 0x00007f719814a8e0  243 % !   4       org.banking.BankApp::main @ 36 (550 bytes)
Event: 10692.189 Thread 0x00007f719814a8e0 nmethod 243% 0x00007f718ca38890 code [0x00007f718ca38aa0, 0x00007f718ca38f00]

GC Heap History (20 events):
Event: 11594.627 GC heap after
{Heap after GC invocations=99 (full 0):
 garbage-first heap   total 75776K, used 578K [0x00000000c7000000, 0x0000000100000000)
  region size 1024K, 1 young (1024K), 1 survivors (1024K)
 Metaspace       used 4015K, committed 4160K, reserved 1056768K
  class space    used 313K, committed 384K, reserved 1048576K
}
Event: 11595.025 GC heap before
{Heap before GC invocations=99 (full 0):
 garbage-first heap   total 75776K, used 2626K [0x00000000c7000000, 0x0000000100000000)
  region size 1024K, 3 young (3072K), 1 survivors (1024K)
 Metaspace       used 4015K, committed 4160K, reserved 1056768K
  class space    used 313K, committed 384K, reserved 1048576K
}
Event: 11595.025 GC heap after
{Heap after GC invocations=100 (full 0):
 garbage-first heap   total 75776K, used 578K [0x00000000c7000000, 0x0000000100000000)
  region size 1024K, 1 young (1024K), 1 survivors (1024K)
 Metaspace       used 4015K, committed 4160K, reserved 1056768K
  class space    used 313K, committed 384K, reserved 1048576K
}
Event: 11595.387 GC heap before
{Heap before GC invocations=100 (full 0):
 garbage-first heap   total 75776K, used 2626K [0x00000000c7000000, 0x0000000100000000)
  region size 1024K, 3 young (3072K), 1 survivors (1024K)
 Metaspace       used 4015K, committed 4160K, reserved 1056768K
  class space    used 313K, committed 384K, reserved 1048576K
}
Event: 11595.387 GC heap after
{Heap after GC invocations=101 (full 0):
 garbage-first heap   total 75776K, used 578K [0x00000000c7000000, 0x0000000100000000)
  region size 1024K, 1 young (1024K), 1 survivors (1024K)
 Metaspace       used 4015K, committed 4160K, reserved 1056768K
  class space    used 313K, committed 384K, reserved 1048576K
}
Event: 11595.703 GC heap before
{Heap before GC invocations=101 (full 0):
 garbage-first heap   total 75776K, used 2626K [0x00000000c7000000, 0x0000000100000000)
  region size 1024K, 3 young (3072K), 1 survivors (1024K)
 Metaspace       used 4015K, committed 4160K, reserved 1056768K
  class space    used 313K, committed 384K, reserved 1048576K
}
Event: 11595.703 GC heap after
{Heap after GC invocations=102 (full 0):
 garbage-first heap   total 75776K, used 578K [0x00000000c7000000, 0x0000000100000000)
  region size 1024K, 1 young (1024K), 1 survivors (1024K)
 Metaspace       used 4015K, committed 4160K, reserved 1056768K
  class space    used 313K, committed 384K, reserved 1048576K
}
Event: 11595.981 GC heap before
{Heap before GC invocations=102 (full 0):
 garbage-first heap   total 75776K, used 2626K [0x00000000c7000000, 0x0000000100000000)
  region size 1024K, 3 young (3072K), 1 survivors (1024K)
 Metaspace       used 4015K, committed 4160K, reserved 1056768K
  class space    used 313K, committed 384K, reserved 1048576K
}
Event: 11595.981 GC heap after
{Heap after GC invocations=103 (full 0):
 garbage-first heap   total 75776K, used 576K [0x00000000c7000000, 0x0000000100000000)
  region size 1024K, 0 young (0K), 0 survivors (0K)
 Metaspace       used 4015K, committed 4160K, reserved 1056768K
  class space    used 313K, committed 384K, reserved 1048576K
}
Event: 11596.364 GC heap before
{Heap before GC invocations=103 (full 0):
 garbage-first heap   total 75776K, used 3648K [0x00000000c7000000, 0x0000000100000000)
  region size 1024K, 3 young (3072K), 0 survivors (0K)
 Metaspace       used 4015K, committed 4160K, reserved 1056768K
  class space    used 313K, committed 384K, reserved 1048576K
}
Event: 11596.365 GC heap after
{Heap after GC invocations=104 (full 0):
 garbage-first heap   total 75776K, used 578K [0x00000000c7000000, 0x0000000100000000)
  region size 1024K, 1 young (1024K), 1 survivors (1024K)
 Metaspace       used 4015K, committed 4160K, reserved 1056768K
  class space    used 313K, committed 384K, reserved 1048576K
}
Event: 11597.840 GC heap before
{Heap before GC invocations=104 (full 0):
 garbage-first heap   total 75776K, used 12866K [0x00000000c7000000, 0x0000000100000000)
  region size 1024K, 13 young (13312K), 1 survivors (1024K)
 Metaspace       used 4015K, committed 4160K, reserved 1056768K
  class space    used 313K, committed 384K, reserved 1048576K
}
Event: 11597.840 GC heap after
{Heap after GC invocations=105 (full 0):
 garbage-first heap   total 75776K, used 578K [0x00000000c7000000, 0x0000000100000000)
  region size 1024K, 1 young (1024K), 1 survivors (1024K)
 Metaspace       used 4015K, committed 4160K, reserved 1056768K
  class space    used 313K, committed 384K, reserved 1048576K
}
Event: 11613.003 GC heap before
{Heap before GC invocations=105 (full 0):
 garbage-first heap   total 75776K, used 44610K [0x00000000c7000000, 0x0000000100000000)
  region size 1024K, 44 young (45056K), 1 survivors (1024K)
 Metaspace       used 4015K, committed 4160K, reserved 1056768K
  class space    used 313K, committed 384K, reserved 1048576K
}
Event: 11618.213 GC heap after
{Heap after GC invocations=106 (full 0):
 garbage-first heap   total 75776K, used 580K [0x00000000c7000000, 0x0000000100000000)
  region size 1024K, 1 young (1024K), 1 survivors (1024K)
 Metaspace       used 4015K, committed 4160K, reserved 1056768K
  class space    used 313K, committed 384K, reserved 1048576K
}
Event: 11621.273 GC heap before
{Heap before GC invocations=106 (full 0):
 garbage-first heap   total 75776K, used 2628K [0x00000000c7000000, 0x0000000100000000)
  region size 1024K, 3 young (3072K), 1 survivors (1024K)
 Metaspace       used 4015K, committed 4160K, reserved 1056768K
  class space    used 313K, committed 384K, reserved 1048576K
}
Event: 11621.444 GC heap after
{Heap after GC invocations=107 (full 0):
 garbage-first heap   total 75776K, used 578K [0x00000000c7000000, 0x0000000100000000)
  region size 1024K, 1 young (1024K), 1 survivors (1024K)
 Metaspace       used 4015K, committed 4160K, reserved 1056768K
  class space    used 313K, committed 384K, reserved 1048576K
}
Event: 11621.532 GC heap before
{Heap before GC invocations=107 (full 0):
 garbage-first heap   total 75776K, used 2626K [0x00000000c7000000, 0x0000000100000000)
  region size 1024K, 3 young (3072K), 1 survivors (1024K)
 Metaspace       used 4015K, committed 4160K, reserved 1056768K
  class space    used 313K, committed 384K, reserved 1048576K
}
Event: 11621.533 GC heap after
{Heap after GC invocations=108 (full 0):
 garbage-first heap   total 75776K, used 578K [0x00000000c7000000, 0x0000000100000000)
  region size 1024K, 1 young (1024K), 1 survivors (1024K)
 Metaspace       used 4015K, committed 4160K, reserved 1056768K
  class space    used 313K, committed 384K, reserved 1048576K
}
Event: 11621.591 GC heap before
{Heap before GC invocations=108 (full 0):
 garbage-first heap   total 75776K, used 2626K [0x00000000c7000000, 0x0000000100000000)
  region size 1024K, 3 young (3072K), 1 survivors (1024K)
 Metaspace       used 4015K, committed 4160K, reserved 1056768K
  class space    used 313K, committed 384K, reserved 1048576K
}

Deoptimization events (2 events):
Event: 10707.210 Thread 0x00007f7198024e90 DEOPT PACKING pc=0x00007f7185539973 sp=0x00007f719eb9f8c0
Event: 10707.248 Thread 0x00007f7198024e90 DEOPT UNPACKING pc=0x00007f7184fa182f sp=0x00007f719eb9eed8 mode 0

Classes unloaded (0 events):
No events

Classes redefined (0 events):
No events

Internal exceptions (20 events):
Event: 11621.590 Thread 0x00007f7198024e90 Exception <a 'java/io/IOException'{0x00000000cb8fb1a0}> (0x00000000cb8fb1a0) 
thrown [src/hotspot/share/prims/jni.cpp, line 516]
Event: 11621.590 Thread 0x00007f7198024e90 Exception <a 'java/io/IOException'{0x00000000cb8fb4a8}> (0x00000000cb8fb4a8) 
thrown [src/hotspot/share/prims/jni.cpp, line 516]
Event: 11621.590 Thread 0x00007f7198024e90 Exception <a 'java/io/IOException'{0x00000000cb8fb7b0}> (0x00000000cb8fb7b0) 
thrown [src/hotspot/share/prims/jni.cpp, line 516]
Event: 11621.590 Thread 0x00007f7198024e90 Exception <a 'java/io/IOException'{0x00000000cb8fbab8}> (0x00000000cb8fbab8) 
thrown [src/hotspot/share/prims/jni.cpp, line 516]
Event: 11621.590 Thread 0x00007f7198024e90 Exception <a 'java/io/IOException'{0x00000000cb8fc130}> (0x00000000cb8fc130) 
thrown [src/hotspot/share/prims/jni.cpp, line 516]
Event: 11621.591 Thread 0x00007f7198024e90 Exception <a 'java/io/IOException'{0x00000000cb8fc438}> (0x00000000cb8fc438) 
thrown [src/hotspot/share/prims/jni.cpp, line 516]
Event: 11621.591 Thread 0x00007f7198024e90 Exception <a 'java/io/IOException'{0x00000000cb8fc740}> (0x00000000cb8fc740) 
thrown [src/hotspot/share/prims/jni.cpp, line 516]
Event: 11621.591 Thread 0x00007f7198024e90 Exception <a 'java/io/IOException'{0x00000000cb8fca48}> (0x00000000cb8fca48) 
thrown [src/hotspot/share/prims/jni.cpp, line 516]
Event: 11621.591 Thread 0x00007f7198024e90 Exception <a 'java/io/IOException'{0x00000000cb8fcd50}> (0x00000000cb8fcd50) 
thrown [src/hotspot/share/prims/jni.cpp, line 516]
Event: 11621.591 Thread 0x00007f7198024e90 Exception <a 'java/io/IOException'{0x00000000cb8fd058}> (0x00000000cb8fd058) 
thrown [src/hotspot/share/prims/jni.cpp, line 516]
Event: 11621.591 Thread 0x00007f7198024e90 Exception <a 'java/io/IOException'{0x00000000cb8fd6d0}> (0x00000000cb8fd6d0) 
thrown [src/hotspot/share/prims/jni.cpp, line 516]
Event: 11621.591 Thread 0x00007f7198024e90 Exception <a 'java/io/IOException'{0x00000000cb8fd9d8}> (0x00000000cb8fd9d8) 
thrown [src/hotspot/share/prims/jni.cpp, line 516]
Event: 11621.591 Thread 0x00007f7198024e90 Exception <a 'java/io/IOException'{0x00000000cb8fe010}> (0x00000000cb8fe010) 
thrown [src/hotspot/share/prims/jni.cpp, line 516]
Event: 11621.591 Thread 0x00007f7198024e90 Exception <a 'java/io/IOException'{0x00000000cb8fe318}> (0x00000000cb8fe318) 
thrown [src/hotspot/share/prims/jni.cpp, line 516]
Event: 11621.591 Thread 0x00007f7198024e90 Exception <a 'java/io/IOException'{0x00000000cb8fe620}> (0x00000000cb8fe620) 
thrown [src/hotspot/share/prims/jni.cpp, line 516]
Event: 11621.591 Thread 0x00007f7198024e90 Exception <a 'java/io/IOException'{0x00000000cb8fe928}> (0x00000000cb8fe928) 
thrown [src/hotspot/share/prims/jni.cpp, line 516]
Event: 11621.591 Thread 0x00007f7198024e90 Exception <a 'java/io/IOException'{0x00000000cb8fefa0}> (0x00000000cb8fefa0) 
thrown [src/hotspot/share/prims/jni.cpp, line 516]
Event: 11621.591 Thread 0x00007f7198024e90 Exception <a 'java/io/IOException'{0x00000000cb8ff2a8}> (0x00000000cb8ff2a8) 
thrown [src/hotspot/share/prims/jni.cpp, line 516]
Event: 11621.591 Thread 0x00007f7198024e90 Exception <a 'java/io/IOException'{0x00000000cb8ff5b0}> (0x00000000cb8ff5b0) 
thrown [src/hotspot/share/prims/jni.cpp, line 516]
Event: 11621.591 Thread 0x00007f7198024e90 Exception <a 'java/io/IOException'{0x00000000cb8ff8b8}> (0x00000000cb8ff8b8) 
thrown [src/hotspot/share/prims/jni.cpp, line 516]

VM Operations (20 events):
Event: 11594.627 Executing VM operation: G1CollectForAllocation done
Event: 11595.025 Executing VM operation: G1CollectForAllocation
Event: 11595.025 Executing VM operation: G1CollectForAllocation done
Event: 11595.387 Executing VM operation: G1CollectForAllocation
Event: 11595.387 Executing VM operation: G1CollectForAllocation done
Event: 11595.703 Executing VM operation: G1CollectForAllocation
Event: 11595.703 Executing VM operation: G1CollectForAllocation done
Event: 11595.980 Executing VM operation: G1CollectForAllocation
Event: 11595.981 Executing VM operation: G1CollectForAllocation done
Event: 11596.364 Executing VM operation: G1CollectForAllocation
Event: 11596.365 Executing VM operation: G1CollectForAllocation done
Event: 11597.840 Executing VM operation: G1CollectForAllocation
Event: 11597.840 Executing VM operation: G1CollectForAllocation done
Event: 11603.387 Executing VM operation: G1CollectForAllocation
Event: 11618.962 Executing VM operation: G1CollectForAllocation done
Event: 11621.273 Executing VM operation: G1CollectForAllocation
Event: 11621.444 Executing VM operation: G1CollectForAllocation done
Event: 11621.532 Executing VM operation: G1CollectForAllocation
Event: 11621.533 Executing VM operation: G1CollectForAllocation done
Event: 11621.591 Executing VM operation: G1CollectForAllocation

Events (20 events):
Event: 8.060 loading class jdk/internal/math/FloatingDecimal$BinaryToASCIIBuffer
Event: 8.060 loading class jdk/internal/math/FloatingDecimal$BinaryToASCIIBuffer done
Event: 8.060 loading class jdk/internal/math/FloatingDecimal$1
Event: 8.061 loading class jdk/internal/math/FloatingDecimal$1 done
Event: 8.061 loading class jdk/internal/math/FloatingDecimal$PreparedASCIIToBinaryBuffer
Event: 8.061 loading class jdk/internal/math/FloatingDecimal$ASCIIToBinaryConverter
Event: 8.061 loading class jdk/internal/math/FloatingDecimal$ASCIIToBinaryConverter done
Event: 8.061 loading class jdk/internal/math/FloatingDecimal$PreparedASCIIToBinaryBuffer done
Event: 8.061 loading class java/lang/ThreadLocal$ThreadLocalMap
Event: 8.061 loading class java/lang/ThreadLocal$ThreadLocalMap done
Event: 8.061 loading class java/lang/ThreadLocal$ThreadLocalMap$Entry
Event: 8.062 loading class java/lang/ThreadLocal$ThreadLocalMap$Entry done
Event: 8.062 loading class jdk/internal/misc/TerminatingThreadLocal
Event: 8.062 loading class jdk/internal/misc/TerminatingThreadLocal done
Event: 8.062 loading class jdk/internal/math/FDBigInteger
Event: 8.062 loading class jdk/internal/math/FDBigInteger done
Event: 10501.851 loading class java/io/InterruptedIOException
Event: 10501.851 loading class java/io/InterruptedIOException done
Event: 10506.608 loading class jdk/internal/access/foreign/MemorySegmentProxy
Event: 10506.609 loading class jdk/internal/access/foreign/MemorySegmentProxy done


Dynamic libraries:
c7000000-cba00000 rw-p 00000000 00:00 0 
d1200000-100000000 ---p 00000000 00:00 0 
100000000-100010000 rw-p 00000000 00:00 0 
100010000-100020000 ---p 00000000 00:00 0 
100020000-100030000 rw-p 00000000 00:00 0 
100030000-100040000 ---p 00000000 00:00 0 
100040000-100080000 rw-p 00000000 00:00 0 
100080000-140000000 ---p 00000000 00:00 0 
55a50555a000-55a50555b000 r-xp 00000000 08:05 1578248                    /home/samarth/.p2/pool/plugins/org.eclipse.justj.openjdk.hotspot.jre.full.linux.x86_64_17.0.2.v20220201-1208/jre/bin/java
55a50575b000-55a50575c000 r--p 00001000 08:05 1578248                    /home/samarth/.p2/pool/plugins/org.eclipse.justj.openjdk.hotspot.jre.full.linux.x86_64_17.0.2.v20220201-1208/jre/bin/java
55a50575c000-55a50575d000 rw-p 00002000 08:05 1578248                    /home/samarth/.p2/pool/plugins/org.eclipse.justj.openjdk.hotspot.jre.full.linux.x86_64_17.0.2.v20220201-1208/jre/bin/java
55a506296000-55a5062b7000 rw-p 00000000 00:00 0                          [heap]
7f7134000000-7f7134021000 rw-p 00000000 00:00 0 
7f7134021000-7f7138000000 ---p 00000000 00:00 0 
7f7138000000-7f7138021000 rw-p 00000000 00:00 0 
7f7138021000-7f713c000000 ---p 00000000 00:00 0 
7f713c000000-7f713c021000 rw-p 00000000 00:00 0 
7f713c021000-7f7140000000 ---p 00000000 00:00 0 
7f7140000000-7f7140021000 rw-p 00000000 00:00 0 
7f7140021000-7f7144000000 ---p 00000000 00:00 0 
7f7144000000-7f71441b6000 rw-p 00000000 00:00 0 
7f71441b6000-7f7148000000 ---p 00000000 00:00 0 
7f7148000000-7f7148021000 rw-p 00000000 00:00 0 
7f7148021000-7f714c000000 ---p 00000000 00:00 0 
7f714c000000-7f714c021000 rw-p 00000000 00:00 0 
7f714c021000-7f7150000000 ---p 00000000 00:00 0 
7f7150000000-7f715043d000 rw-p 00000000 00:00 0 
7f715043d000-7f7154000000 ---p 00000000 00:00 0 
7f7154000000-7f7154021000 rw-p 00000000 00:00 0 
7f7154021000-7f7158000000 ---p 00000000 00:00 0 
7f7158000000-7f7158021000 rw-p 00000000 00:00 0 
7f7158021000-7f715c000000 ---p 00000000 00:00 0 
7f715c000000-7f715c021000 rw-p 00000000 00:00 0 
7f715c021000-7f7160000000 ---p 00000000 00:00 0 
7f7160000000-7f7160021000 rw-p 00000000 00:00 0 
7f7160021000-7f7164000000 ---p 00000000 00:00 0 
7f7164000000-7f7164021000 rw-p 00000000 00:00 0 
7f7164021000-7f7168000000 ---p 00000000 00:00 0 
7f7168000000-7f7168021000 rw-p 00000000 00:00 0 
7f7168021000-7f716c000000 ---p 00000000 00:00 0 
7f716c000000-7f716c021000 rw-p 00000000 00:00 0 
7f716c021000-7f7170000000 ---p 00000000 00:00 0 
7f7171f28000-7f7172313000 rw-p 00000000 00:00 0 
7f7172313000-7f7172314000 ---p 00000000 00:00 0 
7f7172314000-7f7172414000 rw-p 00000000 00:00 0 
7f7172414000-7f7172418000 ---p 00000000 00:00 0 
7f7172418000-7f7172515000 rw-p 00000000 00:00 0 
7f7172515000-7f7172516000 ---p 00000000 00:00 0 
7f7172516000-7f7172616000 rw-p 00000000 00:00 0 
7f7172616000-7f717261a000 ---p 00000000 00:00 0 
7f717261a000-7f7172717000 rw-p 00000000 00:00 0 
7f7172717000-7f717271b000 ---p 00000000 00:00 0 
7f717271b000-7f7172818000 rw-p 00000000 00:00 0 
7f7172818000-7f717281c000 ---p 00000000 00:00 0 
7f717281c000-7f7172919000 rw-p 00000000 00:00 0 
7f7172919000-7f717291d000 ---p 00000000 00:00 0 
7f717291d000-7f7172a1a000 rw-p 00000000 00:00 0 
7f7172a1a000-7f7172a1e000 ---p 00000000 00:00 0 
7f7172a1e000-7f7172b1b000 rw-p 00000000 00:00 0 
7f7172b1b000-7f7172b1f000 ---p 00000000 00:00 0 
7f7172b1f000-7f7172c1c000 rw-p 00000000 00:00 0 
7f7172c1c000-7f7172c20000 ---p 00000000 00:00 0 
7f7172c20000-7f7172d1d000 rw-p 00000000 00:00 0 
7f7172d1d000-7f7172ff5000 r--p 00000000 08:05 3933816                    /usr/lib/locale/locale-archive
7f7172ff5000-7f7172ff9000 ---p 00000000 00:00 0 
7f7172ff9000-7f71730f6000 rw-p 00000000 00:00 0 
7f71730f6000-7f71730fa000 ---p 00000000 00:00 0 
7f71730fa000-7f71731f7000 rw-p 00000000 00:00 0 
7f71731f7000-7f71731fe000 r-xp 00000000 08:05 1578624                    /home/samarth/.p2/pool/plugins/org.eclipse.justj.openjdk.hotspot.jre.full.linux.x86_64_17.0.2.v20220201-1208/jre/lib/libzip.so
7f71731fe000-7f71733fe000 ---p 00007000 08:05 1578624                    /home/samarth/.p2/pool/plugins/org.eclipse.justj.openjdk.hotspot.jre.full.linux.x86_64_17.0.2.v20220201-1208/jre/lib/libzip.so
7f71733fe000-7f71733ff000 r--p 00007000 08:05 1578624                    /home/samarth/.p2/pool/plugins/org.eclipse.justj.openjdk.hotspot.jre.full.linux.x86_64_17.0.2.v20220201-1208/jre/lib/libzip.so
7f71733ff000-7f7173400000 rw-p 00008000 08:05 1578624                    /home/samarth/.p2/pool/plugins/org.eclipse.justj.openjdk.hotspot.jre.full.linux.x86_64_17.0.2.v20220201-1208/jre/lib/libzip.so
7f7173400000-7f71737a0000 rw-p 00000000 00:00 0 
7f71737a0000-7f7173800000 ---p 00000000 00:00 0 
7f7173800000-7f7173810000 rw-p 00000000 00:00 0 
7f7173810000-7f7173c00000 ---p 00000000 00:00 0 
7f7173cfd000-7f7173cfe000 ---p 00000000 00:00 0 
7f7173cfe000-7f7173dfe000 rw-p 00000000 00:00 0 
7f7173dfe000-7f7173dff000 ---p 00000000 00:00 0 
7f7173dff000-7f7173eff000 rw-p 00000000 00:00 0 
7f7173eff000-7f7173f00000 ---p 00000000 00:00 0 
7f7173f00000-7f7174000000 rw-p 00000000 00:00 0 
7f7174000000-7f7174021000 rw-p 00000000 00:00 0 
7f7174021000-7f7178000000 ---p 00000000 00:00 0 
7f7178000000-7f7178021000 rw-p 00000000 00:00 0 
7f7178021000-7f717c000000 ---p 00000000 00:00 0 
7f717c000000-7f717c021000 rw-p 00000000 00:00 0 
7f717c021000-7f7180000000 ---p 00000000 00:00 0 
7f7180015000-7f718249a000 rw-p 00000000 00:00 0 
7f718249a000-7f718249b000 ---p 00000000 00:00 0 
7f718249b000-7f718259b000 rw-p 00000000 00:00 0 
7f718259b000-7f718259c000 ---p 00000000 00:00 0 
7f718259c000-7f718269c000 rw-p 00000000 00:00 0 
7f718269c000-7f718269d000 ---p 00000000 00:00 0 
7f718269d000-7f71828c5000 rw-p 00000000 00:00 0 
7f71828c5000-7f71835dd000 ---p 00000000 00:00 0 
7f71835dd000-7f7183705000 rw-p 00000000 00:00 0 
7f7183705000-7f718441d000 ---p 00000000 00:00 0 
7f718441d000-7f7184442000 rw-p 00000000 00:00 0 
7f7184442000-7f71845e5000 ---p 00000000 00:00 0 
7f71845e5000-7f718460a000 rw-p 00000000 00:00 0 
7f718460a000-7f71847ad000 ---p 00000000 00:00 0 
7f71847ad000-7f71847d2000 rw-p 00000000 00:00 0 
7f71847d2000-7f7184975000 ---p 00000000 00:00 0 
7f7184975000-7f7184d7e000 rw-p 00000000 00:00 0 
7f7184d7e000-7f7184e64000 ---p 00000000 00:00 0 
7f7184e64000-7f7184e69000 rw-p 00000000 00:00 0 
7f7184e69000-7f7184f4f000 ---p 00000000 00:00 0 
7f7184f4f000-7f71851bf000 rwxp 00000000 00:00 0 
7f71851bf000-7f71854e0000 ---p 00000000 00:00 0 
7f71854e0000-7f7185750000 rwxp 00000000 00:00 0 
7f7185750000-7f718ca17000 ---p 00000000 00:00 0 
7f718ca17000-7f718cc87000 rwxp 00000000 00:00 0 
7f718cc87000-7f7193f4f000 ---p 00000000 00:00 0 
7f7193f4f000-7f7193f73000 r-xp 00000000 08:05 1578636                    /home/samarth/.p2/pool/plugins/org.eclipse.justj.openjdk.hotspot.jre.full.linux.x86_64_17.0.2.v20220201-1208/jre/lib/libjava.so
7f7193f73000-7f7194173000 ---p 00024000 08:05 1578636                    /home/samarth/.p2/pool/plugins/org.eclipse.justj.openjdk.hotspot.jre.full.linux.x86_64_17.0.2.v20220201-1208/jre/lib/libjava.so
7f7194173000-7f7194174000 r--p 00024000 08:05 1578636                    /home/samarth/.p2/pool/plugins/org.eclipse.justj.openjdk.hotspot.jre.full.linux.x86_64_17.0.2.v20220201-1208/jre/lib/libjava.so
7f7194174000-7f7194175000 rw-p 00025000 08:05 1578636                    /home/samarth/.p2/pool/plugins/org.eclipse.justj.openjdk.hotspot.jre.full.linux.x86_64_17.0.2.v20220201-1208/jre/lib/libjava.so
7f7194175000-7f7194176000 rw-p 00000000 00:00 0 
7f7194176000-7f7194181000 r-xp 00000000 08:05 4987579                    /lib/x86_64-linux-gnu/libnss_files-2.23.so
7f7194181000-7f7194380000 ---p 0000b000 08:05 4987579                    /lib/x86_64-linux-gnu/libnss_files-2.23.so
7f7194380000-7f7194381000 r--p 0000a000 08:05 4987579                    /lib/x86_64-linux-gnu/libnss_files-2.23.so
7f7194381000-7f7194382000 rw-p 0000b000 08:05 4987579                    /lib/x86_64-linux-gnu/libnss_files-2.23.so
7f7194382000-7f7194388000 rw-p 00000000 00:00 0 
7f7194388000-7f7194393000 r-xp 00000000 08:05 4987586                    /lib/x86_64-linux-gnu/libnss_nis-2.23.so
7f7194393000-7f7194592000 ---p 0000b000 08:05 4987586                    /lib/x86_64-linux-gnu/libnss_nis-2.23.so
7f7194592000-7f7194593000 r--p 0000a000 08:05 4987586                    /lib/x86_64-linux-gnu/libnss_nis-2.23.so
7f7194593000-7f7194594000 rw-p 0000b000 08:05 4987586                    /lib/x86_64-linux-gnu/libnss_nis-2.23.so
7f7194594000-7f71945aa000 r-xp 00000000 08:05 4987587                    /lib/x86_64-linux-gnu/libnsl-2.23.so
7f71945aa000-7f71947a9000 ---p 00016000 08:05 4987587                    /lib/x86_64-linux-gnu/libnsl-2.23.so
7f71947a9000-7f71947aa000 r--p 00015000 08:05 4987587                    /lib/x86_64-linux-gnu/libnsl-2.23.so
7f71947aa000-7f71947ab000 rw-p 00016000 08:05 4987587                    /lib/x86_64-linux-gnu/libnsl-2.23.so
7f71947ab000-7f71947ad000 rw-p 00000000 00:00 0 
7f71947ad000-7f71947b5000 r-xp 00000000 08:05 4987589                    /lib/x86_64-linux-gnu/libnss_compat-2.23.so
7f71947b5000-7f71949b4000 ---p 00008000 08:05 4987589                    /lib/x86_64-linux-gnu/libnss_compat-2.23.so
7f71949b4000-7f71949b5000 r--p 00007000 08:05 4987589                    /lib/x86_64-linux-gnu/libnss_compat-2.23.so
7f71949b5000-7f71949b6000 rw-p 00008000 08:05 4987589                    /lib/x86_64-linux-gnu/libnss_compat-2.23.so
7f71949b6000-7f7198000000 r--s 00000000 08:05 1578623                    /home/samarth/.p2/pool/plugins/org.eclipse.justj.openjdk.hotspot.jre.full.linux.x86_64_17.0.2.v20220201-1208/jre/lib/modules
7f7198000000-7f71981ed000 rw-p 00000000 00:00 0 
7f71981ed000-7f719c000000 ---p 00000000 00:00 0 
7f719c028000-7f719c043000 r-xp 00000000 08:05 1578625                    /home/samarth/.p2/pool/plugins/org.eclipse.justj.openjdk.hotspot.jre.full.linux.x86_64_17.0.2.v20220201-1208/jre/lib/libjimage.so
7f719c043000-7f719c242000 ---p 0001b000 08:05 1578625                    /home/samarth/.p2/pool/plugins/org.eclipse.justj.openjdk.hotspot.jre.full.linux.x86_64_17.0.2.v20220201-1208/jre/lib/libjimage.so
7f719c242000-7f719c244000 r--p 0001a000 08:05 1578625                    /home/samarth/.p2/pool/plugins/org.eclipse.justj.openjdk.hotspot.jre.full.linux.x86_64_17.0.2.v20220201-1208/jre/lib/libjimage.so
7f719c244000-7f719c245000 rw-p 0001c000 08:05 1578625                    /home/samarth/.p2/pool/plugins/org.eclipse.justj.openjdk.hotspot.jre.full.linux.x86_64_17.0.2.v20220201-1208/jre/lib/libjimage.so
7f719c245000-7f719c34d000 r-xp 00000000 08:05 4987583                    /lib/x86_64-linux-gnu/libm-2.23.so
7f719c34d000-7f719c54c000 ---p 00108000 08:05 4987583                    /lib/x86_64-linux-gnu/libm-2.23.so
7f719c54c000-7f719c54d000 r--p 00107000 08:05 4987583                    /lib/x86_64-linux-gnu/libm-2.23.so
7f719c54d000-7f719c54e000 rw-p 00108000 08:05 4987583                    /lib/x86_64-linux-gnu/libm-2.23.so
7f719c54e000-7f719c555000 r-xp 00000000 08:05 4987578                    /lib/x86_64-linux-gnu/librt-2.23.so
7f719c555000-7f719c754000 ---p 00007000 08:05 4987578                    /lib/x86_64-linux-gnu/librt-2.23.so
7f719c754000-7f719c755000 r--p 00006000 08:05 4987578                    /lib/x86_64-linux-gnu/librt-2.23.so
7f719c755000-7f719c756000 rw-p 00007000 08:05 4987578                    /lib/x86_64-linux-gnu/librt-2.23.so
7f719c756000-7f719da3a000 r-xp 00000000 08:05 1578613                    /home/samarth/.p2/pool/plugins/org.eclipse.justj.openjdk.hotspot.jre.full.linux.x86_64_17.0.2.v20220201-1208/jre/lib/server/libjvm.so
7f719da3a000-7f719dc3a000 ---p 012e4000 08:05 1578613                    /home/samarth/.p2/pool/plugins/org.eclipse.justj.openjdk.hotspot.jre.full.linux.x86_64_17.0.2.v20220201-1208/jre/lib/server/libjvm.so
7f719dc3a000-7f719dcf3000 r--p 012e4000 08:05 1578613                    /home/samarth/.p2/pool/plugins/org.eclipse.justj.openjdk.hotspot.jre.full.linux.x86_64_17.0.2.v20220201-1208/jre/lib/server/libjvm.so
7f719dcf3000-7f719dd28000 rw-p 0139d000 08:05 1578613                    /home/samarth/.p2/pool/plugins/org.eclipse.justj.openjdk.hotspot.jre.full.linux.x86_64_17.0.2.v20220201-1208/jre/lib/server/libjvm.so
7f719dd28000-7f719dd81000 rw-p 00000000 00:00 0 
7f719dd81000-7f719df41000 r-xp 00000000 08:05 4987588                    /lib/x86_64-linux-gnu/libc-2.23.so
7f719df41000-7f719e141000 ---p 001c0000 08:05 4987588                    /lib/x86_64-linux-gnu/libc-2.23.so
7f719e141000-7f719e145000 r--p 001c0000 08:05 4987588                    /lib/x86_64-linux-gnu/libc-2.23.so
7f719e145000-7f719e147000 rw-p 001c4000 08:05 4987588                    /lib/x86_64-linux-gnu/libc-2.23.so
7f719e147000-7f719e14b000 rw-p 00000000 00:00 0 
7f719e14b000-7f719e14e000 r-xp 00000000 08:05 4987538                    /lib/x86_64-linux-gnu/libdl-2.23.so
7f719e14e000-7f719e34d000 ---p 00003000 08:05 4987538                    /lib/x86_64-linux-gnu/libdl-2.23.so
7f719e34d000-7f719e34e000 r--p 00002000 08:05 4987538                    /lib/x86_64-linux-gnu/libdl-2.23.so
7f719e34e000-7f719e34f000 rw-p 00003000 08:05 4987538                    /lib/x86_64-linux-gnu/libdl-2.23.so
7f719e34f000-7f719e367000 r-xp 00000000 08:05 4987533                    /lib/x86_64-linux-gnu/libpthread-2.23.so
7f719e367000-7f719e566000 ---p 00018000 08:05 4987533                    /lib/x86_64-linux-gnu/libpthread-2.23.so
7f719e566000-7f719e567000 r--p 00017000 08:05 4987533                    /lib/x86_64-linux-gnu/libpthread-2.23.so
7f719e567000-7f719e568000 rw-p 00018000 08:05 4987533                    /lib/x86_64-linux-gnu/libpthread-2.23.so
7f719e568000-7f719e56c000 rw-p 00000000 00:00 0 
7f719e56c000-7f719e57b000 r-xp 00000000 08:05 1578632                    /home/samarth/.p2/pool/plugins/org.eclipse.justj.openjdk.hotspot.jre.full.linux.x86_64_17.0.2.v20220201-1208/jre/lib/libjli.so
7f719e57b000-7f719e77b000 ---p 0000f000 08:05 1578632                    /home/samarth/.p2/pool/plugins/org.eclipse.justj.openjdk.hotspot.jre.full.linux.x86_64_17.0.2.v20220201-1208/jre/lib/libjli.so
7f719e77b000-7f719e77c000 r--p 0000f000 08:05 1578632                    /home/samarth/.p2/pool/plugins/org.eclipse.justj.openjdk.hotspot.jre.full.linux.x86_64_17.0.2.v20220201-1208/jre/lib/libjli.so
7f719e77c000-7f719e77d000 rw-p 00010000 08:05 1578632                    /home/samarth/.p2/pool/plugins/org.eclipse.justj.openjdk.hotspot.jre.full.linux.x86_64_17.0.2.v20220201-1208/jre/lib/libjli.so
7f719e77d000-7f719e796000 r-xp 00000000 08:05 4985616                    /lib/x86_64-linux-gnu/libz.so.1.2.8
7f719e796000-7f719e995000 ---p 00019000 08:05 4985616                    /lib/x86_64-linux-gnu/libz.so.1.2.8
7f719e995000-7f719e996000 r--p 00018000 08:05 4985616                    /lib/x86_64-linux-gnu/libz.so.1.2.8
7f719e996000-7f719e997000 rw-p 00019000 08:05 4985616                    /lib/x86_64-linux-gnu/libz.so.1.2.8
7f719e997000-7f719e9bd000 r-xp 00000000 08:05 4987580                    /lib/x86_64-linux-gnu/ld-2.23.so
7f719e9d9000-7f719ea99000 rw-p 00000000 00:00 0 
7f719ea99000-7f719eaa0000 ---p 00000000 00:00 0 
7f719eaa0000-7f719eaa4000 ---p 00000000 00:00 0 
7f719eaa4000-7f719eba5000 rw-p 00000000 00:00 0 
7f719eba9000-7f719ebb0000 r--s 00000000 08:05 4202006                    /usr/lib/x86_64-linux-gnu/gconv/gconv-modules.cache
7f719ebb0000-7f719ebb8000 rw-s 00000000 08:05 5115957                    /tmp/hsperfdata_samarth/7155
7f719ebb8000-7f719ebb9000 ---p 00000000 00:00 0 
7f719ebb9000-7f719ebba000 r--p 00000000 00:00 0 
7f719ebba000-7f719ebbb000 ---p 00000000 00:00 0 
7f719ebbb000-7f719ebbc000 rw-p 00000000 00:00 0 
7f719ebbc000-7f719ebbd000 r--p 00025000 08:05 4987580                    /lib/x86_64-linux-gnu/ld-2.23.so
7f719ebbd000-7f719ebbe000 rw-p 00026000 08:05 4987580                    /lib/x86_64-linux-gnu/ld-2.23.so
7f719ebbe000-7f719ebbf000 rw-p 00000000 00:00 0 
7ffed9d84000-7ffed9da5000 rw-p 00000000 00:00 0                          [stack]
7ffed9de3000-7ffed9de6000 r--p 00000000 00:00 0                          [vvar]
7ffed9de6000-7ffed9de8000 r-xp 00000000 00:00 0                          [vdso]
ffffffffff600000-ffffffffff601000 r-xp 00000000 00:00 0                  [vsyscall]


VM Arguments:
jvm_args: -Dfile.encoding=UTF-8 -XX:+ShowCodeDetailsInExceptionMessages 
java_command: org.banking.BankApp
java_class_path (initial): /home/samarth/eclipse-workspace/Banking Application/bin
Launcher Type: SUN_STANDARD

[Global flags]
     intx CICompilerCount                          = 3                                         {product} {ergonomic}
     uint ConcGCThreads                            = 1                                         {product} {ergonomic}
     uint G1ConcRefinementThreads                  = 4                                         {product} {ergonomic}
   size_t G1HeapRegionSize                         = 1048576                                   {product} {ergonomic}
    uintx GCDrainStackTargetSize                   = 64                                        {product} {ergonomic}
   size_t InitialHeapSize                          = 60817408                                  {product} {ergonomic}
   size_t MarkStackSize                            = 4194304                                   {product} {ergonomic}
   size_t MaxHeapSize                              = 956301312                                 {product} {ergonomic}
   size_t MaxNewSize                               = 573571072                                 {product} {ergonomic}
   size_t MinHeapDeltaBytes                        = 1048576                                   {product} {ergonomic}
   size_t MinHeapSize                              = 8388608                                   {product} {ergonomic}
    uintx NonNMethodCodeHeapSize                   = 5832780                                {pd product} {ergonomic}
    uintx NonProfiledCodeHeapSize                  = 122912730                              {pd product} {ergonomic}
    uintx ProfiledCodeHeapSize                     = 122912730                              {pd product} {ergonomic}
    uintx ReservedCodeCacheSize                    = 251658240                              {pd product} {ergonomic}
     bool SegmentedCodeCache                       = true                                      {product} {ergonomic}
     bool ShowCodeDetailsInExceptionMessages       = true                                   {manageable} {command line}
   size_t SoftMaxHeapSize                          = 956301312                              {manageable} {ergonomic}
     bool UseCompressedClassPointers               = true                           {product lp64_product} {ergonomic}
     bool UseCompressedOops                        = true                           {product lp64_product} {ergonomic}
     bool UseG1GC                                  = true                                      {product} {ergonomic}

Logging:
Log output configuration:
 #0: stdout all=warning uptime,level,tags
 #1: stderr all=off uptime,level,tags

Environment Variables:
PATH=/home/samarth/bin:/home/samarth/.local/bin:/usr/local/sbin:/usr/local/bin:/usr/sbin:/usr/bin:/sbin:/bin:/usr/games:/usr/local/games:/snap/bin
SHELL=/bin/bash
DISPLAY=:0
LANG=en_US.UTF-8

Signal Handlers:
   SIGSEGV: crash_handler in libjvm.so, mask=11100100010111111101111111111110, flags=SA_RESTART|SA_SIGINFO
    SIGBUS: crash_handler in libjvm.so, mask=11100100010111111101111111111110, flags=SA_RESTART|SA_SIGINFO
    SIGFPE: crash_handler in libjvm.so, mask=11100100010111111101111111111110, flags=SA_RESTART|SA_SIGINFO
   SIGPIPE: javaSignalHandler in libjvm.so, mask=11100100010111111101111111111110, flags=SA_RESTART|SA_SIGINFO
   SIGXFSZ: javaSignalHandler in libjvm.so, mask=11100100010111111101111111111110, flags=SA_RESTART|SA_SIGINFO
    SIGILL: crash_handler in libjvm.so, mask=11100100010111111101111111111110, flags=SA_RESTART|SA_SIGINFO
   SIGUSR2: SR_handler in libjvm.so, mask=00100000000000000000000000000000, flags=SA_RESTART|SA_SIGINFO
    SIGHUP: UserHandler in libjvm.so, mask=11100100010111111101111111111110, flags=SA_RESTART|SA_SIGINFO
    SIGINT: UserHandler in libjvm.so, mask=11100100010111111101111111111110, flags=SA_RESTART|SA_SIGINFO
   SIGTERM: UserHandler in libjvm.so, mask=11100100010111111101111111111110, flags=SA_RESTART|SA_SIGINFO
   SIGQUIT: UserHandler in libjvm.so, mask=11100100010111111101111111111110, flags=SA_RESTART|SA_SIGINFO
   SIGTRAP: crash_handler in libjvm.so, mask=11100100010111111101111111111110, flags=SA_RESTART|SA_SIGINFO


---------------  S Y S T E M  ---------------

OS:
DISTRIB_ID=Ubuntu
DISTRIB_RELEASE=16.04
DISTRIB_CODENAME=xenial
DISTRIB_DESCRIPTION="Ubuntu 16.04.7 LTS"
uname: Linux 4.15.0-142-generic #146~16.04.1-Ubuntu SMP Tue Apr 13 09:27:15 UTC 2021 x86_64
OS uptime: 0 days 5:09 hours
libc: glibc 2.23 NPTL 2.23 
rlimit (soft/hard): STACK 8192k/infinity , CORE 0k/infinity , NPROC 14344/14344 , NOFILE 1048576/1048576 , AS infinity/infinity , CPU infinity/infinity , DATA infinity/infinity , FSIZE infinity/infinity , MEMLOCK 64k/64k
load average: 75.14 48.93 31.80

/proc/meminfo:
MemTotal:        3733652 kB
MemFree:           83600 kB
MemAvailable:       1804 kB
Buffers:             712 kB
Cached:           351212 kB
SwapCached:         1016 kB
Active:          2847020 kB
Inactive:         587896 kB
Active(anon):    2834068 kB
Inactive(anon):   566968 kB
Active(file):      12952 kB
Inactive(file):    20928 kB
Unevictable:         124 kB
Mlocked:             124 kB
SwapTotal:        999420 kB
SwapFree:              0 kB
Dirty:               360 kB
Writeback:           804 kB
AnonPages:       3082260 kB
Mapped:            68780 kB
Shmem:            317932 kB
Slab:              92236 kB
SReclaimable:      37116 kB
SUnreclaim:        55120 kB
KernelStack:       20144 kB
PageTables:        62056 kB
NFS_Unstable:          0 kB
Bounce:                0 kB
WritebackTmp:          0 kB
CommitLimit:     2866244 kB
Committed_AS:   12261292 kB
VmallocTotal:   34359738367 kB
VmallocUsed:           0 kB
VmallocChunk:          0 kB
HardwareCorrupted:     0 kB
AnonHugePages:         0 kB
ShmemHugePages:        0 kB
ShmemPmdMapped:        0 kB
CmaTotal:              0 kB
CmaFree:               0 kB
HugePages_Total:       0
HugePages_Free:        0
HugePages_Rsvd:        0
HugePages_Surp:        0
Hugepagesize:       2048 kB
DirectMap4k:      260140 kB
DirectMap2M:     3624960 kB

/sys/kernel/mm/transparent_hugepage/enabled: always [madvise] never
/sys/kernel/mm/transparent_hugepage/defrag (defrag/compaction efforts parameter): always defer defer+madvise [madvise] never

Process Memory:
Virtual Size: 3608092K (peak: 3694704K)
Resident Set Size: 63660K (peak: 63660K) (anon: 63660K, file: 0K, shmem: 0K)
Swapped out: 6636K
C-Heap outstanding allocations: 2728K

/proc/sys/kernel/threads-max (system-wide limit on the number of threads): 28688
/proc/sys/vm/max_map_count (maximum number of memory map areas a process may have): 65530
/proc/sys/kernel/pid_max (system-wide limit on number of process identifiers): 32768

container (cgroup) information:
container_type: cgroupv1
cpu_cpuset_cpus: 0-3
cpu_memory_nodes: 0
active_processor_count: 4
cpu_quota: no quota
cpu_period: 100000
cpu_shares: no shares
memory_limit_in_bytes: unlimited
memory_and_swap_limit_in_bytes: not supported
memory_soft_limit_in_bytes: unlimited
memory_usage_in_bytes: 3507560448
memory_max_usage_in_bytes: 15753216

Steal ticks since vm start: 0
Steal ticks percentage since vm start:  0.000

CPU: total 4 (initial active 4) (2 cores per cpu, 2 threads per core) family 6 model 58 stepping 9 microcode 0x21, cx8, cmov, fxsr, ht, mmx, sse, sse2, sse3, ssse3, sse4.1, sse4.2, popcnt, tsc, tscinvbit, avx, aes, erms, clmul, vzeroupper, clflush
CPU Model and flags from /proc/cpuinfo:
model name	: Intel(R) Core(TM) i5-3320M CPU @ 2.60GHz
flags		: fpu vme de pse tsc msr pae mce cx8 apic sep mtrr pge mca cmov pat pse36 clflush dts acpi mmx fxsr sse sse2 ss ht tm pbe syscall nx rdtscp lm constant_tsc arch_perfmon pebs bts rep_good nopl xtopology nonstop_tsc cpuid aperfmperf pni pclmulqdq dtes64 monitor ds_cpl vmx smx est tm2 ssse3 cx16 xtpr pdcm pcid sse4_1 sse4_2 x2apic popcnt tsc_deadline_timer aes xsave avx f16c rdrand lahf_lm cpuid_fault epb pti ssbd ibrs ibpb stibp tpr_shadow vnmi flexpriority ept vpid fsgsbase smep erms xsaveopt dtherm ida arat pln pts md_clear flush_l1d

Online cpus: 0-3
Offline cpus: 4-7
BIOS frequency limitation: <Not Available>
Frequency switch latency (ns): 0
Available cpu frequencies: <Not Available>
Current governor: powersave
Core performance/turbo boost: <Not Available>

Memory: 4k page, physical 3733652k(90428k free), swap 999420k(0k free)
Page Sizes: 4k

vm_info: OpenJDK 64-Bit Server VM (17.0.2+8) for linux-amd64 JRE (17.0.2+8), built on Jan 20 2022 09:56:58 by "" with gcc 7.5.0

END.
